2025-07-20 00:02:21 [info]: Received POST request to /api/login
2025-07-20 00:02:21 [info]: Login attempt:
2025-07-20 00:02:21 [info]: Login successful:
2025-07-20 00:02:22 [info]: Received GET request to /api/notifications
2025-07-20 00:02:22 [info]: Received GET request to /api/warehouses
2025-07-20 00:02:22 [info]: Received GET request to /api/notifications
2025-07-20 00:02:22 [info]: Received GET request to /api/warehouses
2025-07-20 00:02:22 [info]: Received GET request to /api/warehouses
2025-07-20 00:02:22 [info]: Received GET request to /api/products
2025-07-20 00:02:22 [info]: Received GET request to /api/manage-damage/history?limit=5&sort=desc
2025-07-20 00:02:22 [info]: Received GET request to /api/lots
2025-07-20 00:02:22 [info]: Received GET request to /api/lot-management/expiring
2025-07-20 00:02:22 [info]: Fetching expiring lots
2025-07-20 00:02:22 [info]: Received GET request to /api/warehouses
2025-07-20 00:02:22 [info]: Received GET request to /api/products
2025-07-20 00:02:22 [info]: Received GET request to /api/lots
2025-07-20 00:02:22 [info]: Expiring lots found:
2025-07-20 00:02:22 [info]: Received GET request to /api/manage-damage/history?limit=5&sort=desc
2025-07-20 00:02:22 [info]: Received GET request to /api/lot-management/expiring
2025-07-20 00:02:22 [info]: Fetching expiring lots
2025-07-20 00:02:22 [info]: Received GET request to /api/settings
2025-07-20 00:02:22 [info]: Fetched settings
2025-07-20 00:02:22 [info]: Expiring lots found:
2025-07-20 00:02:22 [info]: Received GET request to /api/settings
2025-07-20 00:02:22 [info]: Fetched settings
2025-07-20 00:02:34 [info]: Received POST request to /api/login
2025-07-20 00:02:34 [info]: Login attempt:
2025-07-20 00:02:34 [info]: Login successful:
2025-07-20 00:02:35 [info]: Received GET request to /api/notifications
2025-07-20 00:02:35 [info]: Received GET request to /api/warehouses
2025-07-20 00:02:35 [info]: Received GET request to /api/notifications
2025-07-20 00:02:35 [info]: Received GET request to /api/warehouses
2025-07-20 00:02:35 [info]: Received GET request to /api/warehouses
2025-07-20 00:02:35 [info]: Received GET request to /api/products
2025-07-20 00:02:35 [info]: Received GET request to /api/lots
2025-07-20 00:02:35 [info]: Received GET request to /api/lot-management/expiring
2025-07-20 00:02:35 [info]: Fetching expiring lots
2025-07-20 00:02:35 [info]: Received GET request to /api/manage-damage/history?limit=5&sort=desc
2025-07-20 00:02:35 [info]: Received GET request to /api/warehouses
2025-07-20 00:02:35 [info]: Received GET request to /api/products
2025-07-20 00:02:35 [info]: Received GET request to /api/lots
2025-07-20 00:02:35 [info]: Expiring lots found:
2025-07-20 00:02:35 [info]: Received GET request to /api/lot-management/expiring
2025-07-20 00:02:35 [info]: Fetching expiring lots
2025-07-20 00:02:35 [info]: Received GET request to /api/manage-damage/history?limit=5&sort=desc
2025-07-20 00:02:35 [info]: Received GET request to /api/settings
2025-07-20 00:02:35 [info]: Fetched settings
2025-07-20 00:02:35 [info]: Expiring lots found:
2025-07-20 00:02:35 [info]: Received GET request to /api/settings
2025-07-20 00:02:35 [info]: Fetched settings
2025-07-20 00:02:36 [info]: Received GET request to /api/warehouses
2025-07-20 00:02:36 [info]: Received GET request to /api/warehouses
2025-07-20 00:02:36 [info]: Received GET request to /api/manage-damage/history?startDate=2025-07-19T17:00:00.000Z&endDate=2025-07-20T16:59:59.999Z
2025-07-20 00:02:36 [info]: Received GET request to /api/manage-damage/history?startDate=2025-07-19T17:00:00.000Z&endDate=2025-07-20T16:59:59.999Z
2025-07-20 00:02:36 [info]: Received GET request to /api/warehouses
2025-07-20 00:02:37 [info]: Received GET request to /api/settings
2025-07-20 00:02:37 [info]: Received GET request to /api/lot-management/expiring?warehouse=
2025-07-20 00:02:37 [info]: Fetching expiring lots
2025-07-20 00:02:37 [info]: Fetched settings
2025-07-20 00:02:37 [info]: Received GET request to /api/lot-management?searchQuery=&warehouse=all&page=1&limit=25
2025-07-20 00:02:37 [info]: Fetching lot management data
2025-07-20 00:02:37 [info]: Received GET request to /api/warehouses
2025-07-20 00:02:37 [info]: Received GET request to /api/settings
2025-07-20 00:02:37 [info]: Fetched settings
2025-07-20 00:02:37 [info]: Expiring lots found:
2025-07-20 00:02:37 [info]: Received GET request to /api/lot-management/expiring?warehouse=
2025-07-20 00:02:37 [info]: Fetching expiring lots
2025-07-20 00:02:37 [info]: Received GET request to /api/lot-management?searchQuery=&warehouse=all&page=1&limit=25
2025-07-20 00:02:37 [info]: Fetching lot management data
2025-07-20 00:02:37 [info]: Expiring lots found:
2025-07-20 00:02:38 [info]: Received GET request to /api/warehouses
2025-07-20 00:02:38 [info]: Received GET request to /api/products
2025-07-20 00:02:38 [info]: Received GET request to /api/categories
2025-07-20 00:02:38 [info]: Received GET request to /api/transfer-history?status=Pending&startDate=2025-07-19T17:00:00.000Z&endDate=2025-07-20T16:59:59.999Z
2025-07-20 00:02:38 [info]: Received GET request to /api/warehouses
2025-07-20 00:02:38 [info]: Received GET request to /api/categories
2025-07-20 00:02:38 [info]: Received GET request to /api/products
2025-07-20 00:02:38 [info]: Received GET request to /api/transfer-history?status=Pending&startDate=2025-07-19T17:00:00.000Z&endDate=2025-07-20T16:59:59.999Z
2025-07-20 00:02:38 [info]: Received GET request to /api/products
2025-07-20 00:02:38 [info]: Received GET request to /api/categories
2025-07-20 00:02:38 [info]: Received GET request to /api/warehouses
2025-07-20 00:02:38 [info]: Received GET request to /api/suppliers
2025-07-20 00:02:38 [info]: Received GET request to /api/categories
2025-07-20 00:02:38 [info]: Received GET request to /api/warehouses
2025-07-20 00:02:38 [info]: Received GET request to /api/products
2025-07-20 00:02:38 [info]: Received GET request to /api/suppliers
2025-07-20 10:31:34 [info]: Logger initialized successfully
2025-07-20 10:31:36 [info]: Server running on port 3000
2025-07-20 10:32:06 [info]: Received GET request to /api/notifications
2025-07-20 10:32:06 [error]: Authentication failed
JsonWebTokenError: jwt malformed
    at module.exports [as verify] (E:\Personal Documents\Stock-Management\backend\node_modules\jsonwebtoken\verify.js:70:17)
    at authMiddleware (E:\Personal Documents\Stock-Management\backend\src\middleware\auth.js:10:25)
    at Layer.handle [as handle_request] (E:\Personal Documents\Stock-Management\backend\node_modules\express\lib\router\layer.js:95:5)
    at next (E:\Personal Documents\Stock-Management\backend\node_modules\express\lib\router\route.js:149:13)
    at Route.dispatch (E:\Personal Documents\Stock-Management\backend\node_modules\express\lib\router\route.js:119:3)
    at Layer.handle [as handle_request] (E:\Personal Documents\Stock-Management\backend\node_modules\express\lib\router\layer.js:95:5)
    at E:\Personal Documents\Stock-Management\backend\node_modules\express\lib\router\index.js:284:15
    at Function.process_params (E:\Personal Documents\Stock-Management\backend\node_modules\express\lib\router\index.js:346:12)
    at next (E:\Personal Documents\Stock-Management\backend\node_modules\express\lib\router\index.js:280:10)
    at Function.handle (E:\Personal Documents\Stock-Management\backend\node_modules\express\lib\router\index.js:175:3)
2025-07-20 10:32:06 [info]: Received GET request to /api/notifications
2025-07-20 10:32:06 [error]: Authentication failed
JsonWebTokenError: jwt malformed
    at module.exports [as verify] (E:\Personal Documents\Stock-Management\backend\node_modules\jsonwebtoken\verify.js:70:17)
    at authMiddleware (E:\Personal Documents\Stock-Management\backend\src\middleware\auth.js:10:25)
    at Layer.handle [as handle_request] (E:\Personal Documents\Stock-Management\backend\node_modules\express\lib\router\layer.js:95:5)
    at next (E:\Personal Documents\Stock-Management\backend\node_modules\express\lib\router\route.js:149:13)
    at Route.dispatch (E:\Personal Documents\Stock-Management\backend\node_modules\express\lib\router\route.js:119:3)
    at Layer.handle [as handle_request] (E:\Personal Documents\Stock-Management\backend\node_modules\express\lib\router\layer.js:95:5)
    at E:\Personal Documents\Stock-Management\backend\node_modules\express\lib\router\index.js:284:15
    at Function.process_params (E:\Personal Documents\Stock-Management\backend\node_modules\express\lib\router\index.js:346:12)
    at next (E:\Personal Documents\Stock-Management\backend\node_modules\express\lib\router\index.js:280:10)
    at Function.handle (E:\Personal Documents\Stock-Management\backend\node_modules\express\lib\router\index.js:175:3)
2025-07-20 10:32:06 [error]: Connection error:
MongooseServerSelectionError: connect ECONNREFUSED ::1:27017, connect ECONNREFUSED 127.0.0.1:27017
    at _handleConnectionErrors (E:\Personal Documents\Stock-Management\backend\node_modules\mongoose\lib\connection.js:1165:11)
    at NativeConnection.openUri (E:\Personal Documents\Stock-Management\backend\node_modules\mongoose\lib\connection.js:1096:11)
2025-07-20 11:27:01 [info]: Logger initialized successfully
2025-07-20 11:27:02 [info]: Server running on port 3000
2025-07-20 11:27:02 [info]: Connected to MongoDB
2025-07-20 11:27:09 [info]: Received POST request to /api/login
2025-07-20 11:27:09 [info]: Login attempt:
2025-07-20 11:27:09 [info]: Login successful:
2025-07-20 11:27:09 [info]: Received GET request to /api/notifications
2025-07-20 11:27:09 [info]: Received GET request to /api/warehouses
2025-07-20 11:27:09 [info]: Received GET request to /api/warehouses
2025-07-20 11:27:09 [info]: Received GET request to /api/notifications
2025-07-20 11:27:09 [info]: Received GET request to /api/warehouses
2025-07-20 11:27:09 [info]: Received GET request to /api/products
2025-07-20 11:27:09 [info]: Received GET request to /api/lots
2025-07-20 11:27:09 [info]: Received GET request to /api/lot-management/expiring
2025-07-20 11:27:09 [info]: Fetching expiring lots
2025-07-20 11:27:09 [info]: Received GET request to /api/manage-damage/history?limit=5&sort=desc
2025-07-20 11:27:09 [info]: Received GET request to /api/warehouses
2025-07-20 11:27:10 [info]: Received GET request to /api/products
2025-07-20 11:27:10 [info]: Expiring lots found:
2025-07-20 11:27:10 [info]: Received GET request to /api/lots
2025-07-20 11:27:10 [info]: Received GET request to /api/lot-management/expiring
2025-07-20 11:27:10 [info]: Fetching expiring lots
2025-07-20 11:27:10 [info]: Expiring lots found:
2025-07-20 11:27:10 [info]: Received GET request to /api/manage-damage/history?limit=5&sort=desc
2025-07-20 11:27:10 [info]: Received GET request to /api/settings
2025-07-20 11:27:10 [info]: Fetched settings
2025-07-20 11:27:10 [info]: Received GET request to /api/settings
2025-07-20 11:27:10 [info]: Fetched settings
2025-07-20 11:27:28 [info]: Received GET request to /api/warehouses
2025-07-20 11:27:28 [info]: Received GET request to /api/manage-damage/history?startDate=2025-07-19T17:00:00.000Z&endDate=2025-07-20T16:59:59.999Z
2025-07-20 11:27:28 [info]: Received GET request to /api/warehouses
2025-07-20 11:27:28 [info]: Received GET request to /api/manage-damage/history?startDate=2025-07-19T17:00:00.000Z&endDate=2025-07-20T16:59:59.999Z
2025-07-20 11:27:29 [info]: Received GET request to /api/warehouses
2025-07-20 11:27:29 [info]: Received GET request to /api/warehouses
2025-07-20 11:27:29 [info]: Received GET request to /api/warehouses
2025-07-20 11:27:29 [info]: Received GET request to /api/products
2025-07-20 11:27:29 [info]: Received GET request to /api/lots
2025-07-20 11:27:29 [info]: Received GET request to /api/lot-management/expiring
2025-07-20 11:27:29 [info]: Fetching expiring lots
2025-07-20 11:27:29 [info]: Received GET request to /api/manage-damage/history?limit=5&sort=desc
2025-07-20 11:27:29 [info]: Received GET request to /api/warehouses
2025-07-20 11:27:29 [info]: Received GET request to /api/products
2025-07-20 11:27:29 [info]: Received GET request to /api/lots
2025-07-20 11:27:29 [info]: Expiring lots found:
2025-07-20 11:27:29 [info]: Received GET request to /api/lot-management/expiring
2025-07-20 11:27:29 [info]: Fetching expiring lots
2025-07-20 11:27:29 [info]: Received GET request to /api/manage-damage/history?limit=5&sort=desc
2025-07-20 11:27:29 [info]: Received GET request to /api/settings
2025-07-20 11:27:29 [info]: Fetched settings
2025-07-20 11:27:29 [info]: Expiring lots found:
2025-07-20 11:27:29 [info]: Received GET request to /api/settings
2025-07-20 11:27:29 [info]: Fetched settings
2025-07-20 11:27:31 [info]: Received GET request to /api/warehouses
2025-07-20 11:27:31 [info]: Received GET request to /api/manage-damage/history?startDate=2025-07-19T17:00:00.000Z&endDate=2025-07-20T16:59:59.999Z
2025-07-20 11:27:31 [info]: Received GET request to /api/warehouses
2025-07-20 11:27:31 [info]: Received GET request to /api/manage-damage/history?startDate=2025-07-19T17:00:00.000Z&endDate=2025-07-20T16:59:59.999Z
2025-07-20 11:27:32 [info]: Received GET request to /api/warehouses
2025-07-20 11:27:32 [info]: Received GET request to /api/warehouses
2025-07-20 11:27:32 [info]: Received GET request to /api/products
2025-07-20 11:27:32 [info]: Received GET request to /api/warehouses
2025-07-20 11:27:32 [info]: Received GET request to /api/lots
2025-07-20 11:27:32 [info]: Received GET request to /api/lot-management/expiring
2025-07-20 11:27:32 [info]: Fetching expiring lots
2025-07-20 11:27:32 [info]: Received GET request to /api/manage-damage/history?limit=5&sort=desc
2025-07-20 11:27:32 [info]: Received GET request to /api/warehouses
2025-07-20 11:27:32 [info]: Received GET request to /api/products
2025-07-20 11:27:32 [info]: Received GET request to /api/lots
2025-07-20 11:27:32 [info]: Expiring lots found:
2025-07-20 11:27:32 [info]: Received GET request to /api/lot-management/expiring
2025-07-20 11:27:32 [info]: Fetching expiring lots
2025-07-20 11:27:32 [info]: Received GET request to /api/manage-damage/history?limit=5&sort=desc
2025-07-20 11:27:32 [info]: Received GET request to /api/settings
2025-07-20 11:27:32 [info]: Fetched settings
2025-07-20 11:27:32 [info]: Expiring lots found:
2025-07-20 11:27:32 [info]: Received GET request to /api/settings
2025-07-20 11:27:32 [info]: Fetched settings
2025-07-20 11:27:32 [info]: Received GET request to /api/warehouses
2025-07-20 11:27:32 [info]: Received GET request to /api/manage-damage/history?startDate=2025-07-19T17:00:00.000Z&endDate=2025-07-20T16:59:59.999Z
2025-07-20 11:27:32 [info]: Received GET request to /api/warehouses
2025-07-20 11:27:32 [info]: Received GET request to /api/manage-damage/history?startDate=2025-07-19T17:00:00.000Z&endDate=2025-07-20T16:59:59.999Z
2025-07-20 11:27:33 [info]: Received GET request to /api/settings
2025-07-20 11:27:33 [info]: Received GET request to /api/warehouses
2025-07-20 11:27:33 [info]: Received GET request to /api/lot-management/expiring?warehouse=
2025-07-20 11:27:33 [info]: Fetching expiring lots
2025-07-20 11:27:33 [info]: Received GET request to /api/lot-management?searchQuery=&warehouse=all&page=1&limit=25
2025-07-20 11:27:33 [info]: Fetching lot management data
2025-07-20 11:27:33 [info]: Fetched settings
2025-07-20 11:27:33 [info]: Expiring lots found:
2025-07-20 11:27:33 [info]: Received GET request to /api/settings
2025-07-20 11:27:33 [info]: Received GET request to /api/warehouses
2025-07-20 11:27:33 [info]: Received GET request to /api/lot-management/expiring?warehouse=
2025-07-20 11:27:33 [info]: Fetching expiring lots
2025-07-20 11:27:33 [info]: Fetched settings
2025-07-20 11:27:33 [info]: Expiring lots found:
2025-07-20 11:27:33 [info]: Received GET request to /api/lot-management?searchQuery=&warehouse=all&page=1&limit=25
2025-07-20 11:27:33 [info]: Fetching lot management data
2025-07-20 11:27:38 [info]: Received GET request to /api/settings
2025-07-20 11:27:38 [info]: Fetched settings
2025-07-20 11:27:38 [info]: Received GET request to /api/settings
2025-07-20 11:27:38 [info]: Fetched settings
2025-07-20 11:27:39 [info]: Received GET request to /api/notifications
2025-07-20 11:28:09 [info]: Received GET request to /api/notifications
2025-07-20 11:28:24 [info]: Received GET request to /api/products
2025-07-20 11:28:25 [info]: Received GET request to /api/categories
2025-07-20 11:28:25 [info]: Received GET request to /api/warehouses
2025-07-20 11:28:25 [info]: Received GET request to /api/suppliers
2025-07-20 11:28:25 [info]: Received GET request to /api/categories
2025-07-20 11:28:25 [info]: Received GET request to /api/warehouses
2025-07-20 11:28:25 [info]: Received GET request to /api/products
2025-07-20 11:28:25 [info]: Received GET request to /api/suppliers
2025-07-20 11:28:35 [info]: Received POST request to /api/login
2025-07-20 11:28:35 [info]: Login attempt:
2025-07-20 11:28:35 [info]: Login successful:
2025-07-20 11:28:35 [info]: Received GET request to /api/notifications
2025-07-20 11:28:35 [info]: Received GET request to /api/warehouses
2025-07-20 11:28:35 [info]: Received GET request to /api/notifications
2025-07-20 11:28:35 [info]: Received GET request to /api/warehouses
2025-07-20 11:28:35 [info]: Received GET request to /api/products
2025-07-20 11:28:35 [info]: Received GET request to /api/warehouses
2025-07-20 11:28:35 [info]: Received GET request to /api/lots
2025-07-20 11:28:35 [info]: Received GET request to /api/lot-management/expiring
2025-07-20 11:28:35 [info]: Fetching expiring lots
2025-07-20 11:28:35 [info]: Received GET request to /api/manage-damage/history?limit=5&sort=desc
2025-07-20 11:28:35 [info]: Received GET request to /api/warehouses
2025-07-20 11:28:35 [info]: Received GET request to /api/products
2025-07-20 11:28:35 [info]: Received GET request to /api/lots
2025-07-20 11:28:35 [info]: Expiring lots found:
2025-07-20 11:28:35 [info]: Received GET request to /api/lot-management/expiring
2025-07-20 11:28:35 [info]: Fetching expiring lots
2025-07-20 11:28:35 [info]: Received GET request to /api/manage-damage/history?limit=5&sort=desc
2025-07-20 11:28:35 [info]: Received GET request to /api/settings
2025-07-20 11:28:35 [info]: Fetched settings
2025-07-20 11:28:35 [info]: Expiring lots found:
2025-07-20 11:28:35 [info]: Received GET request to /api/settings
2025-07-20 11:28:35 [info]: Fetched settings
2025-07-20 11:28:37 [info]: Received GET request to /api/settings
2025-07-20 11:28:37 [info]: Fetched settings
2025-07-20 11:28:37 [info]: Received GET request to /api/settings
2025-07-20 11:28:37 [info]: Fetched settings
2025-07-20 11:28:54 [info]: Received PUT request to /api/settings/notification
2025-07-20 11:28:54 [info]: Updated notification settings
2025-07-20 11:28:54 [info]: Received GET request to /api/settings
2025-07-20 11:28:54 [info]: Fetched settings
2025-07-20 11:28:56 [info]: Received PUT request to /api/settings/telegram
2025-07-20 11:28:56 [info]: Updated telegram settings
2025-07-20 11:28:56 [info]: Received GET request to /api/settings
2025-07-20 11:28:56 [info]: Fetched settings
2025-07-20 11:29:05 [info]: Received GET request to /api/notifications
2025-07-20 11:29:36 [info]: Received GET request to /api/notifications
2025-07-20 11:30:05 [info]: Received GET request to /api/notifications
2025-07-20 11:30:36 [info]: Received GET request to /api/notifications
2025-07-20 11:30:58 [info]: Received GET request to /api/settings
2025-07-20 11:30:58 [info]: Fetched settings
2025-07-20 11:31:05 [info]: Received GET request to /api/notifications
2025-07-20 11:31:09 [info]: Received GET request to /api/warehouses
2025-07-20 11:31:09 [info]: Received GET request to /api/lot-management/expiring?warehouse=
2025-07-20 11:31:09 [info]: Fetching expiring lots
2025-07-20 11:31:09 [info]: Received GET request to /api/settings
2025-07-20 11:31:09 [info]: Received GET request to /api/lot-management?searchQuery=&warehouse=all&page=1&limit=25
2025-07-20 11:31:09 [info]: Fetching lot management data
2025-07-20 11:31:09 [info]: Fetched settings
2025-07-20 11:31:09 [info]: Received GET request to /api/warehouses
2025-07-20 11:31:09 [info]: Received GET request to /api/settings
2025-07-20 11:31:09 [info]: Expiring lots found:
2025-07-20 11:31:09 [info]: Fetched settings
2025-07-20 11:31:09 [info]: Received GET request to /api/lot-management/expiring?warehouse=
2025-07-20 11:31:09 [info]: Fetching expiring lots
2025-07-20 11:31:09 [info]: Received GET request to /api/lot-management?searchQuery=&warehouse=all&page=1&limit=25
2025-07-20 11:31:09 [info]: Fetching lot management data
2025-07-20 11:31:09 [info]: Expiring lots found:
2025-07-20 11:31:25 [info]: Received GET request to /api/settings
2025-07-20 11:31:25 [info]: Fetched settings
2025-07-20 11:31:25 [info]: Received GET request to /api/settings
2025-07-20 11:31:25 [info]: Fetched settings
2025-07-20 11:31:30 [info]: Received PUT request to /api/settings/notification
2025-07-20 11:31:30 [info]: Updated notification settings
2025-07-20 11:31:30 [info]: Received GET request to /api/settings
2025-07-20 11:31:30 [info]: Fetched settings
2025-07-20 11:31:33 [info]: Received GET request to /api/settings
2025-07-20 11:31:33 [info]: Received GET request to /api/warehouses
2025-07-20 11:31:33 [info]: Fetched settings
2025-07-20 11:31:33 [info]: Received GET request to /api/lot-management/expiring?warehouse=
2025-07-20 11:31:33 [info]: Fetching expiring lots
2025-07-20 11:31:33 [info]: Received GET request to /api/lot-management?searchQuery=&warehouse=all&page=1&limit=25
2025-07-20 11:31:33 [info]: Fetching lot management data
2025-07-20 11:31:33 [info]: Received GET request to /api/settings
2025-07-20 11:31:33 [info]: Received GET request to /api/warehouses
2025-07-20 11:31:33 [info]: Fetched settings
2025-07-20 11:31:33 [info]: Expiring lots found:
2025-07-20 11:31:33 [info]: Received GET request to /api/lot-management?searchQuery=&warehouse=all&page=1&limit=25
2025-07-20 11:31:33 [info]: Fetching lot management data
2025-07-20 11:31:33 [info]: Received GET request to /api/lot-management/expiring?warehouse=
2025-07-20 11:31:33 [info]: Fetching expiring lots
2025-07-20 11:31:33 [info]: Expiring lots found:
2025-07-20 11:31:35 [info]: Received GET request to /api/notifications
2025-07-20 11:32:06 [info]: Received GET request to /api/notifications
