2025-07-05 00:00:03 [info]: Received GET request to /api/warehouses
2025-07-05 00:00:03 [info]: Received GET request to /api/stock-reports?type=all-stock&warehouse=all&search=
2025-07-05 00:00:03 [info]: Fetching stock reports
2025-07-05 00:00:03 [info]: Received GET request to /api/warehouses
2025-07-05 00:00:03 [info]: Stock report data:
2025-07-05 00:00:03 [info]: Received GET request to /api/stock-reports?type=all-stock&warehouse=all&search=
2025-07-05 00:00:03 [info]: Fetching stock reports
2025-07-05 00:00:03 [info]: Stock report data:
2025-07-05 00:00:05 [info]: Received GET request to /api/stock-reports?type=low-stock&warehouse=all&search=
2025-07-05 00:00:05 [info]: Fetching stock reports
2025-07-05 00:00:05 [info]: Stock report data:
2025-07-05 00:00:14 [info]: Received GET request to /api/lot-management/expiring
2025-07-05 00:00:14 [info]: Fetching expiring lots
2025-07-05 00:00:14 [info]: Received GET request to /api/settings
2025-07-05 00:00:14 [info]: Received GET request to /api/warehouses
2025-07-05 00:00:14 [info]: Received GET request to /api/lot-management?searchQuery=&warehouse=all&page=1&limit=25
2025-07-05 00:00:14 [info]: Fetching lot management data
2025-07-05 00:00:14 [info]: Fetched settings
2025-07-05 00:00:14 [info]: Received GET request to /api/settings
2025-07-05 00:00:14 [info]: Received GET request to /api/warehouses
2025-07-05 00:00:14 [info]: Expiring lots found:
2025-07-05 00:00:14 [info]: Fetched settings
2025-07-05 00:00:14 [info]: Received GET request to /api/lot-management/expiring
2025-07-05 00:00:14 [info]: Fetching expiring lots
2025-07-05 00:00:14 [info]: Received GET request to /api/lot-management?searchQuery=&warehouse=all&page=1&limit=25
2025-07-05 00:00:14 [info]: Fetching lot management data
2025-07-05 00:00:14 [info]: Expiring lots found:
2025-07-05 00:00:15 [info]: Received GET request to /api/warehouses
2025-07-05 00:00:15 [info]: Received GET request to /api/users
2025-07-05 00:00:15 [info]: Received GET request to /api/warehouses
2025-07-05 00:00:15 [info]: Received GET request to /api/users
2025-07-05 00:00:15 [info]: Received GET request to /api/settings
2025-07-05 00:00:15 [info]: Fetched settings
2025-07-05 00:00:15 [info]: Received GET request to /api/settings
2025-07-05 00:00:15 [info]: Fetched settings
2025-07-05 00:00:15 [info]: Received GET request to /api/users
2025-07-05 00:00:15 [info]: Received GET request to /api/warehouses
2025-07-05 00:00:15 [info]: Received GET request to /api/warehouses
2025-07-05 00:00:15 [info]: Received GET request to /api/users
2025-07-05 00:00:17 [info]: Received GET request to /api/warehouses
2025-07-05 00:00:17 [info]: Received GET request to /api/stock-reports?type=all-stock&warehouse=all&search=
2025-07-05 00:00:17 [info]: Fetching stock reports
2025-07-05 00:00:17 [info]: Received GET request to /api/warehouses
2025-07-05 00:00:17 [info]: Stock report data:
2025-07-05 00:00:17 [info]: Received GET request to /api/stock-reports?type=all-stock&warehouse=all&search=
2025-07-05 00:00:17 [info]: Fetching stock reports
2025-07-05 00:00:17 [info]: Stock report data:
2025-07-05 00:00:17 [info]: Received GET request to /api/warehouses
2025-07-05 00:00:17 [info]: Received GET request to /api/lot-management/expiring
2025-07-05 00:00:17 [info]: Fetching expiring lots
2025-07-05 00:00:17 [info]: Received GET request to /api/settings
2025-07-05 00:00:17 [info]: Received GET request to /api/lot-management?searchQuery=&warehouse=all&page=1&limit=25
2025-07-05 00:00:17 [info]: Fetching lot management data
2025-07-05 00:00:17 [info]: Fetched settings
2025-07-05 00:00:17 [info]: Received GET request to /api/warehouses
2025-07-05 00:00:17 [info]: Received GET request to /api/settings
2025-07-05 00:00:17 [info]: Expiring lots found:
2025-07-05 00:00:17 [info]: Fetched settings
2025-07-05 00:00:17 [info]: Received GET request to /api/lot-management/expiring
2025-07-05 00:00:17 [info]: Fetching expiring lots
2025-07-05 00:00:17 [info]: Received GET request to /api/lot-management?searchQuery=&warehouse=all&page=1&limit=25
2025-07-05 00:00:17 [info]: Fetching lot management data
2025-07-05 00:00:17 [info]: Expiring lots found:
2025-07-05 00:00:27 [info]: Received GET request to /api/products
2025-07-05 00:00:27 [info]: Received GET request to /api/categories
2025-07-05 00:00:27 [info]: Received GET request to /api/categories
2025-07-05 00:00:27 [info]: Received GET request to /api/products
2025-07-05 00:00:27 [info]: Received GET request to /api/warehouses
2025-07-05 00:00:27 [info]: Received GET request to /api/receive-history?startDate=05-07-2025&endDate=05-07-2025&warehouse=&searchQuery=&userQuery=&page=1&limit=25
2025-07-05 00:00:27 [info]: Received GET request to /api/warehouses
2025-07-05 00:00:27 [info]: Received GET request to /api/receive-history?startDate=05-07-2025&endDate=05-07-2025&warehouse=&searchQuery=&userQuery=&page=1&limit=25
2025-07-05 00:00:28 [info]: Received GET request to /api/warehouses
2025-07-05 00:00:28 [info]: Received GET request to /api/stock-reports?type=all-stock&warehouse=all&search=
2025-07-05 00:00:28 [info]: Fetching stock reports
2025-07-05 00:00:28 [info]: Received GET request to /api/warehouses
2025-07-05 00:00:28 [info]: Stock report data:
2025-07-05 00:00:28 [info]: Received GET request to /api/stock-reports?type=all-stock&warehouse=all&search=
2025-07-05 00:00:28 [info]: Fetching stock reports
2025-07-05 00:00:28 [info]: Stock report data:
2025-07-05 00:00:29 [info]: Received GET request to /api/notifications
2025-07-05 00:00:59 [info]: Received GET request to /api/notifications
2025-07-05 00:01:29 [info]: Received GET request to /api/notifications
2025-07-05 00:01:59 [info]: Received GET request to /api/notifications
2025-07-05 00:02:23 [info]: Received GET request to /api/warehouses
2025-07-05 00:02:23 [info]: Received GET request to /api/lot-management/expiring
2025-07-05 00:02:23 [info]: Fetching expiring lots
2025-07-05 00:02:23 [info]: Received GET request to /api/settings
2025-07-05 00:02:23 [info]: Received GET request to /api/lot-management?searchQuery=&warehouse=all&page=1&limit=25
2025-07-05 00:02:23 [info]: Fetching lot management data
2025-07-05 00:02:23 [info]: Fetched settings
2025-07-05 00:02:23 [info]: Received GET request to /api/warehouses
2025-07-05 00:02:23 [info]: Received GET request to /api/settings
2025-07-05 00:02:23 [info]: Expiring lots found:
2025-07-05 00:02:23 [info]: Fetched settings
2025-07-05 00:02:23 [info]: Received GET request to /api/lot-management/expiring
2025-07-05 00:02:23 [info]: Fetching expiring lots
2025-07-05 00:02:23 [info]: Received GET request to /api/lot-management?searchQuery=&warehouse=all&page=1&limit=25
2025-07-05 00:02:23 [info]: Fetching lot management data
2025-07-05 00:02:23 [info]: Expiring lots found:
2025-07-05 00:02:29 [info]: Received GET request to /api/notifications
2025-07-05 00:02:29 [info]: Received GET request to /api/warehouses
2025-07-05 00:02:29 [info]: Received GET request to /api/receive-history?startDate=05-07-2025&endDate=05-07-2025&warehouse=&searchQuery=&userQuery=&page=1&limit=25
2025-07-05 00:02:29 [info]: Received GET request to /api/warehouses
2025-07-05 00:02:29 [info]: Received GET request to /api/receive-history?startDate=05-07-2025&endDate=05-07-2025&warehouse=&searchQuery=&userQuery=&page=1&limit=25
2025-07-05 00:02:29 [info]: Received GET request to /api/warehouses
2025-07-05 00:02:29 [info]: Received GET request to /api/products
2025-07-05 00:02:29 [info]: Received GET request to /api/categories
2025-07-05 00:02:29 [info]: Received GET request to /api/warehouses
2025-07-05 00:02:29 [info]: Received GET request to /api/suppliers
2025-07-05 00:02:29 [info]: Received GET request to /api/categories
2025-07-05 00:02:29 [info]: Received GET request to /api/products
2025-07-05 00:02:29 [info]: Received GET request to /api/suppliers
2025-07-05 00:02:59 [info]: Received GET request to /api/notifications
2025-07-05 00:03:23 [info]: Received GET request to /api/warehouses
2025-07-05 00:03:23 [info]: Received GET request to /api/stock-reports?type=all-stock&warehouse=all&search=
2025-07-05 00:03:23 [info]: Fetching stock reports
2025-07-05 00:03:23 [info]: Received GET request to /api/warehouses
2025-07-05 00:03:23 [info]: Stock report data:
2025-07-05 00:03:23 [info]: Received GET request to /api/stock-reports?type=all-stock&warehouse=all&search=
2025-07-05 00:03:23 [info]: Fetching stock reports
2025-07-05 00:03:23 [info]: Stock report data:
2025-07-05 00:03:23 [info]: Received GET request to /api/warehouses
2025-07-05 00:03:23 [info]: Received GET request to /api/lot-management/expiring
2025-07-05 00:03:23 [info]: Fetching expiring lots
2025-07-05 00:03:23 [info]: Received GET request to /api/settings
2025-07-05 00:03:23 [info]: Received GET request to /api/lot-management?searchQuery=&warehouse=all&page=1&limit=25
2025-07-05 00:03:23 [info]: Fetching lot management data
2025-07-05 00:03:23 [info]: Fetched settings
2025-07-05 00:03:23 [info]: Received GET request to /api/warehouses
2025-07-05 00:03:23 [info]: Received GET request to /api/settings
2025-07-05 00:03:23 [info]: Expiring lots found:
2025-07-05 00:03:23 [info]: Fetched settings
2025-07-05 00:03:23 [info]: Received GET request to /api/lot-management/expiring
2025-07-05 00:03:23 [info]: Fetching expiring lots
2025-07-05 00:03:23 [info]: Received GET request to /api/lot-management?searchQuery=&warehouse=all&page=1&limit=25
2025-07-05 00:03:23 [info]: Fetching lot management data
2025-07-05 00:03:23 [info]: Expiring lots found:
2025-07-05 00:03:29 [info]: Received GET request to /api/notifications
2025-07-05 00:03:41 [info]: Received GET request to /api/warehouses
2025-07-05 00:03:42 [info]: Received GET request to /api/receive-history?startDate=05-07-2025&endDate=05-07-2025&warehouse=&searchQuery=&userQuery=&page=1&limit=25
2025-07-05 00:03:42 [info]: Received GET request to /api/warehouses
2025-07-05 00:03:42 [info]: Received GET request to /api/receive-history?startDate=05-07-2025&endDate=05-07-2025&warehouse=&searchQuery=&userQuery=&page=1&limit=25
2025-07-05 00:03:43 [info]: Received GET request to /api/warehouses
2025-07-05 00:03:43 [info]: Received GET request to /api/stock-reports?type=all-stock&warehouse=all&search=
2025-07-05 00:03:43 [info]: Fetching stock reports
2025-07-05 00:03:43 [info]: Received GET request to /api/warehouses
2025-07-05 00:03:43 [info]: Stock report data:
2025-07-05 00:03:43 [info]: Received GET request to /api/stock-reports?type=all-stock&warehouse=all&search=
2025-07-05 00:03:43 [info]: Fetching stock reports
2025-07-05 00:03:43 [info]: Stock report data:
2025-07-05 00:03:44 [info]: Received GET request to /api/stock-reports?type=low-stock&warehouse=all&search=
2025-07-05 00:03:44 [info]: Fetching stock reports
2025-07-05 00:03:44 [info]: Stock report data:
2025-07-05 00:03:44 [info]: Received GET request to /api/stock-reports?type=expiring-soon&warehouse=all&search=
2025-07-05 00:03:44 [info]: Fetching stock reports
2025-07-05 00:03:44 [info]: Stock report data:
2025-07-05 00:03:45 [info]: Received GET request to /api/stock-reports?type=damaged&warehouse=all&search=
2025-07-05 00:03:45 [info]: Fetching stock reports
2025-07-05 00:03:45 [info]: Stock report data:
2025-07-05 00:03:45 [info]: Received GET request to /api/stock-reports?type=expiring-soon&warehouse=all&search=
2025-07-05 00:03:45 [info]: Fetching stock reports
2025-07-05 00:03:45 [info]: Stock report data:
2025-07-05 00:03:46 [info]: Received GET request to /api/stock-reports?type=low-stock&warehouse=all&search=
2025-07-05 00:03:46 [info]: Fetching stock reports
2025-07-05 00:03:46 [info]: Stock report data:
2025-07-05 00:03:47 [info]: Received GET request to /api/stock-reports?type=expiring-soon&warehouse=all&search=
2025-07-05 00:03:47 [info]: Fetching stock reports
2025-07-05 00:03:47 [info]: Stock report data:
2025-07-05 00:03:52 [info]: Received GET request to /api/stock-reports?type=damaged&warehouse=all&search=
2025-07-05 00:03:52 [info]: Fetching stock reports
2025-07-05 00:03:52 [info]: Stock report data:
2025-07-05 00:03:53 [info]: Received GET request to /api/stock-reports?type=expiring-soon&warehouse=all&search=
2025-07-05 00:03:53 [info]: Fetching stock reports
2025-07-05 00:03:53 [info]: Stock report data:
2025-07-05 00:03:56 [info]: Received GET request to /api/warehouses
2025-07-05 00:03:56 [info]: Received GET request to /api/lot-management/expiring
2025-07-05 00:03:56 [info]: Fetching expiring lots
2025-07-05 00:03:56 [info]: Received GET request to /api/lot-management?searchQuery=&warehouse=all&page=1&limit=25
2025-07-05 00:03:56 [info]: Fetching lot management data
2025-07-05 00:03:56 [info]: Received GET request to /api/settings
2025-07-05 00:03:56 [info]: Fetched settings
2025-07-05 00:03:56 [info]: Received GET request to /api/warehouses
2025-07-05 00:03:56 [info]: Expiring lots found:
2025-07-05 00:03:56 [info]: Received GET request to /api/settings
2025-07-05 00:03:56 [info]: Received GET request to /api/lot-management/expiring
2025-07-05 00:03:56 [info]: Fetching expiring lots
2025-07-05 00:03:56 [info]: Fetched settings
2025-07-05 00:03:56 [info]: Received GET request to /api/lot-management?searchQuery=&warehouse=all&page=1&limit=25
2025-07-05 00:03:56 [info]: Fetching lot management data
2025-07-05 00:03:56 [info]: Expiring lots found:
2025-07-05 00:03:59 [info]: Received GET request to /api/notifications
2025-07-05 00:04:04 [info]: Received GET request to /api/warehouses
2025-07-05 00:04:04 [info]: Received GET request to /api/stock-reports?type=all-stock&warehouse=all&search=
2025-07-05 00:04:04 [info]: Fetching stock reports
2025-07-05 00:04:04 [info]: Received GET request to /api/warehouses
2025-07-05 00:04:04 [info]: Stock report data:
2025-07-05 00:04:04 [info]: Received GET request to /api/stock-reports?type=all-stock&warehouse=all&search=
2025-07-05 00:04:04 [info]: Fetching stock reports
2025-07-05 00:04:04 [info]: Stock report data:
2025-07-05 00:04:07 [info]: Received GET request to /api/stock-reports?type=expiring-soon&warehouse=all&search=
2025-07-05 00:04:07 [info]: Fetching stock reports
2025-07-05 00:04:07 [info]: Stock report data:
2025-07-05 00:04:20 [info]: Received GET request to /api/stock-reports?type=low-stock&warehouse=all&search=
2025-07-05 00:04:20 [info]: Fetching stock reports
2025-07-05 00:04:20 [info]: Stock report data:
2025-07-05 00:04:21 [info]: Received GET request to /api/stock-reports?type=all-stock&warehouse=all&search=
2025-07-05 00:04:21 [info]: Fetching stock reports
2025-07-05 00:04:21 [info]: Stock report data:
2025-07-05 00:04:22 [info]: Received GET request to /api/stock-reports?type=expiring-soon&warehouse=all&search=
2025-07-05 00:04:22 [info]: Fetching stock reports
2025-07-05 00:04:22 [info]: Stock report data:
2025-07-05 00:04:22 [info]: Received GET request to /api/stock-reports?type=low-stock&warehouse=all&search=
2025-07-05 00:04:22 [info]: Fetching stock reports
2025-07-05 00:04:22 [info]: Stock report data:
2025-07-05 00:04:23 [info]: Received GET request to /api/stock-reports?type=all-stock&warehouse=all&search=
2025-07-05 00:04:23 [info]: Fetching stock reports
2025-07-05 00:04:23 [info]: Stock report data:
2025-07-05 00:04:23 [info]: Received GET request to /api/stock-reports?type=damaged&warehouse=all&search=
2025-07-05 00:04:23 [info]: Fetching stock reports
2025-07-05 00:04:23 [info]: Stock report data:
2025-07-05 00:04:26 [info]: Received GET request to /api/stock-reports?type=all-stock&warehouse=all&search=
2025-07-05 00:04:26 [info]: Fetching stock reports
2025-07-05 00:04:26 [info]: Stock report data:
2025-07-05 00:04:29 [info]: Received GET request to /api/notifications
2025-07-05 00:04:59 [info]: Received GET request to /api/notifications
2025-07-05 00:05:25 [info]: Received GET request to /api/warehouses
2025-07-05 00:05:25 [info]: Received GET request to /api/settings
2025-07-05 00:05:25 [info]: Received GET request to /api/lot-management/expiring
2025-07-05 00:05:25 [info]: Fetching expiring lots
2025-07-05 00:05:25 [info]: Received GET request to /api/lot-management?searchQuery=&warehouse=all&page=1&limit=25
2025-07-05 00:05:25 [info]: Fetching lot management data
2025-07-05 00:05:25 [info]: Fetched settings
2025-07-05 00:05:25 [info]: Received GET request to /api/warehouses
2025-07-05 00:05:25 [info]: Received GET request to /api/settings
2025-07-05 00:05:25 [info]: Expiring lots found:
2025-07-05 00:05:25 [info]: Fetched settings
2025-07-05 00:05:25 [info]: Received GET request to /api/lot-management/expiring
2025-07-05 00:05:25 [info]: Fetching expiring lots
2025-07-05 00:05:25 [info]: Received GET request to /api/lot-management?searchQuery=&warehouse=all&page=1&limit=25
2025-07-05 00:05:25 [info]: Fetching lot management data
2025-07-05 00:05:25 [info]: Expiring lots found:
2025-07-05 00:05:25 [info]: Received GET request to /api/warehouses
2025-07-05 00:05:25 [info]: Received GET request to /api/receive-history?startDate=05-07-2025&endDate=05-07-2025&warehouse=&searchQuery=&userQuery=&page=1&limit=25
2025-07-05 00:05:25 [info]: Received GET request to /api/warehouses
2025-07-05 00:05:25 [info]: Received GET request to /api/receive-history?startDate=05-07-2025&endDate=05-07-2025&warehouse=&searchQuery=&userQuery=&page=1&limit=25
2025-07-05 00:05:27 [info]: Received GET request to /api/warehouses
2025-07-05 00:05:27 [info]: Received GET request to /api/categories
2025-07-05 00:05:27 [info]: Received GET request to /api/products
2025-07-05 00:05:27 [info]: Received GET request to /api/suppliers
2025-07-05 00:05:27 [info]: Received GET request to /api/warehouses
2025-07-05 00:05:27 [info]: Received GET request to /api/categories
2025-07-05 00:05:27 [info]: Received GET request to /api/suppliers
2025-07-05 00:05:27 [info]: Received GET request to /api/products
2025-07-05 00:05:27 [info]: Received GET request to /api/products
2025-07-05 00:05:27 [info]: Received GET request to /api/categories
2025-07-05 00:05:27 [info]: Received GET request to /api/categories
2025-07-05 00:05:28 [info]: Received GET request to /api/products
2025-07-05 00:05:28 [info]: Received GET request to /api/categories
2025-07-05 00:05:28 [info]: Received GET request to /api/products
2025-07-05 00:05:28 [info]: Received GET request to /api/categories
2025-07-05 00:05:28 [info]: Received GET request to /api/products
2025-07-05 00:05:29 [info]: Received GET request to /api/notifications
2025-07-05 00:05:29 [info]: Received GET request to /api/warehouses
2025-07-05 00:05:29 [info]: Received GET request to /api/users
2025-07-05 00:05:29 [info]: Received GET request to /api/warehouses
2025-07-05 00:05:29 [info]: Received GET request to /api/users
2025-07-05 00:05:29 [info]: Received GET request to /api/warehouses
2025-07-05 00:05:29 [info]: Received GET request to /api/warehouses
2025-07-05 00:05:31 [info]: Received GET request to /api/suppliers
2025-07-05 00:05:31 [info]: Received GET request to /api/suppliers
2025-07-05 00:05:32 [info]: Received GET request to /api/warehouses
2025-07-05 00:05:32 [info]: Received GET request to /api/warehouses
2025-07-05 00:05:32 [info]: Received GET request to /api/warehouses
2025-07-05 00:05:32 [info]: Received GET request to /api/products
2025-07-05 00:05:32 [info]: Received GET request to /api/lots
2025-07-05 00:05:32 [info]: Received GET request to /api/warehouses
2025-07-05 00:05:32 [info]: Received GET request to /api/products
2025-07-05 00:05:32 [info]: Received GET request to /api/lots
2025-07-05 00:05:35 [info]: Received GET request to /api/warehouses
2025-07-05 00:05:35 [info]: Received GET request to /api/stock-reports?type=all-stock&warehouse=all&search=
2025-07-05 00:05:35 [info]: Fetching stock reports
2025-07-05 00:05:35 [info]: Received GET request to /api/warehouses
2025-07-05 00:05:35 [info]: Stock report data:
2025-07-05 00:05:35 [info]: Received GET request to /api/stock-reports?type=all-stock&warehouse=all&search=
2025-07-05 00:05:35 [info]: Fetching stock reports
2025-07-05 00:05:35 [info]: Stock report data:
2025-07-05 00:05:39 [info]: Received GET request to /api/stock-reports?type=low-stock&warehouse=all&search=
2025-07-05 00:05:39 [info]: Fetching stock reports
2025-07-05 00:05:39 [info]: Stock report data:
2025-07-05 00:05:40 [info]: Received GET request to /api/stock-reports?type=expiring-soon&warehouse=all&search=
2025-07-05 00:05:40 [info]: Fetching stock reports
2025-07-05 00:05:40 [info]: Stock report data:
2025-07-05 00:05:41 [info]: Received GET request to /api/stock-reports?type=damaged&warehouse=all&search=
2025-07-05 00:05:41 [info]: Fetching stock reports
2025-07-05 00:05:41 [info]: Stock report data:
2025-07-05 00:05:41 [info]: Received GET request to /api/stock-reports?type=expiring-soon&warehouse=all&search=
2025-07-05 00:05:41 [info]: Fetching stock reports
2025-07-05 00:05:41 [info]: Stock report data:
2025-07-05 00:05:42 [info]: Received GET request to /api/stock-reports?type=low-stock&warehouse=all&search=
2025-07-05 00:05:42 [info]: Fetching stock reports
2025-07-05 00:05:42 [info]: Stock report data:
2025-07-05 00:05:43 [info]: Received GET request to /api/stock-reports?type=expiring-soon&warehouse=all&search=
2025-07-05 00:05:43 [info]: Fetching stock reports
2025-07-05 00:05:43 [info]: Stock report data:
2025-07-05 00:05:44 [info]: Received GET request to /api/stock-reports?type=low-stock&warehouse=all&search=
2025-07-05 00:05:44 [info]: Fetching stock reports
2025-07-05 00:05:44 [info]: Stock report data:
2025-07-05 00:05:46 [info]: Received GET request to /api/stock-reports?type=all-stock&warehouse=all&search=
2025-07-05 00:05:46 [info]: Fetching stock reports
2025-07-05 00:05:46 [info]: Stock report data:
2025-07-05 00:05:50 [info]: Received GET request to /api/stock-reports?type=low-stock&warehouse=all&search=
2025-07-05 00:05:50 [info]: Fetching stock reports
2025-07-05 00:05:50 [info]: Stock report data:
2025-07-05 00:05:53 [info]: Received GET request to /api/stock-reports?type=expiring-soon&warehouse=all&search=
2025-07-05 00:05:53 [info]: Fetching stock reports
2025-07-05 00:05:53 [info]: Stock report data:
2025-07-05 00:05:53 [info]: Received GET request to /api/stock-reports?type=damaged&warehouse=all&search=
2025-07-05 00:05:53 [info]: Fetching stock reports
2025-07-05 00:05:53 [info]: Stock report data:
2025-07-05 00:05:54 [info]: Received GET request to /api/stock-reports?type=expiring-soon&warehouse=all&search=
2025-07-05 00:05:54 [info]: Fetching stock reports
2025-07-05 00:05:54 [info]: Stock report data:
2025-07-05 00:05:54 [info]: Received GET request to /api/stock-reports?type=low-stock&warehouse=all&search=
2025-07-05 00:05:54 [info]: Fetching stock reports
2025-07-05 00:05:54 [info]: Stock report data:
2025-07-05 00:05:55 [info]: Received GET request to /api/stock-reports?type=all-stock&warehouse=all&search=
2025-07-05 00:05:55 [info]: Fetching stock reports
2025-07-05 00:05:55 [info]: Stock report data:
2025-07-05 00:05:59 [info]: Received GET request to /api/notifications
2025-07-05 00:06:29 [info]: Received GET request to /api/notifications
2025-07-05 00:06:59 [info]: Received GET request to /api/notifications
2025-07-05 00:07:25 [info]: Received GET request to /api/stock-reports?type=expiring-soon&warehouse=all&search=
2025-07-05 00:07:25 [info]: Fetching stock reports
2025-07-05 00:07:25 [info]: Stock report data:
2025-07-05 00:07:25 [info]: Received GET request to /api/stock-reports?type=low-stock&warehouse=all&search=
2025-07-05 00:07:25 [info]: Fetching stock reports
2025-07-05 00:07:25 [info]: Stock report data:
2025-07-05 00:07:26 [info]: Received GET request to /api/stock-reports?type=all-stock&warehouse=all&search=
2025-07-05 00:07:26 [info]: Fetching stock reports
2025-07-05 00:07:26 [info]: Stock report data:
2025-07-05 00:07:26 [info]: Received GET request to /api/stock-reports?type=expiring-soon&warehouse=all&search=
2025-07-05 00:07:26 [info]: Fetching stock reports
2025-07-05 00:07:26 [info]: Stock report data:
2025-07-05 00:07:27 [info]: Received GET request to /api/stock-reports?type=damaged&warehouse=all&search=
2025-07-05 00:07:27 [info]: Fetching stock reports
2025-07-05 00:07:27 [info]: Stock report data:
2025-07-05 00:07:29 [info]: Received GET request to /api/notifications
2025-07-05 00:07:29 [info]: Received GET request to /api/stock-reports?type=all-stock&warehouse=all&search=
2025-07-05 00:07:29 [info]: Fetching stock reports
2025-07-05 00:07:29 [info]: Stock report data:
2025-07-05 00:07:59 [info]: Received GET request to /api/notifications
2025-07-05 00:08:29 [info]: Received GET request to /api/notifications
2025-07-05 00:08:43 [info]: Received GET request to /api/lots
2025-07-05 00:08:43 [info]: Received GET request to /api/products
2025-07-05 00:08:43 [info]: Received GET request to /api/warehouses
2025-07-05 00:08:43 [info]: Received GET request to /api/warehouses
2025-07-05 00:08:43 [info]: Received GET request to /api/lots
2025-07-05 00:08:43 [info]: Received GET request to /api/products
2025-07-05 00:08:59 [info]: Received GET request to /api/notifications
2025-07-05 00:09:29 [info]: Received GET request to /api/notifications
2025-07-05 00:10:39 [info]: Received GET request to /api/notifications
2025-07-05 00:11:39 [info]: Received GET request to /api/notifications
2025-07-05 00:12:39 [info]: Received GET request to /api/notifications
2025-07-05 00:13:15 [info]: Received GET request to /api/notifications
2025-07-05 00:29:14 [info]: Received GET request to /api/notifications
2025-07-05 00:29:14 [info]: Received GET request to /api/products
2025-07-05 00:29:14 [info]: Received GET request to /api/lots
2025-07-05 00:29:14 [info]: Received GET request to /api/warehouses
2025-07-05 00:29:14 [info]: Received GET request to /api/notifications
2025-07-05 00:29:14 [info]: Received GET request to /api/warehouses
2025-07-05 00:29:14 [info]: Received GET request to /api/products
2025-07-05 00:29:14 [info]: Received GET request to /api/lots
2025-07-05 00:29:17 [info]: Received GET request to /api/notifications
2025-07-05 00:29:17 [info]: Received GET request to /api/products
2025-07-05 00:29:17 [info]: Received GET request to /api/lots
2025-07-05 00:29:17 [info]: Received GET request to /api/warehouses
2025-07-05 00:29:17 [info]: Received GET request to /api/warehouses
2025-07-05 00:29:17 [info]: Received GET request to /api/notifications
2025-07-05 00:29:17 [info]: Received GET request to /api/products
2025-07-05 00:29:17 [info]: Received GET request to /api/lots
2025-07-05 00:34:37 [info]: Received GET request to /api/notifications
2025-07-05 00:34:37 [info]: Received GET request to /api/warehouses
2025-07-05 00:34:37 [info]: Received GET request to /api/stock-reports?type=all-stock&warehouse=all&search=
2025-07-05 00:34:37 [info]: Fetching stock reports
2025-07-05 00:34:37 [info]: Received GET request to /api/notifications
2025-07-05 00:34:37 [info]: Received GET request to /api/warehouses
2025-07-05 00:34:37 [info]: Stock report data:
2025-07-05 00:34:37 [info]: Received GET request to /api/stock-reports?type=all-stock&warehouse=all&search=
2025-07-05 00:34:37 [info]: Fetching stock reports
2025-07-05 00:34:37 [info]: Stock report data:
2025-07-05 00:34:40 [info]: Received GET request to /api/notifications
2025-07-05 00:34:40 [info]: Received GET request to /api/warehouses
2025-07-05 00:34:40 [info]: Received GET request to /api/stock-reports?type=all-stock&warehouse=all&search=
2025-07-05 00:34:40 [info]: Fetching stock reports
2025-07-05 00:34:40 [info]: Received GET request to /api/notifications
2025-07-05 00:34:40 [info]: Stock report data:
2025-07-05 00:34:40 [info]: Received GET request to /api/warehouses
2025-07-05 00:34:40 [info]: Received GET request to /api/stock-reports?type=all-stock&warehouse=all&search=
2025-07-05 00:34:40 [info]: Fetching stock reports
2025-07-05 00:34:40 [info]: Stock report data:
2025-07-05 00:50:17 [info]: Received GET request to /api/notifications
2025-07-05 00:50:17 [info]: Received GET request to /api/warehouses
2025-07-05 00:50:17 [info]: Received GET request to /api/stock-reports?type=all-stock&warehouse=all&search=
2025-07-05 00:50:17 [info]: Fetching stock reports
2025-07-05 00:50:17 [info]: Received GET request to /api/notifications
2025-07-05 00:50:17 [info]: Received GET request to /api/warehouses
2025-07-05 00:50:17 [info]: Stock report data:
2025-07-05 00:50:17 [info]: Received GET request to /api/stock-reports?type=all-stock&warehouse=all&search=
2025-07-05 00:50:17 [info]: Fetching stock reports
2025-07-05 00:50:17 [info]: Stock report data:
2025-07-05 00:50:32 [info]: Received GET request to /api/notifications
2025-07-05 00:50:32 [info]: Received GET request to /api/warehouses
2025-07-05 00:50:32 [info]: Received GET request to /api/stock-reports?type=all-stock&warehouse=all&search=
2025-07-05 00:50:32 [info]: Fetching stock reports
2025-07-05 00:50:32 [info]: Received GET request to /api/notifications
2025-07-05 00:50:32 [info]: Received GET request to /api/warehouses
2025-07-05 00:50:32 [info]: Stock report data:
2025-07-05 00:50:32 [info]: Received GET request to /api/stock-reports?type=all-stock&warehouse=all&search=
2025-07-05 00:50:32 [info]: Fetching stock reports
2025-07-05 00:50:32 [info]: Stock report data:
2025-07-05 00:50:37 [info]: Received GET request to /api/notifications
2025-07-05 00:50:37 [info]: Received GET request to /api/warehouses
2025-07-05 00:50:37 [info]: Received GET request to /api/stock-reports?type=all-stock&warehouse=all&search=
2025-07-05 00:50:37 [info]: Fetching stock reports
2025-07-05 00:50:37 [info]: Received GET request to /api/notifications
2025-07-05 00:50:37 [info]: Received GET request to /api/warehouses
2025-07-05 00:50:37 [info]: Stock report data:
2025-07-05 00:50:37 [info]: Received GET request to /api/stock-reports?type=all-stock&warehouse=all&search=
2025-07-05 00:50:37 [info]: Fetching stock reports
2025-07-05 00:50:37 [info]: Stock report data:
2025-07-05 00:50:45 [info]: Received GET request to /api/stock-reports?type=low-stock&warehouse=all&search=
2025-07-05 00:50:45 [info]: Fetching stock reports
2025-07-05 00:50:45 [info]: Stock report data:
2025-07-05 00:50:46 [info]: Received GET request to /api/stock-reports?type=expiring-soon&warehouse=all&search=
2025-07-05 00:50:46 [info]: Fetching stock reports
2025-07-05 00:50:46 [info]: Stock report data:
2025-07-05 00:50:46 [info]: Received GET request to /api/stock-reports?type=damaged&warehouse=all&search=
2025-07-05 00:50:46 [info]: Fetching stock reports
2025-07-05 00:50:46 [info]: Stock report data:
2025-07-05 00:50:47 [info]: Received GET request to /api/stock-reports?type=low-stock&warehouse=all&search=
2025-07-05 00:50:47 [info]: Fetching stock reports
2025-07-05 00:50:47 [info]: Stock report data:
2025-07-05 00:50:47 [info]: Received GET request to /api/stock-reports?type=expiring-soon&warehouse=all&search=
2025-07-05 00:50:47 [info]: Fetching stock reports
2025-07-05 00:50:47 [info]: Stock report data:
2025-07-05 00:50:48 [info]: Received GET request to /api/stock-reports?type=low-stock&warehouse=all&search=
2025-07-05 00:50:48 [info]: Fetching stock reports
2025-07-05 00:50:48 [info]: Stock report data:
2025-07-05 00:50:49 [info]: Received GET request to /api/stock-reports?type=all-stock&warehouse=all&search=
2025-07-05 00:50:49 [info]: Fetching stock reports
2025-07-05 00:50:49 [info]: Stock report data:
2025-07-05 00:50:50 [info]: Received GET request to /api/stock-reports?type=low-stock&warehouse=all&search=
2025-07-05 00:50:50 [info]: Fetching stock reports
2025-07-05 00:50:50 [info]: Stock report data:
2025-07-05 00:50:51 [info]: Received GET request to /api/stock-reports?type=expiring-soon&warehouse=all&search=
2025-07-05 00:50:51 [info]: Fetching stock reports
2025-07-05 00:50:51 [info]: Stock report data:
2025-07-05 00:50:52 [info]: Received GET request to /api/stock-reports?type=damaged&warehouse=all&search=
2025-07-05 00:50:52 [info]: Fetching stock reports
2025-07-05 00:50:52 [info]: Stock report data:
2025-07-05 00:50:53 [info]: Received GET request to /api/stock-reports?type=all-stock&warehouse=all&search=
2025-07-05 00:50:53 [info]: Fetching stock reports
2025-07-05 00:50:53 [info]: Stock report data:
2025-07-05 00:51:07 [info]: Received GET request to /api/notifications
2025-07-05 00:51:07 [info]: Received GET request to /api/stock-reports?type=all-stock&warehouse=all&search=4444
2025-07-05 00:51:07 [info]: Fetching stock reports
2025-07-05 00:51:07 [info]: Stock report data:
2025-07-05 00:51:11 [info]: Received GET request to /api/stock-reports?type=all-stock&warehouse=all&search=
2025-07-05 00:51:11 [info]: Fetching stock reports
2025-07-05 00:51:11 [info]: Stock report data:
2025-07-05 00:51:12 [info]: Received GET request to /api/stock-reports?type=all-stock&warehouse=all&search=
2025-07-05 00:51:12 [info]: Fetching stock reports
2025-07-05 00:51:12 [info]: Stock report data:
2025-07-05 00:51:14 [info]: Received GET request to /api/stock-reports?type=damaged&warehouse=all&search=
2025-07-05 00:51:14 [info]: Fetching stock reports
2025-07-05 00:51:14 [info]: Stock report data:
2025-07-05 00:51:15 [info]: Received GET request to /api/stock-reports?type=expiring-soon&warehouse=all&search=
2025-07-05 00:51:15 [info]: Fetching stock reports
2025-07-05 00:51:15 [info]: Stock report data:
2025-07-05 00:51:16 [info]: Received GET request to /api/stock-reports?type=low-stock&warehouse=all&search=
2025-07-05 00:51:16 [info]: Fetching stock reports
2025-07-05 00:51:16 [info]: Stock report data:
2025-07-05 00:51:16 [info]: Received GET request to /api/stock-reports?type=all-stock&warehouse=all&search=
2025-07-05 00:51:16 [info]: Fetching stock reports
2025-07-05 00:51:16 [info]: Stock report data:
2025-07-05 00:51:34 [info]: Received GET request to /api/warehouses
2025-07-05 00:51:34 [info]: Received GET request to /api/settings
2025-07-05 00:51:34 [info]: Received GET request to /api/lot-management/expiring
2025-07-05 00:51:34 [info]: Fetching expiring lots
2025-07-05 00:51:34 [info]: Received GET request to /api/lot-management?searchQuery=&warehouse=all&page=1&limit=25
2025-07-05 00:51:34 [info]: Fetching lot management data
2025-07-05 00:51:34 [info]: Fetched settings
2025-07-05 00:51:34 [info]: Received GET request to /api/warehouses
2025-07-05 00:51:34 [info]: Received GET request to /api/settings
2025-07-05 00:51:34 [info]: Expiring lots found:
2025-07-05 00:51:34 [info]: Fetched settings
2025-07-05 00:51:34 [info]: Received GET request to /api/lot-management/expiring
2025-07-05 00:51:34 [info]: Fetching expiring lots
2025-07-05 00:51:34 [info]: Received GET request to /api/lot-management?searchQuery=&warehouse=all&page=1&limit=25
2025-07-05 00:51:34 [info]: Fetching lot management data
2025-07-05 00:51:34 [info]: Expiring lots found:
2025-07-05 00:51:37 [info]: Received GET request to /api/notifications
2025-07-05 00:51:44 [info]: Received GET request to /api/warehouses
2025-07-05 00:51:44 [info]: Received GET request to /api/stock-reports?type=all-stock&warehouse=all&search=
2025-07-05 00:51:44 [info]: Fetching stock reports
2025-07-05 00:51:44 [info]: Received GET request to /api/warehouses
2025-07-05 00:51:44 [info]: Stock report data:
2025-07-05 00:51:44 [info]: Received GET request to /api/stock-reports?type=all-stock&warehouse=all&search=
2025-07-05 00:51:44 [info]: Fetching stock reports
2025-07-05 00:51:44 [info]: Stock report data:
2025-07-05 00:51:47 [info]: Received GET request to /api/warehouses
2025-07-05 00:51:47 [info]: Received GET request to /api/warehouses
2025-07-05 00:51:47 [info]: Received GET request to /api/receive-history?startDate=05-07-2025&endDate=05-07-2025&warehouse=&searchQuery=&userQuery=&page=1&limit=25
2025-07-05 00:51:47 [info]: Received GET request to /api/receive-history?startDate=05-07-2025&endDate=05-07-2025&warehouse=&searchQuery=&userQuery=&page=1&limit=25
2025-07-05 00:51:49 [info]: Received GET request to /api/warehouses
2025-07-05 00:51:49 [info]: Received GET request to /api/products
2025-07-05 00:51:49 [info]: Received GET request to /api/categories
2025-07-05 00:51:49 [info]: Received GET request to /api/suppliers
2025-07-05 00:51:49 [info]: Received GET request to /api/warehouses
2025-07-05 00:51:49 [info]: Received GET request to /api/categories
2025-07-05 00:51:49 [info]: Received GET request to /api/suppliers
2025-07-05 00:51:49 [info]: Received GET request to /api/products
2025-07-05 00:51:52 [info]: Received GET request to /api/warehouses
2025-07-05 00:51:52 [info]: Received GET request to /api/receive-history?startDate=05-07-2025&endDate=05-07-2025&warehouse=&searchQuery=&userQuery=&page=1&limit=25
2025-07-05 00:51:52 [info]: Received GET request to /api/warehouses
2025-07-05 00:51:52 [info]: Received GET request to /api/receive-history?startDate=05-07-2025&endDate=05-07-2025&warehouse=&searchQuery=&userQuery=&page=1&limit=25
2025-07-05 00:51:54 [info]: Received GET request to /api/warehouses
2025-07-05 00:51:54 [info]: Received GET request to /api/stock-reports?type=all-stock&warehouse=all&search=
2025-07-05 00:51:54 [info]: Fetching stock reports
2025-07-05 00:51:54 [info]: Received GET request to /api/warehouses
2025-07-05 00:51:54 [info]: Stock report data:
2025-07-05 00:51:54 [info]: Received GET request to /api/stock-reports?type=all-stock&warehouse=all&search=
2025-07-05 00:51:54 [info]: Fetching stock reports
2025-07-05 00:51:54 [info]: Stock report data:
2025-07-05 00:51:58 [info]: Received GET request to /api/stock-reports?type=all-stock&warehouse=Kampng+Cham+Warehouse&search=
2025-07-05 00:51:58 [info]: Fetching stock reports
2025-07-05 00:51:58 [info]: Stock report data:
2025-07-05 00:52:00 [info]: Received GET request to /api/stock-reports?type=all-stock&warehouse=all&search=
2025-07-05 00:52:00 [info]: Fetching stock reports
2025-07-05 00:52:00 [info]: Stock report data:
2025-07-05 00:52:00 [info]: Received GET request to /api/stock-reports?type=low-stock&warehouse=all&search=
2025-07-05 00:52:00 [info]: Fetching stock reports
2025-07-05 00:52:00 [info]: Stock report data:
2025-07-05 00:52:03 [info]: Received GET request to /api/stock-reports?type=expiring-soon&warehouse=all&search=
2025-07-05 00:52:03 [info]: Fetching stock reports
2025-07-05 00:52:03 [info]: Stock report data:
2025-07-05 00:52:03 [info]: Received GET request to /api/stock-reports?type=low-stock&warehouse=all&search=
2025-07-05 00:52:03 [info]: Fetching stock reports
2025-07-05 00:52:03 [info]: Stock report data:
2025-07-05 00:52:05 [info]: Received GET request to /api/stock-reports?type=expiring-soon&warehouse=all&search=
2025-07-05 00:52:05 [info]: Fetching stock reports
2025-07-05 00:52:05 [info]: Stock report data:
2025-07-05 00:52:05 [info]: Received GET request to /api/stock-reports?type=damaged&warehouse=all&search=
2025-07-05 00:52:05 [info]: Fetching stock reports
2025-07-05 00:52:05 [info]: Stock report data:
2025-07-05 00:52:07 [info]: Received GET request to /api/notifications
2025-07-05 00:52:08 [info]: Received GET request to /api/notifications
2025-07-05 00:52:08 [info]: Received GET request to /api/warehouses
2025-07-05 00:52:08 [info]: Received GET request to /api/stock-reports?type=all-stock&warehouse=all&search=
2025-07-05 00:52:08 [info]: Fetching stock reports
2025-07-05 00:52:08 [info]: Received GET request to /api/notifications
2025-07-05 00:52:08 [info]: Received GET request to /api/warehouses
2025-07-05 00:52:08 [info]: Stock report data:
2025-07-05 00:52:08 [info]: Received GET request to /api/stock-reports?type=all-stock&warehouse=all&search=
2025-07-05 00:52:08 [info]: Fetching stock reports
2025-07-05 00:52:08 [info]: Stock report data:
2025-07-05 00:52:10 [info]: Received GET request to /api/stock-reports?type=damaged&warehouse=all&search=
2025-07-05 00:52:10 [info]: Fetching stock reports
2025-07-05 00:52:10 [info]: Stock report data:
2025-07-05 00:52:32 [info]: Received GET request to /api/stock-reports?type=expiring-soon&warehouse=all&search=
2025-07-05 00:52:32 [info]: Fetching stock reports
2025-07-05 00:52:32 [info]: Stock report data:
2025-07-05 00:52:33 [info]: Received GET request to /api/stock-reports?type=damaged&warehouse=all&search=
2025-07-05 00:52:33 [info]: Fetching stock reports
2025-07-05 00:52:33 [info]: Stock report data:
2025-07-05 00:52:34 [info]: Received GET request to /api/stock-reports?type=expiring-soon&warehouse=all&search=
2025-07-05 00:52:34 [info]: Fetching stock reports
2025-07-05 00:52:34 [info]: Stock report data:
2025-07-05 00:52:35 [info]: Received GET request to /api/stock-reports?type=low-stock&warehouse=all&search=
2025-07-05 00:52:35 [info]: Fetching stock reports
2025-07-05 00:52:35 [info]: Stock report data:
2025-07-05 00:52:35 [info]: Received GET request to /api/stock-reports?type=all-stock&warehouse=all&search=
2025-07-05 00:52:35 [info]: Fetching stock reports
2025-07-05 00:52:35 [info]: Stock report data:
2025-07-05 00:52:38 [info]: Received GET request to /api/notifications
2025-07-05 00:52:52 [info]: Logger initialized successfully
2025-07-05 00:52:53 [info]: Server running on port 3000
2025-07-05 00:52:53 [info]: Connected to MongoDB
2025-07-05 00:53:00 [info]: Received GET request to /api/notifications
2025-07-05 00:53:00 [info]: Received GET request to /api/warehouses
2025-07-05 00:53:00 [info]: Received GET request to /api/stock-reports?type=all-stock&warehouse=all&search=
2025-07-05 00:53:00 [info]: Fetching stock reports
2025-07-05 00:53:00 [info]: Received GET request to /api/warehouses
2025-07-05 00:53:00 [info]: Received GET request to /api/notifications
2025-07-05 00:53:00 [info]: Stock report data:
2025-07-05 00:53:00 [info]: Received GET request to /api/stock-reports?type=all-stock&warehouse=all&search=
2025-07-05 00:53:00 [info]: Fetching stock reports
2025-07-05 00:53:00 [info]: Stock report data:
2025-07-05 00:53:02 [info]: Received GET request to /api/stock-reports?type=damaged&warehouse=all&search=
2025-07-05 00:53:02 [info]: Fetching stock reports
2025-07-05 00:53:02 [info]: Stock report data:
2025-07-05 00:53:03 [info]: Received GET request to /api/stock-reports?type=expiring-soon&warehouse=all&search=
2025-07-05 00:53:03 [info]: Fetching stock reports
2025-07-05 00:53:03 [info]: Stock report data:
2025-07-05 00:53:04 [info]: Received GET request to /api/stock-reports?type=low-stock&warehouse=all&search=
2025-07-05 00:53:04 [info]: Fetching stock reports
2025-07-05 00:53:04 [info]: Stock report data:
2025-07-05 00:53:05 [info]: Received GET request to /api/stock-reports?type=all-stock&warehouse=all&search=
2025-07-05 00:53:05 [info]: Fetching stock reports
2025-07-05 00:53:05 [info]: Stock report data:
2025-07-05 00:53:05 [info]: Received GET request to /api/stock-reports?type=low-stock&warehouse=all&search=
2025-07-05 00:53:05 [info]: Fetching stock reports
2025-07-05 00:53:05 [info]: Stock report data:
2025-07-05 00:53:05 [info]: Received GET request to /api/stock-reports?type=all-stock&warehouse=all&search=
2025-07-05 00:53:05 [info]: Fetching stock reports
2025-07-05 00:53:05 [info]: Stock report data:
2025-07-05 00:53:06 [info]: Received GET request to /api/stock-reports?type=low-stock&warehouse=all&search=
2025-07-05 00:53:06 [info]: Fetching stock reports
2025-07-05 00:53:06 [info]: Stock report data:
2025-07-05 00:53:08 [info]: Received GET request to /api/stock-reports?type=damaged&warehouse=all&search=
2025-07-05 00:53:08 [info]: Fetching stock reports
2025-07-05 00:53:08 [info]: Stock report data:
2025-07-05 00:53:09 [info]: Received GET request to /api/stock-reports?type=all-stock&warehouse=all&search=
2025-07-05 00:53:09 [info]: Fetching stock reports
2025-07-05 00:53:09 [info]: Stock report data:
2025-07-05 00:53:14 [info]: Received GET request to /api/stock-reports?type=damaged&warehouse=all&search=
2025-07-05 00:53:14 [info]: Fetching stock reports
2025-07-05 00:53:14 [info]: Stock report data:
2025-07-05 00:53:16 [info]: Received GET request to /api/stock-reports?type=low-stock&warehouse=all&search=
2025-07-05 00:53:16 [info]: Fetching stock reports
2025-07-05 00:53:16 [info]: Stock report data:
2025-07-05 00:53:16 [info]: Received GET request to /api/stock-reports?type=expiring-soon&warehouse=all&search=
2025-07-05 00:53:16 [info]: Fetching stock reports
2025-07-05 00:53:16 [info]: Stock report data:
2025-07-05 00:53:17 [info]: Received GET request to /api/stock-reports?type=damaged&warehouse=all&search=
2025-07-05 00:53:17 [info]: Fetching stock reports
2025-07-05 00:53:17 [info]: Stock report data:
2025-07-05 00:53:30 [info]: Received GET request to /api/notifications
2025-07-05 00:53:34 [info]: Received GET request to /api/notifications
2025-07-05 00:53:34 [info]: Received GET request to /api/warehouses
2025-07-05 00:53:34 [info]: Received GET request to /api/stock-reports?type=all-stock&warehouse=all&search=
2025-07-05 00:53:34 [info]: Fetching stock reports
2025-07-05 00:53:34 [info]: Received GET request to /api/notifications
2025-07-05 00:53:34 [info]: Received GET request to /api/warehouses
2025-07-05 00:53:34 [info]: Stock report data:
2025-07-05 00:53:34 [info]: Received GET request to /api/stock-reports?type=all-stock&warehouse=all&search=
2025-07-05 00:53:34 [info]: Fetching stock reports
2025-07-05 00:53:34 [info]: Stock report data:
2025-07-05 00:53:36 [info]: Received GET request to /api/notifications
2025-07-05 00:53:36 [info]: Received GET request to /api/warehouses
2025-07-05 00:53:36 [info]: Received GET request to /api/stock-reports?type=all-stock&warehouse=all&search=
2025-07-05 00:53:36 [info]: Fetching stock reports
2025-07-05 00:53:36 [info]: Received GET request to /api/warehouses
2025-07-05 00:53:36 [info]: Received GET request to /api/notifications
2025-07-05 00:53:36 [info]: Stock report data:
2025-07-05 00:53:36 [info]: Received GET request to /api/stock-reports?type=all-stock&warehouse=all&search=
2025-07-05 00:53:36 [info]: Fetching stock reports
2025-07-05 00:53:36 [info]: Stock report data:
2025-07-05 00:53:37 [info]: Received GET request to /api/stock-reports?type=damaged&warehouse=all&search=
2025-07-05 00:53:37 [info]: Fetching stock reports
2025-07-05 00:53:37 [info]: Stock report data:
2025-07-05 00:53:38 [info]: Received GET request to /api/stock-reports?type=all-stock&warehouse=all&search=
2025-07-05 00:53:38 [info]: Fetching stock reports
2025-07-05 00:53:38 [info]: Stock report data:
2025-07-05 00:53:54 [info]: Received GET request to /api/notifications
2025-07-05 00:53:54 [info]: Received GET request to /api/warehouses
2025-07-05 00:53:54 [info]: Received GET request to /api/stock-reports?type=all-stock&warehouse=all&search=
2025-07-05 00:53:54 [info]: Fetching stock reports
2025-07-05 00:53:54 [info]: Received GET request to /api/notifications
2025-07-05 00:53:54 [info]: Received GET request to /api/warehouses
2025-07-05 00:53:55 [info]: Stock report data:
2025-07-05 00:53:55 [info]: Received GET request to /api/stock-reports?type=all-stock&warehouse=all&search=
2025-07-05 00:53:55 [info]: Fetching stock reports
2025-07-05 00:53:55 [info]: Stock report data:
2025-07-05 00:53:57 [info]: Received GET request to /api/stock-reports?type=damaged&warehouse=all&search=
2025-07-05 00:53:57 [info]: Fetching stock reports
2025-07-05 00:53:57 [info]: Stock report data:
2025-07-05 00:54:19 [info]: Received GET request to /api/stock-reports?type=damaged&warehouse=all&search=
2025-07-05 00:54:19 [info]: Fetching stock reports
2025-07-05 00:54:19 [info]: Stock report data:
2025-07-05 00:54:20 [info]: Received GET request to /api/stock-reports?type=expiring-soon&warehouse=all&search=
2025-07-05 00:54:20 [info]: Fetching stock reports
2025-07-05 00:54:20 [info]: Stock report data:
2025-07-05 00:54:21 [info]: Received GET request to /api/stock-reports?type=low-stock&warehouse=all&search=
2025-07-05 00:54:21 [info]: Fetching stock reports
2025-07-05 00:54:21 [info]: Stock report data:
2025-07-05 00:54:21 [info]: Received GET request to /api/stock-reports?type=all-stock&warehouse=all&search=
2025-07-05 00:54:21 [info]: Fetching stock reports
2025-07-05 00:54:21 [info]: Stock report data:
2025-07-05 00:54:23 [info]: Received GET request to /api/stock-reports?type=damaged&warehouse=all&search=
2025-07-05 00:54:23 [info]: Fetching stock reports
2025-07-05 00:54:23 [info]: Stock report data:
2025-07-05 00:54:25 [info]: Received GET request to /api/notifications
2025-07-05 00:54:55 [info]: Received GET request to /api/notifications
2025-07-05 00:55:25 [info]: Received GET request to /api/notifications
2025-07-05 00:55:41 [info]: Received GET request to /api/notifications
2025-07-05 00:55:41 [info]: Received GET request to /api/warehouses
2025-07-05 00:55:41 [info]: Received GET request to /api/notifications
2025-07-05 00:55:41 [info]: Received GET request to /api/stock-reports?type=all-stock&warehouse=all&search=
2025-07-05 00:55:41 [info]: Fetching stock reports
2025-07-05 00:55:41 [info]: Received GET request to /api/warehouses
2025-07-05 00:55:41 [info]: Stock report data:
2025-07-05 00:55:41 [info]: Received GET request to /api/stock-reports?type=all-stock&warehouse=all&search=
2025-07-05 00:55:41 [info]: Fetching stock reports
2025-07-05 00:55:41 [info]: Stock report data:
2025-07-05 00:55:42 [info]: Received GET request to /api/stock-reports?type=damaged&warehouse=all&search=
2025-07-05 00:55:42 [info]: Fetching stock reports
2025-07-05 00:55:42 [info]: Stock report data:
2025-07-05 00:55:43 [info]: Received GET request to /api/stock-reports?type=expiring-soon&warehouse=all&search=
2025-07-05 00:55:43 [info]: Fetching stock reports
2025-07-05 00:55:43 [info]: Stock report data:
2025-07-05 00:56:10 [info]: Received GET request to /api/notifications
2025-07-05 00:56:10 [info]: Received GET request to /api/warehouses
2025-07-05 00:56:10 [info]: Received GET request to /api/stock-reports?type=all-stock&warehouse=all&search=
2025-07-05 00:56:10 [info]: Fetching stock reports
2025-07-05 00:56:10 [info]: Received GET request to /api/notifications
2025-07-05 00:56:10 [info]: Received GET request to /api/warehouses
2025-07-05 00:56:10 [info]: Stock report data:
2025-07-05 00:56:10 [info]: Received GET request to /api/stock-reports?type=all-stock&warehouse=all&search=
2025-07-05 00:56:10 [info]: Fetching stock reports
2025-07-05 00:56:10 [info]: Stock report data:
2025-07-05 00:56:13 [info]: Received GET request to /api/stock-reports?type=damaged&warehouse=all&search=
2025-07-05 00:56:13 [info]: Fetching stock reports
2025-07-05 00:56:13 [info]: Stock report data:
2025-07-05 00:56:40 [info]: Received GET request to /api/notifications
2025-07-05 00:57:10 [info]: Received GET request to /api/notifications
2025-07-05 00:57:29 [info]: Received GET request to /api/notifications
2025-07-05 00:57:29 [info]: Received GET request to /api/warehouses
2025-07-05 00:57:29 [info]: Received GET request to /api/stock-reports?type=all-stock&warehouse=all&search=
2025-07-05 00:57:29 [info]: Fetching stock reports
2025-07-05 00:57:29 [info]: Received GET request to /api/notifications
2025-07-05 00:57:29 [info]: Received GET request to /api/warehouses
2025-07-05 00:57:29 [info]: Stock report data:
2025-07-05 00:57:29 [info]: Received GET request to /api/stock-reports?type=all-stock&warehouse=all&search=
2025-07-05 00:57:29 [info]: Fetching stock reports
2025-07-05 00:57:29 [info]: Stock report data:
2025-07-05 00:57:35 [info]: Received GET request to /api/notifications
2025-07-05 00:57:35 [info]: Received GET request to /api/warehouses
2025-07-05 00:57:35 [info]: Received GET request to /api/stock-reports?type=all-stock&warehouse=all&search=
2025-07-05 00:57:35 [info]: Fetching stock reports
2025-07-05 00:57:35 [info]: Received GET request to /api/notifications
2025-07-05 00:57:35 [info]: Received GET request to /api/warehouses
2025-07-05 00:57:35 [info]: Stock report data:
2025-07-05 00:57:35 [info]: Received GET request to /api/stock-reports?type=all-stock&warehouse=all&search=
2025-07-05 00:57:35 [info]: Fetching stock reports
2025-07-05 00:57:35 [info]: Stock report data:
2025-07-05 00:58:05 [info]: Received GET request to /api/notifications
2025-07-05 00:58:36 [info]: Received GET request to /api/notifications
2025-07-05 00:59:04 [info]: Received GET request to /api/notifications
2025-07-05 00:59:04 [info]: Received GET request to /api/warehouses
2025-07-05 00:59:04 [info]: Received GET request to /api/stock-reports?type=all-stock&warehouse=all&search=
2025-07-05 00:59:04 [info]: Fetching stock reports
2025-07-05 00:59:04 [info]: Received GET request to /api/notifications
2025-07-05 00:59:04 [info]: Received GET request to /api/warehouses
2025-07-05 00:59:04 [info]: Stock report data:
2025-07-05 00:59:04 [info]: Received GET request to /api/stock-reports?type=all-stock&warehouse=all&search=
2025-07-05 00:59:04 [info]: Fetching stock reports
2025-07-05 00:59:04 [info]: Stock report data:
2025-07-05 00:59:05 [info]: Received GET request to /api/stock-reports?type=damaged&warehouse=all&search=
2025-07-05 00:59:05 [info]: Fetching stock reports
2025-07-05 00:59:05 [info]: Stock report data:
2025-07-05 00:59:07 [info]: Received GET request to /api/stock-reports?type=expiring-soon&warehouse=all&search=
2025-07-05 00:59:07 [info]: Fetching stock reports
2025-07-05 00:59:07 [info]: Stock report data:
2025-07-05 00:59:08 [info]: Received GET request to /api/stock-reports?type=low-stock&warehouse=all&search=
2025-07-05 00:59:08 [info]: Fetching stock reports
2025-07-05 00:59:08 [info]: Stock report data:
2025-07-05 00:59:09 [info]: Received GET request to /api/stock-reports?type=all-stock&warehouse=all&search=
2025-07-05 00:59:09 [info]: Fetching stock reports
2025-07-05 00:59:09 [info]: Stock report data:
2025-07-05 00:59:18 [info]: Received GET request to /api/warehouses
2025-07-05 00:59:18 [info]: Received GET request to /api/lot-management/expiring
2025-07-05 00:59:18 [info]: Fetching expiring lots
2025-07-05 00:59:18 [info]: Received GET request to /api/settings
2025-07-05 00:59:18 [info]: Received GET request to /api/lot-management?searchQuery=&warehouse=all&page=1&limit=25
2025-07-05 00:59:18 [info]: Fetching lot management data
2025-07-05 00:59:18 [info]: Fetched settings
2025-07-05 00:59:18 [info]: Received GET request to /api/warehouses
2025-07-05 00:59:18 [info]: Received GET request to /api/settings
2025-07-05 00:59:18 [info]: Expiring lots found:
2025-07-05 00:59:18 [info]: Fetched settings
2025-07-05 00:59:18 [info]: Received GET request to /api/lot-management/expiring
2025-07-05 00:59:18 [info]: Fetching expiring lots
2025-07-05 00:59:18 [info]: Received GET request to /api/lot-management?searchQuery=&warehouse=all&page=1&limit=25
2025-07-05 00:59:18 [info]: Fetching lot management data
2025-07-05 00:59:18 [info]: Expiring lots found:
2025-07-05 00:59:22 [info]: Received GET request to /api/warehouses
2025-07-05 00:59:22 [info]: Received GET request to /api/stock-reports?type=all-stock&warehouse=all&search=
2025-07-05 00:59:22 [info]: Fetching stock reports
2025-07-05 00:59:22 [info]: Received GET request to /api/warehouses
2025-07-05 00:59:22 [info]: Stock report data:
2025-07-05 00:59:22 [info]: Received GET request to /api/stock-reports?type=all-stock&warehouse=all&search=
2025-07-05 00:59:22 [info]: Fetching stock reports
2025-07-05 00:59:22 [info]: Stock report data:
2025-07-05 00:59:29 [info]: Received GET request to /api/stock-reports?type=low-stock&warehouse=all&search=
2025-07-05 00:59:29 [info]: Fetching stock reports
2025-07-05 00:59:29 [info]: Stock report data:
2025-07-05 00:59:32 [info]: Received GET request to /api/stock-reports?type=expiring-soon&warehouse=all&search=
2025-07-05 00:59:32 [info]: Fetching stock reports
2025-07-05 00:59:32 [info]: Stock report data:
2025-07-05 00:59:33 [info]: Received GET request to /api/stock-reports?type=all-stock&warehouse=all&search=
2025-07-05 00:59:33 [info]: Fetching stock reports
2025-07-05 00:59:33 [info]: Stock report data:
2025-07-05 00:59:34 [info]: Received GET request to /api/notifications
2025-07-05 00:59:38 [info]: Received GET request to /api/stock-reports?type=expiring-soon&warehouse=all&search=
2025-07-05 00:59:38 [info]: Fetching stock reports
2025-07-05 00:59:38 [info]: Stock report data:
2025-07-05 00:59:39 [info]: Received GET request to /api/stock-reports?type=damaged&warehouse=all&search=
2025-07-05 00:59:39 [info]: Fetching stock reports
2025-07-05 00:59:39 [info]: Stock report data:
2025-07-05 00:59:40 [info]: Received GET request to /api/stock-reports?type=all-stock&warehouse=all&search=
2025-07-05 00:59:40 [info]: Fetching stock reports
2025-07-05 00:59:40 [info]: Stock report data:
2025-07-05 01:00:04 [info]: Received GET request to /api/notifications
2025-07-05 01:00:04 [error]: Authentication failed
2025-07-05 01:00:14 [info]: Received GET request to /api/notifications
2025-07-05 01:00:14 [error]: Authentication failed
2025-07-05 01:00:14 [info]: Received GET request to /api/warehouses
2025-07-05 01:00:14 [error]: Authentication failed
2025-07-05 01:00:14 [info]: Received GET request to /api/stock-reports?type=all-stock&warehouse=all&search=
2025-07-05 01:00:14 [error]: Authentication failed
2025-07-05 01:00:14 [info]: Received GET request to /api/notifications
2025-07-05 01:00:14 [error]: Authentication failed
2025-07-05 01:00:14 [info]: Received GET request to /api/warehouses
2025-07-05 01:00:14 [error]: Authentication failed
2025-07-05 01:00:14 [info]: Received GET request to /api/stock-reports?type=all-stock&warehouse=all&search=
2025-07-05 01:00:14 [error]: Authentication failed
2025-07-05 01:00:16 [info]: Received POST request to /api/login
2025-07-05 01:00:16 [info]: Login attempt:
2025-07-05 01:00:16 [info]: Received GET request to /api/notifications
2025-07-05 01:00:16 [info]: Received GET request to /api/warehouses
2025-07-05 01:00:16 [info]: Received GET request to /api/products
2025-07-05 01:00:16 [info]: Received GET request to /api/lots
2025-07-05 01:00:16 [info]: Received GET request to /api/warehouses
2025-07-05 01:00:16 [info]: Received GET request to /api/notifications
2025-07-05 01:00:16 [info]: Received GET request to /api/products
2025-07-05 01:00:16 [info]: Received GET request to /api/lots
2025-07-05 01:00:20 [info]: Received GET request to /api/warehouses
2025-07-05 01:00:20 [info]: Received GET request to /api/stock-reports?type=all-stock&warehouse=all&search=
2025-07-05 01:00:20 [info]: Fetching stock reports
2025-07-05 01:00:20 [info]: Received GET request to /api/warehouses
2025-07-05 01:00:20 [info]: Stock report data:
2025-07-05 01:00:20 [info]: Received GET request to /api/stock-reports?type=all-stock&warehouse=all&search=
2025-07-05 01:00:20 [info]: Fetching stock reports
2025-07-05 01:00:20 [info]: Stock report data:
2025-07-05 01:00:22 [info]: Received GET request to /api/stock-reports?type=damaged&warehouse=all&search=
2025-07-05 01:00:22 [info]: Fetching stock reports
2025-07-05 01:00:22 [info]: Stock report data:
2025-07-05 01:00:23 [info]: Received GET request to /api/stock-reports?type=expiring-soon&warehouse=all&search=
2025-07-05 01:00:23 [info]: Fetching stock reports
2025-07-05 01:00:23 [info]: Stock report data:
2025-07-05 01:00:23 [info]: Received GET request to /api/stock-reports?type=damaged&warehouse=all&search=
2025-07-05 01:00:23 [info]: Fetching stock reports
2025-07-05 01:00:23 [info]: Stock report data:
2025-07-05 01:00:24 [info]: Received GET request to /api/stock-reports?type=expiring-soon&warehouse=all&search=
2025-07-05 01:00:24 [info]: Fetching stock reports
2025-07-05 01:00:24 [info]: Stock report data:
2025-07-05 01:00:25 [info]: Received GET request to /api/stock-reports?type=low-stock&warehouse=all&search=
2025-07-05 01:00:25 [info]: Fetching stock reports
2025-07-05 01:00:25 [info]: Stock report data:
2025-07-05 01:00:26 [info]: Received GET request to /api/stock-reports?type=all-stock&warehouse=all&search=
2025-07-05 01:00:26 [info]: Fetching stock reports
2025-07-05 01:00:26 [info]: Stock report data:
2025-07-05 01:00:26 [info]: Received GET request to /api/stock-reports?type=low-stock&warehouse=all&search=
2025-07-05 01:00:26 [info]: Fetching stock reports
2025-07-05 01:00:26 [info]: Stock report data:
2025-07-05 01:00:27 [info]: Received GET request to /api/stock-reports?type=expiring-soon&warehouse=all&search=
2025-07-05 01:00:27 [info]: Fetching stock reports
2025-07-05 01:00:27 [info]: Stock report data:
2025-07-05 01:00:27 [info]: Received GET request to /api/stock-reports?type=damaged&warehouse=all&search=
2025-07-05 01:00:27 [info]: Fetching stock reports
2025-07-05 01:00:27 [info]: Stock report data:
2025-07-05 01:00:30 [info]: Received GET request to /api/stock-reports?type=expiring-soon&warehouse=all&search=
2025-07-05 01:00:30 [info]: Fetching stock reports
2025-07-05 01:00:30 [info]: Stock report data:
2025-07-05 01:00:31 [info]: Received GET request to /api/stock-reports?type=low-stock&warehouse=all&search=
2025-07-05 01:00:31 [info]: Fetching stock reports
2025-07-05 01:00:31 [info]: Stock report data:
2025-07-05 01:00:31 [info]: Received GET request to /api/stock-reports?type=all-stock&warehouse=all&search=
2025-07-05 01:00:31 [info]: Fetching stock reports
2025-07-05 01:00:31 [info]: Stock report data:
2025-07-05 10:25:07 [info]: Logger initialized successfully
2025-07-05 10:25:08 [info]: Server running on port 3000
2025-07-05 10:25:08 [info]: Connected to MongoDB
2025-07-05 10:25:23 [info]: Received GET request to /api/notifications
2025-07-05 10:25:23 [error]: Authentication failed
2025-07-05 10:25:23 [info]: Received GET request to /api/notifications
2025-07-05 10:25:23 [error]: Authentication failed
2025-07-05 10:25:28 [info]: Received POST request to /api/login
2025-07-05 10:25:28 [info]: Login attempt:
2025-07-05 10:25:28 [info]: Received GET request to /api/notifications
2025-07-05 10:25:28 [info]: Received GET request to /api/lots
2025-07-05 10:25:28 [info]: Received GET request to /api/products
2025-07-05 10:25:28 [info]: Received GET request to /api/warehouses
2025-07-05 10:25:28 [info]: Received GET request to /api/warehouses
2025-07-05 10:25:28 [info]: Received GET request to /api/notifications
2025-07-05 10:25:28 [info]: Received GET request to /api/lots
2025-07-05 10:25:28 [info]: Received GET request to /api/products
2025-07-05 10:25:34 [info]: Received GET request to /api/warehouses
2025-07-05 10:25:34 [info]: Received GET request to /api/stock-reports?type=all-stock&warehouse=all&search=
2025-07-05 10:25:34 [info]: Fetching stock reports
2025-07-05 10:25:34 [info]: Received GET request to /api/warehouses
2025-07-05 10:25:34 [info]: Stock report data:
2025-07-05 10:25:34 [info]: Received GET request to /api/stock-reports?type=all-stock&warehouse=all&search=
2025-07-05 10:25:34 [info]: Fetching stock reports
2025-07-05 10:25:34 [info]: Stock report data:
2025-07-05 10:25:53 [info]: Received GET request to /api/stock-reports?type=damaged&warehouse=all&search=
2025-07-05 10:25:53 [info]: Fetching stock reports
2025-07-05 10:25:53 [info]: Stock report data:
2025-07-05 10:25:54 [info]: Received GET request to /api/stock-reports?type=expiring-soon&warehouse=all&search=
2025-07-05 10:25:54 [info]: Fetching stock reports
2025-07-05 10:25:54 [info]: Stock report data:
2025-07-05 10:25:54 [info]: Received GET request to /api/stock-reports?type=low-stock&warehouse=all&search=
2025-07-05 10:25:54 [info]: Fetching stock reports
2025-07-05 10:25:54 [info]: Stock report data:
2025-07-05 10:25:58 [info]: Received GET request to /api/notifications
2025-07-05 10:26:19 [info]: Received GET request to /api/stock-reports?type=damaged&warehouse=all&search=
2025-07-05 10:26:19 [info]: Fetching stock reports
2025-07-05 10:26:19 [info]: Stock report data:
2025-07-05 10:26:20 [info]: Received GET request to /api/stock-reports?type=expiring-soon&warehouse=all&search=
2025-07-05 10:26:20 [info]: Fetching stock reports
2025-07-05 10:26:20 [info]: Stock report data:
2025-07-05 10:26:21 [info]: Received GET request to /api/stock-reports?type=low-stock&warehouse=all&search=
2025-07-05 10:26:21 [info]: Fetching stock reports
2025-07-05 10:26:21 [info]: Stock report data:
2025-07-05 10:26:22 [info]: Received GET request to /api/stock-reports?type=all-stock&warehouse=all&search=
2025-07-05 10:26:22 [info]: Fetching stock reports
2025-07-05 10:26:22 [info]: Stock report data:
2025-07-05 10:26:23 [info]: Received GET request to /api/stock-reports?type=damaged&warehouse=all&search=
2025-07-05 10:26:23 [info]: Fetching stock reports
2025-07-05 10:26:23 [info]: Stock report data:
2025-07-05 10:26:28 [info]: Received GET request to /api/notifications
2025-07-05 10:26:29 [info]: Received GET request to /api/stock-reports?type=all-stock&warehouse=all&search=
2025-07-05 10:26:29 [info]: Fetching stock reports
2025-07-05 10:26:29 [info]: Stock report data:
2025-07-05 10:26:58 [info]: Received GET request to /api/notifications
2025-07-05 10:27:28 [info]: Received GET request to /api/notifications
2025-07-05 10:27:58 [info]: Received GET request to /api/notifications
2025-07-05 10:28:28 [info]: Received GET request to /api/notifications
2025-07-05 10:28:58 [info]: Received GET request to /api/notifications
2025-07-05 10:29:29 [info]: Received GET request to /api/notifications
2025-07-05 10:29:58 [info]: Received GET request to /api/notifications
2025-07-05 10:30:29 [info]: Received GET request to /api/notifications
2025-07-05 10:30:59 [info]: Received GET request to /api/notifications
2025-07-05 10:31:35 [info]: Received GET request to /api/notifications
2025-07-05 10:32:35 [info]: Received GET request to /api/notifications
2025-07-05 10:33:35 [info]: Received GET request to /api/notifications
2025-07-05 10:34:35 [info]: Received GET request to /api/notifications
2025-07-05 10:35:35 [info]: Received GET request to /api/notifications
2025-07-05 10:36:35 [info]: Received GET request to /api/notifications
2025-07-05 10:37:35 [info]: Received GET request to /api/notifications
2025-07-05 10:38:35 [info]: Received GET request to /api/notifications
2025-07-05 10:39:35 [info]: Received GET request to /api/notifications
2025-07-05 10:40:35 [info]: Received GET request to /api/notifications
2025-07-05 10:42:31 [info]: Received GET request to /api/notifications
2025-07-05 10:42:31 [info]: Received GET request to /api/warehouses
2025-07-05 10:42:31 [info]: Received GET request to /api/stock-reports?type=all-stock&warehouse=all&search=
2025-07-05 10:42:31 [info]: Fetching stock reports
2025-07-05 10:42:31 [info]: Received GET request to /api/notifications
2025-07-05 10:42:31 [info]: Received GET request to /api/warehouses
2025-07-05 10:42:31 [info]: Stock report data:
2025-07-05 10:42:31 [info]: Received GET request to /api/stock-reports?type=all-stock&warehouse=all&search=
2025-07-05 10:42:31 [info]: Fetching stock reports
2025-07-05 10:42:31 [info]: Stock report data:
2025-07-05 10:42:39 [info]: Received GET request to /api/stock-reports?type=damaged&warehouse=all&search=
2025-07-05 10:42:39 [info]: Fetching stock reports
2025-07-05 10:42:39 [info]: Stock report data:
2025-07-05 10:42:42 [info]: Received GET request to /api/notifications
2025-07-05 10:42:42 [info]: Received GET request to /api/warehouses
2025-07-05 10:42:42 [info]: Received GET request to /api/stock-reports?type=all-stock&warehouse=all&search=
2025-07-05 10:42:42 [info]: Fetching stock reports
2025-07-05 10:42:42 [info]: Received GET request to /api/notifications
2025-07-05 10:42:42 [info]: Received GET request to /api/warehouses
2025-07-05 10:42:42 [info]: Stock report data:
2025-07-05 10:42:42 [info]: Received GET request to /api/stock-reports?type=all-stock&warehouse=all&search=
2025-07-05 10:42:42 [info]: Fetching stock reports
2025-07-05 10:42:42 [info]: Stock report data:
2025-07-05 10:42:43 [info]: Received GET request to /api/stock-reports?type=expiring-soon&warehouse=all&search=
2025-07-05 10:42:43 [info]: Fetching stock reports
2025-07-05 10:42:43 [info]: Stock report data:
2025-07-05 10:42:44 [info]: Received GET request to /api/stock-reports?type=damaged&warehouse=all&search=
2025-07-05 10:42:44 [info]: Fetching stock reports
2025-07-05 10:42:44 [info]: Stock report data:
2025-07-05 10:42:44 [info]: Received GET request to /api/stock-reports?type=expiring-soon&warehouse=all&search=
2025-07-05 10:42:44 [info]: Fetching stock reports
2025-07-05 10:42:44 [info]: Stock report data:
2025-07-05 10:42:45 [info]: Received GET request to /api/stock-reports?type=low-stock&warehouse=all&search=
2025-07-05 10:42:45 [info]: Fetching stock reports
2025-07-05 10:42:45 [info]: Stock report data:
2025-07-05 10:42:46 [info]: Received GET request to /api/stock-reports?type=all-stock&warehouse=all&search=
2025-07-05 10:42:46 [info]: Fetching stock reports
2025-07-05 10:42:46 [info]: Stock report data:
2025-07-05 10:42:50 [info]: Received GET request to /api/stock-reports?type=low-stock&warehouse=all&search=
2025-07-05 10:42:50 [info]: Fetching stock reports
2025-07-05 10:42:50 [info]: Stock report data:
2025-07-05 10:42:52 [info]: Received GET request to /api/stock-reports?type=expiring-soon&warehouse=all&search=
2025-07-05 10:42:52 [info]: Fetching stock reports
2025-07-05 10:42:52 [info]: Stock report data:
2025-07-05 10:42:52 [info]: Received GET request to /api/stock-reports?type=damaged&warehouse=all&search=
2025-07-05 10:42:52 [info]: Fetching stock reports
2025-07-05 10:42:52 [info]: Stock report data:
2025-07-05 10:42:53 [info]: Received GET request to /api/stock-reports?type=expiring-soon&warehouse=all&search=
2025-07-05 10:42:53 [info]: Fetching stock reports
2025-07-05 10:42:53 [info]: Stock report data:
2025-07-05 10:42:53 [info]: Received GET request to /api/stock-reports?type=low-stock&warehouse=all&search=
2025-07-05 10:42:53 [info]: Fetching stock reports
2025-07-05 10:42:53 [info]: Stock report data:
2025-07-05 10:42:54 [info]: Received GET request to /api/stock-reports?type=all-stock&warehouse=all&search=
2025-07-05 10:42:54 [info]: Fetching stock reports
2025-07-05 10:42:54 [info]: Stock report data:
2025-07-05 10:42:59 [info]: Received GET request to /api/notifications
2025-07-05 10:42:59 [info]: Received GET request to /api/warehouses
2025-07-05 10:42:59 [info]: Received GET request to /api/stock-reports?type=all-stock&warehouse=all&search=
2025-07-05 10:42:59 [info]: Fetching stock reports
2025-07-05 10:42:59 [info]: Received GET request to /api/notifications
2025-07-05 10:42:59 [info]: Received GET request to /api/warehouses
2025-07-05 10:42:59 [info]: Stock report data:
2025-07-05 10:42:59 [info]: Received GET request to /api/stock-reports?type=all-stock&warehouse=all&search=
2025-07-05 10:42:59 [info]: Fetching stock reports
2025-07-05 10:42:59 [info]: Stock report data:
2025-07-05 10:43:27 [info]: Received GET request to /api/stock-reports/export?type=all-stock&warehouse=all&search=
2025-07-05 10:43:27 [info]: Exporting stock reports
2025-07-05 10:43:29 [info]: Received GET request to /api/notifications
2025-07-05 10:43:59 [info]: Received GET request to /api/notifications
2025-07-05 10:44:29 [info]: Received GET request to /api/notifications
2025-07-05 10:45:00 [info]: Received GET request to /api/notifications
2025-07-05 10:45:30 [info]: Received GET request to /api/notifications
2025-07-05 10:46:11 [info]: Received GET request to /api/notifications
2025-07-05 10:46:11 [info]: Received GET request to /api/warehouses
2025-07-05 10:46:11 [info]: Received GET request to /api/stock-reports?type=all-stock&warehouse=all&search=
2025-07-05 10:46:11 [info]: Fetching stock reports
2025-07-05 10:46:11 [info]: Received GET request to /api/notifications
2025-07-05 10:46:11 [info]: Stock report data:
2025-07-05 10:46:11 [info]: Received GET request to /api/warehouses
2025-07-05 10:46:11 [info]: Received GET request to /api/stock-reports?type=all-stock&warehouse=all&search=
2025-07-05 10:46:11 [info]: Fetching stock reports
2025-07-05 10:46:11 [info]: Stock report data:
2025-07-05 10:46:36 [info]: Received GET request to /api/notifications
2025-07-05 10:46:36 [info]: Received GET request to /api/warehouses
2025-07-05 10:46:36 [info]: Received GET request to /api/stock-reports?type=all-stock&warehouse=all&search=
2025-07-05 10:46:36 [info]: Fetching stock reports
2025-07-05 10:46:36 [info]: Received GET request to /api/notifications
2025-07-05 10:46:36 [info]: Received GET request to /api/warehouses
2025-07-05 10:46:36 [info]: Stock report data:
2025-07-05 10:46:36 [info]: Received GET request to /api/stock-reports?type=all-stock&warehouse=all&search=
2025-07-05 10:46:36 [info]: Fetching stock reports
2025-07-05 10:46:36 [info]: Stock report data:
2025-07-05 10:46:38 [info]: Received GET request to /api/stock-reports?type=damaged&warehouse=all&search=
2025-07-05 10:46:38 [info]: Fetching stock reports
2025-07-05 10:46:38 [info]: Stock report data:
2025-07-05 10:46:39 [info]: Received GET request to /api/stock-reports?type=expiring-soon&warehouse=all&search=
2025-07-05 10:46:39 [info]: Fetching stock reports
2025-07-05 10:46:39 [info]: Stock report data:
2025-07-05 10:46:40 [info]: Received GET request to /api/stock-reports?type=low-stock&warehouse=all&search=
2025-07-05 10:46:40 [info]: Fetching stock reports
2025-07-05 10:46:40 [info]: Stock report data:
2025-07-05 10:46:41 [info]: Received GET request to /api/stock-reports?type=all-stock&warehouse=all&search=
2025-07-05 10:46:41 [info]: Fetching stock reports
2025-07-05 10:46:41 [info]: Stock report data:
2025-07-05 10:46:41 [info]: Received GET request to /api/stock-reports?type=low-stock&warehouse=all&search=
2025-07-05 10:46:41 [info]: Fetching stock reports
2025-07-05 10:46:41 [info]: Stock report data:
2025-07-05 10:46:42 [info]: Received GET request to /api/stock-reports?type=expiring-soon&warehouse=all&search=
2025-07-05 10:46:42 [info]: Fetching stock reports
2025-07-05 10:46:42 [info]: Stock report data:
2025-07-05 10:46:44 [info]: Received GET request to /api/stock-reports?type=damaged&warehouse=all&search=
2025-07-05 10:46:44 [info]: Fetching stock reports
2025-07-05 10:46:44 [info]: Stock report data:
2025-07-05 10:46:45 [info]: Received GET request to /api/stock-reports?type=expiring-soon&warehouse=all&search=
2025-07-05 10:46:45 [info]: Fetching stock reports
2025-07-05 10:46:45 [info]: Stock report data:
2025-07-05 10:46:46 [info]: Received GET request to /api/stock-reports?type=low-stock&warehouse=all&search=
2025-07-05 10:46:46 [info]: Fetching stock reports
2025-07-05 10:46:46 [info]: Stock report data:
2025-07-05 10:46:47 [info]: Received GET request to /api/stock-reports?type=all-stock&warehouse=all&search=
2025-07-05 10:46:47 [info]: Fetching stock reports
2025-07-05 10:46:47 [info]: Stock report data:
2025-07-05 10:46:48 [info]: Received GET request to /api/stock-reports?type=low-stock&warehouse=all&search=
2025-07-05 10:46:48 [info]: Fetching stock reports
2025-07-05 10:46:48 [info]: Stock report data:
2025-07-05 10:46:49 [info]: Received GET request to /api/stock-reports?type=expiring-soon&warehouse=all&search=
2025-07-05 10:46:49 [info]: Fetching stock reports
2025-07-05 10:46:49 [info]: Stock report data:
2025-07-05 10:46:50 [info]: Received GET request to /api/stock-reports?type=damaged&warehouse=all&search=
2025-07-05 10:46:50 [info]: Fetching stock reports
2025-07-05 10:46:50 [info]: Stock report data:
2025-07-05 10:46:51 [info]: Received GET request to /api/stock-reports?type=all-stock&warehouse=all&search=
2025-07-05 10:46:51 [info]: Fetching stock reports
2025-07-05 10:46:51 [info]: Stock report data:
2025-07-05 10:47:06 [info]: Received GET request to /api/notifications
2025-07-05 10:47:31 [info]: Received GET request to /api/stock-reports?type=all-stock&warehouse=all&search=4444
2025-07-05 10:47:31 [info]: Fetching stock reports
2025-07-05 10:47:31 [info]: Stock report data:
2025-07-05 10:47:36 [info]: Received GET request to /api/notifications
2025-07-05 10:47:39 [info]: Received GET request to /api/notifications
2025-07-05 10:47:39 [info]: Received GET request to /api/warehouses
2025-07-05 10:47:39 [info]: Received GET request to /api/stock-reports?type=all-stock&warehouse=all&search=
2025-07-05 10:47:39 [info]: Fetching stock reports
2025-07-05 10:47:39 [info]: Received GET request to /api/notifications
2025-07-05 10:47:39 [info]: Received GET request to /api/warehouses
2025-07-05 10:47:39 [info]: Stock report data:
2025-07-05 10:47:39 [info]: Received GET request to /api/stock-reports?type=all-stock&warehouse=all&search=
2025-07-05 10:47:39 [info]: Fetching stock reports
2025-07-05 10:47:39 [info]: Stock report data:
2025-07-05 10:48:09 [info]: Received GET request to /api/notifications
2025-07-05 10:48:30 [info]: Received GET request to /api/stock-reports?type=low-stock&warehouse=all&search=
2025-07-05 10:48:30 [info]: Fetching stock reports
2025-07-05 10:48:30 [info]: Stock report data:
2025-07-05 10:48:31 [info]: Received GET request to /api/stock-reports?type=all-stock&warehouse=all&search=
2025-07-05 10:48:31 [info]: Fetching stock reports
2025-07-05 10:48:31 [info]: Stock report data:
2025-07-05 10:48:39 [info]: Received GET request to /api/notifications
2025-07-05 10:49:09 [info]: Received GET request to /api/notifications
2025-07-05 10:49:14 [info]: Received GET request to /api/notifications
2025-07-05 10:49:14 [info]: Received GET request to /api/warehouses
2025-07-05 10:49:14 [info]: Received GET request to /api/stock-reports?type=all-stock&warehouse=all&search=
2025-07-05 10:49:14 [info]: Fetching stock reports
2025-07-05 10:49:14 [info]: Received GET request to /api/notifications
2025-07-05 10:49:14 [info]: Received GET request to /api/warehouses
2025-07-05 10:49:14 [info]: Stock report data:
2025-07-05 10:49:14 [info]: Received GET request to /api/stock-reports?type=all-stock&warehouse=all&search=
2025-07-05 10:49:14 [info]: Fetching stock reports
2025-07-05 10:49:14 [info]: Stock report data:
2025-07-05 10:49:44 [info]: Received GET request to /api/notifications
2025-07-05 10:50:14 [info]: Received GET request to /api/notifications
2025-07-05 10:50:33 [info]: Received GET request to /api/warehouses
2025-07-05 10:50:33 [info]: Received GET request to /api/settings
2025-07-05 10:50:33 [info]: Received GET request to /api/lot-management/expiring
2025-07-05 10:50:33 [info]: Fetching expiring lots
2025-07-05 10:50:33 [info]: Received GET request to /api/lot-management?searchQuery=&warehouse=all&page=1&limit=25
2025-07-05 10:50:33 [info]: Fetching lot management data
2025-07-05 10:50:33 [info]: Fetched settings
2025-07-05 10:50:33 [info]: Received GET request to /api/warehouses
2025-07-05 10:50:33 [info]: Received GET request to /api/settings
2025-07-05 10:50:33 [info]: Fetched settings
2025-07-05 10:50:33 [info]: Expiring lots found:
2025-07-05 10:50:33 [info]: Received GET request to /api/lot-management/expiring
2025-07-05 10:50:33 [info]: Fetching expiring lots
2025-07-05 10:50:33 [info]: Expiring lots found:
2025-07-05 10:50:33 [info]: Received GET request to /api/lot-management?searchQuery=&warehouse=all&page=1&limit=25
2025-07-05 10:50:33 [info]: Fetching lot management data
2025-07-05 10:50:38 [info]: Received GET request to /api/warehouses
2025-07-05 10:50:38 [info]: Received GET request to /api/receive-history?startDate=05-07-2025&endDate=05-07-2025&warehouse=&searchQuery=&userQuery=&page=1&limit=25
2025-07-05 10:50:38 [info]: Received GET request to /api/warehouses
2025-07-05 10:50:38 [info]: Received GET request to /api/receive-history?startDate=05-07-2025&endDate=05-07-2025&warehouse=&searchQuery=&userQuery=&page=1&limit=25
2025-07-05 10:50:40 [info]: Received GET request to /api/warehouses
2025-07-05 10:50:40 [info]: Received GET request to /api/products
2025-07-05 10:50:40 [info]: Received GET request to /api/categories
2025-07-05 10:50:40 [info]: Received GET request to /api/suppliers
2025-07-05 10:50:40 [info]: Received GET request to /api/warehouses
2025-07-05 10:50:40 [info]: Received GET request to /api/categories
2025-07-05 10:50:40 [info]: Received GET request to /api/products
2025-07-05 10:50:40 [info]: Received GET request to /api/suppliers
2025-07-05 10:50:42 [info]: Received GET request to /api/warehouses
2025-07-05 10:50:42 [info]: Received GET request to /api/lot-management/expiring
2025-07-05 10:50:42 [info]: Fetching expiring lots
2025-07-05 10:50:42 [info]: Received GET request to /api/settings
2025-07-05 10:50:42 [info]: Received GET request to /api/lot-management?searchQuery=&warehouse=all&page=1&limit=25
2025-07-05 10:50:42 [info]: Fetching lot management data
2025-07-05 10:50:42 [info]: Received GET request to /api/warehouses
2025-07-05 10:50:42 [info]: Fetched settings
2025-07-05 10:50:42 [info]: Received GET request to /api/settings
2025-07-05 10:50:42 [info]: Expiring lots found:
2025-07-05 10:50:42 [info]: Fetched settings
2025-07-05 10:50:42 [info]: Received GET request to /api/lot-management/expiring
2025-07-05 10:50:42 [info]: Fetching expiring lots
2025-07-05 10:50:42 [info]: Received GET request to /api/lot-management?searchQuery=&warehouse=all&page=1&limit=25
2025-07-05 10:50:42 [info]: Fetching lot management data
2025-07-05 10:50:42 [info]: Expiring lots found:
2025-07-05 10:50:42 [info]: Received GET request to /api/receive-history?startDate=05-07-2025&endDate=05-07-2025&warehouse=&searchQuery=&userQuery=&page=1&limit=25
2025-07-05 10:50:42 [info]: Received GET request to /api/warehouses
2025-07-05 10:50:42 [info]: Received GET request to /api/receive-history?startDate=05-07-2025&endDate=05-07-2025&warehouse=&searchQuery=&userQuery=&page=1&limit=25
2025-07-05 10:50:42 [info]: Received GET request to /api/warehouses
2025-07-05 10:50:44 [info]: Received GET request to /api/notifications
2025-07-05 10:50:51 [info]: Received GET request to /api/warehouses
2025-07-05 10:50:51 [info]: Received GET request to /api/stock-reports?type=all-stock&warehouse=all&search=
2025-07-05 10:50:51 [info]: Fetching stock reports
2025-07-05 10:50:51 [info]: Received GET request to /api/warehouses
2025-07-05 10:50:51 [info]: Stock report data:
2025-07-05 10:50:51 [info]: Received GET request to /api/stock-reports?type=all-stock&warehouse=all&search=
2025-07-05 10:50:51 [info]: Fetching stock reports
2025-07-05 10:50:51 [info]: Stock report data:
2025-07-05 10:51:11 [info]: Received GET request to /api/warehouses
2025-07-05 10:51:11 [info]: Received GET request to /api/receive-history?startDate=05-07-2025&endDate=05-07-2025&warehouse=&searchQuery=&userQuery=&page=1&limit=25
2025-07-05 10:51:11 [info]: Received GET request to /api/warehouses
2025-07-05 10:51:11 [info]: Received GET request to /api/receive-history?startDate=05-07-2025&endDate=05-07-2025&warehouse=&searchQuery=&userQuery=&page=1&limit=25
2025-07-05 10:51:14 [info]: Received GET request to /api/notifications
2025-07-05 10:51:44 [info]: Received GET request to /api/notifications
2025-07-05 10:52:14 [info]: Received GET request to /api/notifications
2025-07-05 10:52:18 [info]: Received GET request to /api/warehouses
2025-07-05 10:52:18 [info]: Received GET request to /api/stock-reports?type=all-stock&warehouse=all&search=
2025-07-05 10:52:18 [info]: Fetching stock reports
2025-07-05 10:52:18 [info]: Received GET request to /api/warehouses
2025-07-05 10:52:18 [info]: Stock report data:
2025-07-05 10:52:18 [info]: Received GET request to /api/stock-reports?type=all-stock&warehouse=all&search=
2025-07-05 10:52:18 [info]: Fetching stock reports
2025-07-05 10:52:18 [info]: Stock report data:
2025-07-05 10:52:19 [info]: Received GET request to /api/stock-reports?type=damaged&warehouse=all&search=
2025-07-05 10:52:19 [info]: Fetching stock reports
2025-07-05 10:52:19 [info]: Stock report data:
2025-07-05 10:52:20 [info]: Received GET request to /api/stock-reports?type=expiring-soon&warehouse=all&search=
2025-07-05 10:52:20 [info]: Fetching stock reports
2025-07-05 10:52:20 [info]: Stock report data:
2025-07-05 10:52:37 [info]: Received GET request to /api/notifications
2025-07-05 10:52:37 [info]: Received GET request to /api/warehouses
2025-07-05 10:52:37 [info]: Received GET request to /api/stock-reports?type=all-stock&warehouse=all&search=
2025-07-05 10:52:37 [info]: Fetching stock reports
2025-07-05 10:52:37 [info]: Received GET request to /api/notifications
2025-07-05 10:52:37 [info]: Received GET request to /api/warehouses
2025-07-05 10:52:37 [info]: Stock report data:
2025-07-05 10:52:37 [info]: Received GET request to /api/stock-reports?type=all-stock&warehouse=all&search=
2025-07-05 10:52:37 [info]: Fetching stock reports
2025-07-05 10:52:37 [info]: Stock report data:
2025-07-05 10:52:39 [info]: Received GET request to /api/stock-reports?type=damaged&warehouse=all&search=
2025-07-05 10:52:39 [info]: Fetching stock reports
2025-07-05 10:52:39 [info]: Stock report data:
2025-07-05 10:52:40 [info]: Received GET request to /api/stock-reports?type=expiring-soon&warehouse=all&search=
2025-07-05 10:52:40 [info]: Fetching stock reports
2025-07-05 10:52:40 [info]: Stock report data:
2025-07-05 10:52:40 [info]: Received GET request to /api/stock-reports?type=low-stock&warehouse=all&search=
2025-07-05 10:52:40 [info]: Fetching stock reports
2025-07-05 10:52:40 [info]: Stock report data:
2025-07-05 10:52:41 [info]: Received GET request to /api/stock-reports?type=all-stock&warehouse=all&search=
2025-07-05 10:52:41 [info]: Fetching stock reports
2025-07-05 10:52:41 [info]: Stock report data:
2025-07-05 10:52:58 [info]: Received GET request to /api/warehouses
2025-07-05 10:52:58 [info]: Received GET request to /api/receive-history?startDate=05-07-2025&endDate=05-07-2025&warehouse=&searchQuery=&userQuery=&page=1&limit=25
2025-07-05 10:52:58 [info]: Received GET request to /api/warehouses
2025-07-05 10:52:58 [info]: Received GET request to /api/receive-history?startDate=05-07-2025&endDate=05-07-2025&warehouse=&searchQuery=&userQuery=&page=1&limit=25
2025-07-05 10:53:07 [info]: Received GET request to /api/notifications
2025-07-05 10:53:37 [info]: Received GET request to /api/notifications
2025-07-05 10:53:38 [info]: Received GET request to /api/warehouses
2025-07-05 10:53:38 [info]: Received GET request to /api/stock-reports?type=all-stock&warehouse=all&search=
2025-07-05 10:53:38 [info]: Fetching stock reports
2025-07-05 10:53:38 [info]: Received GET request to /api/warehouses
2025-07-05 10:53:38 [info]: Stock report data:
2025-07-05 10:53:38 [info]: Received GET request to /api/stock-reports?type=all-stock&warehouse=all&search=
2025-07-05 10:53:38 [info]: Fetching stock reports
2025-07-05 10:53:38 [info]: Stock report data:
2025-07-05 10:54:07 [info]: Received GET request to /api/notifications
2025-07-05 10:54:37 [info]: Received GET request to /api/notifications
2025-07-05 10:55:07 [info]: Received GET request to /api/notifications
2025-07-05 10:55:11 [info]: Received GET request to /api/notifications
2025-07-05 10:55:11 [info]: Received GET request to /api/warehouses
2025-07-05 10:55:11 [info]: Received GET request to /api/stock-reports?type=all-stock&warehouse=all&search=
2025-07-05 10:55:11 [info]: Fetching stock reports
2025-07-05 10:55:11 [info]: Received GET request to /api/notifications
2025-07-05 10:55:11 [info]: Received GET request to /api/warehouses
2025-07-05 10:55:11 [info]: Stock report data:
2025-07-05 10:55:11 [info]: Received GET request to /api/stock-reports?type=all-stock&warehouse=all&search=
2025-07-05 10:55:11 [info]: Fetching stock reports
2025-07-05 10:55:11 [info]: Stock report data:
2025-07-05 10:55:15 [info]: Received GET request to /api/notifications
2025-07-05 10:55:15 [info]: Received GET request to /api/warehouses
2025-07-05 10:55:15 [info]: Received GET request to /api/stock-reports?type=all-stock&warehouse=all&search=
2025-07-05 10:55:15 [info]: Fetching stock reports
2025-07-05 10:55:15 [info]: Received GET request to /api/notifications
2025-07-05 10:55:15 [info]: Received GET request to /api/warehouses
2025-07-05 10:55:15 [info]: Stock report data:
2025-07-05 10:55:15 [info]: Received GET request to /api/stock-reports?type=all-stock&warehouse=all&search=
2025-07-05 10:55:15 [info]: Fetching stock reports
2025-07-05 10:55:15 [info]: Stock report data:
2025-07-05 10:55:44 [info]: Received GET request to /api/notifications
2025-07-05 10:55:45 [info]: Received GET request to /api/warehouses
2025-07-05 10:55:45 [info]: Received GET request to /api/notifications
2025-07-05 10:55:45 [info]: Received GET request to /api/stock-reports?type=all-stock&warehouse=all&search=
2025-07-05 10:55:45 [info]: Fetching stock reports
2025-07-05 10:55:45 [info]: Received GET request to /api/warehouses
2025-07-05 10:55:45 [info]: Stock report data:
2025-07-05 10:55:45 [info]: Received GET request to /api/stock-reports?type=all-stock&warehouse=all&search=
2025-07-05 10:55:45 [info]: Fetching stock reports
2025-07-05 10:55:45 [info]: Stock report data:
2025-07-05 10:56:15 [info]: Received GET request to /api/notifications
2025-07-05 10:56:45 [info]: Received GET request to /api/notifications
2025-07-05 10:57:03 [info]: Received GET request to /api/stock-reports?type=low-stock&warehouse=all&search=
2025-07-05 10:57:03 [info]: Fetching stock reports
2025-07-05 10:57:03 [info]: Stock report data:
2025-07-05 10:57:03 [info]: Received GET request to /api/stock-reports?type=all-stock&warehouse=all&search=
2025-07-05 10:57:03 [info]: Fetching stock reports
2025-07-05 10:57:03 [info]: Stock report data:
2025-07-05 10:57:05 [info]: Received GET request to /api/stock-reports?type=low-stock&warehouse=all&search=
2025-07-05 10:57:05 [info]: Fetching stock reports
2025-07-05 10:57:05 [info]: Stock report data:
2025-07-05 10:57:07 [info]: Received GET request to /api/stock-reports?type=all-stock&warehouse=all&search=
2025-07-05 10:57:07 [info]: Fetching stock reports
2025-07-05 10:57:07 [info]: Stock report data:
2025-07-05 10:57:15 [info]: Received GET request to /api/notifications
2025-07-05 10:57:26 [info]: Received GET request to /api/notifications
2025-07-05 10:57:26 [info]: Received GET request to /api/warehouses
2025-07-05 10:57:26 [info]: Received GET request to /api/stock-reports?type=all-stock&warehouse=all&search=
2025-07-05 10:57:26 [info]: Fetching stock reports
2025-07-05 10:57:26 [info]: Received GET request to /api/notifications
2025-07-05 10:57:26 [info]: Received GET request to /api/warehouses
2025-07-05 10:57:26 [info]: Stock report data:
2025-07-05 10:57:26 [info]: Received GET request to /api/stock-reports?type=all-stock&warehouse=all&search=
2025-07-05 10:57:26 [info]: Fetching stock reports
2025-07-05 10:57:26 [info]: Stock report data:
2025-07-05 10:57:56 [info]: Received GET request to /api/notifications
2025-07-05 10:58:00 [info]: Received GET request to /api/notifications
2025-07-05 10:58:00 [info]: Received GET request to /api/warehouses
2025-07-05 10:58:00 [info]: Received GET request to /api/stock-reports?type=all-stock&warehouse=all&search=
2025-07-05 10:58:00 [info]: Fetching stock reports
2025-07-05 10:58:00 [info]: Received GET request to /api/notifications
2025-07-05 10:58:00 [info]: Received GET request to /api/warehouses
2025-07-05 10:58:00 [info]: Stock report data:
2025-07-05 10:58:00 [info]: Received GET request to /api/stock-reports?type=all-stock&warehouse=all&search=
2025-07-05 10:58:00 [info]: Fetching stock reports
2025-07-05 10:58:00 [info]: Stock report data:
2025-07-05 10:58:30 [info]: Received GET request to /api/notifications
2025-07-05 10:58:53 [info]: Received GET request to /api/warehouses
2025-07-05 10:58:53 [info]: Received GET request to /api/receive-history?startDate=05-07-2025&endDate=05-07-2025&warehouse=&searchQuery=&userQuery=&page=1&limit=25
2025-07-05 10:58:53 [info]: Received GET request to /api/warehouses
2025-07-05 10:58:53 [info]: Received GET request to /api/receive-history?startDate=05-07-2025&endDate=05-07-2025&warehouse=&searchQuery=&userQuery=&page=1&limit=25
2025-07-05 10:59:00 [info]: Received GET request to /api/notifications
2025-07-05 10:59:30 [info]: Received GET request to /api/notifications
2025-07-05 11:00:00 [info]: Received GET request to /api/notifications
2025-07-05 11:00:14 [info]: Received GET request to /api/stock-reports?type=all-stock&warehouse=all&search=
2025-07-05 11:00:14 [info]: Fetching stock reports
2025-07-05 11:00:14 [info]: Received GET request to /api/warehouses
2025-07-05 11:00:14 [info]: Received GET request to /api/warehouses
2025-07-05 11:00:14 [info]: Stock report data:
2025-07-05 11:00:14 [info]: Received GET request to /api/stock-reports?type=all-stock&warehouse=all&search=
2025-07-05 11:00:14 [info]: Fetching stock reports
2025-07-05 11:00:14 [info]: Stock report data:
2025-07-05 11:00:30 [info]: Received GET request to /api/notifications
2025-07-05 11:01:00 [info]: Received GET request to /api/notifications
2025-07-05 11:01:14 [info]: Received GET request to /api/lot-management/expiring
2025-07-05 11:01:14 [info]: Fetching expiring lots
2025-07-05 11:01:14 [info]: Received GET request to /api/warehouses
2025-07-05 11:01:14 [info]: Received GET request to /api/settings
2025-07-05 11:01:14 [info]: Received GET request to /api/lot-management?searchQuery=&warehouse=all&page=1&limit=25
2025-07-05 11:01:14 [info]: Fetching lot management data
2025-07-05 11:01:14 [info]: Fetched settings
2025-07-05 11:01:14 [info]: Received GET request to /api/warehouses
2025-07-05 11:01:14 [info]: Received GET request to /api/settings
2025-07-05 11:01:14 [info]: Expiring lots found:
2025-07-05 11:01:14 [info]: Fetched settings
2025-07-05 11:01:14 [info]: Received GET request to /api/lot-management/expiring
2025-07-05 11:01:14 [info]: Fetching expiring lots
2025-07-05 11:01:14 [info]: Received GET request to /api/lot-management?searchQuery=&warehouse=all&page=1&limit=25
2025-07-05 11:01:14 [info]: Fetching lot management data
2025-07-05 11:01:14 [info]: Expiring lots found:
2025-07-05 11:01:14 [info]: Received GET request to /api/warehouses
2025-07-05 11:01:14 [info]: Received GET request to /api/stock-reports?type=all-stock&warehouse=all&search=
2025-07-05 11:01:14 [info]: Fetching stock reports
2025-07-05 11:01:14 [info]: Received GET request to /api/warehouses
2025-07-05 11:01:14 [info]: Stock report data:
2025-07-05 11:01:14 [info]: Received GET request to /api/stock-reports?type=all-stock&warehouse=all&search=
2025-07-05 11:01:14 [info]: Fetching stock reports
2025-07-05 11:01:14 [info]: Stock report data:
2025-07-05 11:01:16 [info]: Received GET request to /api/warehouses
2025-07-05 11:01:16 [info]: Received GET request to /api/lot-management/expiring
2025-07-05 11:01:16 [info]: Fetching expiring lots
2025-07-05 11:01:16 [info]: Received GET request to /api/settings
2025-07-05 11:01:16 [info]: Received GET request to /api/lot-management?searchQuery=&warehouse=all&page=1&limit=25
2025-07-05 11:01:16 [info]: Fetching lot management data
2025-07-05 11:01:16 [info]: Fetched settings
2025-07-05 11:01:16 [info]: Received GET request to /api/warehouses
2025-07-05 11:01:16 [info]: Received GET request to /api/settings
2025-07-05 11:01:16 [info]: Expiring lots found:
2025-07-05 11:01:16 [info]: Fetched settings
2025-07-05 11:01:16 [info]: Received GET request to /api/lot-management/expiring
2025-07-05 11:01:16 [info]: Fetching expiring lots
2025-07-05 11:01:16 [info]: Received GET request to /api/lot-management?searchQuery=&warehouse=all&page=1&limit=25
2025-07-05 11:01:16 [info]: Fetching lot management data
2025-07-05 11:01:16 [info]: Expiring lots found:
2025-07-05 11:01:21 [info]: Received GET request to /api/warehouses
2025-07-05 11:01:21 [info]: Received GET request to /api/users
2025-07-05 11:01:21 [info]: Received GET request to /api/warehouses
2025-07-05 11:01:21 [info]: Received GET request to /api/users
2025-07-05 11:01:24 [info]: Received GET request to /api/warehouses
2025-07-05 11:01:24 [info]: Received GET request to /api/stock-reports?type=all-stock&warehouse=all&search=
2025-07-05 11:01:24 [info]: Fetching stock reports
2025-07-05 11:01:24 [info]: Received GET request to /api/warehouses
2025-07-05 11:01:24 [info]: Stock report data:
2025-07-05 11:01:24 [info]: Received GET request to /api/stock-reports?type=all-stock&warehouse=all&search=
2025-07-05 11:01:24 [info]: Fetching stock reports
2025-07-05 11:01:24 [info]: Stock report data:
2025-07-05 11:01:24 [info]: Received GET request to /api/warehouses
2025-07-05 11:01:24 [info]: Received GET request to /api/lot-management/expiring
2025-07-05 11:01:24 [info]: Fetching expiring lots
2025-07-05 11:01:24 [info]: Received GET request to /api/settings
2025-07-05 11:01:24 [info]: Received GET request to /api/lot-management?searchQuery=&warehouse=all&page=1&limit=25
2025-07-05 11:01:24 [info]: Fetching lot management data
2025-07-05 11:01:24 [info]: Received GET request to /api/warehouses
2025-07-05 11:01:24 [info]: Fetched settings
2025-07-05 11:01:24 [info]: Received GET request to /api/settings
2025-07-05 11:01:24 [info]: Expiring lots found:
2025-07-05 11:01:24 [info]: Fetched settings
2025-07-05 11:01:24 [info]: Received GET request to /api/lot-management/expiring
2025-07-05 11:01:24 [info]: Fetching expiring lots
2025-07-05 11:01:24 [info]: Received GET request to /api/lot-management?searchQuery=&warehouse=all&page=1&limit=25
2025-07-05 11:01:24 [info]: Fetching lot management data
2025-07-05 11:01:24 [info]: Expiring lots found:
2025-07-05 11:01:28 [info]: Received GET request to /api/products
2025-07-05 11:01:28 [info]: Received GET request to /api/lots
2025-07-05 11:01:28 [info]: Received GET request to /api/warehouses
2025-07-05 11:01:28 [info]: Received GET request to /api/warehouses
2025-07-05 11:01:28 [info]: Received GET request to /api/products
2025-07-05 11:01:28 [info]: Received GET request to /api/lots
2025-07-05 11:01:30 [info]: Received GET request to /api/notifications
