2025-07-19 00:00:05 [info]: Received GET request to /api/notifications
2025-07-19 00:00:32 [info]: Received GET request to /api/warehouses
2025-07-19 00:00:32 [info]: Received GET request to /api/warehouses
2025-07-19 00:00:32 [info]: Received GET request to /api/warehouses
2025-07-19 00:00:32 [info]: Received GET request to /api/products
2025-07-19 00:00:32 [info]: Received GET request to /api/lots
2025-07-19 00:00:32 [info]: Received GET request to /api/lot-management/expiring
2025-07-19 00:00:32 [info]: Fetching expiring lots
2025-07-19 00:00:32 [info]: Received GET request to /api/manage-damage/history?limit=5&sort=desc
2025-07-19 00:00:32 [info]: Received GET request to /api/warehouses
2025-07-19 00:00:32 [info]: Received GET request to /api/products
2025-07-19 00:00:32 [info]: Received GET request to /api/lots
2025-07-19 00:00:32 [info]: Expiring lots found:
2025-07-19 00:00:32 [info]: Received GET request to /api/manage-damage/history?limit=5&sort=desc
2025-07-19 00:00:32 [info]: Received GET request to /api/lot-management/expiring
2025-07-19 00:00:32 [info]: Fetching expiring lots
2025-07-19 00:00:32 [info]: Received GET request to /api/settings
2025-07-19 00:00:32 [info]: Fetched settings
2025-07-19 00:00:32 [info]: Expiring lots found:
2025-07-19 00:00:32 [info]: Received GET request to /api/settings
2025-07-19 00:00:32 [info]: Fetched settings
2025-07-19 00:00:35 [info]: Received GET request to /api/warehouses
2025-07-19 00:00:35 [info]: Received GET request to /api/notifications
2025-07-19 00:00:35 [info]: Received GET request to /api/warehouses
2025-07-19 00:00:35 [info]: Received GET request to /api/notifications
2025-07-19 00:00:35 [info]: Received GET request to /api/products
2025-07-19 00:00:35 [info]: Received GET request to /api/lots
2025-07-19 00:00:35 [info]: Received GET request to /api/warehouses
2025-07-19 00:00:35 [info]: Received GET request to /api/lot-management/expiring
2025-07-19 00:00:35 [info]: Fetching expiring lots
2025-07-19 00:00:35 [info]: Received GET request to /api/manage-damage/history?limit=5&sort=desc
2025-07-19 00:00:35 [info]: Received GET request to /api/warehouses
2025-07-19 00:00:35 [info]: Received GET request to /api/products
2025-07-19 00:00:35 [info]: Received GET request to /api/lots
2025-07-19 00:00:35 [info]: Expiring lots found:
2025-07-19 00:00:35 [info]: Received GET request to /api/lot-management/expiring
2025-07-19 00:00:35 [info]: Fetching expiring lots
2025-07-19 00:00:35 [info]: Received GET request to /api/manage-damage/history?limit=5&sort=desc
2025-07-19 00:00:35 [info]: Expiring lots found:
2025-07-19 00:00:35 [info]: Received GET request to /api/settings
2025-07-19 00:00:35 [info]: Fetched settings
2025-07-19 00:00:35 [info]: Received GET request to /api/settings
2025-07-19 00:00:35 [info]: Fetched settings
2025-07-19 00:00:39 [info]: Received GET request to /api/warehouses
2025-07-19 00:00:39 [info]: Received GET request to /api/lots?warehouse=686ff4f2eeb1601cf4f78a8d
2025-07-19 00:00:39 [info]: Received GET request to /api/products?warehouse=686ff4f2eeb1601cf4f78a8d
2025-07-19 00:00:39 [info]: Received GET request to /api/lot-management/expiring?warehouse=686ff4f2eeb1601cf4f78a8d
2025-07-19 00:00:39 [info]: Fetching expiring lots
2025-07-19 00:00:39 [info]: Received GET request to /api/manage-damage/history?warehouse=686ff4f2eeb1601cf4f78a8d&limit=5&sort=desc
2025-07-19 00:00:39 [info]: Expiring lots found:
2025-07-19 00:00:41 [info]: Received GET request to /api/warehouses
2025-07-19 00:00:41 [info]: Received GET request to /api/products?warehouse=686ff509eeb1601cf4f78a91
2025-07-19 00:00:41 [info]: Received GET request to /api/lots?warehouse=686ff509eeb1601cf4f78a91
2025-07-19 00:00:41 [info]: Received GET request to /api/lot-management/expiring?warehouse=686ff509eeb1601cf4f78a91
2025-07-19 00:00:41 [info]: Fetching expiring lots
2025-07-19 00:00:41 [info]: Received GET request to /api/manage-damage/history?warehouse=686ff509eeb1601cf4f78a91&limit=5&sort=desc
2025-07-19 00:00:41 [info]: Expiring lots found:
2025-07-19 00:00:43 [info]: Received GET request to /api/products?warehouse=686ff4f2eeb1601cf4f78a8d
2025-07-19 00:00:43 [info]: Received GET request to /api/lots?warehouse=686ff4f2eeb1601cf4f78a8d
2025-07-19 00:00:43 [info]: Received GET request to /api/warehouses
2025-07-19 00:00:43 [info]: Received GET request to /api/lot-management/expiring?warehouse=686ff4f2eeb1601cf4f78a8d
2025-07-19 00:00:43 [info]: Fetching expiring lots
2025-07-19 00:00:43 [info]: Received GET request to /api/manage-damage/history?warehouse=686ff4f2eeb1601cf4f78a8d&limit=5&sort=desc
2025-07-19 00:00:43 [info]: Expiring lots found:
2025-07-19 00:00:45 [info]: Received GET request to /api/products
2025-07-19 00:00:45 [info]: Received GET request to /api/lots
2025-07-19 00:00:45 [info]: Received GET request to /api/warehouses
2025-07-19 00:00:45 [info]: Received GET request to /api/lot-management/expiring
2025-07-19 00:00:45 [info]: Fetching expiring lots
2025-07-19 00:00:45 [info]: Received GET request to /api/manage-damage/history?limit=5&sort=desc
2025-07-19 00:00:45 [info]: Expiring lots found:
2025-07-19 00:00:49 [info]: Received GET request to /api/warehouses
2025-07-19 00:00:49 [info]: Received GET request to /api/products?warehouse=686ff4f2eeb1601cf4f78a8d
2025-07-19 00:00:49 [info]: Received GET request to /api/lots?warehouse=686ff4f2eeb1601cf4f78a8d
2025-07-19 00:00:49 [info]: Received GET request to /api/lot-management/expiring?warehouse=686ff4f2eeb1601cf4f78a8d
2025-07-19 00:00:49 [info]: Fetching expiring lots
2025-07-19 00:00:49 [info]: Received GET request to /api/manage-damage/history?warehouse=686ff4f2eeb1601cf4f78a8d&limit=5&sort=desc
2025-07-19 00:00:49 [info]: Expiring lots found:
2025-07-19 00:00:51 [info]: Received GET request to /api/notifications
2025-07-19 00:00:51 [info]: Received GET request to /api/warehouses
2025-07-19 00:00:51 [info]: Received GET request to /api/notifications
2025-07-19 00:00:51 [info]: Received GET request to /api/warehouses
2025-07-19 00:00:51 [info]: Received GET request to /api/warehouses
2025-07-19 00:00:51 [info]: Received GET request to /api/products
2025-07-19 00:00:51 [info]: Received GET request to /api/lots
2025-07-19 00:00:51 [info]: Received GET request to /api/lot-management/expiring
2025-07-19 00:00:51 [info]: Fetching expiring lots
2025-07-19 00:00:51 [info]: Received GET request to /api/manage-damage/history?limit=5&sort=desc
2025-07-19 00:00:51 [info]: Received GET request to /api/warehouses
2025-07-19 00:00:51 [info]: Received GET request to /api/products
2025-07-19 00:00:51 [info]: Received GET request to /api/lots
2025-07-19 00:00:51 [info]: Expiring lots found:
2025-07-19 00:00:51 [info]: Received GET request to /api/lot-management/expiring
2025-07-19 00:00:51 [info]: Fetching expiring lots
2025-07-19 00:00:51 [info]: Received GET request to /api/manage-damage/history?limit=5&sort=desc
2025-07-19 00:00:51 [info]: Expiring lots found:
2025-07-19 00:00:52 [info]: Received GET request to /api/settings
2025-07-19 00:00:52 [info]: Fetched settings
2025-07-19 00:00:52 [info]: Received GET request to /api/settings
2025-07-19 00:00:52 [info]: Fetched settings
2025-07-19 00:00:54 [info]: Received GET request to /api/notifications
2025-07-19 00:00:54 [info]: Received GET request to /api/warehouses
2025-07-19 00:00:54 [info]: Received GET request to /api/notifications
2025-07-19 00:00:54 [info]: Received GET request to /api/warehouses
2025-07-19 00:00:54 [info]: Received GET request to /api/products
2025-07-19 00:00:54 [info]: Received GET request to /api/lots
2025-07-19 00:00:54 [info]: Received GET request to /api/warehouses
2025-07-19 00:00:54 [info]: Received GET request to /api/lot-management/expiring
2025-07-19 00:00:54 [info]: Fetching expiring lots
2025-07-19 00:00:54 [info]: Received GET request to /api/manage-damage/history?limit=5&sort=desc
2025-07-19 00:00:54 [info]: Received GET request to /api/warehouses
2025-07-19 00:00:54 [info]: Received GET request to /api/products
2025-07-19 00:00:54 [info]: Received GET request to /api/lots
2025-07-19 00:00:54 [info]: Expiring lots found:
2025-07-19 00:00:54 [info]: Received GET request to /api/lot-management/expiring
2025-07-19 00:00:54 [info]: Fetching expiring lots
2025-07-19 00:00:54 [info]: Received GET request to /api/manage-damage/history?limit=5&sort=desc
2025-07-19 00:00:54 [info]: Received GET request to /api/settings
2025-07-19 00:00:54 [info]: Fetched settings
2025-07-19 00:00:54 [info]: Expiring lots found:
2025-07-19 00:00:54 [info]: Received GET request to /api/settings
2025-07-19 00:00:54 [info]: Fetched settings
2025-07-19 00:00:57 [info]: Received GET request to /api/products?warehouse=686ff4f2eeb1601cf4f78a8d
2025-07-19 00:00:57 [info]: Received GET request to /api/lots?warehouse=686ff4f2eeb1601cf4f78a8d
2025-07-19 00:00:57 [info]: Received GET request to /api/warehouses
2025-07-19 00:00:57 [info]: Received GET request to /api/lot-management/expiring?warehouse=686ff4f2eeb1601cf4f78a8d
2025-07-19 00:00:57 [info]: Fetching expiring lots
2025-07-19 00:00:57 [info]: Received GET request to /api/manage-damage/history?warehouse=686ff4f2eeb1601cf4f78a8d&limit=5&sort=desc
2025-07-19 00:00:57 [info]: Expiring lots found:
2025-07-19 00:01:01 [info]: Received GET request to /api/warehouses
2025-07-19 00:01:01 [info]: Received GET request to /api/stock-reports?type=all-stock&warehouse=all&search=
2025-07-19 00:01:01 [info]: Fetching stock reports
2025-07-19 00:01:01 [info]: Received GET request to /api/warehouses
2025-07-19 00:01:01 [info]: Stock report data:
2025-07-19 00:01:01 [info]: Received GET request to /api/stock-reports?type=all-stock&warehouse=all&search=
2025-07-19 00:01:01 [info]: Fetching stock reports
2025-07-19 00:01:01 [info]: Stock report data:
2025-07-19 00:01:03 [info]: Received GET request to /api/stock-reports?type=low-stock&warehouse=all&search=
2025-07-19 00:01:03 [info]: Fetching stock reports
2025-07-19 00:01:03 [info]: Stock report data:
2025-07-19 00:01:05 [info]: Received GET request to /api/stock-reports?type=low-stock&warehouse=686ff4f2eeb1601cf4f78a8d&search=
2025-07-19 00:01:05 [info]: Fetching stock reports
2025-07-19 00:01:05 [info]: Stock report data:
2025-07-19 00:01:16 [info]: Received GET request to /api/notifications
2025-07-19 00:01:16 [info]: Received GET request to /api/notifications
2025-07-19 00:01:16 [info]: Received GET request to /api/stock-reports?type=all-stock&warehouse=all&search=
2025-07-19 00:01:16 [info]: Fetching stock reports
2025-07-19 00:01:16 [info]: Received GET request to /api/warehouses
2025-07-19 00:01:16 [info]: Received GET request to /api/warehouses
2025-07-19 00:01:16 [info]: Stock report data:
2025-07-19 00:01:16 [info]: Received GET request to /api/stock-reports?type=all-stock&warehouse=all&search=
2025-07-19 00:01:16 [info]: Fetching stock reports
2025-07-19 00:01:16 [info]: Stock report data:
2025-07-19 00:01:19 [info]: Received GET request to /api/stock-reports?type=all-stock&warehouse=686ff509eeb1601cf4f78a91&search=
2025-07-19 00:01:19 [info]: Fetching stock reports
2025-07-19 00:01:19 [info]: Stock report data:
2025-07-19 00:01:20 [info]: Received GET request to /api/stock-reports?type=low-stock&warehouse=686ff509eeb1601cf4f78a91&search=
2025-07-19 00:01:20 [info]: Fetching stock reports
2025-07-19 00:01:20 [info]: Stock report data:
2025-07-19 00:01:26 [info]: Received GET request to /api/notifications
2025-07-19 00:01:26 [info]: Received GET request to /api/notifications
2025-07-19 00:01:26 [info]: Received GET request to /api/stock-reports?type=all-stock&warehouse=all&search=
2025-07-19 00:01:26 [info]: Fetching stock reports
2025-07-19 00:01:26 [info]: Received GET request to /api/warehouses
2025-07-19 00:01:26 [info]: Received GET request to /api/warehouses
2025-07-19 00:01:26 [info]: Stock report data:
2025-07-19 00:01:26 [info]: Received GET request to /api/stock-reports?type=all-stock&warehouse=all&search=
2025-07-19 00:01:26 [info]: Fetching stock reports
2025-07-19 00:01:26 [info]: Stock report data:
2025-07-19 00:01:27 [info]: Received GET request to /api/stock-reports?type=low-stock&warehouse=all&search=
2025-07-19 00:01:27 [info]: Fetching stock reports
2025-07-19 00:01:27 [info]: Stock report data:
2025-07-19 00:01:29 [info]: Received GET request to /api/stock-reports?type=expiring-soon&warehouse=all&search=
2025-07-19 00:01:29 [info]: Fetching stock reports
2025-07-19 00:01:29 [info]: Stock report data:
2025-07-19 00:01:29 [info]: Received GET request to /api/stock-reports?type=low-stock&warehouse=all&search=
2025-07-19 00:01:29 [info]: Fetching stock reports
2025-07-19 00:01:29 [info]: Stock report data:
2025-07-19 00:01:29 [info]: Received GET request to /api/stock-reports?type=expiring-soon&warehouse=all&search=
2025-07-19 00:01:29 [info]: Fetching stock reports
2025-07-19 00:01:29 [info]: Stock report data:
2025-07-19 00:01:32 [info]: Received GET request to /api/notifications
2025-07-19 00:01:32 [info]: Received GET request to /api/notifications
2025-07-19 00:01:32 [info]: Received GET request to /api/warehouses
2025-07-19 00:01:32 [info]: Received GET request to /api/stock-reports?type=all-stock&warehouse=all&search=
2025-07-19 00:01:32 [info]: Fetching stock reports
2025-07-19 00:01:32 [info]: Received GET request to /api/warehouses
2025-07-19 00:01:32 [info]: Stock report data:
2025-07-19 00:01:32 [info]: Received GET request to /api/stock-reports?type=all-stock&warehouse=all&search=
2025-07-19 00:01:33 [info]: Fetching stock reports
2025-07-19 00:01:33 [info]: Stock report data:
2025-07-19 00:01:46 [info]: Received GET request to /api/stock-reports?type=expiring-soon&warehouse=all&search=
2025-07-19 00:01:46 [info]: Fetching stock reports
2025-07-19 00:01:46 [info]: Stock report data:
2025-07-19 00:01:49 [info]: Received GET request to /api/stock-reports?type=expiring-soon&warehouse=686ff4f2eeb1601cf4f78a8d&search=
2025-07-19 00:01:49 [info]: Fetching stock reports
2025-07-19 00:01:49 [info]: Stock report data:
2025-07-19 00:01:51 [info]: Received GET request to /api/stock-reports?type=expiring-soon&warehouse=686ff509eeb1601cf4f78a91&search=
2025-07-19 00:01:51 [info]: Fetching stock reports
2025-07-19 00:01:51 [info]: Stock report data:
2025-07-19 00:01:57 [info]: Received GET request to /api/warehouses
2025-07-19 00:01:57 [info]: Received GET request to /api/warehouses
2025-07-19 00:01:57 [info]: Received GET request to /api/warehouses
2025-07-19 00:01:57 [info]: Received GET request to /api/products
2025-07-19 00:01:57 [info]: Received GET request to /api/lots
2025-07-19 00:01:57 [info]: Received GET request to /api/lot-management/expiring
2025-07-19 00:01:57 [info]: Fetching expiring lots
2025-07-19 00:01:57 [info]: Received GET request to /api/manage-damage/history?limit=5&sort=desc
2025-07-19 00:01:57 [info]: Received GET request to /api/warehouses
2025-07-19 00:01:57 [info]: Received GET request to /api/products
2025-07-19 00:01:57 [info]: Received GET request to /api/lots
2025-07-19 00:01:57 [info]: Expiring lots found:
2025-07-19 00:01:57 [info]: Received GET request to /api/lot-management/expiring
2025-07-19 00:01:57 [info]: Fetching expiring lots
2025-07-19 00:01:57 [info]: Received GET request to /api/manage-damage/history?limit=5&sort=desc
2025-07-19 00:01:57 [info]: Received GET request to /api/settings
2025-07-19 00:01:57 [info]: Fetched settings
2025-07-19 00:01:57 [info]: Expiring lots found:
2025-07-19 00:01:57 [info]: Received GET request to /api/settings
2025-07-19 00:01:57 [info]: Fetched settings
2025-07-19 00:02:01 [info]: Received GET request to /api/warehouses
2025-07-19 00:02:01 [info]: Received GET request to /api/products?warehouse=686ff4f2eeb1601cf4f78a8d
2025-07-19 00:02:01 [info]: Received GET request to /api/lots?warehouse=686ff4f2eeb1601cf4f78a8d
2025-07-19 00:02:01 [info]: Received GET request to /api/lot-management/expiring?warehouse=686ff4f2eeb1601cf4f78a8d
2025-07-19 00:02:01 [info]: Fetching expiring lots
2025-07-19 00:02:01 [info]: Received GET request to /api/manage-damage/history?warehouse=686ff4f2eeb1601cf4f78a8d&limit=5&sort=desc
2025-07-19 00:02:01 [info]: Expiring lots found:
2025-07-19 00:02:02 [info]: Received GET request to /api/notifications
2025-07-19 00:02:04 [info]: Received GET request to /api/products?warehouse=686ff509eeb1601cf4f78a91
2025-07-19 00:02:04 [info]: Received GET request to /api/lots?warehouse=686ff509eeb1601cf4f78a91
2025-07-19 00:02:04 [info]: Received GET request to /api/warehouses
2025-07-19 00:02:04 [info]: Received GET request to /api/lot-management/expiring?warehouse=686ff509eeb1601cf4f78a91
2025-07-19 00:02:04 [info]: Fetching expiring lots
2025-07-19 00:02:04 [info]: Received GET request to /api/manage-damage/history?warehouse=686ff509eeb1601cf4f78a91&limit=5&sort=desc
2025-07-19 00:02:04 [info]: Expiring lots found:
2025-07-19 00:02:09 [info]: Received GET request to /api/warehouses
2025-07-19 00:02:09 [info]: Received GET request to /api/products?warehouse=686ff4f2eeb1601cf4f78a8d
2025-07-19 00:02:09 [info]: Received GET request to /api/lots?warehouse=686ff4f2eeb1601cf4f78a8d
2025-07-19 00:02:09 [info]: Received GET request to /api/lot-management/expiring?warehouse=686ff4f2eeb1601cf4f78a8d
2025-07-19 00:02:09 [info]: Fetching expiring lots
2025-07-19 00:02:09 [info]: Received GET request to /api/manage-damage/history?warehouse=686ff4f2eeb1601cf4f78a8d&limit=5&sort=desc
2025-07-19 00:02:09 [info]: Expiring lots found:
2025-07-19 00:02:10 [info]: Received GET request to /api/products?warehouse=686ff509eeb1601cf4f78a91
2025-07-19 00:02:10 [info]: Received GET request to /api/warehouses
2025-07-19 00:02:10 [info]: Received GET request to /api/lots?warehouse=686ff509eeb1601cf4f78a91
2025-07-19 00:02:10 [info]: Received GET request to /api/lot-management/expiring?warehouse=686ff509eeb1601cf4f78a91
2025-07-19 00:02:10 [info]: Fetching expiring lots
2025-07-19 00:02:10 [info]: Received GET request to /api/manage-damage/history?warehouse=686ff509eeb1601cf4f78a91&limit=5&sort=desc
2025-07-19 00:02:10 [info]: Expiring lots found:
2025-07-19 00:02:11 [info]: Received GET request to /api/products?warehouse=686ff4f2eeb1601cf4f78a8d
2025-07-19 00:02:11 [info]: Received GET request to /api/lots?warehouse=686ff4f2eeb1601cf4f78a8d
2025-07-19 00:02:11 [info]: Received GET request to /api/warehouses
2025-07-19 00:02:11 [info]: Received GET request to /api/lot-management/expiring?warehouse=686ff4f2eeb1601cf4f78a8d
2025-07-19 00:02:11 [info]: Fetching expiring lots
2025-07-19 00:02:11 [info]: Received GET request to /api/manage-damage/history?warehouse=686ff4f2eeb1601cf4f78a8d&limit=5&sort=desc
2025-07-19 00:02:12 [info]: Expiring lots found:
2025-07-19 00:02:12 [info]: Received GET request to /api/warehouses
2025-07-19 00:02:12 [info]: Received GET request to /api/lots
2025-07-19 00:02:12 [info]: Received GET request to /api/lot-management/expiring
2025-07-19 00:02:12 [info]: Fetching expiring lots
2025-07-19 00:02:12 [info]: Received GET request to /api/products
2025-07-19 00:02:12 [info]: Received GET request to /api/manage-damage/history?limit=5&sort=desc
2025-07-19 00:02:12 [info]: Expiring lots found:
2025-07-19 00:02:14 [info]: Received GET request to /api/products?warehouse=686ff509eeb1601cf4f78a91
2025-07-19 00:02:14 [info]: Received GET request to /api/lots?warehouse=686ff509eeb1601cf4f78a91
2025-07-19 00:02:14 [info]: Received GET request to /api/warehouses
2025-07-19 00:02:14 [info]: Received GET request to /api/lot-management/expiring?warehouse=686ff509eeb1601cf4f78a91
2025-07-19 00:02:14 [info]: Fetching expiring lots
2025-07-19 00:02:14 [info]: Received GET request to /api/manage-damage/history?warehouse=686ff509eeb1601cf4f78a91&limit=5&sort=desc
2025-07-19 00:02:14 [info]: Expiring lots found:
2025-07-19 00:02:20 [info]: Received GET request to /api/products?warehouse=686ff4f2eeb1601cf4f78a8d
2025-07-19 00:02:20 [info]: Received GET request to /api/lots?warehouse=686ff4f2eeb1601cf4f78a8d
2025-07-19 00:02:20 [info]: Received GET request to /api/warehouses
2025-07-19 00:02:20 [info]: Received GET request to /api/lot-management/expiring?warehouse=686ff4f2eeb1601cf4f78a8d
2025-07-19 00:02:20 [info]: Fetching expiring lots
2025-07-19 00:02:20 [info]: Received GET request to /api/manage-damage/history?warehouse=686ff4f2eeb1601cf4f78a8d&limit=5&sort=desc
2025-07-19 00:02:20 [info]: Expiring lots found:
2025-07-19 00:02:25 [info]: Received GET request to /api/warehouses
2025-07-19 00:02:25 [info]: Received GET request to /api/stock-reports?type=all-stock&warehouse=all&search=
2025-07-19 00:02:25 [info]: Fetching stock reports
2025-07-19 00:02:25 [info]: Received GET request to /api/warehouses
2025-07-19 00:02:25 [info]: Stock report data:
2025-07-19 00:02:25 [info]: Received GET request to /api/stock-reports?type=all-stock&warehouse=all&search=
2025-07-19 00:02:25 [info]: Fetching stock reports
2025-07-19 00:02:25 [info]: Stock report data:
2025-07-19 00:02:26 [info]: Received GET request to /api/stock-reports?type=low-stock&warehouse=all&search=
2025-07-19 00:02:26 [info]: Fetching stock reports
2025-07-19 00:02:26 [info]: Stock report data:
2025-07-19 00:02:26 [info]: Received GET request to /api/stock-reports?type=all-stock&warehouse=all&search=
2025-07-19 00:02:26 [info]: Fetching stock reports
2025-07-19 00:02:26 [info]: Stock report data:
2025-07-19 00:02:27 [info]: Received GET request to /api/stock-reports?type=low-stock&warehouse=all&search=
2025-07-19 00:02:27 [info]: Fetching stock reports
2025-07-19 00:02:27 [info]: Stock report data:
2025-07-19 00:02:31 [info]: Received GET request to /api/stock-reports?type=expiring-soon&warehouse=all&search=
2025-07-19 00:02:31 [info]: Fetching stock reports
2025-07-19 00:02:31 [info]: Stock report data:
2025-07-19 00:02:31 [info]: Received GET request to /api/stock-reports?type=damaged&warehouse=all&search=
2025-07-19 00:02:31 [info]: Fetching stock reports
2025-07-19 00:02:31 [info]: Stock report data:
2025-07-19 00:02:31 [info]: Received GET request to /api/stock-reports?type=expiring-soon&warehouse=all&search=
2025-07-19 00:02:31 [info]: Fetching stock reports
2025-07-19 00:02:31 [info]: Stock report data:
2025-07-19 00:02:32 [info]: Received GET request to /api/notifications
2025-07-19 00:02:36 [info]: Received GET request to /api/stock-reports?type=expiring-soon&warehouse=686ff509eeb1601cf4f78a91&search=
2025-07-19 00:02:36 [info]: Fetching stock reports
2025-07-19 00:02:36 [info]: Stock report data:
2025-07-19 00:02:38 [info]: Received GET request to /api/stock-reports?type=expiring-soon&warehouse=686ff4f2eeb1601cf4f78a8d&search=
2025-07-19 00:02:38 [info]: Fetching stock reports
2025-07-19 00:02:38 [info]: Stock report data:
2025-07-19 00:02:41 [info]: Received GET request to /api/stock-reports?type=expiring-soon&warehouse=686ff509eeb1601cf4f78a91&search=
2025-07-19 00:02:41 [info]: Fetching stock reports
2025-07-19 00:02:41 [info]: Stock report data:
2025-07-19 00:02:48 [info]: Received GET request to /api/stock-reports?type=low-stock&warehouse=686ff509eeb1601cf4f78a91&search=
2025-07-19 00:02:48 [info]: Fetching stock reports
2025-07-19 00:02:48 [info]: Stock report data:
2025-07-19 00:02:48 [info]: Received GET request to /api/stock-reports?type=expiring-soon&warehouse=686ff509eeb1601cf4f78a91&search=
2025-07-19 00:02:48 [info]: Fetching stock reports
2025-07-19 00:02:48 [info]: Stock report data:
2025-07-19 00:02:49 [info]: Received GET request to /api/stock-reports?type=damaged&warehouse=686ff509eeb1601cf4f78a91&search=
2025-07-19 00:02:49 [info]: Fetching stock reports
2025-07-19 00:02:49 [info]: Stock report data:
2025-07-19 00:02:50 [info]: Received GET request to /api/stock-reports?type=summary&warehouse=686ff509eeb1601cf4f78a91&search=
2025-07-19 00:02:50 [info]: Fetching stock reports
2025-07-19 00:02:50 [info]: Stock report data:
2025-07-19 00:02:51 [info]: Received GET request to /api/stock-reports?type=damaged&warehouse=686ff509eeb1601cf4f78a91&search=
2025-07-19 00:02:51 [info]: Fetching stock reports
2025-07-19 00:02:51 [info]: Stock report data:
2025-07-19 00:02:51 [info]: Received GET request to /api/stock-reports?type=expiring-soon&warehouse=686ff509eeb1601cf4f78a91&search=
2025-07-19 00:02:51 [info]: Fetching stock reports
2025-07-19 00:02:51 [info]: Stock report data:
2025-07-19 00:02:52 [info]: Received GET request to /api/stock-reports?type=low-stock&warehouse=686ff509eeb1601cf4f78a91&search=
2025-07-19 00:02:52 [info]: Fetching stock reports
2025-07-19 00:02:52 [info]: Stock report data:
2025-07-19 00:02:53 [info]: Received GET request to /api/stock-reports?type=all-stock&warehouse=686ff509eeb1601cf4f78a91&search=
2025-07-19 00:02:53 [info]: Fetching stock reports
2025-07-19 00:02:53 [info]: Stock report data:
2025-07-19 00:02:54 [info]: Received GET request to /api/stock-reports?type=low-stock&warehouse=686ff509eeb1601cf4f78a91&search=
2025-07-19 00:02:54 [info]: Fetching stock reports
2025-07-19 00:02:54 [info]: Stock report data:
2025-07-19 00:02:54 [info]: Received GET request to /api/stock-reports?type=expiring-soon&warehouse=686ff509eeb1601cf4f78a91&search=
2025-07-19 00:02:54 [info]: Fetching stock reports
2025-07-19 00:02:54 [info]: Stock report data:
2025-07-19 00:02:55 [info]: Received GET request to /api/stock-reports?type=low-stock&warehouse=686ff509eeb1601cf4f78a91&search=
2025-07-19 00:02:55 [info]: Fetching stock reports
2025-07-19 00:02:55 [info]: Stock report data:
2025-07-19 00:02:56 [info]: Received GET request to /api/stock-reports?type=expiring-soon&warehouse=686ff509eeb1601cf4f78a91&search=
2025-07-19 00:02:56 [info]: Fetching stock reports
2025-07-19 00:02:56 [info]: Stock report data:
2025-07-19 00:02:56 [info]: Received GET request to /api/stock-reports?type=damaged&warehouse=686ff509eeb1601cf4f78a91&search=
2025-07-19 00:02:56 [info]: Fetching stock reports
2025-07-19 00:02:56 [info]: Stock report data:
2025-07-19 00:02:56 [info]: Received GET request to /api/stock-reports?type=expiring-soon&warehouse=686ff509eeb1601cf4f78a91&search=
2025-07-19 00:02:56 [info]: Fetching stock reports
2025-07-19 00:02:57 [info]: Stock report data:
2025-07-19 00:02:57 [info]: Received GET request to /api/stock-reports?type=low-stock&warehouse=686ff509eeb1601cf4f78a91&search=
2025-07-19 00:02:57 [info]: Fetching stock reports
2025-07-19 00:02:57 [info]: Stock report data:
2025-07-19 00:02:57 [info]: Received GET request to /api/stock-reports?type=expiring-soon&warehouse=686ff509eeb1601cf4f78a91&search=
2025-07-19 00:02:57 [info]: Fetching stock reports
2025-07-19 00:02:57 [info]: Stock report data:
2025-07-19 00:02:58 [info]: Received GET request to /api/stock-reports?type=damaged&warehouse=686ff509eeb1601cf4f78a91&search=
2025-07-19 00:02:58 [info]: Fetching stock reports
2025-07-19 00:02:58 [info]: Stock report data:
2025-07-19 00:02:59 [info]: Received GET request to /api/stock-reports?type=summary&warehouse=686ff509eeb1601cf4f78a91&search=
2025-07-19 00:02:59 [info]: Fetching stock reports
2025-07-19 00:02:59 [info]: Stock report data:
2025-07-19 00:02:59 [info]: Received GET request to /api/stock-reports?type=damaged&warehouse=686ff509eeb1601cf4f78a91&search=
2025-07-19 00:02:59 [info]: Fetching stock reports
2025-07-19 00:02:59 [info]: Stock report data:
2025-07-19 00:02:59 [info]: Received GET request to /api/stock-reports?type=expiring-soon&warehouse=686ff509eeb1601cf4f78a91&search=
2025-07-19 00:02:59 [info]: Fetching stock reports
2025-07-19 00:02:59 [info]: Stock report data:
2025-07-19 00:03:01 [info]: Received GET request to /api/stock-reports?type=low-stock&warehouse=686ff509eeb1601cf4f78a91&search=
2025-07-19 00:03:01 [info]: Fetching stock reports
2025-07-19 00:03:01 [info]: Stock report data:
2025-07-19 00:03:02 [info]: Received GET request to /api/notifications
2025-07-19 00:03:07 [info]: Received GET request to /api/warehouses
2025-07-19 00:03:07 [info]: Received GET request to /api/warehouses
2025-07-19 00:03:07 [info]: Received GET request to /api/warehouses
2025-07-19 00:03:07 [info]: Received GET request to /api/products
2025-07-19 00:03:07 [info]: Received GET request to /api/lot-management/expiring
2025-07-19 00:03:07 [info]: Fetching expiring lots
2025-07-19 00:03:07 [info]: Received GET request to /api/manage-damage/history?limit=5&sort=desc
2025-07-19 00:03:07 [info]: Received GET request to /api/lots
2025-07-19 00:03:07 [info]: Received GET request to /api/warehouses
2025-07-19 00:03:07 [info]: Received GET request to /api/products
2025-07-19 00:03:07 [info]: Expiring lots found:
2025-07-19 00:03:07 [info]: Received GET request to /api/lots
2025-07-19 00:03:07 [info]: Received GET request to /api/lot-management/expiring
2025-07-19 00:03:07 [info]: Fetching expiring lots
2025-07-19 00:03:07 [info]: Received GET request to /api/manage-damage/history?limit=5&sort=desc
2025-07-19 00:03:07 [info]: Received GET request to /api/settings
2025-07-19 00:03:07 [info]: Fetched settings
2025-07-19 00:03:07 [info]: Expiring lots found:
2025-07-19 00:03:07 [info]: Received GET request to /api/settings
2025-07-19 00:03:07 [info]: Fetched settings
2025-07-19 00:03:10 [info]: Received GET request to /api/warehouses
2025-07-19 00:03:10 [info]: Received GET request to /api/notifications
2025-07-19 00:03:10 [info]: Received GET request to /api/warehouses
2025-07-19 00:03:10 [info]: Received GET request to /api/notifications
2025-07-19 00:03:10 [info]: Received GET request to /api/lots
2025-07-19 00:03:10 [info]: Received GET request to /api/products
2025-07-19 00:03:10 [info]: Received GET request to /api/warehouses
2025-07-19 00:03:10 [info]: Received GET request to /api/lot-management/expiring
2025-07-19 00:03:10 [info]: Fetching expiring lots
2025-07-19 00:03:10 [info]: Received GET request to /api/manage-damage/history?limit=5&sort=desc
2025-07-19 00:03:10 [info]: Received GET request to /api/warehouses
2025-07-19 00:03:10 [info]: Received GET request to /api/lots
2025-07-19 00:03:10 [info]: Received GET request to /api/products
2025-07-19 00:03:10 [info]: Expiring lots found:
2025-07-19 00:03:10 [info]: Received GET request to /api/lot-management/expiring
2025-07-19 00:03:10 [info]: Fetching expiring lots
2025-07-19 00:03:10 [info]: Received GET request to /api/manage-damage/history?limit=5&sort=desc
2025-07-19 00:03:10 [info]: Expiring lots found:
2025-07-19 00:03:10 [info]: Received GET request to /api/settings
2025-07-19 00:03:10 [info]: Fetched settings
2025-07-19 00:03:10 [info]: Received GET request to /api/settings
2025-07-19 00:03:10 [info]: Fetched settings
2025-07-19 00:03:17 [info]: Received GET request to /api/products?warehouse=686ff4f2eeb1601cf4f78a8d
2025-07-19 00:03:17 [info]: Received GET request to /api/lots?warehouse=686ff4f2eeb1601cf4f78a8d
2025-07-19 00:03:17 [info]: Received GET request to /api/warehouses
2025-07-19 00:03:17 [info]: Received GET request to /api/lot-management/expiring?warehouse=686ff4f2eeb1601cf4f78a8d
2025-07-19 00:03:17 [info]: Fetching expiring lots
2025-07-19 00:03:17 [info]: Received GET request to /api/manage-damage/history?warehouse=686ff4f2eeb1601cf4f78a8d&limit=5&sort=desc
2025-07-19 00:03:17 [info]: Expiring lots found:
2025-07-19 00:03:24 [info]: Received GET request to /api/warehouses
2025-07-19 00:03:24 [info]: Received GET request to /api/lot-management/expiring?warehouse=
2025-07-19 00:03:24 [info]: Fetching expiring lots
2025-07-19 00:03:24 [info]: Received GET request to /api/settings
2025-07-19 00:03:24 [info]: Received GET request to /api/lot-management?searchQuery=&warehouse=all&page=1&limit=25
2025-07-19 00:03:24 [info]: Fetching lot management data
2025-07-19 00:03:24 [info]: Fetched settings
2025-07-19 00:03:24 [info]: Received GET request to /api/warehouses
2025-07-19 00:03:24 [info]: Received GET request to /api/settings
2025-07-19 00:03:24 [info]: Expiring lots found:
2025-07-19 00:03:24 [info]: Fetched settings
2025-07-19 00:03:24 [info]: Received GET request to /api/lot-management/expiring?warehouse=
2025-07-19 00:03:24 [info]: Fetching expiring lots
2025-07-19 00:03:24 [info]: Received GET request to /api/lot-management?searchQuery=&warehouse=all&page=1&limit=25
2025-07-19 00:03:24 [info]: Fetching lot management data
2025-07-19 00:03:24 [info]: Expiring lots found:
2025-07-19 00:03:32 [info]: Received GET request to /api/lot-management?searchQuery=&warehouse=686ff4f2eeb1601cf4f78a8d&page=1&limit=25
2025-07-19 00:03:32 [info]: Fetching lot management data
2025-07-19 00:03:40 [info]: Received GET request to /api/notifications
2025-07-19 00:03:49 [info]: Received GET request to /api/lot-management?searchQuery=&warehouse=686ff509eeb1601cf4f78a91&page=1&limit=25
2025-07-19 00:03:49 [info]: Fetching lot management data
2025-07-19 00:03:52 [info]: Received GET request to /api/warehouses
2025-07-19 00:03:52 [info]: Received GET request to /api/warehouses
2025-07-19 00:03:52 [info]: Received GET request to /api/warehouses
2025-07-19 00:03:52 [info]: Received GET request to /api/products
2025-07-19 00:03:52 [info]: Received GET request to /api/lots
2025-07-19 00:03:52 [info]: Received GET request to /api/lot-management/expiring
2025-07-19 00:03:52 [info]: Fetching expiring lots
2025-07-19 00:03:52 [info]: Received GET request to /api/manage-damage/history?limit=5&sort=desc
2025-07-19 00:03:52 [info]: Received GET request to /api/warehouses
2025-07-19 00:03:52 [info]: Received GET request to /api/products
2025-07-19 00:03:52 [info]: Received GET request to /api/lots
2025-07-19 00:03:52 [info]: Expiring lots found:
2025-07-19 00:03:52 [info]: Received GET request to /api/lot-management/expiring
2025-07-19 00:03:52 [info]: Fetching expiring lots
2025-07-19 00:03:52 [info]: Received GET request to /api/manage-damage/history?limit=5&sort=desc
2025-07-19 00:03:52 [info]: Received GET request to /api/settings
2025-07-19 00:03:52 [info]: Fetched settings
2025-07-19 00:03:52 [info]: Expiring lots found:
2025-07-19 00:03:52 [info]: Received GET request to /api/settings
2025-07-19 00:03:52 [info]: Fetched settings
2025-07-19 00:03:54 [info]: Received GET request to /api/warehouses
2025-07-19 00:03:54 [info]: Received GET request to /api/products?warehouse=686ff4f2eeb1601cf4f78a8d
2025-07-19 00:03:54 [info]: Received GET request to /api/lots?warehouse=686ff4f2eeb1601cf4f78a8d
2025-07-19 00:03:54 [info]: Received GET request to /api/lot-management/expiring?warehouse=686ff4f2eeb1601cf4f78a8d
2025-07-19 00:03:54 [info]: Fetching expiring lots
2025-07-19 00:03:54 [info]: Received GET request to /api/manage-damage/history?warehouse=686ff4f2eeb1601cf4f78a8d&limit=5&sort=desc
2025-07-19 00:03:55 [info]: Expiring lots found:
2025-07-19 00:03:56 [info]: Received GET request to /api/warehouses
2025-07-19 00:03:56 [info]: Received GET request to /api/lots?warehouse=686ff509eeb1601cf4f78a91
2025-07-19 00:03:56 [info]: Received GET request to /api/products?warehouse=686ff509eeb1601cf4f78a91
2025-07-19 00:03:56 [info]: Received GET request to /api/lot-management/expiring?warehouse=686ff509eeb1601cf4f78a91
2025-07-19 00:03:56 [info]: Fetching expiring lots
2025-07-19 00:03:56 [info]: Received GET request to /api/manage-damage/history?warehouse=686ff509eeb1601cf4f78a91&limit=5&sort=desc
2025-07-19 00:03:56 [info]: Expiring lots found:
2025-07-19 00:03:57 [info]: Received GET request to /api/products
2025-07-19 00:03:57 [info]: Received GET request to /api/warehouses
2025-07-19 00:03:57 [info]: Received GET request to /api/lots
2025-07-19 00:03:57 [info]: Received GET request to /api/manage-damage/history?limit=5&sort=desc
2025-07-19 00:03:57 [info]: Received GET request to /api/lot-management/expiring
2025-07-19 00:03:57 [info]: Fetching expiring lots
2025-07-19 00:03:57 [info]: Expiring lots found:
2025-07-19 00:04:03 [info]: Received GET request to /api/products?warehouse=686ff4f2eeb1601cf4f78a8d
2025-07-19 00:04:03 [info]: Received GET request to /api/lots?warehouse=686ff4f2eeb1601cf4f78a8d
2025-07-19 00:04:03 [info]: Received GET request to /api/warehouses
2025-07-19 00:04:03 [info]: Received GET request to /api/lot-management/expiring?warehouse=686ff4f2eeb1601cf4f78a8d
2025-07-19 00:04:03 [info]: Fetching expiring lots
2025-07-19 00:04:03 [info]: Received GET request to /api/manage-damage/history?warehouse=686ff4f2eeb1601cf4f78a8d&limit=5&sort=desc
2025-07-19 00:04:03 [info]: Expiring lots found:
2025-07-19 00:04:04 [info]: Received GET request to /api/warehouses
2025-07-19 00:04:04 [info]: Received GET request to /api/products?warehouse=686ff509eeb1601cf4f78a91
2025-07-19 00:04:04 [info]: Received GET request to /api/lots?warehouse=686ff509eeb1601cf4f78a91
2025-07-19 00:04:04 [info]: Received GET request to /api/lot-management/expiring?warehouse=686ff509eeb1601cf4f78a91
2025-07-19 00:04:04 [info]: Fetching expiring lots
2025-07-19 00:04:04 [info]: Received GET request to /api/manage-damage/history?warehouse=686ff509eeb1601cf4f78a91&limit=5&sort=desc
2025-07-19 00:04:04 [info]: Expiring lots found:
2025-07-19 00:04:05 [info]: Received GET request to /api/products?warehouse=686ff4f2eeb1601cf4f78a8d
2025-07-19 00:04:05 [info]: Received GET request to /api/lots?warehouse=686ff4f2eeb1601cf4f78a8d
2025-07-19 00:04:05 [info]: Received GET request to /api/warehouses
2025-07-19 00:04:06 [info]: Received GET request to /api/lot-management/expiring?warehouse=686ff4f2eeb1601cf4f78a8d
2025-07-19 00:04:06 [info]: Fetching expiring lots
2025-07-19 00:04:06 [info]: Received GET request to /api/manage-damage/history?warehouse=686ff4f2eeb1601cf4f78a8d&limit=5&sort=desc
2025-07-19 00:04:06 [info]: Expiring lots found:
2025-07-19 00:04:07 [info]: Received GET request to /api/products?warehouse=686ff509eeb1601cf4f78a91
2025-07-19 00:04:07 [info]: Received GET request to /api/lots?warehouse=686ff509eeb1601cf4f78a91
2025-07-19 00:04:07 [info]: Received GET request to /api/lot-management/expiring?warehouse=686ff509eeb1601cf4f78a91
2025-07-19 00:04:07 [info]: Fetching expiring lots
2025-07-19 00:04:07 [info]: Received GET request to /api/warehouses
2025-07-19 00:04:07 [info]: Received GET request to /api/manage-damage/history?warehouse=686ff509eeb1601cf4f78a91&limit=5&sort=desc
2025-07-19 00:04:07 [info]: Expiring lots found:
2025-07-19 00:04:10 [info]: Received GET request to /api/notifications
2025-07-19 00:04:13 [info]: Received GET request to /api/settings
2025-07-19 00:04:13 [info]: Fetched settings
2025-07-19 00:04:13 [info]: Received GET request to /api/settings
2025-07-19 00:04:13 [info]: Fetched settings
2025-07-19 00:04:21 [info]: Received PUT request to /api/settings
2025-07-19 00:04:21 [info]: Updated settings
2025-07-19 00:04:22 [info]: Received GET request to /api/warehouses
2025-07-19 00:04:22 [info]: Received GET request to /api/warehouses
2025-07-19 00:04:22 [info]: Received GET request to /api/warehouses
2025-07-19 00:04:22 [info]: Received GET request to /api/products
2025-07-19 00:04:22 [info]: Received GET request to /api/lots
2025-07-19 00:04:22 [info]: Received GET request to /api/lot-management/expiring
2025-07-19 00:04:22 [info]: Fetching expiring lots
2025-07-19 00:04:22 [info]: Received GET request to /api/manage-damage/history?limit=5&sort=desc
2025-07-19 00:04:22 [info]: Received GET request to /api/warehouses
2025-07-19 00:04:22 [info]: Received GET request to /api/products
2025-07-19 00:04:22 [info]: Received GET request to /api/lots
2025-07-19 00:04:22 [info]: Expiring lots found:
2025-07-19 00:04:22 [info]: Received GET request to /api/lot-management/expiring
2025-07-19 00:04:22 [info]: Fetching expiring lots
2025-07-19 00:04:22 [info]: Received GET request to /api/manage-damage/history?limit=5&sort=desc
2025-07-19 00:04:22 [info]: Received GET request to /api/settings
2025-07-19 00:04:22 [info]: Fetched settings
2025-07-19 00:04:23 [info]: Expiring lots found:
2025-07-19 00:04:23 [info]: Received GET request to /api/settings
2025-07-19 00:04:23 [info]: Fetched settings
2025-07-19 00:04:25 [info]: Received GET request to /api/warehouses
2025-07-19 00:04:25 [info]: Received GET request to /api/notifications
2025-07-19 00:04:25 [info]: Received GET request to /api/warehouses
2025-07-19 00:04:25 [info]: Received GET request to /api/notifications
2025-07-19 00:04:25 [info]: Received GET request to /api/products
2025-07-19 00:04:25 [info]: Received GET request to /api/lots
2025-07-19 00:04:25 [info]: Received GET request to /api/warehouses
2025-07-19 00:04:25 [info]: Received GET request to /api/lot-management/expiring
2025-07-19 00:04:25 [info]: Fetching expiring lots
2025-07-19 00:04:25 [info]: Received GET request to /api/manage-damage/history?limit=5&sort=desc
2025-07-19 00:04:25 [info]: Received GET request to /api/warehouses
2025-07-19 00:04:25 [info]: Received GET request to /api/products
2025-07-19 00:04:25 [info]: Received GET request to /api/lots
2025-07-19 00:04:25 [info]: Expiring lots found:
2025-07-19 00:04:25 [info]: Received GET request to /api/lot-management/expiring
2025-07-19 00:04:25 [info]: Fetching expiring lots
2025-07-19 00:04:25 [info]: Received GET request to /api/manage-damage/history?limit=5&sort=desc
2025-07-19 00:04:25 [info]: Expiring lots found:
2025-07-19 00:04:25 [info]: Received GET request to /api/settings
2025-07-19 00:04:25 [info]: Fetched settings
2025-07-19 00:04:25 [info]: Received GET request to /api/settings
2025-07-19 00:04:25 [info]: Fetched settings
2025-07-19 00:04:27 [info]: Received GET request to /api/warehouses
2025-07-19 00:04:27 [info]: Received GET request to /api/products?warehouse=686ff4f2eeb1601cf4f78a8d
2025-07-19 00:04:27 [info]: Received GET request to /api/lots?warehouse=686ff4f2eeb1601cf4f78a8d
2025-07-19 00:04:27 [info]: Received GET request to /api/lot-management/expiring?warehouse=686ff4f2eeb1601cf4f78a8d
2025-07-19 00:04:27 [info]: Fetching expiring lots
2025-07-19 00:04:27 [info]: Received GET request to /api/manage-damage/history?warehouse=686ff4f2eeb1601cf4f78a8d&limit=5&sort=desc
2025-07-19 00:04:27 [info]: Expiring lots found:
2025-07-19 00:04:28 [info]: Received GET request to /api/lots?warehouse=686ff509eeb1601cf4f78a91
2025-07-19 00:04:28 [info]: Received GET request to /api/products?warehouse=686ff509eeb1601cf4f78a91
2025-07-19 00:04:28 [info]: Received GET request to /api/warehouses
2025-07-19 00:04:28 [info]: Received GET request to /api/lot-management/expiring?warehouse=686ff509eeb1601cf4f78a91
2025-07-19 00:04:28 [info]: Fetching expiring lots
2025-07-19 00:04:28 [info]: Received GET request to /api/manage-damage/history?warehouse=686ff509eeb1601cf4f78a91&limit=5&sort=desc
2025-07-19 00:04:28 [info]: Expiring lots found:
2025-07-19 00:04:30 [info]: Received GET request to /api/lots?warehouse=686ff4f2eeb1601cf4f78a8d
2025-07-19 00:04:30 [info]: Received GET request to /api/products?warehouse=686ff4f2eeb1601cf4f78a8d
2025-07-19 00:04:30 [info]: Received GET request to /api/warehouses
2025-07-19 00:04:30 [info]: Received GET request to /api/lot-management/expiring?warehouse=686ff4f2eeb1601cf4f78a8d
2025-07-19 00:04:30 [info]: Fetching expiring lots
2025-07-19 00:04:30 [info]: Received GET request to /api/manage-damage/history?warehouse=686ff4f2eeb1601cf4f78a8d&limit=5&sort=desc
2025-07-19 00:04:30 [info]: Expiring lots found:
2025-07-19 00:04:33 [info]: Received GET request to /api/warehouses
2025-07-19 00:04:33 [info]: Received GET request to /api/products
2025-07-19 00:04:33 [info]: Received GET request to /api/lots
2025-07-19 00:04:33 [info]: Received GET request to /api/lot-management/expiring
2025-07-19 00:04:33 [info]: Fetching expiring lots
2025-07-19 00:04:33 [info]: Received GET request to /api/manage-damage/history?limit=5&sort=desc
2025-07-19 00:04:33 [info]: Expiring lots found:
2025-07-19 00:04:35 [info]: Received GET request to /api/products?warehouse=686ff509eeb1601cf4f78a91
2025-07-19 00:04:35 [info]: Received GET request to /api/lots?warehouse=686ff509eeb1601cf4f78a91
2025-07-19 00:04:35 [info]: Received GET request to /api/warehouses
2025-07-19 00:04:35 [info]: Received GET request to /api/manage-damage/history?warehouse=686ff509eeb1601cf4f78a91&limit=5&sort=desc
2025-07-19 00:04:35 [info]: Received GET request to /api/lot-management/expiring?warehouse=686ff509eeb1601cf4f78a91
2025-07-19 00:04:35 [info]: Fetching expiring lots
2025-07-19 00:04:35 [info]: Expiring lots found:
2025-07-19 00:04:38 [info]: Received GET request to /api/warehouses
2025-07-19 00:04:38 [info]: Received GET request to /api/lots?warehouse=686ff4f2eeb1601cf4f78a8d
2025-07-19 00:04:38 [info]: Received GET request to /api/products?warehouse=686ff4f2eeb1601cf4f78a8d
2025-07-19 00:04:38 [info]: Received GET request to /api/lot-management/expiring?warehouse=686ff4f2eeb1601cf4f78a8d
2025-07-19 00:04:38 [info]: Fetching expiring lots
2025-07-19 00:04:38 [info]: Received GET request to /api/manage-damage/history?warehouse=686ff4f2eeb1601cf4f78a8d&limit=5&sort=desc
2025-07-19 00:04:38 [info]: Expiring lots found:
2025-07-19 00:04:49 [info]: Received GET request to /api/products?warehouse=686ff509eeb1601cf4f78a91
2025-07-19 00:04:49 [info]: Received GET request to /api/lots?warehouse=686ff509eeb1601cf4f78a91
2025-07-19 00:04:49 [info]: Received GET request to /api/warehouses
2025-07-19 00:04:49 [info]: Received GET request to /api/lot-management/expiring?warehouse=686ff509eeb1601cf4f78a91
2025-07-19 00:04:49 [info]: Fetching expiring lots
2025-07-19 00:04:49 [info]: Received GET request to /api/manage-damage/history?warehouse=686ff509eeb1601cf4f78a91&limit=5&sort=desc
2025-07-19 00:04:49 [info]: Expiring lots found:
2025-07-19 00:04:51 [info]: Received GET request to /api/warehouses
2025-07-19 00:04:51 [info]: Received GET request to /api/products?warehouse=686ff4f2eeb1601cf4f78a8d
2025-07-19 00:04:51 [info]: Received GET request to /api/lots?warehouse=686ff4f2eeb1601cf4f78a8d
2025-07-19 00:04:51 [info]: Received GET request to /api/lot-management/expiring?warehouse=686ff4f2eeb1601cf4f78a8d
2025-07-19 00:04:51 [info]: Fetching expiring lots
2025-07-19 00:04:51 [info]: Received GET request to /api/manage-damage/history?warehouse=686ff4f2eeb1601cf4f78a8d&limit=5&sort=desc
2025-07-19 00:04:52 [info]: Expiring lots found:
2025-07-19 00:04:53 [info]: Received GET request to /api/warehouses
2025-07-19 00:04:53 [info]: Received GET request to /api/lots
2025-07-19 00:04:53 [info]: Received GET request to /api/products
2025-07-19 00:04:53 [info]: Received GET request to /api/lot-management/expiring
2025-07-19 00:04:53 [info]: Fetching expiring lots
2025-07-19 00:04:53 [info]: Received GET request to /api/manage-damage/history?limit=5&sort=desc
2025-07-19 00:04:53 [info]: Expiring lots found:
2025-07-19 00:04:55 [info]: Received GET request to /api/notifications
2025-07-19 00:04:57 [info]: Received GET request to /api/products?warehouse=686ff4f2eeb1601cf4f78a8d
2025-07-19 00:04:57 [info]: Received GET request to /api/warehouses
2025-07-19 00:04:57 [info]: Received GET request to /api/lots?warehouse=686ff4f2eeb1601cf4f78a8d
2025-07-19 00:04:57 [info]: Received GET request to /api/lot-management/expiring?warehouse=686ff4f2eeb1601cf4f78a8d
2025-07-19 00:04:57 [info]: Fetching expiring lots
2025-07-19 00:04:57 [info]: Received GET request to /api/manage-damage/history?warehouse=686ff4f2eeb1601cf4f78a8d&limit=5&sort=desc
2025-07-19 00:04:57 [info]: Expiring lots found:
2025-07-19 00:04:58 [info]: Received GET request to /api/warehouses
2025-07-19 00:04:58 [info]: Received GET request to /api/products?warehouse=686ff509eeb1601cf4f78a91
2025-07-19 00:04:58 [info]: Received GET request to /api/lot-management/expiring?warehouse=686ff509eeb1601cf4f78a91
2025-07-19 00:04:58 [info]: Fetching expiring lots
2025-07-19 00:04:58 [info]: Received GET request to /api/lots?warehouse=686ff509eeb1601cf4f78a91
2025-07-19 00:04:58 [info]: Received GET request to /api/manage-damage/history?warehouse=686ff509eeb1601cf4f78a91&limit=5&sort=desc
2025-07-19 00:04:58 [info]: Expiring lots found:
2025-07-19 00:05:00 [info]: Received GET request to /api/warehouses
2025-07-19 00:05:00 [info]: Received GET request to /api/stock-reports?type=all-stock&warehouse=all&search=
2025-07-19 00:05:00 [info]: Fetching stock reports
2025-07-19 00:05:00 [info]: Received GET request to /api/warehouses
2025-07-19 00:05:00 [info]: Stock report data:
2025-07-19 00:05:00 [info]: Received GET request to /api/stock-reports?type=all-stock&warehouse=all&search=
2025-07-19 00:05:00 [info]: Fetching stock reports
2025-07-19 00:05:00 [info]: Stock report data:
2025-07-19 00:05:01 [info]: Received GET request to /api/stock-reports?type=low-stock&warehouse=all&search=
2025-07-19 00:05:01 [info]: Fetching stock reports
2025-07-19 00:05:01 [info]: Stock report data:
2025-07-19 00:05:04 [info]: Received GET request to /api/notifications
2025-07-19 00:05:04 [info]: Received GET request to /api/stock-reports?type=all-stock&warehouse=all&search=
2025-07-19 00:05:04 [info]: Fetching stock reports
2025-07-19 00:05:04 [info]: Received GET request to /api/notifications
2025-07-19 00:05:04 [info]: Received GET request to /api/warehouses
2025-07-19 00:05:04 [info]: Received GET request to /api/warehouses
2025-07-19 00:05:04 [info]: Stock report data:
2025-07-19 00:05:04 [info]: Received GET request to /api/stock-reports?type=all-stock&warehouse=all&search=
2025-07-19 00:05:04 [info]: Fetching stock reports
2025-07-19 00:05:04 [info]: Stock report data:
2025-07-19 00:05:34 [info]: Received GET request to /api/notifications
2025-07-19 00:05:44 [info]: Received GET request to /api/warehouses
2025-07-19 00:05:44 [info]: Received GET request to /api/warehouses
2025-07-19 00:05:44 [info]: Received GET request to /api/lot-management/expiring
2025-07-19 00:05:44 [info]: Fetching expiring lots
2025-07-19 00:05:44 [info]: Received GET request to /api/products
2025-07-19 00:05:44 [info]: Received GET request to /api/manage-damage/history?limit=5&sort=desc
2025-07-19 00:05:44 [info]: Received GET request to /api/lots
2025-07-19 00:05:44 [info]: Received GET request to /api/warehouses
2025-07-19 00:05:44 [info]: Received GET request to /api/warehouses
2025-07-19 00:05:44 [info]: Expiring lots found:
2025-07-19 00:05:44 [info]: Received GET request to /api/products
2025-07-19 00:05:44 [info]: Received GET request to /api/lots
2025-07-19 00:05:44 [info]: Received GET request to /api/lot-management/expiring
2025-07-19 00:05:44 [info]: Fetching expiring lots
2025-07-19 00:05:44 [info]: Received GET request to /api/manage-damage/history?limit=5&sort=desc
2025-07-19 00:05:44 [info]: Received GET request to /api/settings
2025-07-19 00:05:44 [info]: Expiring lots found:
2025-07-19 00:05:44 [info]: Fetched settings
2025-07-19 00:05:44 [info]: Received GET request to /api/settings
2025-07-19 00:05:44 [info]: Fetched settings
2025-07-19 00:06:04 [info]: Received GET request to /api/notifications
2025-07-19 00:06:21 [info]: Received GET request to /api/warehouses
2025-07-19 00:06:21 [info]: Received GET request to /api/notifications
2025-07-19 00:06:21 [info]: Received GET request to /api/warehouses
2025-07-19 00:06:21 [info]: Received GET request to /api/notifications
2025-07-19 00:06:21 [info]: Received GET request to /api/warehouses
2025-07-19 00:06:21 [info]: Received GET request to /api/products
2025-07-19 00:06:21 [info]: Received GET request to /api/lots
2025-07-19 00:06:21 [info]: Received GET request to /api/lot-management/expiring
2025-07-19 00:06:21 [info]: Fetching expiring lots
2025-07-19 00:06:21 [info]: Received GET request to /api/manage-damage/history?limit=5&sort=desc
2025-07-19 00:06:21 [info]: Received GET request to /api/warehouses
2025-07-19 00:06:21 [info]: Received GET request to /api/products
2025-07-19 00:06:21 [info]: Received GET request to /api/lots
2025-07-19 00:06:21 [info]: Expiring lots found:
2025-07-19 00:06:21 [info]: Received GET request to /api/lot-management/expiring
2025-07-19 00:06:21 [info]: Fetching expiring lots
2025-07-19 00:06:21 [info]: Received GET request to /api/manage-damage/history?limit=5&sort=desc
2025-07-19 00:06:21 [info]: Received GET request to /api/settings
2025-07-19 00:06:21 [info]: Fetched settings
2025-07-19 00:06:21 [info]: Expiring lots found:
2025-07-19 00:06:21 [info]: Received GET request to /api/settings
2025-07-19 00:06:21 [info]: Fetched settings
2025-07-19 00:06:24 [info]: Received GET request to /api/warehouses
2025-07-19 00:06:24 [info]: Received GET request to /api/stock-reports?type=all-stock&warehouse=all&search=
2025-07-19 00:06:24 [info]: Fetching stock reports
2025-07-19 00:06:24 [info]: Received GET request to /api/warehouses
2025-07-19 00:06:24 [info]: Stock report data:
2025-07-19 00:06:24 [info]: Received GET request to /api/stock-reports?type=all-stock&warehouse=all&search=
2025-07-19 00:06:24 [info]: Fetching stock reports
2025-07-19 00:06:24 [info]: Stock report data:
2025-07-19 00:06:24 [info]: Received GET request to /api/warehouses
2025-07-19 00:06:24 [info]: Received GET request to /api/issue-history?startDate=2025-07-18T17:00:00.000Z&endDate=2025-07-19T16:59:59.999Z
2025-07-19 00:06:24 [info]: Received GET request to /api/warehouses
2025-07-19 00:06:24 [info]: Received GET request to /api/issue-history?startDate=2025-07-18T17:00:00.000Z&endDate=2025-07-19T16:59:59.999Z
2025-07-19 00:06:25 [info]: Received GET request to /api/warehouses
2025-07-19 00:06:25 [info]: Received GET request to /api/stock-reports?type=all-stock&warehouse=all&search=
2025-07-19 00:06:25 [info]: Fetching stock reports
2025-07-19 00:06:25 [info]: Received GET request to /api/warehouses
2025-07-19 00:06:25 [info]: Stock report data:
2025-07-19 00:06:25 [info]: Received GET request to /api/stock-reports?type=all-stock&warehouse=all&search=
2025-07-19 00:06:25 [info]: Fetching stock reports
2025-07-19 00:06:25 [info]: Stock report data:
2025-07-19 00:06:26 [info]: Received GET request to /api/stock-reports?type=expiring-soon&warehouse=all&search=
2025-07-19 00:06:26 [info]: Fetching stock reports
2025-07-19 00:06:26 [info]: Stock report data:
2025-07-19 00:06:28 [info]: Received GET request to /api/stock-reports?type=low-stock&warehouse=all&search=
2025-07-19 00:06:28 [info]: Fetching stock reports
2025-07-19 00:06:28 [info]: Stock report data:
2025-07-19 00:06:31 [info]: Received GET request to /api/settings
2025-07-19 00:06:31 [info]: Fetched settings
2025-07-19 00:06:31 [info]: Received GET request to /api/settings
2025-07-19 00:06:31 [info]: Fetched settings
2025-07-19 00:06:34 [info]: Received GET request to /api/warehouses
2025-07-19 00:06:34 [info]: Received GET request to /api/stock-reports?type=all-stock&warehouse=all&search=
2025-07-19 00:06:34 [info]: Fetching stock reports
2025-07-19 00:06:34 [info]: Received GET request to /api/warehouses
2025-07-19 00:06:34 [info]: Stock report data:
2025-07-19 00:06:34 [info]: Received GET request to /api/stock-reports?type=all-stock&warehouse=all&search=
2025-07-19 00:06:34 [info]: Fetching stock reports
2025-07-19 00:06:34 [info]: Stock report data:
2025-07-19 00:06:35 [info]: Received GET request to /api/stock-reports?type=low-stock&warehouse=all&search=
2025-07-19 00:06:35 [info]: Fetching stock reports
2025-07-19 00:06:35 [info]: Stock report data:
2025-07-19 00:06:36 [info]: Received GET request to /api/stock-reports?type=expiring-soon&warehouse=all&search=
2025-07-19 00:06:36 [info]: Fetching stock reports
2025-07-19 00:06:36 [info]: Stock report data:
2025-07-19 00:06:38 [info]: Received GET request to /api/stock-reports?type=low-stock&warehouse=all&search=
2025-07-19 00:06:38 [info]: Fetching stock reports
2025-07-19 00:06:38 [info]: Stock report data:
2025-07-19 00:06:47 [info]: Received GET request to /api/stock-reports?type=all-stock&warehouse=all&search=
2025-07-19 00:06:47 [info]: Fetching stock reports
2025-07-19 00:06:47 [info]: Stock report data:
2025-07-19 00:06:49 [info]: Received GET request to /api/stock-reports?type=low-stock&warehouse=all&search=
2025-07-19 00:06:49 [info]: Fetching stock reports
2025-07-19 00:06:49 [info]: Stock report data:
2025-07-19 00:06:49 [info]: Received GET request to /api/stock-reports?type=all-stock&warehouse=all&search=
2025-07-19 00:06:49 [info]: Fetching stock reports
2025-07-19 00:06:49 [info]: Stock report data:
2025-07-19 00:06:50 [info]: Received GET request to /api/stock-reports?type=low-stock&warehouse=all&search=
2025-07-19 00:06:50 [info]: Fetching stock reports
2025-07-19 00:06:50 [info]: Stock report data:
2025-07-19 00:06:50 [info]: Received GET request to /api/stock-reports?type=all-stock&warehouse=all&search=
2025-07-19 00:06:50 [info]: Fetching stock reports
2025-07-19 00:06:50 [info]: Stock report data:
2025-07-19 00:06:51 [info]: Received GET request to /api/notifications
2025-07-19 00:06:52 [info]: Received GET request to /api/warehouses
2025-07-19 00:06:52 [info]: Received GET request to /api/warehouses
2025-07-19 00:06:52 [info]: Received GET request to /api/warehouses
2025-07-19 00:06:52 [info]: Received GET request to /api/products
2025-07-19 00:06:52 [info]: Received GET request to /api/lot-management/expiring
2025-07-19 00:06:52 [info]: Fetching expiring lots
2025-07-19 00:06:52 [info]: Received GET request to /api/lots
2025-07-19 00:06:52 [info]: Received GET request to /api/manage-damage/history?limit=5&sort=desc
2025-07-19 00:06:52 [info]: Received GET request to /api/warehouses
2025-07-19 00:06:52 [info]: Received GET request to /api/products
2025-07-19 00:06:52 [info]: Expiring lots found:
2025-07-19 00:06:52 [info]: Received GET request to /api/lots
2025-07-19 00:06:52 [info]: Received GET request to /api/lot-management/expiring
2025-07-19 00:06:52 [info]: Fetching expiring lots
2025-07-19 00:06:52 [info]: Received GET request to /api/manage-damage/history?limit=5&sort=desc
2025-07-19 00:06:52 [info]: Received GET request to /api/settings
2025-07-19 00:06:53 [info]: Fetched settings
2025-07-19 00:06:53 [info]: Expiring lots found:
2025-07-19 00:06:53 [info]: Received GET request to /api/settings
2025-07-19 00:06:53 [info]: Fetched settings
2025-07-19 00:07:21 [info]: Received GET request to /api/notifications
2025-07-19 00:07:51 [info]: Received GET request to /api/notifications
2025-07-19 00:08:21 [info]: Received GET request to /api/notifications
2025-07-19 00:08:52 [info]: Received GET request to /api/notifications
2025-07-19 00:08:54 [info]: Received GET request to /api/warehouses
2025-07-19 00:08:54 [info]: Received GET request to /api/stock-reports?type=all-stock&warehouse=all&search=
2025-07-19 00:08:54 [info]: Fetching stock reports
2025-07-19 00:08:54 [info]: Received GET request to /api/warehouses
2025-07-19 00:08:54 [info]: Stock report data:
2025-07-19 00:08:54 [info]: Received GET request to /api/stock-reports?type=all-stock&warehouse=all&search=
2025-07-19 00:08:54 [info]: Fetching stock reports
2025-07-19 00:08:54 [info]: Stock report data:
2025-07-19 00:09:21 [info]: Received GET request to /api/notifications
2025-07-19 00:09:51 [info]: Received GET request to /api/notifications
2025-07-19 00:10:21 [info]: Received GET request to /api/notifications
2025-07-19 00:10:51 [info]: Received GET request to /api/notifications
2025-07-19 00:11:21 [info]: Received GET request to /api/notifications
2025-07-19 00:11:51 [info]: Received GET request to /api/notifications
2025-07-19 00:12:21 [info]: Received GET request to /api/notifications
2025-07-19 00:12:51 [info]: Received GET request to /api/notifications
2025-07-19 00:13:21 [info]: Received GET request to /api/notifications
2025-07-19 00:13:33 [info]: Received GET request to /api/warehouses
2025-07-19 00:13:33 [info]: Received GET request to /api/warehouses
2025-07-19 00:13:34 [info]: Received GET request to /api/products
2025-07-19 00:13:34 [info]: Received GET request to /api/lots
2025-07-19 00:13:34 [info]: Received GET request to /api/warehouses
2025-07-19 00:13:34 [info]: Received GET request to /api/lot-management/expiring
2025-07-19 00:13:34 [info]: Fetching expiring lots
2025-07-19 00:13:34 [info]: Received GET request to /api/manage-damage/history?limit=5&sort=desc
2025-07-19 00:13:34 [info]: Received GET request to /api/warehouses
2025-07-19 00:13:34 [info]: Expiring lots found:
2025-07-19 00:13:34 [info]: Received GET request to /api/products
2025-07-19 00:13:34 [info]: Received GET request to /api/lots
2025-07-19 00:13:34 [info]: Received GET request to /api/lot-management/expiring
2025-07-19 00:13:34 [info]: Fetching expiring lots
2025-07-19 00:13:34 [info]: Received GET request to /api/manage-damage/history?limit=5&sort=desc
2025-07-19 00:13:34 [info]: Received GET request to /api/settings
2025-07-19 00:13:34 [info]: Expiring lots found:
2025-07-19 00:13:34 [info]: Fetched settings
2025-07-19 00:13:34 [info]: Received GET request to /api/settings
2025-07-19 00:13:34 [info]: Fetched settings
2025-07-19 00:13:51 [info]: Received GET request to /api/notifications
2025-07-19 00:14:18 [info]: Received GET request to /api/warehouses
2025-07-19 00:14:18 [info]: Received GET request to /api/warehouses
2025-07-19 00:14:18 [info]: Received GET request to /api/products
2025-07-19 00:14:18 [info]: Received GET request to /api/lots
2025-07-19 00:14:18 [info]: Received GET request to /api/lot-management/expiring
2025-07-19 00:14:18 [info]: Fetching expiring lots
2025-07-19 00:14:18 [info]: Received GET request to /api/manage-damage/history?limit=5&sort=desc
2025-07-19 00:14:18 [info]: Expiring lots found:
2025-07-19 00:14:18 [info]: Received GET request to /api/settings
2025-07-19 00:14:18 [info]: Fetched settings
2025-07-19 00:14:21 [info]: Received GET request to /api/notifications
2025-07-19 00:14:47 [info]: Received GET request to /api/warehouses
2025-07-19 00:14:47 [info]: Received GET request to /api/warehouses
2025-07-19 00:14:47 [info]: Received GET request to /api/products
2025-07-19 00:14:47 [info]: Received GET request to /api/lots
2025-07-19 00:14:47 [info]: Received GET request to /api/lot-management/expiring
2025-07-19 00:14:47 [info]: Fetching expiring lots
2025-07-19 00:14:47 [info]: Received GET request to /api/manage-damage/history?limit=5&sort=desc
2025-07-19 00:14:47 [info]: Expiring lots found:
2025-07-19 00:14:47 [info]: Received GET request to /api/settings
2025-07-19 00:14:47 [info]: Fetched settings
2025-07-19 00:14:51 [info]: Received GET request to /api/warehouses
2025-07-19 00:14:51 [info]: Received GET request to /api/notifications
2025-07-19 00:14:51 [info]: Received GET request to /api/warehouses
2025-07-19 00:14:51 [info]: Received GET request to /api/notifications
2025-07-19 00:14:51 [info]: Received GET request to /api/products
2025-07-19 00:14:51 [info]: Received GET request to /api/lots
2025-07-19 00:14:51 [info]: Received GET request to /api/warehouses
2025-07-19 00:14:51 [info]: Received GET request to /api/lot-management/expiring
2025-07-19 00:14:51 [info]: Fetching expiring lots
2025-07-19 00:14:51 [info]: Received GET request to /api/manage-damage/history?limit=5&sort=desc
2025-07-19 00:14:52 [info]: Received GET request to /api/warehouses
2025-07-19 00:14:52 [info]: Received GET request to /api/products
2025-07-19 00:14:52 [info]: Received GET request to /api/lots
2025-07-19 00:14:52 [info]: Expiring lots found:
2025-07-19 00:14:52 [info]: Received GET request to /api/lot-management/expiring
2025-07-19 00:14:52 [info]: Fetching expiring lots
2025-07-19 00:14:52 [info]: Received GET request to /api/manage-damage/history?limit=5&sort=desc
2025-07-19 00:14:52 [info]: Expiring lots found:
2025-07-19 00:14:52 [info]: Received GET request to /api/settings
2025-07-19 00:14:52 [info]: Fetched settings
2025-07-19 00:14:52 [info]: Received GET request to /api/settings
2025-07-19 00:14:52 [info]: Fetched settings
2025-07-19 00:14:55 [info]: Received GET request to /api/notifications
2025-07-19 00:14:55 [info]: Received GET request to /api/warehouses
2025-07-19 00:14:55 [info]: Received GET request to /api/notifications
2025-07-19 00:14:55 [info]: Received GET request to /api/warehouses
2025-07-19 00:14:55 [info]: Received GET request to /api/warehouses
2025-07-19 00:14:55 [info]: Received GET request to /api/products
2025-07-19 00:14:55 [info]: Received GET request to /api/lots
2025-07-19 00:14:55 [info]: Received GET request to /api/lot-management/expiring
2025-07-19 00:14:55 [info]: Fetching expiring lots
2025-07-19 00:14:55 [info]: Received GET request to /api/manage-damage/history?limit=5&sort=desc
2025-07-19 00:14:55 [info]: Received GET request to /api/warehouses
2025-07-19 00:14:55 [info]: Received GET request to /api/products
2025-07-19 00:14:55 [info]: Received GET request to /api/lots
2025-07-19 00:14:55 [info]: Expiring lots found:
2025-07-19 00:14:55 [info]: Received GET request to /api/lot-management/expiring
2025-07-19 00:14:55 [info]: Fetching expiring lots
2025-07-19 00:14:55 [info]: Received GET request to /api/manage-damage/history?limit=5&sort=desc
2025-07-19 00:14:55 [info]: Received GET request to /api/settings
2025-07-19 00:14:55 [info]: Fetched settings
2025-07-19 00:14:55 [info]: Expiring lots found:
2025-07-19 00:14:55 [info]: Received GET request to /api/settings
2025-07-19 00:14:55 [info]: Fetched settings
2025-07-19 00:14:57 [info]: Received GET request to /api/warehouses
2025-07-19 00:14:57 [info]: Received GET request to /api/products?warehouse=686ff4f2eeb1601cf4f78a8d
2025-07-19 00:14:57 [info]: Received GET request to /api/lots?warehouse=686ff4f2eeb1601cf4f78a8d
2025-07-19 00:14:57 [info]: Received GET request to /api/lot-management/expiring?warehouse=686ff4f2eeb1601cf4f78a8d
2025-07-19 00:14:57 [info]: Fetching expiring lots
2025-07-19 00:14:57 [info]: Received GET request to /api/manage-damage/history?warehouse=686ff4f2eeb1601cf4f78a8d&limit=5&sort=desc
2025-07-19 00:14:57 [info]: Expiring lots found:
2025-07-19 00:14:58 [info]: Received GET request to /api/warehouses
2025-07-19 00:14:58 [info]: Received GET request to /api/products?warehouse=686ff509eeb1601cf4f78a91
2025-07-19 00:14:58 [info]: Received GET request to /api/lots?warehouse=686ff509eeb1601cf4f78a91
2025-07-19 00:14:58 [info]: Received GET request to /api/lot-management/expiring?warehouse=686ff509eeb1601cf4f78a91
2025-07-19 00:14:58 [info]: Fetching expiring lots
2025-07-19 00:14:58 [info]: Received GET request to /api/manage-damage/history?warehouse=686ff509eeb1601cf4f78a91&limit=5&sort=desc
2025-07-19 00:14:58 [info]: Expiring lots found:
2025-07-19 00:15:00 [info]: Received GET request to /api/warehouses
2025-07-19 00:15:00 [info]: Received GET request to /api/stock-reports?type=all-stock&warehouse=all&search=
2025-07-19 00:15:00 [info]: Fetching stock reports
2025-07-19 00:15:00 [info]: Received GET request to /api/warehouses
2025-07-19 00:15:00 [info]: Stock report data:
2025-07-19 00:15:00 [info]: Received GET request to /api/stock-reports?type=all-stock&warehouse=all&search=
2025-07-19 00:15:00 [info]: Fetching stock reports
2025-07-19 00:15:00 [info]: Stock report data:
2025-07-19 00:15:02 [info]: Received GET request to /api/stock-reports?type=expiring-soon&warehouse=all&search=
2025-07-19 00:15:02 [info]: Fetching stock reports
2025-07-19 00:15:02 [info]: Stock report data:
2025-07-19 00:15:03 [info]: Received GET request to /api/stock-reports?type=low-stock&warehouse=all&search=
2025-07-19 00:15:03 [info]: Fetching stock reports
2025-07-19 00:15:03 [info]: Stock report data:
2025-07-19 00:15:03 [info]: Received GET request to /api/stock-reports?type=expiring-soon&warehouse=all&search=
2025-07-19 00:15:03 [info]: Fetching stock reports
2025-07-19 00:15:03 [info]: Stock report data:
2025-07-19 00:15:04 [info]: Received GET request to /api/stock-reports?type=low-stock&warehouse=all&search=
2025-07-19 00:15:04 [info]: Fetching stock reports
2025-07-19 00:15:04 [info]: Stock report data:
2025-07-19 00:15:09 [info]: Received GET request to /api/stock-reports?type=low-stock&warehouse=686ff509eeb1601cf4f78a91&search=
2025-07-19 00:15:09 [info]: Fetching stock reports
2025-07-19 00:15:09 [info]: Stock report data:
2025-07-19 00:15:10 [info]: Received GET request to /api/stock-reports?type=expiring-soon&warehouse=686ff509eeb1601cf4f78a91&search=
2025-07-19 00:15:10 [info]: Fetching stock reports
2025-07-19 00:15:10 [info]: Stock report data:
2025-07-19 00:15:11 [info]: Received GET request to /api/stock-reports?type=low-stock&warehouse=686ff509eeb1601cf4f78a91&search=
2025-07-19 00:15:11 [info]: Fetching stock reports
2025-07-19 00:15:11 [info]: Stock report data:
2025-07-19 00:15:12 [info]: Received GET request to /api/stock-reports?type=expiring-soon&warehouse=686ff509eeb1601cf4f78a91&search=
2025-07-19 00:15:12 [info]: Fetching stock reports
2025-07-19 00:15:12 [info]: Stock report data:
2025-07-19 00:15:12 [info]: Received GET request to /api/stock-reports?type=low-stock&warehouse=686ff509eeb1601cf4f78a91&search=
2025-07-19 00:15:12 [info]: Fetching stock reports
2025-07-19 00:15:12 [info]: Stock report data:
2025-07-19 00:15:15 [info]: Received GET request to /api/stock-reports?type=low-stock&warehouse=686ff4f2eeb1601cf4f78a8d&search=
2025-07-19 00:15:15 [info]: Fetching stock reports
2025-07-19 00:15:15 [info]: Stock report data:
2025-07-19 00:15:21 [info]: Received GET request to /api/stock-reports?type=low-stock&warehouse=all&search=
2025-07-19 00:15:21 [info]: Fetching stock reports
2025-07-19 00:15:21 [info]: Stock report data:
2025-07-19 00:15:22 [info]: Received GET request to /api/stock-reports?type=low-stock&warehouse=686ff509eeb1601cf4f78a91&search=
2025-07-19 00:15:22 [info]: Fetching stock reports
2025-07-19 00:15:22 [info]: Stock report data:
2025-07-19 00:15:23 [info]: Received GET request to /api/stock-reports?type=expiring-soon&warehouse=686ff509eeb1601cf4f78a91&search=
2025-07-19 00:15:23 [info]: Fetching stock reports
2025-07-19 00:15:23 [info]: Stock report data:
2025-07-19 00:15:25 [info]: Received GET request to /api/notifications
2025-07-19 00:15:26 [info]: Received GET request to /api/stock-reports?type=expiring-soon&warehouse=686ff4f2eeb1601cf4f78a8d&search=
2025-07-19 00:15:26 [info]: Fetching stock reports
2025-07-19 00:15:26 [info]: Stock report data:
2025-07-19 00:15:32 [info]: Received GET request to /api/warehouses
2025-07-19 00:15:32 [info]: Received GET request to /api/warehouses
2025-07-19 00:15:32 [info]: Received GET request to /api/warehouses
2025-07-19 00:15:32 [info]: Received GET request to /api/products
2025-07-19 00:15:32 [info]: Received GET request to /api/lots
2025-07-19 00:15:32 [info]: Received GET request to /api/lot-management/expiring
2025-07-19 00:15:32 [info]: Fetching expiring lots
2025-07-19 00:15:32 [info]: Received GET request to /api/manage-damage/history?limit=5&sort=desc
2025-07-19 00:15:32 [info]: Received GET request to /api/warehouses
2025-07-19 00:15:32 [info]: Received GET request to /api/products
2025-07-19 00:15:32 [info]: Received GET request to /api/lots
2025-07-19 00:15:32 [info]: Expiring lots found:
2025-07-19 00:15:32 [info]: Received GET request to /api/lot-management/expiring
2025-07-19 00:15:32 [info]: Fetching expiring lots
2025-07-19 00:15:32 [info]: Received GET request to /api/manage-damage/history?limit=5&sort=desc
2025-07-19 00:15:32 [info]: Received GET request to /api/settings
2025-07-19 00:15:32 [info]: Fetched settings
2025-07-19 00:15:32 [info]: Expiring lots found:
2025-07-19 00:15:32 [info]: Received GET request to /api/settings
2025-07-19 00:15:32 [info]: Fetched settings
