2025-07-02 00:00:17 [info]: Received GET request to /api/notifications
2025-07-02 00:00:22 [info]: Received GET request to /api/notifications
2025-07-02 00:00:22 [info]: Received GET request to /api/warehouses
2025-07-02 00:00:22 [info]: Received GET request to /api/notifications
2025-07-02 00:00:22 [info]: Received GET request to /api/warehouses
2025-07-02 00:00:24 [info]: Received GET request to /api/warehouses
2025-07-02 00:00:24 [info]: Received GET request to /api/notifications
2025-07-02 00:00:24 [info]: Received GET request to /api/warehouses
2025-07-02 00:00:24 [info]: Received GET request to /api/notifications
2025-07-02 00:00:26 [info]: Received GET request to /api/products?warehouse=685f821d7f06f062226d2bf5
2025-07-02 00:00:30 [info]: Received GET request to /api/categories
2025-07-02 00:00:30 [info]: Received GET request to /api/products
2025-07-02 00:00:30 [info]: Received GET request to /api/warehouses
2025-07-02 00:00:30 [info]: Received GET request to /api/suppliers
2025-07-02 00:00:30 [info]: Received GET request to /api/categories
2025-07-02 00:00:30 [info]: Received GET request to /api/warehouses
2025-07-02 00:00:30 [info]: Received GET request to /api/suppliers
2025-07-02 00:00:30 [info]: Received GET request to /api/products
2025-07-02 00:00:38 [info]: Received GET request to /api/warehouses
2025-07-02 00:00:38 [info]: Received GET request to /api/receive-history?startDate=02-07-2025&endDate=02-07-2025&warehouse=&searchQuery=&userQuery=&page=1&limit=25
2025-07-02 00:00:39 [info]: Received GET request to /api/warehouses
2025-07-02 00:00:39 [info]: Received GET request to /api/receive-history?startDate=02-07-2025&endDate=02-07-2025&warehouse=&searchQuery=&userQuery=&page=1&limit=25
2025-07-02 00:00:39 [info]: Received GET request to /api/warehouses
2025-07-02 00:00:39 [info]: Received GET request to /api/products
2025-07-02 00:00:39 [info]: Received GET request to /api/categories
2025-07-02 00:00:39 [info]: Received GET request to /api/warehouses
2025-07-02 00:00:39 [info]: Received GET request to /api/suppliers
2025-07-02 00:00:39 [info]: Received GET request to /api/categories
2025-07-02 00:00:39 [info]: Received GET request to /api/products
2025-07-02 00:00:39 [info]: Received GET request to /api/suppliers
2025-07-02 00:00:54 [info]: Received GET request to /api/notifications
2025-07-02 00:00:59 [info]: Received GET request to /api/warehouses
2025-07-02 00:00:59 [info]: Received GET request to /api/warehouses
2025-07-02 00:01:01 [info]: Received GET request to /api/warehouses
2025-07-02 00:01:01 [info]: Received GET request to /api/notifications
2025-07-02 00:01:01 [info]: Received GET request to /api/warehouses
2025-07-02 00:01:01 [info]: Received GET request to /api/notifications
2025-07-02 00:01:02 [info]: Received GET request to /api/notifications
2025-07-02 00:01:02 [info]: Received GET request to /api/warehouses
2025-07-02 00:01:02 [info]: Received GET request to /api/warehouses
2025-07-02 00:01:02 [info]: Received GET request to /api/notifications
2025-07-02 00:01:08 [info]: Received GET request to /api/products?warehouse=685f821d7f06f062226d2bf5
2025-07-02 00:01:15 [info]: Received GET request to /api/products?warehouse=685f81f67f06f062226d2bf2
2025-07-02 00:01:32 [info]: Received GET request to /api/notifications
2025-07-02 00:01:55 [info]: Received POST request to /api/login
2025-07-02 00:01:55 [info]: Login attempt:
2025-07-02 00:01:56 [info]: Received GET request to /api/notifications
2025-07-02 00:01:56 [info]: Received GET request to /api/products
2025-07-02 00:01:56 [info]: Received GET request to /api/lots
2025-07-02 00:01:56 [info]: Received GET request to /api/warehouses
2025-07-02 00:01:56 [info]: Received GET request to /api/lots
2025-07-02 00:01:56 [info]: Received GET request to /api/warehouses
2025-07-02 00:01:56 [info]: Received GET request to /api/notifications
2025-07-02 00:01:56 [info]: Received GET request to /api/products
2025-07-02 00:01:59 [info]: Received GET request to /api/notifications
2025-07-02 00:01:59 [info]: Received GET request to /api/products
2025-07-02 00:01:59 [info]: Received GET request to /api/lots
2025-07-02 00:01:59 [info]: Received GET request to /api/warehouses
2025-07-02 00:01:59 [info]: Received GET request to /api/lots
2025-07-02 00:01:59 [info]: Received GET request to /api/warehouses
2025-07-02 00:01:59 [info]: Received GET request to /api/notifications
2025-07-02 00:01:59 [info]: Received GET request to /api/products
2025-07-02 00:02:00 [info]: Received GET request to /api/notifications
2025-07-02 00:02:00 [info]: Received GET request to /api/products
2025-07-02 00:02:00 [info]: Received GET request to /api/lots
2025-07-02 00:02:00 [info]: Received GET request to /api/warehouses
2025-07-02 00:02:00 [info]: Received GET request to /api/lots
2025-07-02 00:02:00 [info]: Received GET request to /api/warehouses
2025-07-02 00:02:00 [info]: Received GET request to /api/notifications
2025-07-02 00:02:00 [info]: Received GET request to /api/products
2025-07-02 00:02:03 [info]: Received GET request to /api/warehouses
2025-07-02 00:02:03 [info]: Received GET request to /api/lot-management?searchQuery=&warehouse=all&page=1&limit=25
2025-07-02 00:02:03 [info]: Fetching lot management data
2025-07-02 00:02:03 [info]: Received GET request to /api/warehouses
2025-07-02 00:02:03 [info]: Received GET request to /api/lot-management?searchQuery=&warehouse=all&page=1&limit=25
2025-07-02 00:02:03 [info]: Fetching lot management data
2025-07-02 00:02:12 [info]: Received GET request to /api/suppliers
2025-07-02 00:02:12 [info]: Received GET request to /api/suppliers
2025-07-02 00:02:15 [info]: Received GET request to /api/lots
2025-07-02 00:02:15 [info]: Received GET request to /api/products
2025-07-02 00:02:15 [info]: Received GET request to /api/warehouses
2025-07-02 00:02:15 [info]: Received GET request to /api/lots
2025-07-02 00:02:15 [info]: Received GET request to /api/warehouses
2025-07-02 00:02:15 [info]: Received GET request to /api/products
2025-07-02 00:02:18 [info]: Received GET request to /api/products
2025-07-02 00:02:18 [info]: Received GET request to /api/lots
2025-07-02 00:02:18 [info]: Received GET request to /api/warehouses
2025-07-02 00:02:18 [info]: Received GET request to /api/notifications
2025-07-02 00:02:18 [info]: Received GET request to /api/lots
2025-07-02 00:02:18 [info]: Received GET request to /api/warehouses
2025-07-02 00:02:18 [info]: Received GET request to /api/products
2025-07-02 00:02:18 [info]: Received GET request to /api/notifications
2025-07-02 00:02:20 [info]: Received GET request to /api/notifications
2025-07-02 00:02:20 [info]: Received GET request to /api/products
2025-07-02 00:02:20 [info]: Received GET request to /api/lots
2025-07-02 00:02:20 [info]: Received GET request to /api/warehouses
2025-07-02 00:02:20 [info]: Received GET request to /api/lots
2025-07-02 00:02:20 [info]: Received GET request to /api/warehouses
2025-07-02 00:02:20 [info]: Received GET request to /api/notifications
2025-07-02 00:02:20 [info]: Received GET request to /api/products
2025-07-02 00:02:22 [info]: Received GET request to /api/warehouses
2025-07-02 00:02:22 [info]: Received GET request to /api/receive-history?startDate=02-07-2025&endDate=02-07-2025&warehouse=&searchQuery=&userQuery=&page=1&limit=25
2025-07-02 00:02:22 [info]: Received GET request to /api/warehouses
2025-07-02 00:02:22 [info]: Received GET request to /api/receive-history?startDate=02-07-2025&endDate=02-07-2025&warehouse=&searchQuery=&userQuery=&page=1&limit=25
2025-07-02 00:02:25 [info]: Received GET request to /api/warehouses
2025-07-02 00:02:25 [info]: Received GET request to /api/categories
2025-07-02 00:02:25 [info]: Received GET request to /api/warehouses
2025-07-02 00:02:25 [info]: Received GET request to /api/products
2025-07-02 00:02:25 [info]: Received GET request to /api/suppliers
2025-07-02 00:02:25 [info]: Received GET request to /api/categories
2025-07-02 00:02:25 [info]: Received GET request to /api/suppliers
2025-07-02 00:02:25 [info]: Received GET request to /api/products
2025-07-02 00:02:25 [info]: Received GET request to /api/warehouses
2025-07-02 00:02:26 [info]: Received GET request to /api/receive-history?startDate=02-07-2025&endDate=02-07-2025&warehouse=&searchQuery=&userQuery=&page=1&limit=25
2025-07-02 00:02:26 [info]: Received GET request to /api/warehouses
2025-07-02 00:02:26 [info]: Received GET request to /api/receive-history?startDate=02-07-2025&endDate=02-07-2025&warehouse=&searchQuery=&userQuery=&page=1&limit=25
2025-07-02 00:02:27 [info]: Received GET request to /api/warehouses
2025-07-02 00:02:27 [info]: Received GET request to /api/lot-management?searchQuery=&warehouse=all&page=1&limit=25
2025-07-02 00:02:27 [info]: Fetching lot management data
2025-07-02 00:02:27 [info]: Received GET request to /api/warehouses
2025-07-02 00:02:27 [info]: Received GET request to /api/lot-management?searchQuery=&warehouse=all&page=1&limit=25
2025-07-02 00:02:27 [info]: Fetching lot management data
2025-07-02 00:02:30 [info]: Received GET request to /api/warehouses
2025-07-02 00:02:30 [info]: Received GET request to /api/receive-history?startDate=02-07-2025&endDate=02-07-2025&warehouse=&searchQuery=&userQuery=&page=1&limit=25
2025-07-02 00:02:30 [info]: Received GET request to /api/warehouses
2025-07-02 00:02:30 [info]: Received GET request to /api/receive-history?startDate=02-07-2025&endDate=02-07-2025&warehouse=&searchQuery=&userQuery=&page=1&limit=25
2025-07-02 00:02:31 [info]: Received GET request to /api/warehouses
2025-07-02 00:02:31 [info]: Received GET request to /api/warehouses
2025-07-02 00:02:33 [info]: Received GET request to /api/products?warehouse=685f821d7f06f062226d2bf5
2025-07-02 00:02:37 [info]: Received GET request to /api/categories
2025-07-02 00:02:37 [info]: Received GET request to /api/products
2025-07-02 00:02:37 [info]: Received GET request to /api/categories
2025-07-02 00:02:37 [info]: Received GET request to /api/products
2025-07-02 00:02:37 [info]: Received GET request to /api/warehouses
2025-07-02 00:02:37 [info]: Received GET request to /api/receive-history?startDate=02-07-2025&endDate=02-07-2025&warehouse=&searchQuery=&userQuery=&page=1&limit=25
2025-07-02 00:02:37 [info]: Received GET request to /api/warehouses
2025-07-02 00:02:37 [info]: Received GET request to /api/receive-history?startDate=02-07-2025&endDate=02-07-2025&warehouse=&searchQuery=&userQuery=&page=1&limit=25
2025-07-02 00:02:45 [info]: Received GET request to /api/warehouses
2025-07-02 00:02:45 [info]: Received GET request to /api/receive-history?startDate=01-07-2025&endDate=02-07-2025&warehouse=&searchQuery=&userQuery=&page=1&limit=25
2025-07-02 00:02:50 [info]: Received GET request to /api/products
2025-07-02 00:02:50 [info]: Received GET request to /api/categories
2025-07-02 00:02:50 [info]: Received GET request to /api/suppliers
2025-07-02 00:02:50 [info]: Received GET request to /api/warehouses
2025-07-02 00:02:50 [info]: Received GET request to /api/categories
2025-07-02 00:02:50 [info]: Received GET request to /api/products
2025-07-02 00:02:50 [info]: Received GET request to /api/suppliers
2025-07-02 00:02:50 [info]: Received GET request to /api/warehouses
2025-07-02 00:02:50 [info]: Received GET request to /api/notifications
2025-07-02 00:02:51 [info]: Received GET request to /api/warehouses
2025-07-02 00:02:51 [info]: Received GET request to /api/users
2025-07-02 00:02:51 [info]: Received GET request to /api/warehouses
2025-07-02 00:02:51 [info]: Received GET request to /api/users
2025-07-02 00:02:52 [info]: Received GET request to /api/products
2025-07-02 00:02:52 [info]: Received GET request to /api/categories
2025-07-02 00:02:52 [info]: Received GET request to /api/categories
2025-07-02 00:02:52 [info]: Received GET request to /api/products
2025-07-02 00:02:53 [info]: Received GET request to /api/products
2025-07-02 00:02:53 [info]: Received GET request to /api/categories
2025-07-02 00:02:53 [info]: Received GET request to /api/warehouses
2025-07-02 00:02:53 [info]: Received GET request to /api/suppliers
2025-07-02 00:02:53 [info]: Received GET request to /api/categories
2025-07-02 00:02:53 [info]: Received GET request to /api/warehouses
2025-07-02 00:02:53 [info]: Received GET request to /api/suppliers
2025-07-02 00:02:53 [info]: Received GET request to /api/products
2025-07-02 00:02:56 [info]: Received GET request to /api/products
2025-07-02 00:02:56 [info]: Received GET request to /api/lots
2025-07-02 00:02:56 [info]: Received GET request to /api/warehouses
2025-07-02 00:02:56 [info]: Received GET request to /api/lots
2025-07-02 00:02:56 [info]: Received GET request to /api/warehouses
2025-07-02 00:02:56 [info]: Received GET request to /api/products
2025-07-02 00:03:00 [info]: Received GET request to /api/products
2025-07-02 00:03:00 [info]: Received GET request to /api/warehouses
2025-07-02 00:03:00 [info]: Received GET request to /api/categories
2025-07-02 00:03:00 [info]: Received GET request to /api/suppliers
2025-07-02 00:03:00 [info]: Received GET request to /api/warehouses
2025-07-02 00:03:00 [info]: Received GET request to /api/categories
2025-07-02 00:03:00 [info]: Received GET request to /api/products
2025-07-02 00:03:00 [info]: Received GET request to /api/suppliers
2025-07-02 00:03:20 [info]: Received GET request to /api/notifications
2025-07-02 00:03:25 [info]: Received POST request to /api/receive
2025-07-02 00:03:25 [info]: Starting /api/receive request
2025-07-02 00:03:25 [info]: Attempting to save UserTransaction
2025-07-02 00:03:25 [info]: UserTransaction saved successfully
2025-07-02 00:03:25 [info]: Processing lot
2025-07-02 00:03:25 [warn]: No existing lot found, creating new lot
2025-07-02 00:03:25 [info]: Successfully processed new lot
2025-07-02 00:03:25 [info]: Transaction committed successfully
2025-07-02 00:03:27 [info]: Received GET request to /api/warehouses
2025-07-02 00:03:27 [info]: Received GET request to /api/lot-management?searchQuery=&warehouse=all&page=1&limit=25
2025-07-02 00:03:27 [info]: Fetching lot management data
2025-07-02 00:03:27 [info]: Received GET request to /api/warehouses
2025-07-02 00:03:27 [info]: Received GET request to /api/lot-management?searchQuery=&warehouse=all&page=1&limit=25
2025-07-02 00:03:27 [info]: Fetching lot management data
2025-07-02 00:03:30 [info]: Received GET request to /api/products
2025-07-02 00:03:30 [info]: Received GET request to /api/categories
2025-07-02 00:03:30 [info]: Received GET request to /api/categories
2025-07-02 00:03:30 [info]: Received GET request to /api/products
2025-07-02 00:03:31 [info]: Received GET request to /api/products
2025-07-02 00:03:31 [info]: Received GET request to /api/categories
2025-07-02 00:03:31 [info]: Received GET request to /api/warehouses
2025-07-02 00:03:31 [info]: Received GET request to /api/suppliers
2025-07-02 00:03:31 [info]: Received GET request to /api/categories
2025-07-02 00:03:31 [info]: Received GET request to /api/warehouses
2025-07-02 00:03:31 [info]: Received GET request to /api/products
2025-07-02 00:03:31 [info]: Received GET request to /api/suppliers
2025-07-02 00:03:33 [info]: Received GET request to /api/warehouses
2025-07-02 00:03:33 [info]: Received GET request to /api/receive-history?startDate=02-07-2025&endDate=02-07-2025&warehouse=&searchQuery=&userQuery=&page=1&limit=25
2025-07-02 00:03:33 [info]: Received GET request to /api/warehouses
2025-07-02 00:03:33 [info]: Received GET request to /api/receive-history?startDate=02-07-2025&endDate=02-07-2025&warehouse=&searchQuery=&userQuery=&page=1&limit=25
2025-07-02 00:03:35 [info]: Received GET request to /api/suppliers
2025-07-02 00:03:35 [info]: Received GET request to /api/suppliers
2025-07-02 00:03:36 [info]: Received GET request to /api/warehouses
2025-07-02 00:03:36 [info]: Received GET request to /api/products
2025-07-02 00:03:36 [info]: Received GET request to /api/lots
2025-07-02 00:03:36 [info]: Received GET request to /api/warehouses
2025-07-02 00:03:36 [info]: Received GET request to /api/lots
2025-07-02 00:03:36 [info]: Received GET request to /api/products
2025-07-02 00:03:38 [info]: Received GET request to /api/products
2025-07-02 00:03:38 [info]: Received GET request to /api/lots
2025-07-02 00:03:38 [info]: Received GET request to /api/notifications
2025-07-02 00:03:38 [info]: Received GET request to /api/warehouses
2025-07-02 00:03:39 [info]: Received GET request to /api/lots
2025-07-02 00:03:39 [info]: Received GET request to /api/products
2025-07-02 00:03:39 [info]: Received GET request to /api/warehouses
2025-07-02 00:03:39 [info]: Received GET request to /api/notifications
2025-07-02 00:03:40 [info]: Received GET request to /api/products
2025-07-02 00:03:40 [info]: Received GET request to /api/warehouses
2025-07-02 00:03:40 [info]: Received GET request to /api/suppliers
2025-07-02 00:03:40 [info]: Received GET request to /api/categories
2025-07-02 00:03:40 [info]: Received GET request to /api/warehouses
2025-07-02 00:03:40 [info]: Received GET request to /api/suppliers
2025-07-02 00:03:40 [info]: Received GET request to /api/categories
2025-07-02 00:03:40 [info]: Received GET request to /api/products
2025-07-02 00:03:40 [info]: Received GET request to /api/warehouses
2025-07-02 00:03:41 [info]: Received GET request to /api/warehouses
2025-07-02 00:03:41 [info]: Received GET request to /api/receive-history?startDate=02-07-2025&endDate=02-07-2025&warehouse=&searchQuery=&userQuery=&page=1&limit=25
2025-07-02 00:03:41 [info]: Received GET request to /api/receive-history?startDate=02-07-2025&endDate=02-07-2025&warehouse=&searchQuery=&userQuery=&page=1&limit=25
2025-07-02 00:03:41 [info]: Received GET request to /api/warehouses
2025-07-02 00:03:41 [info]: Received GET request to /api/lot-management?searchQuery=&warehouse=all&page=1&limit=25
2025-07-02 00:03:41 [info]: Fetching lot management data
2025-07-02 00:03:41 [info]: Received GET request to /api/warehouses
2025-07-02 00:03:41 [info]: Received GET request to /api/lot-management?searchQuery=&warehouse=all&page=1&limit=25
2025-07-02 00:03:41 [info]: Fetching lot management data
2025-07-02 00:03:52 [info]: Received GET request to /api/lot-management?searchQuery=&warehouse=Kampng+Cham+Warehouse&page=1&limit=25
2025-07-02 00:03:52 [info]: Fetching lot management data
2025-07-02 00:04:08 [info]: Received GET request to /api/notifications
2025-07-02 00:04:17 [info]: Received GET request to /api/warehouses
2025-07-02 00:04:17 [info]: Received GET request to /api/receive-history?startDate=02-07-2025&endDate=02-07-2025&warehouse=&searchQuery=&userQuery=&page=1&limit=25
2025-07-02 00:04:17 [info]: Received GET request to /api/warehouses
2025-07-02 00:04:17 [info]: Received GET request to /api/receive-history?startDate=02-07-2025&endDate=02-07-2025&warehouse=&searchQuery=&userQuery=&page=1&limit=25
2025-07-02 00:04:17 [info]: Received GET request to /api/warehouses
2025-07-02 00:04:17 [info]: Received GET request to /api/categories
2025-07-02 00:04:17 [info]: Received GET request to /api/products
2025-07-02 00:04:17 [info]: Received GET request to /api/suppliers
2025-07-02 00:04:17 [info]: Received GET request to /api/warehouses
2025-07-02 00:04:17 [info]: Received GET request to /api/categories
2025-07-02 00:04:17 [info]: Received GET request to /api/suppliers
2025-07-02 00:04:17 [info]: Received GET request to /api/products
2025-07-02 00:04:19 [info]: Received GET request to /api/lots
2025-07-02 00:04:19 [info]: Received GET request to /api/lots
2025-07-02 00:04:20 [info]: Received GET request to /api/products
2025-07-02 00:04:20 [info]: Received GET request to /api/warehouses
2025-07-02 00:04:20 [info]: Received GET request to /api/warehouses
2025-07-02 00:04:20 [info]: Received GET request to /api/products
2025-07-02 00:04:21 [info]: Received GET request to /api/categories
2025-07-02 00:04:21 [info]: Received GET request to /api/products
2025-07-02 00:04:21 [info]: Received GET request to /api/categories
2025-07-02 00:04:21 [info]: Received GET request to /api/products
2025-07-02 00:04:22 [info]: Received GET request to /api/categories
2025-07-02 00:04:22 [info]: Received GET request to /api/products
2025-07-02 00:04:22 [info]: Received GET request to /api/categories
2025-07-02 00:04:22 [info]: Received GET request to /api/products
2025-07-02 00:04:22 [info]: Received GET request to /api/categories
2025-07-02 00:04:22 [info]: Received GET request to /api/products
2025-07-02 00:04:22 [info]: Received GET request to /api/warehouses
2025-07-02 00:04:22 [info]: Received GET request to /api/suppliers
2025-07-02 00:04:23 [info]: Received GET request to /api/categories
2025-07-02 00:04:23 [info]: Received GET request to /api/warehouses
2025-07-02 00:04:23 [info]: Received GET request to /api/suppliers
2025-07-02 00:04:23 [info]: Received GET request to /api/products
2025-07-02 00:04:24 [info]: Received GET request to /api/warehouses
2025-07-02 00:04:24 [info]: Received GET request to /api/warehouses
2025-07-02 00:04:26 [info]: Received GET request to /api/products?warehouse=685f821d7f06f062226d2bf5
2025-07-02 00:04:38 [info]: Received GET request to /api/notifications
2025-07-02 00:05:08 [info]: Received GET request to /api/notifications
2025-07-02 00:05:38 [info]: Received GET request to /api/notifications
2025-07-02 00:05:52 [info]: Received GET request to /api/products?warehouse=685f81f67f06f062226d2bf2
2025-07-02 00:06:04 [info]: Received GET request to /api/products?warehouse=685f821d7f06f062226d2bf5
2025-07-02 00:06:08 [info]: Received GET request to /api/notifications
2025-07-02 00:06:17 [info]: Received GET request to /api/products?warehouse=685f81f67f06f062226d2bf2
2025-07-02 00:06:39 [info]: Received GET request to /api/notifications
2025-07-02 00:07:09 [info]: Received GET request to /api/notifications
2025-07-02 00:07:39 [info]: Received GET request to /api/notifications
2025-07-02 00:08:09 [info]: Received GET request to /api/notifications
2025-07-02 00:08:47 [info]: Received GET request to /api/warehouses
2025-07-02 00:08:58 [info]: Received GET request to /api/notifications
2025-07-02 00:09:38 [info]: Received GET request to /api/notifications
2025-07-02 00:09:43 [info]: Received GET request to /api/products
2025-07-02 00:09:43 [info]: Received GET request to /api/lots
2025-07-02 00:09:43 [info]: Received GET request to /api/warehouses
2025-07-02 00:09:43 [info]: Received GET request to /api/lots
2025-07-02 00:09:43 [info]: Received GET request to /api/warehouses
2025-07-02 00:09:43 [info]: Received GET request to /api/products
2025-07-02 00:09:44 [info]: Received GET request to /api/products
2025-07-02 00:09:44 [info]: Received GET request to /api/warehouses
2025-07-02 00:09:44 [info]: Received GET request to /api/warehouses
2025-07-02 00:09:44 [info]: Received GET request to /api/products
2025-07-02 00:09:45 [info]: Received GET request to /api/products
2025-07-02 00:09:45 [info]: Received GET request to /api/lots
2025-07-02 00:09:45 [info]: Received GET request to /api/warehouses
2025-07-02 00:09:45 [info]: Received GET request to /api/lots
2025-07-02 00:09:45 [info]: Received GET request to /api/warehouses
2025-07-02 00:09:45 [info]: Received GET request to /api/products
2025-07-02 00:09:45 [info]: Received GET request to /api/suppliers
2025-07-02 00:09:45 [info]: Received GET request to /api/suppliers
2025-07-02 00:09:45 [info]: Received GET request to /api/products
2025-07-02 00:09:45 [info]: Received GET request to /api/lots
2025-07-02 00:09:45 [info]: Received GET request to /api/warehouses
2025-07-02 00:09:45 [info]: Received GET request to /api/lots
2025-07-02 00:09:45 [info]: Received GET request to /api/products
2025-07-02 00:09:45 [info]: Received GET request to /api/warehouses
2025-07-02 00:09:47 [info]: Received GET request to /api/products
2025-07-02 00:09:47 [info]: Received GET request to /api/warehouses
2025-07-02 00:09:47 [info]: Received GET request to /api/suppliers
2025-07-02 00:09:47 [info]: Received GET request to /api/categories
2025-07-02 00:09:47 [info]: Received GET request to /api/warehouses
2025-07-02 00:09:47 [info]: Received GET request to /api/products
2025-07-02 00:09:47 [info]: Received GET request to /api/suppliers
2025-07-02 00:09:47 [info]: Received GET request to /api/categories
2025-07-02 00:09:48 [info]: Received GET request to /api/warehouses
2025-07-02 00:09:48 [info]: Received GET request to /api/lot-management?searchQuery=&warehouse=all&page=1&limit=25
2025-07-02 00:09:48 [info]: Fetching lot management data
2025-07-02 00:09:48 [info]: Received GET request to /api/warehouses
2025-07-02 00:09:48 [info]: Received GET request to /api/lot-management?searchQuery=&warehouse=all&page=1&limit=25
2025-07-02 00:09:48 [info]: Fetching lot management data
2025-07-02 00:09:50 [info]: Received GET request to /api/warehouses
2025-07-02 00:09:50 [info]: Received GET request to /api/warehouses
2025-07-02 00:09:50 [info]: Received GET request to /api/receive-history?startDate=02-07-2025&endDate=02-07-2025&warehouse=&searchQuery=&userQuery=&page=1&limit=25
2025-07-02 00:09:50 [info]: Received GET request to /api/receive-history?startDate=02-07-2025&endDate=02-07-2025&warehouse=&searchQuery=&userQuery=&page=1&limit=25
2025-07-02 00:09:52 [info]: Received GET request to /api/categories
2025-07-02 00:09:52 [info]: Received GET request to /api/warehouses
2025-07-02 00:09:52 [info]: Received GET request to /api/products
2025-07-02 00:09:52 [info]: Received GET request to /api/suppliers
2025-07-02 00:09:52 [info]: Received GET request to /api/categories
2025-07-02 00:09:52 [info]: Received GET request to /api/warehouses
2025-07-02 00:09:52 [info]: Received GET request to /api/products
2025-07-02 00:09:52 [info]: Received GET request to /api/suppliers
2025-07-02 00:10:02 [info]: Received GET request to /api/warehouses
2025-07-02 00:10:02 [info]: Received GET request to /api/receive-history?startDate=02-07-2025&endDate=02-07-2025&warehouse=&searchQuery=&userQuery=&page=1&limit=25
2025-07-02 00:10:02 [info]: Received GET request to /api/warehouses
2025-07-02 00:10:02 [info]: Received GET request to /api/receive-history?startDate=02-07-2025&endDate=02-07-2025&warehouse=&searchQuery=&userQuery=&page=1&limit=25
2025-07-02 00:10:04 [info]: Received GET request to /api/warehouses
2025-07-02 00:10:04 [info]: Received GET request to /api/warehouses
2025-07-02 00:10:04 [info]: Received GET request to /api/lot-management?searchQuery=&warehouse=all&page=1&limit=25
2025-07-02 00:10:04 [info]: Fetching lot management data
2025-07-02 00:10:04 [info]: Received GET request to /api/lot-management?searchQuery=&warehouse=all&page=1&limit=25
2025-07-02 00:10:04 [info]: Fetching lot management data
2025-07-02 00:10:08 [info]: Received GET request to /api/notifications
2025-07-02 00:10:39 [info]: Received GET request to /api/notifications
2025-07-02 00:11:09 [info]: Received GET request to /api/notifications
2025-07-02 00:11:58 [info]: Received GET request to /api/notifications
2025-07-02 00:12:08 [info]: Received GET request to /api/notifications
2025-07-02 00:12:13 [info]: Received GET request to /api/lot-management?searchQuery=&warehouse=Phnom+Penh+Warehouse&page=1&limit=25
2025-07-02 00:12:13 [info]: Fetching lot management data
2025-07-02 00:12:23 [info]: Received GET request to /api/lot-management?searchQuery=&warehouse=Kampng+Cham+Warehouse&page=1&limit=25
2025-07-02 00:12:23 [info]: Fetching lot management data
2025-07-02 00:12:39 [info]: Received GET request to /api/notifications
2025-07-02 00:13:09 [info]: Received GET request to /api/notifications
2025-07-02 00:13:58 [info]: Received GET request to /api/notifications
2025-07-02 00:14:58 [info]: Received GET request to /api/notifications
2025-07-02 00:15:58 [info]: Received GET request to /api/notifications
2025-07-02 00:16:58 [info]: Received GET request to /api/notifications
2025-07-02 00:17:04 [info]: Logger initialized successfully
2025-07-02 00:17:05 [info]: Server running on port 3000
2025-07-02 00:17:05 [info]: Connected to MongoDB
2025-07-02 00:17:13 [info]: Received GET request to /api/notifications
2025-07-02 00:17:15 [info]: Received GET request to /api/notifications
2025-07-02 00:17:15 [info]: Received GET request to /api/warehouses
2025-07-02 00:17:15 [info]: Received GET request to /api/lot-management?searchQuery=&warehouse=all&page=1&limit=25
2025-07-02 00:17:15 [info]: Fetching lot management data
2025-07-02 00:17:15 [info]: Received GET request to /api/notifications
2025-07-02 00:17:15 [info]: Received GET request to /api/warehouses
2025-07-02 00:17:15 [info]: Received GET request to /api/lot-management?searchQuery=&warehouse=all&page=1&limit=25
2025-07-02 00:17:15 [info]: Fetching lot management data
2025-07-02 00:17:19 [info]: Received GET request to /api/warehouses
2025-07-02 00:17:19 [info]: Received GET request to /api/warehouses
2025-07-02 00:17:22 [info]: Received GET request to /api/products?warehouse=685f821d7f06f062226d2bf5
2025-07-02 00:17:45 [info]: Received GET request to /api/notifications
2025-07-02 00:18:16 [info]: Received GET request to /api/notifications
2025-07-02 00:18:46 [info]: Received GET request to /api/notifications
2025-07-02 00:19:16 [info]: Received GET request to /api/notifications
2025-07-02 00:19:46 [info]: Received GET request to /api/notifications
2025-07-02 00:20:16 [info]: Received GET request to /api/notifications
2025-07-02 00:20:58 [info]: Received GET request to /api/notifications
2025-07-02 00:21:58 [info]: Received GET request to /api/notifications
2025-07-02 00:22:11 [info]: Logger initialized successfully
2025-07-02 00:22:12 [info]: Server running on port 3000
2025-07-02 00:22:12 [info]: Connected to MongoDB
2025-07-02 00:22:16 [info]: Received GET request to /api/notifications
2025-07-02 00:22:16 [info]: Received GET request to /api/warehouses
2025-07-02 00:22:16 [info]: Received GET request to /api/notifications
2025-07-02 00:22:16 [info]: Received GET request to /api/warehouses
2025-07-02 00:22:18 [info]: Received GET request to /api/products?warehouse=685f821d7f06f062226d2bf5
2025-07-02 00:22:26 [info]: Received GET request to /api/notifications
2025-07-02 00:22:26 [info]: Received GET request to /api/warehouses
2025-07-02 00:22:26 [info]: Received GET request to /api/warehouses
2025-07-02 00:22:26 [info]: Received GET request to /api/notifications
2025-07-02 00:22:28 [info]: Received GET request to /api/warehouses
2025-07-02 00:22:28 [info]: Received GET request to /api/users
2025-07-02 00:22:28 [info]: Received GET request to /api/warehouses
2025-07-02 00:22:28 [info]: Received GET request to /api/users
2025-07-02 00:22:30 [info]: Received GET request to /api/warehouses
2025-07-02 00:22:30 [info]: Received GET request to /api/products
2025-07-02 00:22:30 [info]: Received GET request to /api/categories
2025-07-02 00:22:30 [info]: Received GET request to /api/suppliers
2025-07-02 00:22:30 [info]: Received GET request to /api/warehouses
2025-07-02 00:22:30 [info]: Received GET request to /api/categories
2025-07-02 00:22:30 [info]: Received GET request to /api/suppliers
2025-07-02 00:22:30 [info]: Received GET request to /api/products
2025-07-02 00:22:31 [info]: Received GET request to /api/warehouses
2025-07-02 00:22:31 [info]: Received GET request to /api/warehouses
2025-07-02 00:22:31 [info]: Received GET request to /api/receive-history?startDate=02-07-2025&endDate=02-07-2025&warehouse=&searchQuery=&userQuery=&page=1&limit=25
2025-07-02 00:22:31 [info]: Received GET request to /api/receive-history?startDate=02-07-2025&endDate=02-07-2025&warehouse=&searchQuery=&userQuery=&page=1&limit=25
2025-07-02 00:22:34 [info]: Received GET request to /api/warehouses
2025-07-02 00:22:34 [info]: Received GET request to /api/warehouses
2025-07-02 00:22:38 [info]: Received GET request to /api/products?warehouse=685f821d7f06f062226d2bf5
2025-07-02 00:22:40 [info]: Received GET request to /api/products?warehouse=685f81f67f06f062226d2bf2
2025-07-02 00:22:56 [info]: Received GET request to /api/notifications
2025-07-02 00:23:20 [info]: Received GET request to /api/notifications
2025-07-02 00:23:20 [info]: Received GET request to /api/warehouses
2025-07-02 00:23:20 [info]: Received GET request to /api/warehouses
2025-07-02 00:23:20 [info]: Received GET request to /api/notifications
2025-07-02 00:23:24 [info]: Received POST request to /api/login
2025-07-02 00:23:24 [info]: Login attempt:
2025-07-02 00:23:24 [info]: Received GET request to /api/notifications
2025-07-02 00:23:24 [info]: Received GET request to /api/warehouses
2025-07-02 00:23:24 [info]: Received GET request to /api/products
2025-07-02 00:23:24 [info]: Received GET request to /api/lots
2025-07-02 00:23:24 [info]: Received GET request to /api/notifications
2025-07-02 00:23:24 [info]: Received GET request to /api/warehouses
2025-07-02 00:23:24 [info]: Received GET request to /api/lots
2025-07-02 00:23:24 [info]: Received GET request to /api/products
2025-07-02 00:23:26 [info]: Received GET request to /api/warehouses
2025-07-02 00:23:26 [info]: Received GET request to /api/users
2025-07-02 00:23:26 [info]: Received GET request to /api/warehouses
2025-07-02 00:23:26 [info]: Received GET request to /api/users
2025-07-02 00:23:27 [info]: Received GET request to /api/warehouses
2025-07-02 00:23:27 [info]: Received GET request to /api/warehouses
2025-07-02 00:23:30 [info]: Received GET request to /api/products?warehouse=685f81f67f06f062226d2bf2
2025-07-02 00:23:36 [info]: Received GET request to /api/products?warehouse=685f821d7f06f062226d2bf5
2025-07-02 00:23:54 [info]: Received GET request to /api/notifications
2025-07-02 00:24:24 [info]: Received GET request to /api/notifications
2025-07-02 00:24:54 [info]: Received GET request to /api/notifications
2025-07-02 00:25:24 [info]: Received GET request to /api/notifications
2025-07-02 00:25:33 [info]: Logger initialized successfully
2025-07-02 00:25:33 [info]: Server running on port 3000
2025-07-02 00:25:34 [info]: Connected to MongoDB
2025-07-02 00:25:39 [info]: Received POST request to /api/login
2025-07-02 00:25:39 [info]: Login attempt:
2025-07-02 00:25:39 [info]: Received GET request to /api/notifications
2025-07-02 00:25:39 [info]: Received GET request to /api/products
2025-07-02 00:25:39 [info]: Received GET request to /api/lots
2025-07-02 00:25:39 [info]: Received GET request to /api/warehouses
2025-07-02 00:25:39 [info]: Received GET request to /api/lots
2025-07-02 00:25:39 [info]: Received GET request to /api/warehouses
2025-07-02 00:25:39 [info]: Received GET request to /api/notifications
2025-07-02 00:25:39 [info]: Received GET request to /api/products
2025-07-02 00:25:41 [info]: Received GET request to /api/warehouses
2025-07-02 00:25:41 [info]: Received GET request to /api/warehouses
2025-07-02 00:25:43 [info]: Received GET request to /api/products?warehouse=685f821d7f06f062226d2bf5
2025-07-02 00:25:46 [info]: Received GET request to /api/lots?productId=685f82367f06f062226d2c0b&warehouse=685f821d7f06f062226d2bf5
2025-07-02 00:25:51 [info]: Received GET request to /api/lots?productId=685f82377f06f062226d2c2d&warehouse=685f821d7f06f062226d2bf5
2025-07-02 00:25:53 [info]: Received GET request to /api/lots?productId=685f82377f06f062226d2c32&warehouse=685f821d7f06f062226d2bf5
2025-07-02 00:25:58 [info]: Received GET request to /api/products?warehouse=685f81f67f06f062226d2bf2
2025-07-02 00:26:00 [info]: Received GET request to /api/lots?productId=685f82367f06f062226d2c08&warehouse=685f81f67f06f062226d2bf2
2025-07-02 00:26:09 [info]: Received GET request to /api/notifications
2025-07-02 00:26:39 [info]: Received GET request to /api/notifications
2025-07-02 00:27:09 [info]: Received GET request to /api/notifications
2025-07-02 00:27:39 [info]: Received GET request to /api/notifications
2025-07-02 00:28:09 [info]: Received GET request to /api/notifications
2025-07-02 00:28:37 [info]: Received GET request to /api/notifications
2025-07-02 00:28:37 [info]: Received GET request to /api/warehouses
2025-07-02 00:28:37 [info]: Received GET request to /api/warehouses
2025-07-02 00:28:37 [info]: Received GET request to /api/notifications
2025-07-02 00:28:40 [info]: Received GET request to /api/warehouses
2025-07-02 00:28:40 [info]: Received GET request to /api/products
2025-07-02 00:28:40 [info]: Received GET request to /api/lots
2025-07-02 00:28:40 [info]: Received GET request to /api/warehouses
2025-07-02 00:28:40 [info]: Received GET request to /api/lots
2025-07-02 00:28:40 [info]: Received GET request to /api/products
2025-07-02 00:28:41 [info]: Received GET request to /api/products
2025-07-02 00:28:41 [info]: Received GET request to /api/warehouses
2025-07-02 00:28:41 [info]: Received GET request to /api/categories
2025-07-02 00:28:41 [info]: Received GET request to /api/suppliers
2025-07-02 00:28:41 [info]: Received GET request to /api/warehouses
2025-07-02 00:28:41 [info]: Received GET request to /api/products
2025-07-02 00:28:41 [info]: Received GET request to /api/categories
2025-07-02 00:28:41 [info]: Received GET request to /api/suppliers
2025-07-02 00:28:42 [info]: Received GET request to /api/warehouses
2025-07-02 00:28:43 [info]: Received GET request to /api/receive-history?startDate=02-07-2025&endDate=02-07-2025&warehouse=&searchQuery=&userQuery=&page=1&limit=25
2025-07-02 00:28:43 [info]: Received GET request to /api/warehouses
2025-07-02 00:28:43 [info]: Received GET request to /api/receive-history?startDate=02-07-2025&endDate=02-07-2025&warehouse=&searchQuery=&userQuery=&page=1&limit=25
2025-07-02 00:28:44 [info]: Received GET request to /api/products
2025-07-02 00:28:44 [info]: Received GET request to /api/categories
2025-07-02 00:28:44 [info]: Received GET request to /api/warehouses
2025-07-02 00:28:44 [info]: Received GET request to /api/suppliers
2025-07-02 00:28:44 [info]: Received GET request to /api/categories
2025-07-02 00:28:44 [info]: Received GET request to /api/warehouses
2025-07-02 00:28:44 [info]: Received GET request to /api/suppliers
2025-07-02 00:28:44 [info]: Received GET request to /api/products
2025-07-02 00:28:46 [info]: Received GET request to /api/warehouses
2025-07-02 00:28:46 [info]: Received GET request to /api/lot-management?searchQuery=&warehouse=all&page=1&limit=25
2025-07-02 00:28:46 [info]: Fetching lot management data
2025-07-02 00:28:46 [info]: Received GET request to /api/warehouses
2025-07-02 00:28:46 [info]: Received GET request to /api/lot-management?searchQuery=&warehouse=all&page=1&limit=25
2025-07-02 00:28:46 [info]: Fetching lot management data
2025-07-02 00:28:50 [info]: Received GET request to /api/products
2025-07-02 00:28:50 [info]: Received GET request to /api/categories
2025-07-02 00:28:50 [info]: Received GET request to /api/warehouses
2025-07-02 00:28:50 [info]: Received GET request to /api/suppliers
2025-07-02 00:28:50 [info]: Received GET request to /api/categories
2025-07-02 00:28:50 [info]: Received GET request to /api/warehouses
2025-07-02 00:28:50 [info]: Received GET request to /api/suppliers
2025-07-02 00:28:50 [info]: Received GET request to /api/products
2025-07-02 00:29:07 [info]: Received GET request to /api/notifications
2025-07-02 00:29:10 [info]: Received POST request to /api/receive
2025-07-02 00:29:10 [error]: Error receiving stock: Path "name" is not in schema, strict mode is `true`, and upsert is `true`.
2025-07-02 00:29:29 [info]: Received POST request to /api/receive
2025-07-02 00:29:29 [error]: Error receiving stock: Path "name" is not in schema, strict mode is `true`, and upsert is `true`.
2025-07-02 00:29:37 [info]: Received GET request to /api/notifications
2025-07-02 00:29:41 [info]: Received GET request to /api/notifications
2025-07-02 00:29:41 [info]: Received GET request to /api/products
2025-07-02 00:29:41 [info]: Received GET request to /api/categories
2025-07-02 00:29:41 [info]: Received GET request to /api/warehouses
2025-07-02 00:29:41 [info]: Received GET request to /api/suppliers
2025-07-02 00:29:41 [info]: Received GET request to /api/notifications
2025-07-02 00:29:41 [info]: Received GET request to /api/categories
2025-07-02 00:29:41 [info]: Received GET request to /api/warehouses
2025-07-02 00:29:41 [info]: Received GET request to /api/suppliers
2025-07-02 00:29:41 [info]: Received GET request to /api/products
2025-07-02 00:29:45 [info]: Received GET request to /api/warehouses
2025-07-02 00:29:45 [info]: Received GET request to /api/warehouses
2025-07-02 00:29:47 [info]: Received GET request to /api/warehouses
2025-07-02 00:29:47 [info]: Received GET request to /api/lot-management?searchQuery=&warehouse=all&page=1&limit=25
2025-07-02 00:29:47 [info]: Fetching lot management data
2025-07-02 00:29:47 [info]: Received GET request to /api/warehouses
2025-07-02 00:29:47 [info]: Received GET request to /api/lot-management?searchQuery=&warehouse=all&page=1&limit=25
2025-07-02 00:29:47 [info]: Fetching lot management data
2025-07-02 00:29:57 [info]: Received GET request to /api/lot-management?searchQuery=214444&warehouse=all&page=1&limit=25
2025-07-02 00:29:57 [info]: Fetching lot management data
2025-07-02 00:30:00 [info]: Received GET request to /api/warehouses
2025-07-02 00:30:00 [info]: Received GET request to /api/receive-history?startDate=02-07-2025&endDate=02-07-2025&warehouse=&searchQuery=&userQuery=&page=1&limit=25
2025-07-02 00:30:00 [info]: Received GET request to /api/warehouses
2025-07-02 00:30:00 [info]: Received GET request to /api/receive-history?startDate=02-07-2025&endDate=02-07-2025&warehouse=&searchQuery=&userQuery=&page=1&limit=25
2025-07-02 00:30:04 [info]: Received GET request to /api/warehouses
2025-07-02 00:30:04 [info]: Received GET request to /api/receive-history?startDate=02-07-2025&endDate=02-07-2025&warehouse=Phnom+Penh+Warehouse&searchQuery=&userQuery=&page=1&limit=25
2025-07-02 00:30:05 [info]: Received GET request to /api/warehouses
2025-07-02 00:30:05 [info]: Received GET request to /api/receive-history?startDate=02-07-2025&endDate=02-07-2025&warehouse=all&searchQuery=&userQuery=&page=1&limit=25
2025-07-02 00:30:06 [info]: Received GET request to /api/receive-history?startDate=02-07-2025&endDate=02-07-2025&warehouse=all&searchQuery=&userQuery=&page=1&limit=25
2025-07-02 00:30:07 [info]: Received GET request to /api/warehouses
2025-07-02 00:30:07 [info]: Received GET request to /api/receive-history?startDate=02-07-2025&endDate=02-07-2025&warehouse=&searchQuery=&userQuery=&page=1&limit=25
2025-07-02 00:30:08 [info]: Received GET request to /api/warehouses
2025-07-02 00:30:08 [info]: Received GET request to /api/warehouses
2025-07-02 00:30:11 [info]: Received GET request to /api/products?warehouse=685f821d7f06f062226d2bf5
2025-07-02 00:30:11 [info]: Received GET request to /api/notifications
2025-07-02 00:30:12 [info]: Received GET request to /api/lots?productId=685f82367f06f062226d2c0c&warehouse=685f821d7f06f062226d2bf5
2025-07-02 00:30:16 [info]: Received GET request to /api/lots?productId=685f82367f06f062226d2c0b&warehouse=685f821d7f06f062226d2bf5
2025-07-02 00:30:20 [info]: Received GET request to /api/lots?productId=685f82367f06f062226d2c0a&warehouse=685f821d7f06f062226d2bf5
2025-07-02 00:30:25 [info]: Received GET request to /api/products
2025-07-02 00:30:25 [info]: Received GET request to /api/categories
2025-07-02 00:30:25 [info]: Received GET request to /api/suppliers
2025-07-02 00:30:25 [info]: Received GET request to /api/warehouses
2025-07-02 00:30:25 [info]: Received GET request to /api/categories
2025-07-02 00:30:25 [info]: Received GET request to /api/suppliers
2025-07-02 00:30:25 [info]: Received GET request to /api/warehouses
2025-07-02 00:30:25 [info]: Received GET request to /api/products
2025-07-02 00:30:41 [info]: Received GET request to /api/notifications
2025-07-02 00:30:52 [info]: Received POST request to /api/receive
2025-07-02 00:30:52 [error]: Error receiving stock: Path "name" is not in schema, strict mode is `true`, and upsert is `true`.
2025-07-02 00:30:56 [info]: Received GET request to /api/warehouses
2025-07-02 00:30:56 [info]: Received GET request to /api/warehouses
2025-07-02 00:30:58 [info]: Received GET request to /api/warehouses
2025-07-02 00:30:58 [info]: Received GET request to /api/warehouses
2025-07-02 00:30:58 [info]: Received GET request to /api/users
2025-07-02 00:30:58 [info]: Received GET request to /api/users
2025-07-02 00:30:59 [info]: Received GET request to /api/lots
2025-07-02 00:30:59 [info]: Received GET request to /api/lots
2025-07-02 00:31:00 [info]: Received GET request to /api/warehouses
2025-07-02 00:31:00 [info]: Received GET request to /api/warehouses
2025-07-02 00:31:03 [info]: Received GET request to /api/products?warehouse=685f821d7f06f062226d2bf5
2025-07-02 00:31:06 [info]: Received GET request to /api/lots?productId=685f82377f06f062226d2c2d&warehouse=685f821d7f06f062226d2bf5
2025-07-02 00:31:11 [info]: Received GET request to /api/notifications
2025-07-02 00:31:41 [info]: Received GET request to /api/notifications
2025-07-02 00:32:11 [info]: Received GET request to /api/notifications
2025-07-02 00:32:41 [info]: Received GET request to /api/notifications
2025-07-02 00:33:11 [info]: Received GET request to /api/notifications
2025-07-02 00:33:41 [info]: Received GET request to /api/notifications
2025-07-02 00:33:58 [info]: Logger initialized successfully
2025-07-02 00:33:58 [info]: Server running on port 3000
2025-07-02 00:33:59 [info]: Connected to MongoDB
2025-07-02 00:34:02 [info]: Received GET request to /api/notifications
2025-07-02 00:34:02 [info]: Received GET request to /api/warehouses
2025-07-02 00:34:02 [info]: Received GET request to /api/notifications
2025-07-02 00:34:02 [info]: Received GET request to /api/warehouses
2025-07-02 00:34:06 [info]: Received GET request to /api/notifications
2025-07-02 00:34:06 [info]: Received GET request to /api/warehouses
2025-07-02 00:34:06 [info]: Received GET request to /api/warehouses
2025-07-02 00:34:06 [info]: Received GET request to /api/notifications
2025-07-02 00:34:09 [info]: Received GET request to /api/products?warehouse=685f821d7f06f062226d2bf5
2025-07-02 00:34:11 [info]: Received GET request to /api/lots?productId=685f82367f06f062226d2c0d&warehouse=685f821d7f06f062226d2bf5
2025-07-02 00:34:17 [info]: Received GET request to /api/lots?productId=685f82367f06f062226d2c0c&warehouse=685f821d7f06f062226d2bf5
2025-07-02 00:34:22 [info]: Received GET request to /api/lots?productId=685f82367f06f062226d2c0a&warehouse=685f821d7f06f062226d2bf5
2025-07-02 00:34:27 [info]: Received GET request to /api/products
2025-07-02 00:34:27 [info]: Received GET request to /api/warehouses
2025-07-02 00:34:27 [info]: Received GET request to /api/categories
2025-07-02 00:34:27 [info]: Received GET request to /api/suppliers
2025-07-02 00:34:27 [info]: Received GET request to /api/warehouses
2025-07-02 00:34:27 [info]: Received GET request to /api/categories
2025-07-02 00:34:27 [info]: Received GET request to /api/products
2025-07-02 00:34:27 [info]: Received GET request to /api/suppliers
2025-07-02 00:34:29 [info]: Received GET request to /api/warehouses
2025-07-02 00:34:29 [info]: Received GET request to /api/receive-history?startDate=02-07-2025&endDate=02-07-2025&warehouse=&searchQuery=&userQuery=&page=1&limit=25
2025-07-02 00:34:29 [info]: Received GET request to /api/warehouses
2025-07-02 00:34:29 [info]: Received GET request to /api/receive-history?startDate=02-07-2025&endDate=02-07-2025&warehouse=&searchQuery=&userQuery=&page=1&limit=25
2025-07-02 00:34:32 [info]: Received GET request to /api/products
2025-07-02 00:34:32 [info]: Received GET request to /api/categories
2025-07-02 00:34:32 [info]: Received GET request to /api/warehouses
2025-07-02 00:34:32 [info]: Received GET request to /api/suppliers
2025-07-02 00:34:32 [info]: Received GET request to /api/categories
2025-07-02 00:34:32 [info]: Received GET request to /api/warehouses
2025-07-02 00:34:32 [info]: Received GET request to /api/suppliers
2025-07-02 00:34:32 [info]: Received GET request to /api/products
2025-07-02 00:34:36 [info]: Received GET request to /api/notifications
2025-07-02 00:35:00 [info]: Received POST request to /api/receive
2025-07-02 00:35:00 [error]: Error receiving stock: Path "name" is not in schema, strict mode is `true`, and upsert is `true`.
2025-07-02 00:35:06 [info]: Received GET request to /api/notifications
2025-07-02 00:35:17 [info]: Received GET request to /api/warehouses
2025-07-02 00:35:17 [info]: Received GET request to /api/receive-history?startDate=02-07-2025&endDate=02-07-2025&warehouse=&searchQuery=&userQuery=&page=1&limit=25
2025-07-02 00:35:17 [info]: Received GET request to /api/warehouses
2025-07-02 00:35:17 [info]: Received GET request to /api/receive-history?startDate=02-07-2025&endDate=02-07-2025&warehouse=&searchQuery=&userQuery=&page=1&limit=25
2025-07-02 00:35:18 [info]: Received GET request to /api/warehouses
2025-07-02 00:35:18 [info]: Received GET request to /api/lot-management?searchQuery=&warehouse=all&page=1&limit=25
2025-07-02 00:35:18 [info]: Fetching lot management data
2025-07-02 00:35:18 [info]: Received GET request to /api/warehouses
2025-07-02 00:35:18 [info]: Received GET request to /api/lot-management?searchQuery=&warehouse=all&page=1&limit=25
2025-07-02 00:35:18 [info]: Fetching lot management data
2025-07-02 00:35:23 [info]: Received GET request to /api/warehouses
2025-07-02 00:35:23 [info]: Received GET request to /api/receive-history?startDate=02-07-2025&endDate=02-07-2025&warehouse=&searchQuery=&userQuery=&page=1&limit=25
2025-07-02 00:35:23 [info]: Received GET request to /api/warehouses
2025-07-02 00:35:23 [info]: Received GET request to /api/receive-history?startDate=02-07-2025&endDate=02-07-2025&warehouse=&searchQuery=&userQuery=&page=1&limit=25
2025-07-02 00:35:24 [info]: Received GET request to /api/warehouses
2025-07-02 00:35:24 [info]: Received GET request to /api/products
2025-07-02 00:35:24 [info]: Received GET request to /api/categories
2025-07-02 00:35:24 [info]: Received GET request to /api/suppliers
2025-07-02 00:35:24 [info]: Received GET request to /api/warehouses
2025-07-02 00:35:24 [info]: Received GET request to /api/categories
2025-07-02 00:35:24 [info]: Received GET request to /api/suppliers
2025-07-02 00:35:24 [info]: Received GET request to /api/products
2025-07-02 00:35:25 [info]: Received GET request to /api/categories
2025-07-02 00:35:25 [info]: Received GET request to /api/products
2025-07-02 00:35:25 [info]: Received GET request to /api/categories
2025-07-02 00:35:25 [info]: Received GET request to /api/products
2025-07-02 00:35:26 [info]: Received GET request to /api/warehouses
2025-07-02 00:35:26 [info]: Received GET request to /api/receive-history?startDate=02-07-2025&endDate=02-07-2025&warehouse=&searchQuery=&userQuery=&page=1&limit=25
2025-07-02 00:35:26 [info]: Received GET request to /api/warehouses
2025-07-02 00:35:26 [info]: Received GET request to /api/receive-history?startDate=02-07-2025&endDate=02-07-2025&warehouse=&searchQuery=&userQuery=&page=1&limit=25
2025-07-02 00:35:27 [info]: Received GET request to /api/products
2025-07-02 00:35:27 [info]: Received GET request to /api/categories
2025-07-02 00:35:27 [info]: Received GET request to /api/warehouses
2025-07-02 00:35:27 [info]: Received GET request to /api/suppliers
2025-07-02 00:35:27 [info]: Received GET request to /api/categories
2025-07-02 00:35:27 [info]: Received GET request to /api/warehouses
2025-07-02 00:35:27 [info]: Received GET request to /api/suppliers
2025-07-02 00:35:27 [info]: Received GET request to /api/products
2025-07-02 00:35:36 [info]: Received GET request to /api/notifications
2025-07-02 00:35:44 [info]: Received GET request to /api/warehouses
2025-07-02 00:35:44 [info]: Received GET request to /api/receive-history?startDate=02-07-2025&endDate=02-07-2025&warehouse=&searchQuery=&userQuery=&page=1&limit=25
2025-07-02 00:35:44 [info]: Received GET request to /api/warehouses
2025-07-02 00:35:44 [info]: Received GET request to /api/receive-history?startDate=02-07-2025&endDate=02-07-2025&warehouse=&searchQuery=&userQuery=&page=1&limit=25
2025-07-02 00:35:45 [info]: Received GET request to /api/warehouses
2025-07-02 00:35:45 [info]: Received GET request to /api/warehouses
2025-07-02 00:35:45 [info]: Received GET request to /api/users
2025-07-02 00:35:45 [info]: Received GET request to /api/users
2025-07-02 00:35:46 [info]: Received GET request to /api/warehouses
2025-07-02 00:35:46 [info]: Received GET request to /api/warehouses
2025-07-02 00:35:48 [info]: Received GET request to /api/products?warehouse=685f821d7f06f062226d2bf5
2025-07-02 00:35:49 [info]: Received GET request to /api/lots?productId=685f82367f06f062226d2c0c&warehouse=685f821d7f06f062226d2bf5
2025-07-02 00:35:58 [info]: Received POST request to /api/manage-damage
2025-07-02 00:36:06 [info]: Received GET request to /api/notifications
2025-07-02 00:36:09 [info]: Received GET request to /api/products
2025-07-02 00:36:09 [info]: Received GET request to /api/categories
2025-07-02 00:36:09 [info]: Received GET request to /api/warehouses
2025-07-02 00:36:09 [info]: Received GET request to /api/suppliers
2025-07-02 00:36:09 [info]: Received GET request to /api/categories
2025-07-02 00:36:09 [info]: Received GET request to /api/warehouses
2025-07-02 00:36:09 [info]: Received GET request to /api/suppliers
2025-07-02 00:36:09 [info]: Received GET request to /api/products
2025-07-02 00:36:15 [info]: Received GET request to /api/warehouses
2025-07-02 00:36:15 [info]: Received GET request to /api/lot-management?searchQuery=&warehouse=all&page=1&limit=25
2025-07-02 00:36:15 [info]: Fetching lot management data
2025-07-02 00:36:15 [info]: Received GET request to /api/warehouses
2025-07-02 00:36:15 [info]: Received GET request to /api/lot-management?searchQuery=&warehouse=all&page=1&limit=25
2025-07-02 00:36:15 [info]: Fetching lot management data
2025-07-02 00:36:20 [info]: Received GET request to /api/warehouses
2025-07-02 00:36:20 [info]: Received GET request to /api/receive-history?startDate=02-07-2025&endDate=02-07-2025&warehouse=&searchQuery=&userQuery=&page=1&limit=25
2025-07-02 00:36:20 [info]: Received GET request to /api/warehouses
2025-07-02 00:36:20 [info]: Received GET request to /api/receive-history?startDate=02-07-2025&endDate=02-07-2025&warehouse=&searchQuery=&userQuery=&page=1&limit=25
2025-07-02 00:36:20 [info]: Received GET request to /api/products
2025-07-02 00:36:20 [info]: Received GET request to /api/categories
2025-07-02 00:36:20 [info]: Received GET request to /api/warehouses
2025-07-02 00:36:20 [info]: Received GET request to /api/suppliers
2025-07-02 00:36:20 [info]: Received GET request to /api/categories
2025-07-02 00:36:20 [info]: Received GET request to /api/warehouses
2025-07-02 00:36:20 [info]: Received GET request to /api/suppliers
2025-07-02 00:36:20 [info]: Received GET request to /api/products
2025-07-02 00:36:36 [info]: Received GET request to /api/notifications
2025-07-02 00:37:00 [info]: Received POST request to /api/receive
2025-07-02 00:37:00 [error]: Error receiving stock: Path "name" is not in schema, strict mode is `true`, and upsert is `true`.
2025-07-02 00:37:06 [info]: Received GET request to /api/notifications
2025-07-02 00:37:36 [info]: Received GET request to /api/notifications
2025-07-02 00:37:58 [info]: Received POST request to /api/receive
2025-07-02 00:37:58 [error]: Error receiving stock: Path "name" is not in schema, strict mode is `true`, and upsert is `true`.
2025-07-02 00:38:06 [info]: Received GET request to /api/notifications
2025-07-02 00:38:29 [info]: Received POST request to /api/receive
2025-07-02 00:38:29 [error]: Error receiving stock: Path "name" is not in schema, strict mode is `true`, and upsert is `true`.
2025-07-02 00:38:36 [info]: Received GET request to /api/notifications
2025-07-02 00:39:06 [info]: Received GET request to /api/notifications
2025-07-02 00:39:36 [info]: Received GET request to /api/notifications
2025-07-02 00:39:40 [info]: Received GET request to /api/products
2025-07-02 00:39:40 [info]: Received GET request to /api/categories
2025-07-02 00:39:40 [info]: Received GET request to /api/warehouses
2025-07-02 00:39:40 [info]: Received GET request to /api/suppliers
2025-07-02 00:40:06 [info]: Received GET request to /api/notifications
2025-07-02 00:40:30 [info]: Received GET request to /api/notifications
2025-07-02 00:40:30 [info]: Received GET request to /api/categories
2025-07-02 00:40:30 [info]: Received GET request to /api/products
2025-07-02 00:40:30 [info]: Received GET request to /api/warehouses
2025-07-02 00:40:30 [info]: Received GET request to /api/suppliers
2025-07-02 00:40:30 [info]: Received GET request to /api/categories
2025-07-02 00:40:30 [info]: Received GET request to /api/warehouses
2025-07-02 00:40:30 [info]: Received GET request to /api/notifications
2025-07-02 00:40:30 [info]: Received GET request to /api/suppliers
2025-07-02 00:40:30 [info]: Received GET request to /api/products
2025-07-02 00:40:53 [info]: Received POST request to /api/receive
2025-07-02 00:40:53 [error]: Error receiving stock: Path "name" is not in schema, strict mode is `true`, and upsert is `true`.
2025-07-02 00:41:00 [info]: Received GET request to /api/notifications
2025-07-02 00:41:30 [info]: Received GET request to /api/notifications
2025-07-02 00:42:00 [info]: Received GET request to /api/notifications
2025-07-02 00:42:30 [info]: Received GET request to /api/notifications
2025-07-02 00:43:00 [info]: Received GET request to /api/notifications
2025-07-02 00:43:10 [info]: Received GET request to /api/notifications
2025-07-02 00:43:11 [info]: Received GET request to /api/products
2025-07-02 00:43:11 [info]: Received GET request to /api/categories
2025-07-02 00:43:11 [info]: Received GET request to /api/warehouses
2025-07-02 00:43:11 [info]: Received GET request to /api/suppliers
2025-07-02 00:43:11 [info]: Received GET request to /api/notifications
2025-07-02 00:43:11 [info]: Received GET request to /api/categories
2025-07-02 00:43:11 [info]: Received GET request to /api/warehouses
2025-07-02 00:43:11 [info]: Received GET request to /api/suppliers
2025-07-02 00:43:11 [info]: Received GET request to /api/products
2025-07-02 00:43:31 [info]: Received POST request to /api/receive
2025-07-02 00:43:31 [error]: Error receiving stock: Path "name" is not in schema, strict mode is `true`, and upsert is `true`.
2025-07-02 00:43:41 [info]: Received GET request to /api/notifications
2025-07-02 00:44:09 [info]: Received POST request to /api/receive
2025-07-02 00:44:09 [error]: Error receiving stock: Path "name" is not in schema, strict mode is `true`, and upsert is `true`.
2025-07-02 00:44:11 [info]: Received GET request to /api/notifications
2025-07-02 00:44:41 [info]: Received GET request to /api/notifications
2025-07-02 00:45:11 [info]: Received GET request to /api/notifications
2025-07-02 00:45:36 [info]: Logger initialized successfully
2025-07-02 00:45:36 [info]: Server running on port 3000
2025-07-02 00:45:37 [info]: Connected to MongoDB
2025-07-02 00:45:39 [info]: Received POST request to /api/login
2025-07-02 00:45:39 [info]: Login attempt:
2025-07-02 00:45:39 [info]: Received GET request to /api/notifications
2025-07-02 00:45:39 [info]: Received GET request to /api/lots
2025-07-02 00:45:39 [info]: Received GET request to /api/products
2025-07-02 00:45:39 [info]: Received GET request to /api/warehouses
2025-07-02 00:45:39 [info]: Received GET request to /api/warehouses
2025-07-02 00:45:39 [info]: Received GET request to /api/notifications
2025-07-02 00:45:39 [info]: Received GET request to /api/products
2025-07-02 00:45:39 [info]: Received GET request to /api/lots
2025-07-02 00:45:46 [info]: Received GET request to /api/notifications
2025-07-02 00:45:46 [info]: Received GET request to /api/products
2025-07-02 00:45:46 [info]: Received GET request to /api/lots
2025-07-02 00:45:46 [info]: Received GET request to /api/warehouses
2025-07-02 00:45:46 [info]: Received GET request to /api/notifications
2025-07-02 00:45:46 [info]: Received GET request to /api/warehouses
2025-07-02 00:45:46 [info]: Received GET request to /api/products
2025-07-02 00:45:46 [info]: Received GET request to /api/lots
2025-07-02 00:45:50 [info]: Received GET request to /api/warehouses
2025-07-02 00:45:50 [info]: Received GET request to /api/receive-history?startDate=02-07-2025&endDate=02-07-2025&warehouse=&searchQuery=&userQuery=&page=1&limit=25
2025-07-02 00:45:50 [info]: Received GET request to /api/warehouses
2025-07-02 00:45:50 [info]: Received GET request to /api/receive-history?startDate=02-07-2025&endDate=02-07-2025&warehouse=&searchQuery=&userQuery=&page=1&limit=25
2025-07-02 00:45:52 [info]: Received GET request to /api/products
2025-07-02 00:45:52 [info]: Received GET request to /api/categories
2025-07-02 00:45:52 [info]: Received GET request to /api/warehouses
2025-07-02 00:45:52 [info]: Received GET request to /api/suppliers
2025-07-02 00:45:52 [info]: Received GET request to /api/categories
2025-07-02 00:45:52 [info]: Received GET request to /api/warehouses
2025-07-02 00:45:52 [info]: Received GET request to /api/suppliers
2025-07-02 00:45:52 [info]: Received GET request to /api/products
2025-07-02 00:46:08 [info]: Received POST request to /api/receive
2025-07-02 00:46:08 [error]: Error receiving stock: StockTransaction validation failed: lotId: Path `lotId` is required.
2025-07-02 00:46:16 [info]: Received GET request to /api/notifications
2025-07-02 00:46:46 [info]: Received GET request to /api/notifications
2025-07-02 00:46:59 [info]: Received POST request to /api/receive
2025-07-02 00:46:59 [error]: Error receiving stock: StockTransaction validation failed: lotId: Path `lotId` is required.
2025-07-02 00:47:05 [info]: Received POST request to /api/receive
2025-07-02 00:47:05 [error]: Error receiving stock: StockTransaction validation failed: lotId: Path `lotId` is required.
2025-07-02 00:47:16 [info]: Received GET request to /api/notifications
2025-07-02 00:47:34 [info]: Received GET request to /api/notifications
2025-07-02 00:47:34 [info]: Received GET request to /api/products
2025-07-02 00:47:34 [info]: Received GET request to /api/categories
2025-07-02 00:47:34 [info]: Received GET request to /api/warehouses
2025-07-02 00:47:34 [info]: Received GET request to /api/suppliers
2025-07-02 00:47:34 [info]: Received GET request to /api/notifications
2025-07-02 00:47:34 [info]: Received GET request to /api/products
2025-07-02 00:47:34 [info]: Received GET request to /api/categories
2025-07-02 00:47:34 [info]: Received GET request to /api/warehouses
2025-07-02 00:47:34 [info]: Received GET request to /api/suppliers
2025-07-02 00:48:07 [info]: Logger initialized successfully
2025-07-02 00:48:07 [info]: Server running on port 3000
2025-07-02 00:48:07 [info]: Connected to MongoDB
2025-07-02 00:48:10 [info]: Received GET request to /api/notifications
2025-07-02 00:48:10 [info]: Received GET request to /api/products
2025-07-02 00:48:10 [info]: Received GET request to /api/categories
2025-07-02 00:48:10 [info]: Received GET request to /api/warehouses
2025-07-02 00:48:10 [info]: Received GET request to /api/suppliers
2025-07-02 00:48:11 [info]: Received GET request to /api/categories
2025-07-02 00:48:11 [info]: Received GET request to /api/warehouses
2025-07-02 00:48:11 [info]: Received GET request to /api/notifications
2025-07-02 00:48:11 [info]: Received GET request to /api/products
2025-07-02 00:48:11 [info]: Received GET request to /api/suppliers
2025-07-02 00:48:38 [info]: Received POST request to /api/receive
2025-07-02 00:48:38 [error]: Error receiving stock: Lot validation failed: qtyPerBox: Path `qtyPerBox` is required., boxCount: Path `boxCount` is required., quantity: Path `quantity` is required.
2025-07-02 00:48:40 [info]: Received GET request to /api/notifications
2025-07-02 00:48:56 [info]: Received GET request to /api/warehouses
2025-07-02 00:48:56 [info]: Received GET request to /api/receive-history?startDate=02-07-2025&endDate=02-07-2025&warehouse=&searchQuery=&userQuery=&page=1&limit=25
2025-07-02 00:48:56 [info]: Received GET request to /api/warehouses
2025-07-02 00:48:56 [info]: Received GET request to /api/receive-history?startDate=02-07-2025&endDate=02-07-2025&warehouse=&searchQuery=&userQuery=&page=1&limit=25
2025-07-02 00:48:57 [info]: Received GET request to /api/warehouses
2025-07-02 00:48:57 [info]: Received GET request to /api/products
2025-07-02 00:48:57 [info]: Received GET request to /api/categories
2025-07-02 00:48:57 [info]: Received GET request to /api/suppliers
2025-07-02 00:48:57 [info]: Received GET request to /api/warehouses
2025-07-02 00:48:57 [info]: Received GET request to /api/categories
2025-07-02 00:48:57 [info]: Received GET request to /api/suppliers
2025-07-02 00:48:57 [info]: Received GET request to /api/products
2025-07-02 00:48:59 [info]: Received GET request to /api/warehouses
2025-07-02 00:48:59 [info]: Received GET request to /api/receive-history?startDate=02-07-2025&endDate=02-07-2025&warehouse=&searchQuery=&userQuery=&page=1&limit=25
2025-07-02 00:48:59 [info]: Received GET request to /api/warehouses
2025-07-02 00:48:59 [info]: Received GET request to /api/receive-history?startDate=02-07-2025&endDate=02-07-2025&warehouse=&searchQuery=&userQuery=&page=1&limit=25
2025-07-02 00:49:03 [info]: Received GET request to /api/warehouses
2025-07-02 00:49:03 [info]: Received GET request to /api/warehouses
2025-07-02 00:49:04 [info]: Received GET request to /api/products?warehouse=685f821d7f06f062226d2bf5
2025-07-02 00:49:06 [info]: Received GET request to /api/lots?productId=685f82367f06f062226d2c0d&warehouse=685f821d7f06f062226d2bf5
2025-07-02 00:49:09 [info]: Received GET request to /api/lots?productId=685f82367f06f062226d2c0a&warehouse=685f821d7f06f062226d2bf5
2025-07-02 00:49:10 [info]: Received GET request to /api/notifications
2025-07-02 00:49:14 [info]: Received GET request to /api/products
2025-07-02 00:49:14 [info]: Received GET request to /api/categories
2025-07-02 00:49:14 [info]: Received GET request to /api/suppliers
2025-07-02 00:49:14 [info]: Received GET request to /api/warehouses
2025-07-02 00:49:14 [info]: Received GET request to /api/categories
2025-07-02 00:49:14 [info]: Received GET request to /api/suppliers
2025-07-02 00:49:14 [info]: Received GET request to /api/warehouses
2025-07-02 00:49:14 [info]: Received GET request to /api/products
2025-07-02 00:49:15 [info]: Received GET request to /api/suppliers
2025-07-02 00:49:15 [info]: Received GET request to /api/suppliers
2025-07-02 00:49:16 [info]: Received GET request to /api/products
2025-07-02 00:49:16 [info]: Received GET request to /api/warehouses
2025-07-02 00:49:16 [info]: Received GET request to /api/lots
2025-07-02 00:49:16 [info]: Received GET request to /api/warehouses
2025-07-02 00:49:16 [info]: Received GET request to /api/products
2025-07-02 00:49:16 [info]: Received GET request to /api/lots
2025-07-02 00:49:17 [info]: Received GET request to /api/products
2025-07-02 00:49:17 [info]: Received GET request to /api/categories
2025-07-02 00:49:17 [info]: Received GET request to /api/warehouses
2025-07-02 00:49:17 [info]: Received GET request to /api/suppliers
2025-07-02 00:49:17 [info]: Received GET request to /api/categories
2025-07-02 00:49:17 [info]: Received GET request to /api/warehouses
2025-07-02 00:49:17 [info]: Received GET request to /api/suppliers
2025-07-02 00:49:17 [info]: Received GET request to /api/products
2025-07-02 00:49:18 [info]: Received GET request to /api/warehouses
2025-07-02 00:49:18 [info]: Received GET request to /api/lot-management?searchQuery=&warehouse=all&page=1&limit=25
2025-07-02 00:49:18 [info]: Fetching lot management data
2025-07-02 00:49:18 [info]: Received GET request to /api/warehouses
2025-07-02 00:49:18 [info]: Received GET request to /api/lot-management?searchQuery=&warehouse=all&page=1&limit=25
2025-07-02 00:49:18 [info]: Fetching lot management data
2025-07-02 00:49:20 [info]: Received GET request to /api/warehouses
2025-07-02 00:49:20 [info]: Received GET request to /api/receive-history?startDate=02-07-2025&endDate=02-07-2025&warehouse=&searchQuery=&userQuery=&page=1&limit=25
2025-07-02 00:49:20 [info]: Received GET request to /api/warehouses
2025-07-02 00:49:20 [info]: Received GET request to /api/receive-history?startDate=02-07-2025&endDate=02-07-2025&warehouse=&searchQuery=&userQuery=&page=1&limit=25
2025-07-02 00:49:20 [info]: Received GET request to /api/warehouses
2025-07-02 00:49:20 [info]: Received GET request to /api/products
2025-07-02 00:49:20 [info]: Received GET request to /api/categories
2025-07-02 00:49:20 [info]: Received GET request to /api/suppliers
2025-07-02 00:49:20 [info]: Received GET request to /api/warehouses
2025-07-02 00:49:21 [info]: Received GET request to /api/categories
2025-07-02 00:49:21 [info]: Received GET request to /api/suppliers
2025-07-02 00:49:21 [info]: Received GET request to /api/products
2025-07-02 00:49:22 [info]: Received GET request to /api/warehouses
2025-07-02 00:49:22 [info]: Received GET request to /api/lot-management?searchQuery=&warehouse=all&page=1&limit=25
2025-07-02 00:49:22 [info]: Fetching lot management data
2025-07-02 00:49:22 [info]: Received GET request to /api/warehouses
2025-07-02 00:49:22 [info]: Received GET request to /api/lot-management?searchQuery=&warehouse=all&page=1&limit=25
2025-07-02 00:49:22 [info]: Fetching lot management data
2025-07-02 00:49:22 [info]: Received GET request to /api/warehouses
2025-07-02 00:49:22 [info]: Received GET request to /api/receive-history?startDate=02-07-2025&endDate=02-07-2025&warehouse=&searchQuery=&userQuery=&page=1&limit=25
2025-07-02 00:49:23 [info]: Received GET request to /api/warehouses
2025-07-02 00:49:23 [info]: Received GET request to /api/receive-history?startDate=02-07-2025&endDate=02-07-2025&warehouse=&searchQuery=&userQuery=&page=1&limit=25
2025-07-02 00:49:24 [info]: Received GET request to /api/products
2025-07-02 00:49:24 [info]: Received GET request to /api/categories
2025-07-02 00:49:24 [info]: Received GET request to /api/suppliers
2025-07-02 00:49:24 [info]: Received GET request to /api/warehouses
2025-07-02 00:49:24 [info]: Received GET request to /api/categories
2025-07-02 00:49:24 [info]: Received GET request to /api/warehouses
2025-07-02 00:49:24 [info]: Received GET request to /api/suppliers
2025-07-02 00:49:24 [info]: Received GET request to /api/products
2025-07-02 00:49:40 [info]: Received GET request to /api/notifications
2025-07-02 00:49:43 [info]: Received POST request to /api/login
2025-07-02 00:49:43 [info]: Login attempt:
2025-07-02 00:49:43 [info]: Received GET request to /api/notifications
2025-07-02 00:49:43 [info]: Received GET request to /api/products
2025-07-02 00:49:43 [info]: Received GET request to /api/lots
2025-07-02 00:49:43 [info]: Received GET request to /api/warehouses
2025-07-02 00:49:43 [info]: Received GET request to /api/notifications
2025-07-02 00:49:43 [info]: Received GET request to /api/warehouses
2025-07-02 00:49:43 [info]: Received GET request to /api/products
2025-07-02 00:49:43 [info]: Received GET request to /api/lots
2025-07-02 00:49:45 [info]: Received GET request to /api/products
2025-07-02 00:49:45 [info]: Received GET request to /api/warehouses
2025-07-02 00:49:45 [info]: Received GET request to /api/categories
2025-07-02 00:49:45 [info]: Received GET request to /api/suppliers
2025-07-02 00:49:45 [info]: Received GET request to /api/warehouses
2025-07-02 00:49:45 [info]: Received GET request to /api/products
2025-07-02 00:49:45 [info]: Received GET request to /api/categories
2025-07-02 00:49:45 [info]: Received GET request to /api/suppliers
2025-07-02 00:50:03 [info]: Received POST request to /api/receive
2025-07-02 00:50:03 [error]: Error receiving stock: Lot validation failed: qtyPerBox: Path `qtyPerBox` is required., boxCount: Path `boxCount` is required., quantity: Path `quantity` is required.
2025-07-02 00:50:13 [info]: Received GET request to /api/notifications
2025-07-02 00:50:19 [info]: Received POST request to /api/receive
2025-07-02 00:50:19 [error]: Error receiving stock: Lot validation failed: qtyPerBox: Path `qtyPerBox` is required., boxCount: Path `boxCount` is required., quantity: Path `quantity` is required.
2025-07-02 00:50:43 [info]: Received GET request to /api/notifications
2025-07-02 00:51:13 [info]: Received GET request to /api/notifications
2025-07-02 00:51:43 [info]: Received GET request to /api/notifications
2025-07-02 00:52:13 [info]: Received GET request to /api/notifications
2025-07-02 00:52:43 [info]: Received GET request to /api/notifications
2025-07-02 00:53:13 [info]: Received GET request to /api/notifications
2025-07-02 00:53:43 [info]: Received GET request to /api/notifications
2025-07-02 00:54:13 [info]: Received GET request to /api/notifications
2025-07-02 00:54:36 [info]: Received GET request to /api/notifications
2025-07-02 00:54:36 [info]: Received GET request to /api/categories
2025-07-02 00:54:36 [info]: Received GET request to /api/suppliers
2025-07-02 00:54:36 [info]: Received GET request to /api/warehouses
2025-07-02 00:54:36 [info]: Received GET request to /api/products
2025-07-02 00:54:36 [info]: Received GET request to /api/notifications
2025-07-02 00:54:36 [info]: Received GET request to /api/categories
2025-07-02 00:54:36 [info]: Received GET request to /api/suppliers
2025-07-02 00:54:36 [info]: Received GET request to /api/warehouses
2025-07-02 00:54:36 [info]: Received GET request to /api/products
2025-07-02 00:54:54 [info]: Received POST request to /api/receive
2025-07-02 00:54:54 [error]: Error receiving stock: Lot validation failed: qtyPerBox: Path `qtyPerBox` is required., boxCount: Path `boxCount` is required., quantity: Path `quantity` is required.
2025-07-02 00:55:06 [info]: Received GET request to /api/notifications
2025-07-02 00:55:36 [info]: Received GET request to /api/notifications
2025-07-02 00:56:06 [info]: Received GET request to /api/notifications
2025-07-02 00:56:30 [info]: Received GET request to /api/warehouses
2025-07-02 00:56:30 [info]: Received GET request to /api/lot-management?searchQuery=&warehouse=all&page=1&limit=25
2025-07-02 00:56:30 [info]: Fetching lot management data
2025-07-02 00:56:30 [info]: Received GET request to /api/warehouses
2025-07-02 00:56:30 [info]: Received GET request to /api/lot-management?searchQuery=&warehouse=all&page=1&limit=25
2025-07-02 00:56:30 [info]: Fetching lot management data
2025-07-02 00:56:36 [info]: Received GET request to /api/notifications
2025-07-02 00:57:06 [info]: Received GET request to /api/notifications
2025-07-02 00:57:36 [info]: Received GET request to /api/notifications
2025-07-02 00:57:42 [info]: Logger initialized successfully
2025-07-02 00:57:42 [info]: Server running on port 3000
2025-07-02 00:57:42 [info]: Connected to MongoDB
2025-07-02 00:57:46 [info]: Received GET request to /api/notifications
2025-07-02 00:57:46 [info]: Received GET request to /api/warehouses
2025-07-02 00:57:46 [info]: Received GET request to /api/lot-management?searchQuery=&warehouse=all&page=1&limit=25
2025-07-02 00:57:46 [info]: Fetching lot management data
2025-07-02 00:57:46 [info]: Received GET request to /api/warehouses
2025-07-02 00:57:46 [info]: Received GET request to /api/notifications
2025-07-02 00:57:46 [info]: Received GET request to /api/lot-management?searchQuery=&warehouse=all&page=1&limit=25
2025-07-02 00:57:46 [info]: Fetching lot management data
2025-07-02 00:57:46 [info]: Received GET request to /api/warehouses
2025-07-02 00:57:47 [info]: Received GET request to /api/products
2025-07-02 00:57:47 [info]: Received GET request to /api/categories
2025-07-02 00:57:47 [info]: Received GET request to /api/suppliers
2025-07-02 00:57:47 [info]: Received GET request to /api/warehouses
2025-07-02 00:57:47 [info]: Received GET request to /api/categories
2025-07-02 00:57:47 [info]: Received GET request to /api/suppliers
2025-07-02 00:57:47 [info]: Received GET request to /api/products
2025-07-02 00:58:08 [info]: Received POST request to /api/receive
2025-07-02 00:58:08 [error]: Error receiving stock: UserTransaction validation failed: description: Path `description` is required.
2025-07-02 00:58:16 [info]: Received GET request to /api/notifications
2025-07-02 00:58:42 [info]: Received GET request to /api/warehouses
2025-07-02 00:58:42 [info]: Received GET request to /api/users
2025-07-02 00:58:42 [info]: Received GET request to /api/warehouses
2025-07-02 00:58:42 [info]: Received GET request to /api/users
2025-07-02 00:58:56 [info]: Logger initialized successfully
2025-07-02 00:58:57 [info]: Server running on port 3000
2025-07-02 00:58:57 [info]: Connected to MongoDB
2025-07-02 00:58:58 [info]: Received POST request to /api/login
2025-07-02 00:58:58 [info]: Login attempt:
2025-07-02 00:58:59 [info]: Received GET request to /api/notifications
2025-07-02 00:58:59 [info]: Received GET request to /api/products
2025-07-02 00:58:59 [info]: Received GET request to /api/lots
2025-07-02 00:58:59 [info]: Received GET request to /api/warehouses
2025-07-02 00:58:59 [info]: Received GET request to /api/notifications
2025-07-02 00:58:59 [info]: Received GET request to /api/warehouses
2025-07-02 00:58:59 [info]: Received GET request to /api/products
2025-07-02 00:58:59 [info]: Received GET request to /api/lots
2025-07-02 00:59:01 [info]: Received GET request to /api/warehouses
2025-07-02 00:59:01 [info]: Received GET request to /api/receive-history?startDate=02-07-2025&endDate=02-07-2025&warehouse=&searchQuery=&userQuery=&page=1&limit=25
2025-07-02 00:59:01 [info]: Received GET request to /api/warehouses
2025-07-02 00:59:01 [info]: Received GET request to /api/receive-history?startDate=02-07-2025&endDate=02-07-2025&warehouse=&searchQuery=&userQuery=&page=1&limit=25
2025-07-02 00:59:02 [info]: Received GET request to /api/warehouses
2025-07-02 00:59:02 [info]: Received GET request to /api/lot-management?searchQuery=&warehouse=all&page=1&limit=25
2025-07-02 00:59:02 [info]: Fetching lot management data
2025-07-02 00:59:02 [info]: Received GET request to /api/warehouses
2025-07-02 00:59:02 [info]: Received GET request to /api/lot-management?searchQuery=&warehouse=all&page=1&limit=25
2025-07-02 00:59:02 [info]: Fetching lot management data
2025-07-02 00:59:03 [info]: Received GET request to /api/warehouses
2025-07-02 00:59:03 [info]: Received GET request to /api/receive-history?startDate=02-07-2025&endDate=02-07-2025&warehouse=&searchQuery=&userQuery=&page=1&limit=25
2025-07-02 00:59:03 [info]: Received GET request to /api/warehouses
2025-07-02 00:59:03 [info]: Received GET request to /api/receive-history?startDate=02-07-2025&endDate=02-07-2025&warehouse=&searchQuery=&userQuery=&page=1&limit=25
2025-07-02 00:59:04 [info]: Received GET request to /api/products
2025-07-02 00:59:04 [info]: Received GET request to /api/warehouses
2025-07-02 00:59:04 [info]: Received GET request to /api/suppliers
2025-07-02 00:59:04 [info]: Received GET request to /api/categories
2025-07-02 00:59:04 [info]: Received GET request to /api/warehouses
2025-07-02 00:59:04 [info]: Received GET request to /api/suppliers
2025-07-02 00:59:04 [info]: Received GET request to /api/categories
2025-07-02 00:59:04 [info]: Received GET request to /api/products
2025-07-02 00:59:04 [info]: Received GET request to /api/categories
2025-07-02 00:59:04 [info]: Received GET request to /api/products
2025-07-02 00:59:04 [info]: Received GET request to /api/categories
2025-07-02 00:59:04 [info]: Received GET request to /api/products
2025-07-02 00:59:04 [info]: Received GET request to /api/categories
2025-07-02 00:59:04 [info]: Received GET request to /api/products
2025-07-02 00:59:04 [info]: Received GET request to /api/categories
2025-07-02 00:59:04 [info]: Received GET request to /api/products
2025-07-02 00:59:06 [info]: Received GET request to /api/products
2025-07-02 00:59:06 [info]: Received GET request to /api/categories
2025-07-02 00:59:06 [info]: Received GET request to /api/suppliers
2025-07-02 00:59:06 [info]: Received GET request to /api/warehouses
2025-07-02 00:59:06 [info]: Received GET request to /api/categories
2025-07-02 00:59:06 [info]: Received GET request to /api/suppliers
2025-07-02 00:59:06 [info]: Received GET request to /api/warehouses
2025-07-02 00:59:06 [info]: Received GET request to /api/products
2025-07-02 00:59:29 [info]: Received GET request to /api/notifications
2025-07-02 00:59:31 [info]: Received POST request to /api/receive
2025-07-02 00:59:31 [error]: Error receiving stock: UserTransaction validation failed: description: Path `description` is required.
2025-07-02 00:59:59 [info]: Received GET request to /api/notifications
2025-07-02 01:00:29 [info]: Received GET request to /api/notifications
2025-07-02 01:00:33 [info]: Received GET request to /api/notifications
2025-07-02 01:00:33 [info]: Received GET request to /api/products
2025-07-02 01:00:33 [info]: Received GET request to /api/suppliers
2025-07-02 01:00:34 [info]: Received GET request to /api/categories
2025-07-02 01:00:34 [info]: Received GET request to /api/warehouses
2025-07-02 01:00:34 [info]: Received GET request to /api/notifications
2025-07-02 01:00:34 [info]: Received GET request to /api/suppliers
2025-07-02 01:00:34 [info]: Received GET request to /api/categories
2025-07-02 01:00:34 [info]: Received GET request to /api/warehouses
2025-07-02 01:00:34 [info]: Received GET request to /api/products
2025-07-02 01:00:59 [info]: Received POST request to /api/receive
2025-07-02 01:00:59 [error]: Error receiving stock: UserTransaction validation failed: description: Path `description` is required.
2025-07-02 01:01:03 [info]: Received GET request to /api/notifications
2025-07-02 01:01:20 [info]: Received POST request to /api/receive
2025-07-02 01:01:20 [error]: Error receiving stock: UserTransaction validation failed: description: Path `description` is required.
2025-07-02 01:01:33 [info]: Received GET request to /api/notifications
2025-07-02 01:02:00 [info]: Logger initialized successfully
2025-07-02 01:02:00 [info]: Server running on port 3000
2025-07-02 01:02:01 [info]: Connected to MongoDB
2025-07-02 01:02:04 [info]: Received GET request to /api/notifications
2025-07-02 01:02:04 [info]: Received GET request to /api/products
2025-07-02 01:02:04 [info]: Received GET request to /api/categories
2025-07-02 01:02:04 [info]: Received GET request to /api/warehouses
2025-07-02 01:02:04 [info]: Received GET request to /api/suppliers
2025-07-02 01:02:04 [info]: Received GET request to /api/categories
2025-07-02 01:02:04 [info]: Received GET request to /api/warehouses
2025-07-02 01:02:04 [info]: Received GET request to /api/notifications
2025-07-02 01:02:04 [info]: Received GET request to /api/products
2025-07-02 01:02:04 [info]: Received GET request to /api/suppliers
2025-07-02 01:02:26 [info]: Received POST request to /api/receive
2025-07-02 01:02:34 [info]: Received GET request to /api/notifications
2025-07-02 01:02:42 [info]: Received GET request to /api/warehouses
2025-07-02 01:02:42 [info]: Received GET request to /api/receive-history?startDate=02-07-2025&endDate=02-07-2025&warehouse=&searchQuery=&userQuery=&page=1&limit=25
2025-07-02 01:02:42 [info]: Received GET request to /api/warehouses
2025-07-02 01:02:42 [info]: Received GET request to /api/receive-history?startDate=02-07-2025&endDate=02-07-2025&warehouse=&searchQuery=&userQuery=&page=1&limit=25
2025-07-02 01:02:43 [info]: Received GET request to /api/warehouses
2025-07-02 01:02:43 [info]: Received GET request to /api/warehouses
2025-07-02 01:02:43 [info]: Received GET request to /api/lot-management?searchQuery=&warehouse=all&page=1&limit=25
2025-07-02 01:02:43 [info]: Fetching lot management data
2025-07-02 01:02:43 [info]: Received GET request to /api/lot-management?searchQuery=&warehouse=all&page=1&limit=25
2025-07-02 01:02:43 [info]: Fetching lot management data
2025-07-02 01:02:46 [info]: Received GET request to /api/categories
2025-07-02 01:02:46 [info]: Received GET request to /api/products
2025-07-02 01:02:47 [info]: Received GET request to /api/categories
2025-07-02 01:02:47 [info]: Received GET request to /api/products
2025-07-02 01:02:49 [info]: Received GET request to /api/products
2025-07-02 01:02:49 [info]: Received GET request to /api/categories
2025-07-02 01:02:49 [info]: Received GET request to /api/warehouses
2025-07-02 01:02:49 [info]: Received GET request to /api/suppliers
2025-07-02 01:02:49 [info]: Received GET request to /api/categories
2025-07-02 01:02:49 [info]: Received GET request to /api/products
2025-07-02 01:02:49 [info]: Received GET request to /api/warehouses
2025-07-02 01:02:49 [info]: Received GET request to /api/suppliers
2025-07-02 01:02:50 [info]: Received GET request to /api/warehouses
2025-07-02 01:02:50 [info]: Received GET request to /api/receive-history?startDate=02-07-2025&endDate=02-07-2025&warehouse=&searchQuery=&userQuery=&page=1&limit=25
2025-07-02 01:02:50 [info]: Received GET request to /api/warehouses
2025-07-02 01:02:51 [info]: Received GET request to /api/receive-history?startDate=02-07-2025&endDate=02-07-2025&warehouse=&searchQuery=&userQuery=&page=1&limit=25
2025-07-02 01:02:58 [info]: Received GET request to /api/warehouses
2025-07-02 01:02:58 [info]: Received GET request to /api/lot-management?searchQuery=&warehouse=all&page=1&limit=25
2025-07-02 01:02:58 [info]: Fetching lot management data
2025-07-02 01:02:58 [info]: Received GET request to /api/warehouses
2025-07-02 01:02:58 [info]: Received GET request to /api/lot-management?searchQuery=&warehouse=all&page=1&limit=25
2025-07-02 01:02:58 [info]: Fetching lot management data
2025-07-02 01:03:04 [info]: Received GET request to /api/notifications
2025-07-02 01:03:33 [info]: Received GET request to /api/warehouses
2025-07-02 01:03:33 [info]: Received GET request to /api/categories
2025-07-02 01:03:33 [info]: Received GET request to /api/suppliers
2025-07-02 01:03:33 [info]: Received GET request to /api/products
2025-07-02 01:03:33 [info]: Received GET request to /api/warehouses
2025-07-02 01:03:33 [info]: Received GET request to /api/categories
2025-07-02 01:03:33 [info]: Received GET request to /api/suppliers
2025-07-02 01:03:33 [info]: Received GET request to /api/products
2025-07-02 01:03:34 [info]: Received GET request to /api/warehouses
2025-07-02 01:03:34 [info]: Received GET request to /api/warehouses
2025-07-02 01:03:34 [info]: Received GET request to /api/users
2025-07-02 01:03:34 [info]: Received GET request to /api/users
2025-07-02 01:03:34 [info]: Received GET request to /api/notifications
2025-07-02 01:03:35 [info]: Received GET request to /api/warehouses
2025-07-02 01:03:35 [info]: Received GET request to /api/warehouses
2025-07-02 01:03:37 [info]: Received GET request to /api/products?warehouse=685f821d7f06f062226d2bf5
2025-07-02 01:03:39 [info]: Received GET request to /api/lots?productId=685f82367f06f062226d2c0b&warehouse=685f821d7f06f062226d2bf5
2025-07-02 01:03:43 [info]: Received GET request to /api/products
2025-07-02 01:03:43 [info]: Received GET request to /api/categories
2025-07-02 01:03:43 [info]: Received GET request to /api/categories
2025-07-02 01:03:43 [info]: Received GET request to /api/products
2025-07-02 01:03:44 [info]: Received GET request to /api/warehouses
2025-07-02 01:03:44 [info]: Received GET request to /api/lot-management?searchQuery=&warehouse=all&page=1&limit=25
2025-07-02 01:03:44 [info]: Fetching lot management data
2025-07-02 01:03:44 [info]: Received GET request to /api/warehouses
2025-07-02 01:03:44 [info]: Received GET request to /api/lot-management?searchQuery=&warehouse=all&page=1&limit=25
2025-07-02 01:03:44 [info]: Fetching lot management data
2025-07-02 01:03:51 [info]: Received GET request to /api/warehouses
2025-07-02 01:03:51 [info]: Received GET request to /api/warehouses
2025-07-02 01:03:53 [info]: Received GET request to /api/products?warehouse=685f821d7f06f062226d2bf5
2025-07-02 01:03:55 [info]: Received GET request to /api/lots?productId=685f82367f06f062226d2c09&warehouse=685f821d7f06f062226d2bf5
2025-07-02 01:03:59 [info]: Received GET request to /api/products?warehouse=685f81f67f06f062226d2bf2
2025-07-02 01:04:04 [info]: Received GET request to /api/notifications
2025-07-02 01:04:04 [info]: Received GET request to /api/lots?productId=685f82367f06f062226d2c08&warehouse=685f81f67f06f062226d2bf2
2025-07-02 01:04:08 [info]: Received GET request to /api/lots?productId=685f82367f06f062226d2c09&warehouse=685f81f67f06f062226d2bf2
2025-07-02 01:04:11 [info]: Received GET request to /api/lots?productId=685f82367f06f062226d2c0a&warehouse=685f81f67f06f062226d2bf2
2025-07-02 01:04:14 [info]: Received GET request to /api/lots?productId=685f82377f06f062226d2c2d&warehouse=685f81f67f06f062226d2bf2
2025-07-02 01:04:17 [info]: Received GET request to /api/warehouses
2025-07-02 01:04:17 [info]: Received GET request to /api/lot-management?searchQuery=&warehouse=all&page=1&limit=25
2025-07-02 01:04:17 [info]: Fetching lot management data
2025-07-02 01:04:17 [info]: Received GET request to /api/warehouses
2025-07-02 01:04:17 [info]: Received GET request to /api/lot-management?searchQuery=&warehouse=all&page=1&limit=25
2025-07-02 01:04:17 [info]: Fetching lot management data
2025-07-02 01:04:30 [info]: Received GET request to /api/lot-management?searchQuery=&warehouse=Phnom+Penh+Warehouse&page=1&limit=25
2025-07-02 01:04:30 [info]: Fetching lot management data
2025-07-02 01:04:34 [info]: Received GET request to /api/notifications
2025-07-02 01:04:38 [info]: Received GET request to /api/lot-management?searchQuery=&warehouse=Kampng+Cham+Warehouse&page=1&limit=25
2025-07-02 01:04:38 [info]: Fetching lot management data
2025-07-02 01:04:46 [info]: Received GET request to /api/warehouses
2025-07-02 01:04:46 [info]: Received GET request to /api/warehouses
2025-07-02 01:04:49 [info]: Received GET request to /api/products?warehouse=685f821d7f06f062226d2bf5
2025-07-02 01:04:56 [info]: Received GET request to /api/lots?productId=685f82367f06f062226d2c09&warehouse=685f821d7f06f062226d2bf5
2025-07-02 01:05:01 [info]: Received GET request to /api/warehouses
2025-07-02 01:05:01 [info]: Received GET request to /api/lot-management?searchQuery=&warehouse=all&page=1&limit=25
2025-07-02 01:05:01 [info]: Fetching lot management data
2025-07-02 01:05:01 [info]: Received GET request to /api/warehouses
2025-07-02 01:05:01 [info]: Received GET request to /api/lot-management?searchQuery=&warehouse=all&page=1&limit=25
2025-07-02 01:05:01 [info]: Fetching lot management data
2025-07-02 01:05:04 [info]: Received GET request to /api/notifications
2025-07-02 01:05:05 [info]: Received GET request to /api/lot-management?searchQuery=&warehouse=Kampng+Cham+Warehouse&page=1&limit=25
2025-07-02 01:05:05 [info]: Fetching lot management data
