2025-07-01 00:00:06 [info]: Received GET request to /api/notifications
2025-07-01 00:00:23 [info]: Received POST request to /api/receive
2025-07-01 00:00:23 [info]: Starting /api/receive request
2025-07-01 00:00:23 [info]: Attempting to save UserTransaction
2025-07-01 00:00:23 [info]: UserTransaction saved successfully
2025-07-01 00:00:23 [info]: Processing lot
2025-07-01 00:00:23 [error]: Transaction failed
2025-07-01 00:00:27 [info]: Received GET request to /api/notifications
2025-07-01 00:00:27 [info]: Received GET request to /api/categories
2025-07-01 00:00:27 [info]: Received GET request to /api/warehouses
2025-07-01 00:00:27 [info]: Received GET request to /api/products
2025-07-01 00:00:27 [info]: Received GET request to /api/suppliers
2025-07-01 00:00:27 [info]: Received GET request to /api/categories
2025-07-01 00:00:27 [info]: Received GET request to /api/warehouses
2025-07-01 00:00:27 [info]: Received GET request to /api/notifications
2025-07-01 00:00:27 [info]: Received GET request to /api/products
2025-07-01 00:00:28 [info]: Received GET request to /api/suppliers
2025-07-01 00:00:57 [info]: Received GET request to /api/notifications
2025-07-01 00:01:27 [error]: Error fetching notifications
2025-07-01 00:01:27 [info]: Received GET request to /api/notifications
2025-07-01 00:01:38 [info]: Logger initialized successfully
2025-07-01 00:01:39 [info]: Server running on port 3000
2025-07-01 00:01:39 [info]: Connected to MongoDB
2025-07-01 00:01:43 [info]: Received GET request to /api/notifications
2025-07-01 00:01:43 [info]: Received GET request to /api/categories
2025-07-01 00:01:43 [info]: Received GET request to /api/products
2025-07-01 00:01:43 [info]: Received GET request to /api/warehouses
2025-07-01 00:01:43 [info]: Received GET request to /api/suppliers
2025-07-01 00:01:43 [info]: Received GET request to /api/categories
2025-07-01 00:01:43 [info]: Received GET request to /api/warehouses
2025-07-01 00:01:43 [info]: Received GET request to /api/notifications
2025-07-01 00:01:43 [info]: Received GET request to /api/products
2025-07-01 00:01:44 [info]: Received GET request to /api/suppliers
2025-07-01 00:02:14 [info]: Received GET request to /api/notifications
2025-07-01 00:02:44 [info]: Received GET request to /api/notifications
2025-07-01 00:03:14 [info]: Received GET request to /api/notifications
2025-07-01 00:03:44 [info]: Received GET request to /api/notifications
2025-07-01 00:04:14 [info]: Received GET request to /api/notifications
2025-07-01 00:06:12 [info]: Logger initialized successfully
2025-07-01 00:06:12 [info]: Server running on port 3000
2025-07-01 00:06:12 [info]: Connected to MongoDB
2025-07-01 00:06:14 [info]: Received GET request to /api/notifications
2025-07-01 00:06:18 [info]: Received GET request to /api/notifications
2025-07-01 00:06:18 [info]: Received GET request to /api/products
2025-07-01 00:06:18 [info]: Received GET request to /api/categories
2025-07-01 00:06:18 [info]: Received GET request to /api/warehouses
2025-07-01 00:06:18 [info]: Received GET request to /api/suppliers
2025-07-01 00:06:18 [info]: Received GET request to /api/notifications
2025-07-01 00:06:18 [info]: Received GET request to /api/categories
2025-07-01 00:06:18 [info]: Received GET request to /api/warehouses
2025-07-01 00:06:18 [info]: Received GET request to /api/products
2025-07-01 00:06:18 [info]: Received GET request to /api/suppliers
2025-07-01 00:06:36 [info]: Received POST request to /api/receive
2025-07-01 00:06:36 [info]: Starting /api/receive request
2025-07-01 00:06:36 [info]: Attempting to save UserTransaction
2025-07-01 00:06:36 [info]: UserTransaction saved successfully
2025-07-01 00:06:36 [info]: Processing lot
2025-07-01 00:06:36 [error]: Transaction failed
2025-07-01 00:06:48 [info]: Received GET request to /api/notifications
2025-07-01 00:07:18 [info]: Received GET request to /api/notifications
2025-07-01 00:07:48 [info]: Received GET request to /api/notifications
2025-07-01 00:08:18 [info]: Received GET request to /api/notifications
2025-07-01 00:08:48 [info]: Received GET request to /api/notifications
2025-07-01 00:09:18 [info]: Received GET request to /api/notifications
2025-07-01 00:10:02 [info]: Received GET request to /api/notifications
2025-07-01 00:10:18 [info]: Received GET request to /api/notifications
2025-07-01 00:10:24 [info]: Received GET request to /api/lots
2025-07-01 00:10:24 [info]: Received GET request to /api/warehouses
2025-07-01 00:10:24 [info]: Received GET request to /api/products
2025-07-01 00:10:24 [info]: Received GET request to /api/lots
2025-07-01 00:10:24 [info]: Received GET request to /api/warehouses
2025-07-01 00:10:24 [info]: Received GET request to /api/products
2025-07-01 00:10:26 [info]: Received GET request to /api/products
2025-07-01 00:10:26 [info]: Received GET request to /api/lots
2025-07-01 00:10:26 [info]: Received GET request to /api/warehouses
2025-07-01 00:10:26 [info]: Received GET request to /api/notifications
2025-07-01 00:10:26 [info]: Received GET request to /api/lots
2025-07-01 00:10:26 [info]: Received GET request to /api/warehouses
2025-07-01 00:10:26 [info]: Received GET request to /api/products
2025-07-01 00:10:26 [info]: Received GET request to /api/notifications
2025-07-01 00:10:56 [info]: Received GET request to /api/notifications
2025-07-01 00:11:26 [info]: Received GET request to /api/notifications
2025-07-01 00:11:56 [info]: Received GET request to /api/notifications
2025-07-01 00:12:26 [info]: Received GET request to /api/notifications
2025-07-01 00:12:56 [info]: Received GET request to /api/notifications
2025-07-01 00:13:26 [info]: Received GET request to /api/notifications
2025-07-01 00:14:02 [info]: Received GET request to /api/notifications
2025-07-01 00:15:02 [info]: Received GET request to /api/notifications
2025-07-01 00:16:02 [info]: Received GET request to /api/notifications
2025-07-01 00:17:02 [info]: Received GET request to /api/notifications
2025-07-01 00:18:02 [info]: Received GET request to /api/notifications
2025-07-01 00:18:32 [info]: Logger initialized successfully
2025-07-01 00:18:33 [info]: Server running on port 3000
2025-07-01 00:18:33 [info]: Connected to MongoDB
2025-07-01 00:18:35 [info]: Received GET request to /api/notifications
2025-07-01 00:18:37 [info]: Received GET request to /api/notifications
2025-07-01 00:18:37 [info]: Received GET request to /api/products
2025-07-01 00:18:37 [info]: Received GET request to /api/lots
2025-07-01 00:18:37 [info]: Received GET request to /api/warehouses
2025-07-01 00:18:37 [info]: Received GET request to /api/notifications
2025-07-01 00:18:37 [info]: Received GET request to /api/lots
2025-07-01 00:18:38 [info]: Received GET request to /api/warehouses
2025-07-01 00:18:38 [info]: Received GET request to /api/products
2025-07-01 00:18:40 [info]: Received GET request to /api/notifications
2025-07-01 00:18:40 [info]: Received GET request to /api/products
2025-07-01 00:18:40 [info]: Received GET request to /api/lots
2025-07-01 00:18:40 [info]: Received GET request to /api/warehouses
2025-07-01 00:18:40 [info]: Received GET request to /api/lots
2025-07-01 00:18:40 [info]: Received GET request to /api/warehouses
2025-07-01 00:18:40 [info]: Received GET request to /api/notifications
2025-07-01 00:18:40 [info]: Received GET request to /api/products
2025-07-01 00:18:42 [info]: Received GET request to /api/products
2025-07-01 00:18:42 [info]: Received GET request to /api/warehouses
2025-07-01 00:18:42 [info]: Received GET request to /api/categories
2025-07-01 00:18:42 [info]: Received GET request to /api/suppliers
2025-07-01 00:18:42 [info]: Received GET request to /api/warehouses
2025-07-01 00:18:42 [info]: Received GET request to /api/products
2025-07-01 00:18:42 [info]: Received GET request to /api/categories
2025-07-01 00:18:42 [info]: Received GET request to /api/suppliers
2025-07-01 00:19:07 [info]: Received POST request to /api/receive
2025-07-01 00:19:07 [info]: Starting /api/receive request
2025-07-01 00:19:07 [info]: Attempting to save UserTransaction
2025-07-01 00:19:07 [info]: UserTransaction saved successfully
2025-07-01 00:19:07 [info]: Processing lot
2025-07-01 00:19:07 [error]: Transaction failed
2025-07-01 00:19:10 [info]: Received GET request to /api/notifications
2025-07-01 00:19:12 [info]: Received GET request to /api/notifications
2025-07-01 00:19:12 [info]: Received GET request to /api/products
2025-07-01 00:19:12 [info]: Received GET request to /api/categories
2025-07-01 00:19:12 [info]: Received GET request to /api/warehouses
2025-07-01 00:19:12 [info]: Received GET request to /api/suppliers
2025-07-01 00:19:12 [info]: Received GET request to /api/notifications
2025-07-01 00:19:12 [info]: Received GET request to /api/categories
2025-07-01 00:19:12 [info]: Received GET request to /api/warehouses
2025-07-01 00:19:12 [info]: Received GET request to /api/suppliers
2025-07-01 00:19:12 [info]: Received GET request to /api/products
2025-07-01 00:19:42 [info]: Received GET request to /api/notifications
2025-07-01 00:20:12 [info]: Received GET request to /api/notifications
2025-07-01 00:20:26 [info]: Logger initialized successfully
2025-07-01 00:20:27 [info]: Server running on port 3000
2025-07-01 00:20:27 [info]: Connected to MongoDB
2025-07-01 00:20:30 [info]: Received GET request to /api/notifications
2025-07-01 00:20:30 [info]: Received GET request to /api/products
2025-07-01 00:20:30 [info]: Received GET request to /api/categories
2025-07-01 00:20:30 [info]: Received GET request to /api/warehouses
2025-07-01 00:20:30 [info]: Received GET request to /api/suppliers
2025-07-01 00:20:30 [info]: Received GET request to /api/categories
2025-07-01 00:20:30 [info]: Received GET request to /api/warehouses
2025-07-01 00:20:30 [info]: Received GET request to /api/notifications
2025-07-01 00:20:30 [info]: Received GET request to /api/products
2025-07-01 00:20:30 [info]: Received GET request to /api/suppliers
2025-07-01 00:20:47 [info]: Received POST request to /api/receive
2025-07-01 00:20:47 [info]: Starting /api/receive request
2025-07-01 00:20:47 [info]: Attempting to save UserTransaction
2025-07-01 00:20:47 [info]: UserTransaction saved successfully
2025-07-01 00:20:47 [info]: Processing lot
2025-07-01 00:20:47 [error]: Transaction failed
2025-07-01 00:21:00 [info]: Received GET request to /api/notifications
2025-07-01 00:21:31 [info]: Received GET request to /api/notifications
2025-07-01 00:22:27 [info]: Logger initialized successfully
2025-07-01 00:22:27 [info]: Server running on port 3000
2025-07-01 00:22:28 [info]: Connected to MongoDB
2025-07-01 00:22:30 [info]: Received GET request to /api/notifications
2025-07-01 00:22:34 [info]: Received POST request to /api/login
2025-07-01 00:22:34 [info]: Login attempt:
2025-07-01 00:22:34 [info]: Received GET request to /api/notifications
2025-07-01 00:22:34 [info]: Received GET request to /api/products
2025-07-01 00:22:34 [info]: Received GET request to /api/lots
2025-07-01 00:22:34 [info]: Received GET request to /api/warehouses
2025-07-01 00:22:34 [info]: Received GET request to /api/notifications
2025-07-01 00:22:34 [info]: Received GET request to /api/lots
2025-07-01 00:22:34 [info]: Received GET request to /api/warehouses
2025-07-01 00:22:34 [info]: Received GET request to /api/products
2025-07-01 00:22:35 [info]: Received GET request to /api/products
2025-07-01 00:22:35 [info]: Received GET request to /api/warehouses
2025-07-01 00:22:35 [info]: Received GET request to /api/categories
2025-07-01 00:22:35 [info]: Received GET request to /api/suppliers
2025-07-01 00:22:35 [info]: Received GET request to /api/warehouses
2025-07-01 00:22:35 [info]: Received GET request to /api/products
2025-07-01 00:22:35 [info]: Received GET request to /api/categories
2025-07-01 00:22:35 [info]: Received GET request to /api/suppliers
2025-07-01 00:22:36 [info]: Received GET request to /api/warehouses
2025-07-01 00:22:36 [info]: Received GET request to /api/receive-history?startDate=&endDate=&warehouse=&searchQuery=&page=1&limit=25
2025-07-01 00:22:36 [info]: Fetching receive history
2025-07-01 00:22:36 [info]: Received GET request to /api/warehouses
2025-07-01 00:22:36 [info]: Received GET request to /api/receive-history?startDate=&endDate=&warehouse=&searchQuery=&page=1&limit=25
2025-07-01 00:22:36 [info]: Fetching receive history
2025-07-01 00:22:37 [info]: Received GET request to /api/warehouses
2025-07-01 00:22:37 [info]: Received GET request to /api/lot-management?searchQuery=&warehouse=&page=1&limit=25
2025-07-01 00:22:37 [info]: Fetching lot management data
2025-07-01 00:22:37 [info]: Received GET request to /api/warehouses
2025-07-01 00:22:37 [info]: Received GET request to /api/lot-management?searchQuery=&warehouse=&page=1&limit=25
2025-07-01 00:22:37 [info]: Fetching lot management data
2025-07-01 00:22:39 [info]: Received GET request to /api/receive-history?startDate=&endDate=&warehouse=&searchQuery=&page=1&limit=25
2025-07-01 00:22:39 [info]: Fetching receive history
2025-07-01 00:22:39 [info]: Received GET request to /api/warehouses
2025-07-01 00:22:39 [info]: Received GET request to /api/warehouses
2025-07-01 00:22:39 [info]: Received GET request to /api/receive-history?startDate=&endDate=&warehouse=&searchQuery=&page=1&limit=25
2025-07-01 00:22:39 [info]: Fetching receive history
2025-07-01 00:22:39 [info]: Received GET request to /api/categories
2025-07-01 00:22:39 [info]: Received GET request to /api/suppliers
2025-07-01 00:22:39 [info]: Received GET request to /api/warehouses
2025-07-01 00:22:39 [info]: Received GET request to /api/products
2025-07-01 00:22:39 [info]: Received GET request to /api/categories
2025-07-01 00:22:39 [info]: Received GET request to /api/suppliers
2025-07-01 00:22:39 [info]: Received GET request to /api/warehouses
2025-07-01 00:22:39 [info]: Received GET request to /api/products
2025-07-01 00:22:58 [info]: Received POST request to /api/receive
2025-07-01 00:22:58 [info]: Starting /api/receive request
2025-07-01 00:22:58 [info]: Attempting to save UserTransaction
2025-07-01 00:22:58 [info]: UserTransaction saved successfully
2025-07-01 00:22:58 [info]: Processing lot
2025-07-01 00:22:58 [error]: Transaction failed
2025-07-01 00:23:04 [info]: Received GET request to /api/notifications
2025-07-01 00:23:10 [info]: Received GET request to /api/notifications
2025-07-01 00:23:10 [info]: Received GET request to /api/products
2025-07-01 00:23:10 [info]: Received GET request to /api/categories
2025-07-01 00:23:10 [info]: Received GET request to /api/suppliers
2025-07-01 00:23:10 [info]: Received GET request to /api/warehouses
2025-07-01 00:23:10 [info]: Received GET request to /api/categories
2025-07-01 00:23:10 [info]: Received GET request to /api/notifications
2025-07-01 00:23:10 [info]: Received GET request to /api/suppliers
2025-07-01 00:23:10 [info]: Received GET request to /api/products
2025-07-01 00:23:11 [info]: Received GET request to /api/warehouses
2025-07-01 00:23:36 [info]: Logger initialized successfully
2025-07-01 00:23:37 [info]: Server running on port 3000
2025-07-01 00:23:37 [info]: Connected to MongoDB
2025-07-01 00:24:01 [info]: Received GET request to /api/notifications
2025-07-01 00:24:01 [info]: Received GET request to /api/products
2025-07-01 00:24:01 [info]: Received GET request to /api/lots
2025-07-01 00:24:01 [info]: Received GET request to /api/warehouses
2025-07-01 00:24:01 [info]: Received GET request to /api/lots
2025-07-01 00:24:01 [info]: Received GET request to /api/warehouses
2025-07-01 00:24:01 [info]: Received GET request to /api/notifications
2025-07-01 00:24:01 [info]: Received GET request to /api/products
2025-07-01 00:24:04 [info]: Received GET request to /api/warehouses
2025-07-01 00:24:04 [info]: Received GET request to /api/receive-history?startDate=&endDate=&warehouse=&searchQuery=&page=1&limit=25
2025-07-01 00:24:04 [info]: Fetching receive history
2025-07-01 00:24:04 [info]: Received GET request to /api/warehouses
2025-07-01 00:24:04 [info]: Received GET request to /api/receive-history?startDate=&endDate=&warehouse=&searchQuery=&page=1&limit=25
2025-07-01 00:24:04 [info]: Fetching receive history
2025-07-01 00:24:05 [info]: Received GET request to /api/products
2025-07-01 00:24:05 [info]: Received GET request to /api/warehouses
2025-07-01 00:24:05 [info]: Received GET request to /api/categories
2025-07-01 00:24:05 [info]: Received GET request to /api/suppliers
2025-07-01 00:24:05 [info]: Received GET request to /api/warehouses
2025-07-01 00:24:05 [info]: Received GET request to /api/categories
2025-07-01 00:24:05 [info]: Received GET request to /api/products
2025-07-01 00:24:05 [info]: Received GET request to /api/suppliers
2025-07-01 00:24:25 [info]: Received POST request to /api/receive
2025-07-01 00:24:25 [info]: Starting /api/receive request
2025-07-01 00:24:25 [info]: Attempting to save UserTransaction
2025-07-01 00:24:25 [info]: UserTransaction saved successfully
2025-07-01 00:24:25 [info]: Processing lot
2025-07-01 00:24:25 [error]: Transaction failed
2025-07-01 00:24:31 [info]: Received GET request to /api/notifications
2025-07-01 00:25:01 [info]: Received GET request to /api/notifications
2025-07-01 00:25:05 [info]: Received POST request to /api/receive
2025-07-01 00:25:05 [info]: Starting /api/receive request
2025-07-01 00:25:05 [info]: Attempting to save UserTransaction
2025-07-01 00:25:05 [info]: UserTransaction saved successfully
2025-07-01 00:25:05 [info]: Processing lot
2025-07-01 00:25:05 [error]: Transaction failed
2025-07-01 00:25:31 [info]: Received GET request to /api/notifications
2025-07-01 00:26:02 [info]: Received GET request to /api/notifications
2025-07-01 00:26:32 [info]: Received GET request to /api/notifications
2025-07-01 00:27:02 [info]: Received GET request to /api/notifications
2025-07-01 00:27:32 [info]: Received GET request to /api/notifications
2025-07-01 00:28:02 [info]: Received GET request to /api/notifications
2025-07-01 00:29:02 [info]: Received GET request to /api/notifications
2025-07-01 00:30:02 [info]: Received GET request to /api/notifications
2025-07-01 00:31:02 [info]: Received GET request to /api/notifications
2025-07-01 00:31:24 [info]: Received GET request to /api/notifications
2025-07-01 00:31:24 [info]: Received GET request to /api/products
2025-07-01 00:31:24 [info]: Received GET request to /api/categories
2025-07-01 00:31:24 [info]: Received GET request to /api/warehouses
2025-07-01 00:31:24 [info]: Received GET request to /api/suppliers
2025-07-01 00:31:24 [info]: Received GET request to /api/notifications
2025-07-01 00:31:24 [info]: Received GET request to /api/products
2025-07-01 00:31:24 [info]: Received GET request to /api/categories
2025-07-01 00:31:24 [info]: Received GET request to /api/warehouses
2025-07-01 00:31:24 [info]: Received GET request to /api/suppliers
2025-07-01 00:31:55 [info]: Received GET request to /api/notifications
2025-07-01 00:32:25 [info]: Received GET request to /api/notifications
2025-07-01 00:32:55 [info]: Received GET request to /api/notifications
2025-07-01 00:33:22 [info]: Received GET request to /api/notifications
2025-07-01 00:33:22 [info]: Received GET request to /api/products
2025-07-01 00:33:22 [info]: Received GET request to /api/categories
2025-07-01 00:33:22 [info]: Received GET request to /api/warehouses
2025-07-01 00:33:22 [info]: Received GET request to /api/suppliers
2025-07-01 00:33:22 [info]: Received GET request to /api/categories
2025-07-01 00:33:22 [info]: Received GET request to /api/warehouses
2025-07-01 00:33:22 [info]: Received GET request to /api/notifications
2025-07-01 00:33:22 [info]: Received GET request to /api/suppliers
2025-07-01 00:33:22 [info]: Received GET request to /api/products
2025-07-01 00:33:36 [info]: Logger initialized successfully
2025-07-01 00:33:37 [info]: Server running on port 3000
2025-07-01 00:33:37 [info]: Connected to MongoDB
2025-07-01 00:33:40 [info]: Received GET request to /api/notifications
2025-07-01 00:33:40 [info]: Received GET request to /api/products
2025-07-01 00:33:40 [info]: Received GET request to /api/categories
2025-07-01 00:33:40 [info]: Received GET request to /api/warehouses
2025-07-01 00:33:40 [info]: Received GET request to /api/suppliers
2025-07-01 00:33:40 [info]: Received GET request to /api/categories
2025-07-01 00:33:40 [info]: Received GET request to /api/warehouses
2025-07-01 00:33:40 [info]: Received GET request to /api/notifications
2025-07-01 00:33:40 [info]: Received GET request to /api/products
2025-07-01 00:33:40 [info]: Received GET request to /api/suppliers
2025-07-01 00:33:40 [info]: Received GET request to /api/suppliers
2025-07-01 00:33:40 [info]: Received GET request to /api/suppliers
2025-07-01 00:33:41 [info]: Received GET request to /api/products
2025-07-01 00:33:41 [info]: Received GET request to /api/warehouses
2025-07-01 00:33:41 [info]: Received GET request to /api/lots
2025-07-01 00:33:41 [info]: Received GET request to /api/warehouses
2025-07-01 00:33:41 [info]: Received GET request to /api/lots
2025-07-01 00:33:41 [info]: Received GET request to /api/products
2025-07-01 00:33:42 [info]: Received GET request to /api/notifications
2025-07-01 00:33:42 [info]: Received GET request to /api/products
2025-07-01 00:33:42 [info]: Received GET request to /api/lots
2025-07-01 00:33:42 [info]: Received GET request to /api/warehouses
2025-07-01 00:33:42 [info]: Received GET request to /api/lots
2025-07-01 00:33:42 [info]: Received GET request to /api/warehouses
2025-07-01 00:33:42 [info]: Received GET request to /api/notifications
2025-07-01 00:33:42 [info]: Received GET request to /api/products
2025-07-01 00:33:43 [info]: Received GET request to /api/products
2025-07-01 00:33:43 [info]: Received GET request to /api/categories
2025-07-01 00:33:43 [info]: Received GET request to /api/categories
2025-07-01 00:33:43 [info]: Received GET request to /api/products
2025-07-01 00:33:44 [info]: Received GET request to /api/categories
2025-07-01 00:33:44 [info]: Received GET request to /api/products
2025-07-01 00:33:44 [info]: Received GET request to /api/categories
2025-07-01 00:33:44 [info]: Received GET request to /api/products
2025-07-01 00:33:44 [info]: Received GET request to /api/warehouses
2025-07-01 00:33:44 [info]: Received GET request to /api/lot-management?searchQuery=&warehouse=&page=1&limit=25
2025-07-01 00:33:44 [info]: Fetching lot management data
2025-07-01 00:33:44 [info]: Received GET request to /api/warehouses
2025-07-01 00:33:44 [info]: Received GET request to /api/lot-management?searchQuery=&warehouse=&page=1&limit=25
2025-07-01 00:33:44 [info]: Fetching lot management data
2025-07-01 00:33:47 [info]: Received GET request to /api/warehouses
2025-07-01 00:33:47 [info]: Received GET request to /api/receive-history?startDate=&endDate=&warehouse=&searchQuery=&page=1&limit=25
2025-07-01 00:33:47 [info]: Fetching receive history
2025-07-01 00:33:47 [info]: Received GET request to /api/warehouses
2025-07-01 00:33:47 [info]: Received GET request to /api/receive-history?startDate=&endDate=&warehouse=&searchQuery=&page=1&limit=25
2025-07-01 00:33:47 [info]: Fetching receive history
2025-07-01 00:33:48 [info]: Received GET request to /api/warehouses
2025-07-01 00:33:48 [info]: Received GET request to /api/products
2025-07-01 00:33:48 [info]: Received GET request to /api/categories
2025-07-01 00:33:48 [info]: Received GET request to /api/suppliers
2025-07-01 00:33:48 [info]: Received GET request to /api/warehouses
2025-07-01 00:33:48 [info]: Received GET request to /api/categories
2025-07-01 00:33:48 [info]: Received GET request to /api/suppliers
2025-07-01 00:33:48 [info]: Received GET request to /api/products
2025-07-01 00:34:05 [info]: Received POST request to /api/receive
2025-07-01 00:34:05 [info]: Starting /api/receive request
2025-07-01 00:34:05 [info]: Attempting to save UserTransaction
2025-07-01 00:34:05 [info]: UserTransaction saved successfully
2025-07-01 00:34:05 [info]: Processing lot
2025-07-01 00:34:05 [error]: Transaction failed
2025-07-01 00:34:12 [info]: Received GET request to /api/notifications
2025-07-01 00:34:57 [info]: Received POST request to /api/login
2025-07-01 00:34:57 [info]: Login attempt:
2025-07-01 00:34:57 [info]: Received GET request to /api/notifications
2025-07-01 00:34:57 [info]: Received GET request to /api/lots
2025-07-01 00:34:57 [info]: Received GET request to /api/products
2025-07-01 00:34:57 [info]: Received GET request to /api/warehouses
2025-07-01 00:34:57 [info]: Received GET request to /api/lots
2025-07-01 00:34:57 [info]: Received GET request to /api/warehouses
2025-07-01 00:34:57 [info]: Received GET request to /api/notifications
2025-07-01 00:34:57 [info]: Received GET request to /api/products
2025-07-01 00:35:00 [info]: Received GET request to /api/products
2025-07-01 00:35:00 [info]: Received GET request to /api/warehouses
2025-07-01 00:35:00 [info]: Received GET request to /api/categories
2025-07-01 00:35:00 [info]: Received GET request to /api/suppliers
2025-07-01 00:35:00 [info]: Received GET request to /api/warehouses
2025-07-01 00:35:00 [info]: Received GET request to /api/products
2025-07-01 00:35:00 [info]: Received GET request to /api/categories
2025-07-01 00:35:00 [info]: Received GET request to /api/suppliers
2025-07-01 00:35:17 [info]: Received POST request to /api/receive
2025-07-01 00:35:17 [info]: Starting /api/receive request
2025-07-01 00:35:17 [info]: Attempting to save UserTransaction
2025-07-01 00:35:17 [info]: UserTransaction saved successfully
2025-07-01 00:35:17 [info]: Processing lot
2025-07-01 00:35:17 [error]: Transaction failed
2025-07-01 00:35:27 [info]: Received GET request to /api/notifications
2025-07-01 00:35:58 [info]: Received GET request to /api/notifications
2025-07-01 00:36:28 [info]: Received GET request to /api/notifications
2025-07-01 00:36:37 [info]: Received POST request to /api/receive
2025-07-01 00:36:37 [info]: Starting /api/receive request
2025-07-01 00:36:37 [info]: Attempting to save UserTransaction
2025-07-01 00:36:37 [info]: UserTransaction saved successfully
2025-07-01 00:36:37 [info]: Processing lot
2025-07-01 00:36:37 [error]: Transaction failed
2025-07-01 00:36:58 [info]: Received GET request to /api/notifications
2025-07-01 00:37:20 [info]: Received POST request to /api/receive
2025-07-01 00:37:20 [info]: Starting /api/receive request
2025-07-01 00:37:20 [info]: Attempting to save UserTransaction
2025-07-01 00:37:20 [info]: UserTransaction saved successfully
2025-07-01 00:37:20 [info]: Processing lot
2025-07-01 00:37:20 [error]: Transaction failed
2025-07-01 00:37:21 [info]: Received POST request to /api/receive
2025-07-01 00:37:21 [info]: Starting /api/receive request
2025-07-01 00:37:21 [info]: Attempting to save UserTransaction
2025-07-01 00:37:21 [info]: UserTransaction saved successfully
2025-07-01 00:37:21 [info]: Processing lot
2025-07-01 00:37:21 [error]: Transaction failed
2025-07-01 00:37:22 [info]: Received POST request to /api/receive
2025-07-01 00:37:22 [info]: Starting /api/receive request
2025-07-01 00:37:22 [info]: Attempting to save UserTransaction
2025-07-01 00:37:22 [info]: UserTransaction saved successfully
2025-07-01 00:37:22 [info]: Processing lot
2025-07-01 00:37:22 [error]: Transaction failed
2025-07-01 00:37:27 [info]: Received GET request to /api/notifications
2025-07-01 00:37:27 [info]: Received GET request to /api/warehouses
2025-07-01 00:37:27 [info]: Received GET request to /api/receive-history?startDate=&endDate=&warehouse=&searchQuery=&page=1&limit=25
2025-07-01 00:37:27 [info]: Fetching receive history
2025-07-01 00:37:27 [info]: Received GET request to /api/warehouses
2025-07-01 00:37:27 [info]: Received GET request to /api/receive-history?startDate=&endDate=&warehouse=&searchQuery=&page=1&limit=25
2025-07-01 00:37:27 [info]: Fetching receive history
2025-07-01 00:37:30 [info]: Received GET request to /api/warehouses
2025-07-01 00:37:30 [info]: Received GET request to /api/notifications
2025-07-01 00:37:30 [info]: Received GET request to /api/receive-history?startDate=&endDate=&warehouse=&searchQuery=&page=1&limit=25
2025-07-01 00:37:30 [info]: Fetching receive history
2025-07-01 00:37:30 [info]: Received GET request to /api/warehouses
2025-07-01 00:37:30 [info]: Received GET request to /api/notifications
2025-07-01 00:37:30 [info]: Received GET request to /api/receive-history?startDate=&endDate=&warehouse=&searchQuery=&page=1&limit=25
2025-07-01 00:37:30 [info]: Fetching receive history
2025-07-01 00:37:33 [info]: Received GET request to /api/warehouses
2025-07-01 00:37:33 [info]: Received GET request to /api/lot-management?searchQuery=&warehouse=&page=1&limit=25
2025-07-01 00:37:33 [info]: Fetching lot management data
2025-07-01 00:37:33 [info]: Received GET request to /api/warehouses
2025-07-01 00:37:33 [info]: Received GET request to /api/lot-management?searchQuery=&warehouse=&page=1&limit=25
2025-07-01 00:37:33 [info]: Fetching lot management data
2025-07-01 00:37:35 [info]: Received GET request to /api/warehouses
2025-07-01 00:37:35 [info]: Received GET request to /api/users
2025-07-01 00:37:35 [info]: Received GET request to /api/warehouses
2025-07-01 00:37:35 [info]: Received GET request to /api/users
2025-07-01 00:37:40 [info]: Received GET request to /api/users
2025-07-01 00:37:40 [info]: Received GET request to /api/warehouses
2025-07-01 00:37:40 [info]: Received GET request to /api/users
2025-07-01 00:37:40 [info]: Received GET request to /api/warehouses
2025-07-01 00:37:47 [info]: Received GET request to /api/suppliers
2025-07-01 00:37:47 [info]: Received GET request to /api/suppliers
2025-07-01 00:37:54 [info]: Received POST request to /api/suppliers
2025-07-01 00:37:58 [info]: Received GET request to /api/products
2025-07-01 00:37:58 [info]: Received GET request to /api/warehouses
2025-07-01 00:37:58 [info]: Received GET request to /api/warehouses
2025-07-01 00:37:58 [info]: Received GET request to /api/products
2025-07-01 00:37:59 [info]: Received GET request to /api/warehouses
2025-07-01 00:37:59 [info]: Received GET request to /api/products
2025-07-01 00:37:59 [info]: Received GET request to /api/lots
2025-07-01 00:37:59 [info]: Received GET request to /api/warehouses
2025-07-01 00:37:59 [info]: Received GET request to /api/lots
2025-07-01 00:37:59 [info]: Received GET request to /api/products
2025-07-01 00:38:00 [info]: Received GET request to /api/notifications
2025-07-01 00:38:01 [info]: Received GET request to /api/products
2025-07-01 00:38:01 [info]: Received GET request to /api/lots
2025-07-01 00:38:01 [info]: Received GET request to /api/warehouses
2025-07-01 00:38:01 [info]: Received GET request to /api/lots
2025-07-01 00:38:01 [info]: Received GET request to /api/warehouses
2025-07-01 00:38:01 [info]: Received GET request to /api/products
2025-07-01 00:38:02 [info]: Received GET request to /api/products
2025-07-01 00:38:02 [info]: Received GET request to /api/warehouses
2025-07-01 00:38:02 [info]: Received GET request to /api/suppliers
2025-07-01 00:38:02 [info]: Received GET request to /api/categories
2025-07-01 00:38:02 [info]: Received GET request to /api/warehouses
2025-07-01 00:38:02 [info]: Received GET request to /api/products
2025-07-01 00:38:02 [info]: Received GET request to /api/categories
2025-07-01 00:38:02 [info]: Received GET request to /api/suppliers
2025-07-01 00:38:02 [info]: Received GET request to /api/warehouses
2025-07-01 00:38:02 [info]: Received GET request to /api/lot-management?searchQuery=&warehouse=&page=1&limit=25
2025-07-01 00:38:02 [info]: Fetching lot management data
2025-07-01 00:38:02 [info]: Received GET request to /api/warehouses
2025-07-01 00:38:02 [info]: Received GET request to /api/lot-management?searchQuery=&warehouse=&page=1&limit=25
2025-07-01 00:38:02 [info]: Fetching lot management data
2025-07-01 00:38:03 [info]: Received GET request to /api/products
2025-07-01 00:38:03 [info]: Received GET request to /api/categories
2025-07-01 00:38:03 [info]: Received GET request to /api/warehouses
2025-07-01 00:38:03 [info]: Received GET request to /api/suppliers
2025-07-01 00:38:03 [info]: Received GET request to /api/categories
2025-07-01 00:38:03 [info]: Received GET request to /api/warehouses
2025-07-01 00:38:03 [info]: Received GET request to /api/suppliers
2025-07-01 00:38:03 [info]: Received GET request to /api/products
2025-07-01 00:38:03 [info]: Received GET request to /api/lot-management?searchQuery=&warehouse=&page=1&limit=25
2025-07-01 00:38:03 [info]: Fetching lot management data
2025-07-01 00:38:03 [info]: Received GET request to /api/warehouses
2025-07-01 00:38:03 [info]: Received GET request to /api/warehouses
2025-07-01 00:38:03 [info]: Received GET request to /api/lot-management?searchQuery=&warehouse=&page=1&limit=25
2025-07-01 00:38:03 [info]: Fetching lot management data
2025-07-01 00:38:04 [info]: Received GET request to /api/warehouses
2025-07-01 00:38:04 [info]: Received GET request to /api/receive-history?startDate=&endDate=&warehouse=&searchQuery=&page=1&limit=25
2025-07-01 00:38:04 [info]: Fetching receive history
2025-07-01 00:38:04 [info]: Received GET request to /api/warehouses
2025-07-01 00:38:04 [info]: Received GET request to /api/receive-history?startDate=&endDate=&warehouse=&searchQuery=&page=1&limit=25
2025-07-01 00:38:04 [info]: Fetching receive history
2025-07-01 00:38:04 [info]: Received GET request to /api/categories
2025-07-01 00:38:04 [info]: Received GET request to /api/warehouses
2025-07-01 00:38:04 [info]: Received GET request to /api/suppliers
2025-07-01 00:38:04 [info]: Received GET request to /api/products
2025-07-01 00:38:04 [info]: Received GET request to /api/categories
2025-07-01 00:38:04 [info]: Received GET request to /api/warehouses
2025-07-01 00:38:04 [info]: Received GET request to /api/suppliers
2025-07-01 00:38:04 [info]: Received GET request to /api/products
2025-07-01 00:38:30 [info]: Received GET request to /api/notifications
2025-07-01 00:39:00 [info]: Received GET request to /api/notifications
2025-07-01 00:39:28 [info]: Received GET request to /api/notifications
2025-07-01 00:39:28 [info]: Received GET request to /api/products
2025-07-01 00:39:28 [info]: Received GET request to /api/categories
2025-07-01 00:39:28 [info]: Received GET request to /api/warehouses
2025-07-01 00:39:28 [info]: Received GET request to /api/suppliers
2025-07-01 00:39:28 [info]: Received GET request to /api/categories
2025-07-01 00:39:28 [info]: Received GET request to /api/warehouses
2025-07-01 00:39:28 [info]: Received GET request to /api/suppliers
2025-07-01 00:39:28 [info]: Received GET request to /api/notifications
2025-07-01 00:39:28 [info]: Received GET request to /api/products
2025-07-01 00:39:59 [info]: Received GET request to /api/notifications
2025-07-01 00:40:29 [info]: Received GET request to /api/notifications
2025-07-01 00:40:37 [info]: Received GET request to /api/notifications
2025-07-01 00:40:37 [info]: Received GET request to /api/categories
2025-07-01 00:40:37 [info]: Received GET request to /api/products
2025-07-01 00:40:37 [info]: Received GET request to /api/warehouses
2025-07-01 00:40:37 [info]: Received GET request to /api/suppliers
2025-07-01 00:40:37 [info]: Received GET request to /api/categories
2025-07-01 00:40:37 [info]: Received GET request to /api/warehouses
2025-07-01 00:40:37 [info]: Received GET request to /api/notifications
2025-07-01 00:40:37 [info]: Received GET request to /api/suppliers
2025-07-01 00:40:37 [info]: Received GET request to /api/products
2025-07-01 00:41:01 [info]: Received POST request to /api/receive
2025-07-01 00:41:01 [info]: Starting /api/receive request
2025-07-01 00:41:01 [info]: Attempting to save UserTransaction
2025-07-01 00:41:01 [info]: UserTransaction saved successfully
2025-07-01 00:41:01 [info]: Processing lot
2025-07-01 00:41:01 [error]: Transaction failed
2025-07-01 00:41:57 [info]: Logger initialized successfully
2025-07-01 00:41:57 [info]: Server running on port 3000
2025-07-01 00:41:57 [info]: Connected to MongoDB
2025-07-01 00:42:17 [info]: Received POST request to /api/login
2025-07-01 00:42:17 [info]: Login attempt:
2025-07-01 00:42:17 [info]: Received GET request to /api/notifications
2025-07-01 00:42:17 [info]: Received GET request to /api/products
2025-07-01 00:42:17 [info]: Received GET request to /api/lots
2025-07-01 00:42:17 [info]: Received GET request to /api/warehouses
2025-07-01 00:42:17 [info]: Received GET request to /api/lots
2025-07-01 00:42:17 [info]: Received GET request to /api/warehouses
2025-07-01 00:42:17 [info]: Received GET request to /api/notifications
2025-07-01 00:42:17 [info]: Received GET request to /api/products
2025-07-01 00:42:19 [info]: Received GET request to /api/products
2025-07-01 00:42:19 [info]: Received GET request to /api/warehouses
2025-07-01 00:42:19 [info]: Received GET request to /api/categories
2025-07-01 00:42:19 [info]: Received GET request to /api/suppliers
2025-07-01 00:42:19 [info]: Received GET request to /api/warehouses
2025-07-01 00:42:19 [info]: Received GET request to /api/products
2025-07-01 00:42:19 [info]: Received GET request to /api/categories
2025-07-01 00:42:19 [info]: Received GET request to /api/suppliers
2025-07-01 00:42:36 [info]: Received POST request to /api/receive
2025-07-01 00:42:36 [info]: Starting /api/receive request
2025-07-01 00:42:36 [info]: Attempting to save UserTransaction
2025-07-01 00:42:36 [info]: UserTransaction saved successfully
2025-07-01 00:42:36 [info]: Processing lot
2025-07-01 00:42:36 [error]: Transaction failed
2025-07-01 00:42:47 [info]: Received GET request to /api/notifications
2025-07-01 00:43:17 [info]: Received GET request to /api/notifications
2025-07-01 00:43:24 [info]: Logger initialized successfully
2025-07-01 00:43:25 [info]: Server running on port 3000
2025-07-01 00:43:25 [info]: Connected to MongoDB
2025-07-01 00:43:30 [info]: Received POST request to /api/login
2025-07-01 00:43:30 [info]: Login attempt:
2025-07-01 00:43:30 [info]: Received GET request to /api/notifications
2025-07-01 00:43:31 [info]: Received GET request to /api/products
2025-07-01 00:43:31 [info]: Received GET request to /api/lots
2025-07-01 00:43:31 [info]: Received GET request to /api/warehouses
2025-07-01 00:43:31 [info]: Received GET request to /api/lots
2025-07-01 00:43:31 [info]: Received GET request to /api/notifications
2025-07-01 00:43:31 [info]: Received GET request to /api/warehouses
2025-07-01 00:43:31 [info]: Received GET request to /api/products
2025-07-01 00:43:32 [info]: Received GET request to /api/warehouses
2025-07-01 00:43:32 [info]: Received GET request to /api/lot-management?searchQuery=&warehouse=&page=1&limit=25
2025-07-01 00:43:32 [info]: Fetching lot management data
2025-07-01 00:43:32 [info]: Received GET request to /api/warehouses
2025-07-01 00:43:32 [info]: Received GET request to /api/lot-management?searchQuery=&warehouse=&page=1&limit=25
2025-07-01 00:43:32 [info]: Fetching lot management data
2025-07-01 00:43:32 [info]: Received GET request to /api/products
2025-07-01 00:43:33 [info]: Received GET request to /api/warehouses
2025-07-01 00:43:33 [info]: Received GET request to /api/categories
2025-07-01 00:43:33 [info]: Received GET request to /api/suppliers
2025-07-01 00:43:33 [info]: Received GET request to /api/warehouses
2025-07-01 00:43:33 [info]: Received GET request to /api/products
2025-07-01 00:43:33 [info]: Received GET request to /api/categories
2025-07-01 00:43:33 [info]: Received GET request to /api/suppliers
2025-07-01 00:43:53 [info]: Received POST request to /api/receive
2025-07-01 00:43:53 [info]: Starting /api/receive request
2025-07-01 00:43:53 [info]: Attempting to save UserTransaction
2025-07-01 00:43:53 [info]: UserTransaction saved successfully
2025-07-01 00:43:53 [info]: Processing lot
2025-07-01 00:43:53 [error]: Transaction failed
2025-07-01 00:44:01 [info]: Received GET request to /api/notifications
2025-07-01 00:44:31 [info]: Received GET request to /api/notifications
2025-07-01 00:45:01 [info]: Received GET request to /api/notifications
2025-07-01 00:45:21 [info]: Received POST request to /api/receive
2025-07-01 00:45:21 [info]: Starting /api/receive request
2025-07-01 00:45:21 [info]: Attempting to save UserTransaction
2025-07-01 00:45:21 [info]: UserTransaction saved successfully
2025-07-01 00:45:21 [info]: Processing lot
2025-07-01 00:45:21 [error]: Transaction failed
2025-07-01 00:45:22 [info]: Received POST request to /api/receive
2025-07-01 00:45:22 [info]: Starting /api/receive request
2025-07-01 00:45:22 [info]: Attempting to save UserTransaction
2025-07-01 00:45:22 [info]: UserTransaction saved successfully
2025-07-01 00:45:22 [info]: Processing lot
2025-07-01 00:45:22 [error]: Transaction failed
2025-07-01 00:45:25 [info]: Received GET request to /api/notifications
2025-07-01 00:45:25 [info]: Received GET request to /api/categories
2025-07-01 00:45:25 [info]: Received GET request to /api/products
2025-07-01 00:45:25 [info]: Received GET request to /api/warehouses
2025-07-01 00:45:25 [info]: Received GET request to /api/suppliers
2025-07-01 00:45:25 [info]: Received GET request to /api/categories
2025-07-01 00:45:25 [info]: Received GET request to /api/warehouses
2025-07-01 00:45:25 [info]: Received GET request to /api/notifications
2025-07-01 00:45:25 [info]: Received GET request to /api/products
2025-07-01 00:45:26 [info]: Received GET request to /api/suppliers
2025-07-01 00:45:56 [info]: Received GET request to /api/notifications
2025-07-01 00:46:26 [info]: Received GET request to /api/notifications
2025-07-01 00:46:56 [info]: Received GET request to /api/notifications
2025-07-01 00:47:10 [info]: Received GET request to /api/notifications
2025-07-01 00:47:10 [info]: Received GET request to /api/products
2025-07-01 00:47:10 [info]: Received GET request to /api/categories
2025-07-01 00:47:10 [info]: Received GET request to /api/warehouses
2025-07-01 00:47:10 [info]: Received GET request to /api/suppliers
2025-07-01 00:47:10 [info]: Received GET request to /api/categories
2025-07-01 00:47:10 [info]: Received GET request to /api/warehouses
2025-07-01 00:47:10 [info]: Received GET request to /api/suppliers
2025-07-01 00:47:10 [info]: Received GET request to /api/notifications
2025-07-01 00:47:10 [info]: Received GET request to /api/products
2025-07-01 00:47:41 [info]: Received GET request to /api/notifications
2025-07-01 00:48:11 [info]: Received GET request to /api/notifications
2025-07-01 00:48:41 [info]: Received GET request to /api/notifications
2025-07-01 00:48:59 [info]: Received GET request to /api/notifications
2025-07-01 00:48:59 [info]: Received GET request to /api/products
2025-07-01 00:48:59 [info]: Received GET request to /api/warehouses
2025-07-01 00:48:59 [info]: Received GET request to /api/categories
2025-07-01 00:48:59 [info]: Received GET request to /api/suppliers
2025-07-01 00:48:59 [info]: Received GET request to /api/notifications
2025-07-01 00:48:59 [info]: Received GET request to /api/warehouses
2025-07-01 00:48:59 [info]: Received GET request to /api/categories
2025-07-01 00:48:59 [info]: Received GET request to /api/products
2025-07-01 00:48:59 [info]: Received GET request to /api/suppliers
2025-07-01 00:49:14 [info]: Logger initialized successfully
2025-07-01 00:49:14 [info]: Server running on port 3000
2025-07-01 00:49:15 [info]: Connected to MongoDB
2025-07-01 00:49:18 [info]: Received GET request to /api/notifications
2025-07-01 00:49:18 [info]: Received GET request to /api/products
2025-07-01 00:49:18 [info]: Received GET request to /api/categories
2025-07-01 00:49:18 [info]: Received GET request to /api/warehouses
2025-07-01 00:49:18 [info]: Received GET request to /api/suppliers
2025-07-01 00:49:18 [info]: Received GET request to /api/categories
2025-07-01 00:49:18 [info]: Received GET request to /api/warehouses
2025-07-01 00:49:18 [info]: Received GET request to /api/notifications
2025-07-01 00:49:18 [info]: Received GET request to /api/products
2025-07-01 00:49:18 [info]: Received GET request to /api/suppliers
2025-07-01 00:49:37 [info]: Received POST request to /api/receive
2025-07-01 00:49:37 [info]: Starting /api/receive request
2025-07-01 00:49:37 [info]: Attempting to save UserTransaction
2025-07-01 00:49:37 [info]: UserTransaction saved successfully
2025-07-01 00:49:37 [info]: Processing lot
2025-07-01 00:49:37 [error]: Transaction failed
2025-07-01 00:49:48 [info]: Received GET request to /api/notifications
2025-07-01 00:50:47 [info]: Logger initialized successfully
2025-07-01 00:50:47 [info]: Server running on port 3000
2025-07-01 00:50:48 [info]: Connected to MongoDB
2025-07-01 00:51:02 [info]: Received GET request to /api/notifications
2025-07-01 00:51:02 [info]: Received GET request to /api/products
2025-07-01 00:51:02 [info]: Received GET request to /api/lots
2025-07-01 00:51:02 [info]: Received GET request to /api/warehouses
2025-07-01 00:51:02 [info]: Received GET request to /api/lots
2025-07-01 00:51:02 [info]: Received GET request to /api/warehouses
2025-07-01 00:51:02 [info]: Received GET request to /api/notifications
2025-07-01 00:51:02 [info]: Received GET request to /api/products
2025-07-01 00:51:06 [info]: Received GET request to /api/notifications
2025-07-01 00:51:06 [info]: Received GET request to /api/products
2025-07-01 00:51:06 [info]: Received GET request to /api/lots
2025-07-01 00:51:06 [info]: Received GET request to /api/warehouses
2025-07-01 00:51:06 [info]: Received GET request to /api/lots
2025-07-01 00:51:06 [info]: Received GET request to /api/warehouses
2025-07-01 00:51:06 [info]: Received GET request to /api/notifications
2025-07-01 00:51:06 [info]: Received GET request to /api/products
2025-07-01 00:51:09 [info]: Received GET request to /api/warehouses
2025-07-01 00:51:09 [info]: Received GET request to /api/lot-management?searchQuery=&warehouse=&page=1&limit=25
2025-07-01 00:51:09 [info]: Fetching lot management data
2025-07-01 00:51:09 [info]: Received GET request to /api/warehouses
2025-07-01 00:51:09 [info]: Received GET request to /api/lot-management?searchQuery=&warehouse=&page=1&limit=25
2025-07-01 00:51:09 [info]: Fetching lot management data
2025-07-01 00:51:11 [info]: Received GET request to /api/warehouses
2025-07-01 00:51:11 [info]: Received GET request to /api/receive-history?startDate=&endDate=&warehouse=&searchQuery=&page=1&limit=25
2025-07-01 00:51:11 [info]: Fetching receive history
2025-07-01 00:51:11 [info]: Received GET request to /api/warehouses
2025-07-01 00:51:11 [info]: Received GET request to /api/receive-history?startDate=&endDate=&warehouse=&searchQuery=&page=1&limit=25
2025-07-01 00:51:11 [info]: Fetching receive history
2025-07-01 00:51:12 [info]: Received GET request to /api/warehouses
2025-07-01 00:51:12 [info]: Received GET request to /api/products
2025-07-01 00:51:12 [info]: Received GET request to /api/suppliers
2025-07-01 00:51:12 [info]: Received GET request to /api/categories
2025-07-01 00:51:12 [info]: Received GET request to /api/warehouses
2025-07-01 00:51:12 [info]: Received GET request to /api/suppliers
2025-07-01 00:51:12 [info]: Received GET request to /api/categories
2025-07-01 00:51:12 [info]: Received GET request to /api/products
2025-07-01 00:51:27 [info]: Received POST request to /api/receive
2025-07-01 00:51:27 [info]: Starting /api/receive request
2025-07-01 00:51:27 [info]: Attempting to save UserTransaction
2025-07-01 00:51:27 [info]: UserTransaction saved successfully
2025-07-01 00:51:27 [info]: Processing lot
2025-07-01 00:51:27 [error]: Transaction failed
2025-07-01 00:56:26 [info]: Logger initialized successfully
2025-07-01 00:56:27 [info]: Server running on port 3000
2025-07-01 00:56:27 [info]: Connected to MongoDB
2025-07-01 00:56:37 [info]: Received GET request to /api/notifications
2025-07-01 00:56:37 [info]: Received GET request to /api/products
2025-07-01 00:56:37 [info]: Received GET request to /api/lots
2025-07-01 00:56:37 [info]: Received GET request to /api/warehouses
2025-07-01 00:56:37 [info]: Received GET request to /api/lots
2025-07-01 00:56:37 [info]: Received GET request to /api/warehouses
2025-07-01 00:56:37 [info]: Received GET request to /api/notifications
2025-07-01 00:56:37 [info]: Received GET request to /api/products
2025-07-01 00:56:40 [info]: Received GET request to /api/notifications
2025-07-01 00:56:40 [info]: Received GET request to /api/lots
2025-07-01 00:56:40 [info]: Received GET request to /api/products
2025-07-01 00:56:40 [info]: Received GET request to /api/warehouses
2025-07-01 00:56:40 [info]: Received GET request to /api/lots
2025-07-01 00:56:40 [info]: Received GET request to /api/warehouses
2025-07-01 00:56:40 [info]: Received GET request to /api/notifications
2025-07-01 00:56:40 [info]: Received GET request to /api/products
2025-07-01 00:56:42 [info]: Received GET request to /api/products
2025-07-01 00:56:42 [info]: Received GET request to /api/warehouses
2025-07-01 00:56:42 [info]: Received GET request to /api/categories
2025-07-01 00:56:42 [info]: Received GET request to /api/suppliers
2025-07-01 00:56:42 [info]: Received GET request to /api/warehouses
2025-07-01 00:56:42 [info]: Received GET request to /api/products
2025-07-01 00:56:42 [info]: Received GET request to /api/categories
2025-07-01 00:56:42 [info]: Received GET request to /api/suppliers
2025-07-01 00:57:05 [info]: Received POST request to /api/receive
2025-07-01 00:57:05 [info]: Starting /api/receive request
2025-07-01 00:57:05 [info]: Attempting to save UserTransaction
2025-07-01 00:57:05 [info]: UserTransaction saved successfully
2025-07-01 00:57:05 [info]: Processing lot
2025-07-01 00:57:05 [error]: Transaction failed
2025-07-01 00:57:07 [info]: Received POST request to /api/receive
2025-07-01 00:57:07 [info]: Starting /api/receive request
2025-07-01 00:57:07 [info]: Attempting to save UserTransaction
2025-07-01 00:57:07 [info]: UserTransaction saved successfully
2025-07-01 00:57:07 [info]: Processing lot
2025-07-01 00:57:07 [error]: Transaction failed
2025-07-01 01:01:08 [info]: Logger initialized successfully
2025-07-01 01:01:09 [info]: Server running on port 3000
2025-07-01 01:01:09 [info]: Connected to MongoDB
2025-07-01 01:01:21 [info]: Received GET request to /api/notifications
2025-07-01 01:01:21 [info]: Received GET request to /api/products
2025-07-01 01:01:21 [info]: Received GET request to /api/lots
2025-07-01 01:01:21 [info]: Received GET request to /api/warehouses
2025-07-01 01:01:21 [info]: Received GET request to /api/lots
2025-07-01 01:01:21 [info]: Received GET request to /api/warehouses
2025-07-01 01:01:21 [info]: Received GET request to /api/notifications
2025-07-01 01:01:21 [info]: Received GET request to /api/products
2025-07-01 01:01:23 [info]: Received GET request to /api/warehouses
2025-07-01 01:01:23 [info]: Received GET request to /api/receive-history?startDate=&endDate=&warehouse=&searchQuery=&page=1&limit=25
2025-07-01 01:01:23 [info]: Fetching receive history
2025-07-01 01:01:23 [info]: Received GET request to /api/warehouses
2025-07-01 01:01:23 [info]: Received GET request to /api/receive-history?startDate=&endDate=&warehouse=&searchQuery=&page=1&limit=25
2025-07-01 01:01:23 [info]: Fetching receive history
2025-07-01 01:01:23 [info]: Received GET request to /api/products
2025-07-01 01:01:23 [info]: Received GET request to /api/warehouses
2025-07-01 01:01:23 [info]: Received GET request to /api/categories
2025-07-01 01:01:23 [info]: Received GET request to /api/suppliers
2025-07-01 01:01:23 [info]: Received GET request to /api/warehouses
2025-07-01 01:01:23 [info]: Received GET request to /api/products
2025-07-01 01:01:23 [info]: Received GET request to /api/categories
2025-07-01 01:01:23 [info]: Received GET request to /api/suppliers
2025-07-01 01:01:39 [info]: Received POST request to /api/receive
2025-07-01 01:01:39 [info]: Starting /api/receive request
2025-07-01 01:01:39 [info]: Attempting to save UserTransaction
2025-07-01 01:01:39 [info]: UserTransaction saved successfully
2025-07-01 01:01:39 [info]: Processing lot
2025-07-01 01:01:39 [warn]: No existing lot found, creating new lot
2025-07-01 01:01:39 [info]: Successfully processed new lot
2025-07-01 01:01:39 [info]: Transaction committed successfully
2025-07-01 01:01:42 [info]: Received GET request to /api/warehouses
2025-07-01 01:01:42 [info]: Received GET request to /api/lot-management?searchQuery=&warehouse=&page=1&limit=25
2025-07-01 01:01:42 [info]: Fetching lot management data
2025-07-01 01:01:42 [info]: Received GET request to /api/warehouses
2025-07-01 01:01:42 [info]: Received GET request to /api/lot-management?searchQuery=&warehouse=&page=1&limit=25
2025-07-01 01:01:42 [info]: Fetching lot management data
2025-07-01 01:01:44 [info]: Received GET request to /api/warehouses
2025-07-01 01:01:44 [info]: Received GET request to /api/receive-history?startDate=&endDate=&warehouse=&searchQuery=&page=1&limit=25
2025-07-01 01:01:44 [info]: Fetching receive history
2025-07-01 01:01:44 [info]: Received GET request to /api/warehouses
2025-07-01 01:01:44 [info]: Received GET request to /api/receive-history?startDate=&endDate=&warehouse=&searchQuery=&page=1&limit=25
2025-07-01 01:01:44 [info]: Fetching receive history
2025-07-01 01:01:44 [info]: Received GET request to /api/warehouses
2025-07-01 01:01:44 [info]: Received GET request to /api/products
2025-07-01 01:01:44 [info]: Received GET request to /api/categories
2025-07-01 01:01:44 [info]: Received GET request to /api/suppliers
2025-07-01 01:01:44 [info]: Received GET request to /api/warehouses
2025-07-01 01:01:44 [info]: Received GET request to /api/categories
2025-07-01 01:01:44 [info]: Received GET request to /api/suppliers
2025-07-01 01:01:44 [info]: Received GET request to /api/products
2025-07-01 01:01:46 [info]: Received GET request to /api/warehouses
2025-07-01 01:01:46 [info]: Received GET request to /api/lot-management?searchQuery=&warehouse=&page=1&limit=25
2025-07-01 01:01:46 [info]: Fetching lot management data
2025-07-01 01:01:46 [info]: Received GET request to /api/warehouses
2025-07-01 01:01:46 [info]: Received GET request to /api/lot-management?searchQuery=&warehouse=&page=1&limit=25
2025-07-01 01:01:46 [info]: Fetching lot management data
2025-07-01 01:01:51 [info]: Received GET request to /api/notifications
2025-07-01 01:01:52 [info]: Received GET request to /api/warehouses
2025-07-01 01:01:52 [info]: Received GET request to /api/receive-history?startDate=&endDate=&warehouse=&searchQuery=&page=1&limit=25
2025-07-01 01:01:52 [info]: Fetching receive history
2025-07-01 01:01:52 [info]: Received GET request to /api/warehouses
2025-07-01 01:01:52 [info]: Received GET request to /api/receive-history?startDate=&endDate=&warehouse=&searchQuery=&page=1&limit=25
2025-07-01 01:01:52 [info]: Fetching receive history
2025-07-01 01:01:53 [info]: Received GET request to /api/warehouses
2025-07-01 01:01:53 [info]: Received GET request to /api/products
2025-07-01 01:01:53 [info]: Received GET request to /api/categories
2025-07-01 01:01:53 [info]: Received GET request to /api/suppliers
2025-07-01 01:01:53 [info]: Received GET request to /api/warehouses
2025-07-01 01:01:53 [info]: Received GET request to /api/categories
2025-07-01 01:01:53 [info]: Received GET request to /api/suppliers
2025-07-01 01:01:53 [info]: Received GET request to /api/products
2025-07-01 01:01:54 [info]: Received GET request to /api/warehouses
2025-07-01 01:01:54 [info]: Received GET request to /api/receive-history?startDate=&endDate=&warehouse=&searchQuery=&page=1&limit=25
2025-07-01 01:01:54 [info]: Fetching receive history
2025-07-01 01:01:54 [info]: Received GET request to /api/warehouses
2025-07-01 01:01:54 [info]: Received GET request to /api/receive-history?startDate=&endDate=&warehouse=&searchQuery=&page=1&limit=25
2025-07-01 01:01:54 [info]: Fetching receive history
2025-07-01 01:01:55 [info]: Received GET request to /api/warehouses
2025-07-01 01:01:55 [info]: Received GET request to /api/lot-management?searchQuery=&warehouse=&page=1&limit=25
2025-07-01 01:01:55 [info]: Fetching lot management data
2025-07-01 01:01:55 [info]: Received GET request to /api/warehouses
2025-07-01 01:01:55 [info]: Received GET request to /api/lot-management?searchQuery=&warehouse=&page=1&limit=25
2025-07-01 01:01:55 [info]: Fetching lot management data
2025-07-01 01:02:04 [info]: Received GET request to /api/warehouses
2025-07-01 01:02:04 [info]: Received GET request to /api/receive-history?startDate=&endDate=&warehouse=&searchQuery=&page=1&limit=25
2025-07-01 01:02:04 [info]: Fetching receive history
2025-07-01 01:02:04 [info]: Received GET request to /api/warehouses
2025-07-01 01:02:04 [info]: Received GET request to /api/receive-history?startDate=&endDate=&warehouse=&searchQuery=&page=1&limit=25
2025-07-01 01:02:04 [info]: Fetching receive history
2025-07-01 01:02:06 [info]: Received GET request to /api/warehouses
2025-07-01 01:02:06 [info]: Received GET request to /api/products
2025-07-01 01:02:06 [info]: Received GET request to /api/categories
2025-07-01 01:02:06 [info]: Received GET request to /api/suppliers
2025-07-01 01:02:06 [info]: Received GET request to /api/warehouses
2025-07-01 01:02:06 [info]: Received GET request to /api/categories
2025-07-01 01:02:06 [info]: Received GET request to /api/suppliers
2025-07-01 01:02:06 [info]: Received GET request to /api/products
2025-07-01 01:02:12 [info]: Received GET request to /api/warehouses
2025-07-01 01:02:12 [info]: Received GET request to /api/lot-management?searchQuery=&warehouse=&page=1&limit=25
2025-07-01 01:02:12 [info]: Fetching lot management data
2025-07-01 01:02:12 [info]: Received GET request to /api/warehouses
2025-07-01 01:02:12 [info]: Received GET request to /api/lot-management?searchQuery=&warehouse=&page=1&limit=25
2025-07-01 01:02:12 [info]: Fetching lot management data
2025-07-01 01:02:16 [info]: Received GET request to /api/warehouses
2025-07-01 01:02:16 [info]: Received GET request to /api/products
2025-07-01 01:02:16 [info]: Received GET request to /api/categories
2025-07-01 01:02:16 [info]: Received GET request to /api/suppliers
2025-07-01 01:02:16 [info]: Received GET request to /api/warehouses
2025-07-01 01:02:16 [info]: Received GET request to /api/categories
2025-07-01 01:02:16 [info]: Received GET request to /api/suppliers
2025-07-01 01:02:16 [info]: Received GET request to /api/products
2025-07-01 01:02:21 [info]: Received GET request to /api/notifications
2025-07-01 01:02:36 [info]: Received POST request to /api/receive
2025-07-01 01:02:36 [info]: Starting /api/receive request
2025-07-01 01:02:36 [info]: Attempting to save UserTransaction
2025-07-01 01:02:36 [info]: UserTransaction saved successfully
2025-07-01 01:02:36 [info]: Processing lot
2025-07-01 01:02:36 [info]: Updated existing lot 47444 with new quantity: 100
2025-07-01 01:02:36 [info]: Transaction committed successfully
2025-07-01 01:02:39 [info]: Received GET request to /api/warehouses
2025-07-01 01:02:39 [info]: Received GET request to /api/receive-history?startDate=&endDate=&warehouse=&searchQuery=&page=1&limit=25
2025-07-01 01:02:39 [info]: Fetching receive history
2025-07-01 01:02:39 [info]: Received GET request to /api/warehouses
2025-07-01 01:02:39 [info]: Received GET request to /api/receive-history?startDate=&endDate=&warehouse=&searchQuery=&page=1&limit=25
2025-07-01 01:02:39 [info]: Fetching receive history
2025-07-01 01:02:43 [info]: Received GET request to /api/warehouses
2025-07-01 01:02:43 [info]: Received GET request to /api/lot-management?searchQuery=&warehouse=&page=1&limit=25
2025-07-01 01:02:43 [info]: Fetching lot management data
2025-07-01 01:02:43 [info]: Received GET request to /api/warehouses
2025-07-01 01:02:43 [info]: Received GET request to /api/lot-management?searchQuery=&warehouse=&page=1&limit=25
2025-07-01 01:02:43 [info]: Fetching lot management data
2025-07-01 09:45:40 [info]: Logger initialized successfully
2025-07-01 09:45:40 [info]: Server running on port 3000
2025-07-01 09:45:41 [info]: Connected to MongoDB
2025-07-01 09:46:00 [info]: Received GET request to /api/notifications
2025-07-01 09:46:00 [error]: Authentication failed
2025-07-01 09:46:00 [info]: Received GET request to /api/notifications
2025-07-01 09:46:00 [error]: Authentication failed
2025-07-01 09:46:04 [info]: Received POST request to /api/login
2025-07-01 09:46:04 [info]: Login attempt:
2025-07-01 09:46:04 [info]: Received GET request to /api/notifications
2025-07-01 09:46:04 [info]: Received GET request to /api/products
2025-07-01 09:46:04 [info]: Received GET request to /api/lots
2025-07-01 09:46:04 [info]: Received GET request to /api/warehouses
2025-07-01 09:46:04 [info]: Received GET request to /api/notifications
2025-07-01 09:46:04 [info]: Received GET request to /api/warehouses
2025-07-01 09:46:04 [info]: Received GET request to /api/products
2025-07-01 09:46:04 [info]: Received GET request to /api/lots
2025-07-01 09:46:06 [info]: Received GET request to /api/products
2025-07-01 09:46:06 [info]: Received GET request to /api/warehouses
2025-07-01 09:46:06 [info]: Received GET request to /api/categories
2025-07-01 09:46:06 [info]: Received GET request to /api/suppliers
2025-07-01 09:46:06 [info]: Received GET request to /api/warehouses
2025-07-01 09:46:06 [info]: Received GET request to /api/products
2025-07-01 09:46:06 [info]: Received GET request to /api/categories
2025-07-01 09:46:06 [info]: Received GET request to /api/suppliers
2025-07-01 09:46:08 [info]: Received GET request to /api/warehouses
2025-07-01 09:46:08 [info]: Received GET request to /api/receive-history?startDate=&endDate=&warehouse=&searchQuery=&page=1&limit=25
2025-07-01 09:46:08 [info]: Fetching receive history
2025-07-01 09:46:08 [info]: Received GET request to /api/warehouses
2025-07-01 09:46:08 [info]: Received GET request to /api/warehouses
2025-07-01 09:46:08 [info]: Received GET request to /api/lot-management?searchQuery=&warehouse=&page=1&limit=25
2025-07-01 09:46:08 [info]: Fetching lot management data
2025-07-01 09:46:08 [info]: Received GET request to /api/warehouses
2025-07-01 09:46:08 [info]: Received GET request to /api/lot-management?searchQuery=&warehouse=&page=1&limit=25
2025-07-01 09:46:08 [info]: Fetching lot management data
2025-07-01 09:46:08 [info]: Received GET request to /api/receive-history?startDate=&endDate=&warehouse=&searchQuery=&page=1&limit=25
2025-07-01 09:46:08 [info]: Fetching receive history
2025-07-01 09:46:09 [info]: Received GET request to /api/receive-history?startDate=&endDate=&warehouse=&searchQuery=&page=1&limit=25
2025-07-01 09:46:09 [info]: Fetching receive history
2025-07-01 09:46:09 [info]: Received GET request to /api/warehouses
2025-07-01 09:46:09 [info]: Received GET request to /api/warehouses
2025-07-01 09:46:09 [info]: Received GET request to /api/receive-history?startDate=&endDate=&warehouse=&searchQuery=&page=1&limit=25
2025-07-01 09:46:09 [info]: Fetching receive history
2025-07-01 09:46:10 [info]: Received GET request to /api/warehouses
2025-07-01 09:46:10 [info]: Received GET request to /api/lot-management?searchQuery=&warehouse=&page=1&limit=25
2025-07-01 09:46:10 [info]: Fetching lot management data
2025-07-01 09:46:10 [info]: Received GET request to /api/warehouses
2025-07-01 09:46:10 [info]: Received GET request to /api/lot-management?searchQuery=&warehouse=&page=1&limit=25
2025-07-01 09:46:10 [info]: Fetching lot management data
2025-07-01 09:46:24 [info]: Received GET request to /api/warehouses
2025-07-01 09:46:24 [info]: Received GET request to /api/receive-history?startDate=&endDate=&warehouse=&searchQuery=&page=1&limit=25
2025-07-01 09:46:24 [info]: Fetching receive history
2025-07-01 09:46:24 [info]: Received GET request to /api/warehouses
2025-07-01 09:46:24 [info]: Received GET request to /api/receive-history?startDate=&endDate=&warehouse=&searchQuery=&page=1&limit=25
2025-07-01 09:46:24 [info]: Fetching receive history
2025-07-01 09:46:25 [info]: Received GET request to /api/warehouses
2025-07-01 09:46:25 [info]: Received GET request to /api/lot-management?searchQuery=&warehouse=&page=1&limit=25
2025-07-01 09:46:25 [info]: Fetching lot management data
2025-07-01 09:46:25 [info]: Received GET request to /api/warehouses
2025-07-01 09:46:25 [info]: Received GET request to /api/lot-management?searchQuery=&warehouse=&page=1&limit=25
2025-07-01 09:46:25 [info]: Fetching lot management data
2025-07-01 09:46:34 [info]: Received GET request to /api/notifications
2025-07-01 09:46:45 [info]: Received PUT request to /api/notifications/6862d1037a0ef804e82aa57b
2025-07-01 09:46:46 [info]: Received PUT request to /api/notifications/6862d13c7a0ef804e82aa609
2025-07-01 09:47:04 [info]: Received GET request to /api/notifications
2025-07-01 09:47:06 [info]: Received GET request to /api/warehouses
2025-07-01 09:47:06 [info]: Received GET request to /api/lot-management?searchQuery=&warehouse=Phnom+Penh+Warehouse&page=1&limit=25
2025-07-01 09:47:06 [info]: Fetching lot management data
2025-07-01 09:47:08 [info]: Received GET request to /api/warehouses
2025-07-01 09:47:08 [info]: Received GET request to /api/lot-management?searchQuery=&warehouse=Kampng+Cham+Warehouse&page=1&limit=25
2025-07-01 09:47:08 [info]: Fetching lot management data
2025-07-01 09:47:09 [info]: Received GET request to /api/warehouses
2025-07-01 09:47:09 [info]: Received GET request to /api/lot-management?searchQuery=&warehouse=all&page=1&limit=25
2025-07-01 09:47:09 [info]: Fetching lot management data
2025-07-01 09:47:15 [info]: Received GET request to /api/warehouses
2025-07-01 09:47:15 [info]: Received GET request to /api/receive-history?startDate=&endDate=&warehouse=&searchQuery=&page=1&limit=25
2025-07-01 09:47:15 [info]: Fetching receive history
2025-07-01 09:47:15 [info]: Received GET request to /api/warehouses
2025-07-01 09:47:15 [info]: Received GET request to /api/receive-history?startDate=&endDate=&warehouse=&searchQuery=&page=1&limit=25
2025-07-01 09:47:15 [info]: Fetching receive history
2025-07-01 09:47:30 [info]: Received GET request to /api/receive-history/export?startDate=&endDate=&warehouse=&searchQuery=
2025-07-01 09:47:30 [info]: Exporting receive history
2025-07-01 09:47:34 [info]: Received GET request to /api/notifications
2025-07-01 09:48:00 [info]: Received GET request to /api/notifications
2025-07-01 09:48:00 [info]: Received GET request to /api/warehouses
2025-07-01 09:48:00 [info]: Received GET request to /api/receive-history?startDate=&endDate=&warehouse=&searchQuery=&page=1&limit=25
2025-07-01 09:48:00 [info]: Fetching receive history
2025-07-01 09:48:00 [info]: Received GET request to /api/warehouses
2025-07-01 09:48:00 [info]: Received GET request to /api/notifications
2025-07-01 09:48:00 [info]: Received GET request to /api/receive-history?startDate=&endDate=&warehouse=&searchQuery=&page=1&limit=25
2025-07-01 09:48:00 [info]: Fetching receive history
2025-07-01 09:48:06 [info]: Received GET request to /api/notifications
2025-07-01 09:48:06 [info]: Received GET request to /api/warehouses
2025-07-01 09:48:06 [info]: Received GET request to /api/receive-history?startDate=&endDate=&warehouse=&searchQuery=&page=1&limit=25
2025-07-01 09:48:06 [info]: Fetching receive history
2025-07-01 09:48:06 [info]: Received GET request to /api/warehouses
2025-07-01 09:48:06 [info]: Received GET request to /api/notifications
2025-07-01 09:48:06 [info]: Received GET request to /api/receive-history?startDate=&endDate=&warehouse=&searchQuery=&page=1&limit=25
2025-07-01 09:48:06 [info]: Fetching receive history
2025-07-01 09:48:14 [info]: Received GET request to /api/receive-history/export?startDate=&endDate=&warehouse=&searchQuery=
2025-07-01 09:48:14 [info]: Exporting receive history
2025-07-01 09:48:21 [info]: Received GET request to /api/notifications
2025-07-01 09:48:21 [info]: Received GET request to /api/receive-history?startDate=&endDate=&warehouse=&searchQuery=&page=1&limit=25
2025-07-01 09:48:21 [info]: Fetching receive history
2025-07-01 09:48:21 [info]: Received GET request to /api/warehouses
2025-07-01 09:48:21 [info]: Received GET request to /api/warehouses
2025-07-01 09:48:21 [info]: Received GET request to /api/notifications
2025-07-01 09:48:22 [info]: Received GET request to /api/receive-history?startDate=&endDate=&warehouse=&searchQuery=&page=1&limit=25
2025-07-01 09:48:22 [info]: Fetching receive history
2025-07-01 09:48:51 [info]: Received GET request to /api/notifications
2025-07-01 09:49:10 [info]: Received GET request to /api/notifications
2025-07-01 09:49:10 [info]: Received GET request to /api/warehouses
2025-07-01 09:49:10 [info]: Received GET request to /api/receive-history?startDate=&endDate=&warehouse=&searchQuery=&page=1&limit=25
2025-07-01 09:49:10 [info]: Fetching receive history
2025-07-01 09:49:11 [info]: Received GET request to /api/warehouses
2025-07-01 09:49:11 [info]: Received GET request to /api/notifications
2025-07-01 09:49:11 [info]: Received GET request to /api/receive-history?startDate=&endDate=&warehouse=&searchQuery=&page=1&limit=25
2025-07-01 09:49:11 [info]: Fetching receive history
2025-07-01 09:49:32 [info]: Received GET request to /api/warehouses
2025-07-01 09:49:32 [info]: Received GET request to /api/lot-management?searchQuery=&warehouse=&page=1&limit=25
2025-07-01 09:49:32 [info]: Fetching lot management data
2025-07-01 09:49:32 [info]: Received GET request to /api/warehouses
2025-07-01 09:49:32 [info]: Received GET request to /api/lot-management?searchQuery=&warehouse=&page=1&limit=25
2025-07-01 09:49:32 [info]: Fetching lot management data
2025-07-01 09:49:40 [info]: Received GET request to /api/warehouses
2025-07-01 09:49:40 [info]: Received GET request to /api/receive-history?startDate=&endDate=&warehouse=&searchQuery=&page=1&limit=25
2025-07-01 09:49:40 [info]: Fetching receive history
2025-07-01 09:49:40 [info]: Received GET request to /api/warehouses
2025-07-01 09:49:40 [info]: Received GET request to /api/receive-history?startDate=&endDate=&warehouse=&searchQuery=&page=1&limit=25
2025-07-01 09:49:40 [info]: Fetching receive history
2025-07-01 09:49:40 [info]: Received GET request to /api/notifications
2025-07-01 09:49:41 [info]: Received GET request to /api/warehouses
2025-07-01 09:49:41 [info]: Received GET request to /api/products
2025-07-01 09:49:41 [info]: Received GET request to /api/categories
2025-07-01 09:49:41 [info]: Received GET request to /api/suppliers
2025-07-01 09:49:41 [info]: Received GET request to /api/warehouses
2025-07-01 09:49:41 [info]: Received GET request to /api/categories
2025-07-01 09:49:41 [info]: Received GET request to /api/suppliers
2025-07-01 09:49:41 [info]: Received GET request to /api/products
2025-07-01 09:49:42 [info]: Received GET request to /api/warehouses
2025-07-01 09:49:42 [info]: Received GET request to /api/receive-history?startDate=&endDate=&warehouse=&searchQuery=&page=1&limit=25
2025-07-01 09:49:42 [info]: Fetching receive history
2025-07-01 09:49:42 [info]: Received GET request to /api/warehouses
2025-07-01 09:49:42 [info]: Received GET request to /api/receive-history?startDate=&endDate=&warehouse=&searchQuery=&page=1&limit=25
2025-07-01 09:49:42 [info]: Fetching receive history
2025-07-01 09:49:43 [info]: Received GET request to /api/products
2025-07-01 09:49:43 [info]: Received GET request to /api/categories
2025-07-01 09:49:43 [info]: Received GET request to /api/warehouses
2025-07-01 09:49:43 [info]: Received GET request to /api/suppliers
2025-07-01 09:49:43 [info]: Received GET request to /api/categories
2025-07-01 09:49:43 [info]: Received GET request to /api/warehouses
2025-07-01 09:49:43 [info]: Received GET request to /api/suppliers
2025-07-01 09:49:43 [info]: Received GET request to /api/products
2025-07-01 09:49:44 [info]: Received GET request to /api/warehouses
2025-07-01 09:49:44 [info]: Received GET request to /api/lot-management?searchQuery=&warehouse=&page=1&limit=25
2025-07-01 09:49:44 [info]: Fetching lot management data
2025-07-01 09:49:44 [info]: Received GET request to /api/warehouses
2025-07-01 09:49:44 [info]: Received GET request to /api/lot-management?searchQuery=&warehouse=&page=1&limit=25
2025-07-01 09:49:44 [info]: Fetching lot management data
2025-07-01 09:49:46 [info]: Received GET request to /api/warehouses
2025-07-01 09:49:46 [info]: Received GET request to /api/receive-history?startDate=&endDate=&warehouse=&searchQuery=&page=1&limit=25
2025-07-01 09:49:46 [info]: Fetching receive history
2025-07-01 09:49:46 [info]: Received GET request to /api/warehouses
2025-07-01 09:49:46 [info]: Received GET request to /api/receive-history?startDate=&endDate=&warehouse=&searchQuery=&page=1&limit=25
2025-07-01 09:49:46 [info]: Fetching receive history
2025-07-01 09:49:46 [info]: Received GET request to /api/lot-management?searchQuery=&warehouse=&page=1&limit=25
2025-07-01 09:49:46 [info]: Fetching lot management data
2025-07-01 09:49:46 [info]: Received GET request to /api/warehouses
2025-07-01 09:49:46 [info]: Received GET request to /api/warehouses
2025-07-01 09:49:46 [info]: Received GET request to /api/lot-management?searchQuery=&warehouse=&page=1&limit=25
2025-07-01 09:49:46 [info]: Fetching lot management data
2025-07-01 09:49:47 [info]: Received GET request to /api/warehouses
2025-07-01 09:49:47 [info]: Received GET request to /api/receive-history?startDate=&endDate=&warehouse=&searchQuery=&page=1&limit=25
2025-07-01 09:49:47 [info]: Fetching receive history
2025-07-01 09:49:47 [info]: Received GET request to /api/warehouses
2025-07-01 09:49:47 [info]: Received GET request to /api/receive-history?startDate=&endDate=&warehouse=&searchQuery=&page=1&limit=25
2025-07-01 09:49:47 [info]: Fetching receive history
2025-07-01 09:49:48 [info]: Received GET request to /api/warehouses
2025-07-01 09:49:48 [info]: Received GET request to /api/lot-management?searchQuery=&warehouse=&page=1&limit=25
2025-07-01 09:49:48 [info]: Fetching lot management data
2025-07-01 09:49:48 [info]: Received GET request to /api/warehouses
2025-07-01 09:49:48 [info]: Received GET request to /api/lot-management?searchQuery=&warehouse=&page=1&limit=25
2025-07-01 09:49:48 [info]: Fetching lot management data
2025-07-01 09:49:49 [info]: Received GET request to /api/warehouses
2025-07-01 09:49:49 [info]: Received GET request to /api/receive-history?startDate=&endDate=&warehouse=&searchQuery=&page=1&limit=25
2025-07-01 09:49:49 [info]: Fetching receive history
2025-07-01 09:49:49 [info]: Received GET request to /api/warehouses
2025-07-01 09:49:49 [info]: Received GET request to /api/receive-history?startDate=&endDate=&warehouse=&searchQuery=&page=1&limit=25
2025-07-01 09:49:49 [info]: Fetching receive history
2025-07-01 09:49:50 [info]: Received GET request to /api/warehouses
2025-07-01 09:49:50 [info]: Received GET request to /api/categories
2025-07-01 09:49:50 [info]: Received GET request to /api/products
2025-07-01 09:49:50 [info]: Received GET request to /api/suppliers
2025-07-01 09:49:50 [info]: Received GET request to /api/warehouses
2025-07-01 09:49:50 [info]: Received GET request to /api/categories
2025-07-01 09:49:50 [info]: Received GET request to /api/suppliers
2025-07-01 09:49:50 [info]: Received GET request to /api/products
2025-07-01 09:49:55 [info]: Received GET request to /api/warehouses
2025-07-01 09:49:55 [info]: Received GET request to /api/lot-management?searchQuery=&warehouse=&page=1&limit=25
2025-07-01 09:49:55 [info]: Fetching lot management data
2025-07-01 09:49:55 [info]: Received GET request to /api/warehouses
2025-07-01 09:49:55 [info]: Received GET request to /api/lot-management?searchQuery=&warehouse=&page=1&limit=25
2025-07-01 09:49:55 [info]: Fetching lot management data
2025-07-01 09:49:56 [info]: Received GET request to /api/warehouses
2025-07-01 09:49:56 [info]: Received GET request to /api/receive-history?startDate=&endDate=&warehouse=&searchQuery=&page=1&limit=25
2025-07-01 09:49:56 [info]: Fetching receive history
2025-07-01 09:49:56 [info]: Received GET request to /api/warehouses
2025-07-01 09:49:56 [info]: Received GET request to /api/receive-history?startDate=&endDate=&warehouse=&searchQuery=&page=1&limit=25
2025-07-01 09:49:56 [info]: Fetching receive history
2025-07-01 09:50:10 [info]: Received GET request to /api/products
2025-07-01 09:50:10 [info]: Received GET request to /api/categories
2025-07-01 09:50:10 [info]: Received GET request to /api/warehouses
2025-07-01 09:50:10 [info]: Received GET request to /api/suppliers
2025-07-01 09:50:10 [info]: Received GET request to /api/categories
2025-07-01 09:50:10 [info]: Received GET request to /api/warehouses
2025-07-01 09:50:10 [info]: Received GET request to /api/suppliers
2025-07-01 09:50:10 [info]: Received GET request to /api/products
2025-07-01 09:50:10 [info]: Received GET request to /api/warehouses
2025-07-01 09:50:10 [info]: Received GET request to /api/receive-history?startDate=&endDate=&warehouse=&searchQuery=&page=1&limit=25
2025-07-01 09:50:10 [info]: Fetching receive history
2025-07-01 09:50:10 [info]: Received GET request to /api/warehouses
2025-07-01 09:50:10 [info]: Received GET request to /api/receive-history?startDate=&endDate=&warehouse=&searchQuery=&page=1&limit=25
2025-07-01 09:50:10 [info]: Fetching receive history
2025-07-01 09:50:10 [info]: Received GET request to /api/notifications
2025-07-01 09:50:12 [info]: Received GET request to /api/categories
2025-07-01 09:50:12 [info]: Received GET request to /api/products
2025-07-01 09:50:12 [info]: Received GET request to /api/warehouses
2025-07-01 09:50:12 [info]: Received GET request to /api/suppliers
2025-07-01 09:50:12 [info]: Received GET request to /api/categories
2025-07-01 09:50:12 [info]: Received GET request to /api/warehouses
2025-07-01 09:50:12 [info]: Received GET request to /api/suppliers
2025-07-01 09:50:12 [info]: Received GET request to /api/products
2025-07-01 09:50:13 [info]: Received GET request to /api/warehouses
2025-07-01 09:50:13 [info]: Received GET request to /api/receive-history?startDate=&endDate=&warehouse=&searchQuery=&page=1&limit=25
2025-07-01 09:50:13 [info]: Fetching receive history
2025-07-01 09:50:13 [info]: Received GET request to /api/warehouses
2025-07-01 09:50:13 [info]: Received GET request to /api/receive-history?startDate=&endDate=&warehouse=&searchQuery=&page=1&limit=25
2025-07-01 09:50:13 [info]: Fetching receive history
