2025-06-29 12:29:24 [info]: Logger initialized successfully
2025-06-29 12:29:24 [info]: Server running on port 3000
2025-06-29 12:29:25 [info]: Connected to MongoDB
2025-06-29 12:29:39 [info]: Received GET request to /api/products
2025-06-29 12:29:39 [info]: Received GET request to /api/categories
2025-06-29 12:29:39 [info]: Received GET request to /api/warehouses
2025-06-29 12:29:39 [info]: Received GET request to /api/suppliers
2025-06-29 12:29:39 [info]: Received GET request to /api/categories
2025-06-29 12:29:39 [info]: Received GET request to /api/warehouses
2025-06-29 12:29:39 [info]: Received GET request to /api/suppliers
2025-06-29 12:29:39 [info]: Received GET request to /api/products
2025-06-29 12:37:00 [info]: Logger initialized successfully
2025-06-29 12:37:01 [info]: Server running on port 3000
2025-06-29 12:37:31 [error]: Connection error:
2025-06-29 12:38:33 [info]: Logger initialized successfully
2025-06-29 12:38:34 [info]: Server running on port 3000
2025-06-29 12:39:04 [error]: Connection error:
2025-06-29 12:39:14 [info]: Logger initialized successfully
2025-06-29 12:39:14 [info]: Server running on port 3000
2025-06-29 12:39:44 [error]: Connection error:
2025-06-29 12:40:26 [info]: Logger initialized successfully
2025-06-29 12:40:26 [info]: Server running on port 3000
2025-06-29 12:40:31 [info]: Received POST request to /api/login
2025-06-29 12:40:31 [info]: Login attempt:
2025-06-29 12:40:41 [error]: Error during login:
2025-06-29 12:40:56 [error]: Connection error:
2025-06-29 12:41:26 [info]: Logger initialized successfully
2025-06-29 12:41:27 [info]: Server running on port 3000
2025-06-29 12:41:36 [info]: Received POST request to /api/login
2025-06-29 12:41:36 [info]: Login attempt:
2025-06-29 12:41:46 [error]: Error during login:
2025-06-29 12:41:57 [error]: Connection error:
2025-06-29 12:42:15 [info]: Logger initialized successfully
2025-06-29 12:42:15 [info]: Server running on port 3000
2025-06-29 12:42:15 [info]: Connected to MongoDB
2025-06-29 12:42:30 [info]: Received POST request to /api/login
2025-06-29 12:42:30 [info]: Login attempt:
2025-06-29 12:42:30 [info]: Received GET request to /api/products
2025-06-29 12:42:30 [info]: Received GET request to /api/lots
2025-06-29 12:42:30 [info]: Received GET request to /api/warehouses
2025-06-29 12:42:31 [info]: Received GET request to /api/lots
2025-06-29 12:42:31 [info]: Received GET request to /api/warehouses
2025-06-29 12:42:31 [info]: Received GET request to /api/products
2025-06-29 12:42:32 [info]: Received GET request to /api/lots
2025-06-29 12:42:32 [info]: Received GET request to /api/products
2025-06-29 12:42:32 [info]: Received GET request to /api/warehouses
2025-06-29 12:42:32 [info]: Received GET request to /api/lots
2025-06-29 12:42:32 [info]: Received GET request to /api/warehouses
2025-06-29 12:42:32 [info]: Received GET request to /api/products
2025-06-29 12:42:53 [info]: Received GET request to /api/products
2025-06-29 12:42:53 [info]: Received GET request to /api/categories
2025-06-29 12:42:53 [info]: Received GET request to /api/warehouses
2025-06-29 12:42:53 [info]: Received GET request to /api/suppliers
2025-06-29 12:42:53 [info]: Received GET request to /api/warehouses
2025-06-29 12:42:53 [info]: Received GET request to /api/categories
2025-06-29 12:42:53 [info]: Received GET request to /api/products
2025-06-29 12:42:53 [info]: Received GET request to /api/suppliers
2025-06-29 12:43:25 [info]: Received POST request to /api/receive
2025-06-29 12:43:25 [info]: Starting /api/receive request
2025-06-29 12:43:25 [info]: Attempting to save UserTransaction
2025-06-29 12:43:25 [error]: Transaction failed
2025-06-29 12:44:44 [info]: Logger initialized successfully
2025-06-29 12:44:44 [info]: Server running on port 3000
2025-06-29 12:45:06 [info]: Received POST request to /api/login
2025-06-29 12:45:06 [info]: Login attempt:
2025-06-29 12:45:14 [error]: Connection error:
2025-06-29 12:46:40 [info]: Logger initialized successfully
2025-06-29 12:46:40 [info]: Server running on port 3000
2025-06-29 12:46:40 [info]: Connected to MongoDB
2025-06-29 12:46:47 [info]: Received POST request to /api/login
2025-06-29 12:46:47 [info]: Login attempt:
2025-06-29 12:46:47 [info]: Received GET request to /api/products
2025-06-29 12:46:47 [info]: Received GET request to /api/lots
2025-06-29 12:46:47 [info]: Received GET request to /api/warehouses
2025-06-29 12:46:47 [info]: Received GET request to /api/warehouses
2025-06-29 12:46:47 [info]: Received GET request to /api/lots
2025-06-29 12:46:47 [info]: Received GET request to /api/products
2025-06-29 12:46:52 [info]: Received GET request to /api/products
2025-06-29 12:46:52 [info]: Received GET request to /api/warehouses
2025-06-29 12:46:52 [info]: Received GET request to /api/lots
2025-06-29 12:46:52 [info]: Received GET request to /api/warehouses
2025-06-29 12:46:52 [info]: Received GET request to /api/products
2025-06-29 12:46:52 [info]: Received GET request to /api/lots
2025-06-29 12:47:30 [info]: Received GET request to /api/products
2025-06-29 12:47:30 [info]: Received GET request to /api/categories
2025-06-29 12:47:30 [info]: Received GET request to /api/warehouses
2025-06-29 12:47:30 [info]: Received GET request to /api/suppliers
2025-06-29 12:47:30 [info]: Received GET request to /api/warehouses
2025-06-29 12:47:30 [info]: Received GET request to /api/categories
2025-06-29 12:47:30 [info]: Received GET request to /api/suppliers
2025-06-29 12:47:30 [info]: Received GET request to /api/products
2025-06-29 12:47:56 [info]: Received POST request to /api/receive
2025-06-29 12:47:56 [info]: Starting /api/receive request
2025-06-29 12:47:56 [info]: Attempting to save UserTransaction
2025-06-29 12:47:56 [info]: UserTransaction saved successfully
2025-06-29 12:47:56 [info]: Processing lot
2025-06-29 12:47:56 [info]: Successfully processed lot
2025-06-29 12:47:56 [info]: Transaction committed successfully
2025-06-29 12:57:34 [info]: Received GET request to /api/products
2025-06-29 12:57:35 [info]: Received GET request to /api/categories
2025-06-29 12:57:35 [info]: Received GET request to /api/warehouses
2025-06-29 12:57:35 [info]: Received GET request to /api/suppliers
2025-06-29 12:57:35 [info]: Received GET request to /api/categories
2025-06-29 12:57:35 [info]: Received GET request to /api/warehouses
2025-06-29 12:57:35 [info]: Received GET request to /api/suppliers
2025-06-29 12:57:35 [info]: Received GET request to /api/products
2025-06-29 12:59:08 [info]: Received GET request to /api/products
2025-06-29 12:59:08 [info]: Received GET request to /api/categories
2025-06-29 12:59:08 [info]: Received GET request to /api/warehouses
2025-06-29 12:59:08 [info]: Received GET request to /api/suppliers
2025-06-29 12:59:08 [info]: Received GET request to /api/categories
2025-06-29 12:59:08 [info]: Received GET request to /api/warehouses
2025-06-29 12:59:08 [info]: Received GET request to /api/suppliers
2025-06-29 12:59:08 [info]: Received GET request to /api/products
2025-06-29 12:59:09 [info]: Received GET request to /api/products
2025-06-29 12:59:09 [info]: Received GET request to /api/warehouses
2025-06-29 12:59:09 [info]: Received GET request to /api/lots
2025-06-29 12:59:09 [info]: Received GET request to /api/warehouses
2025-06-29 12:59:09 [info]: Received GET request to /api/lots
2025-06-29 12:59:09 [info]: Received GET request to /api/products
2025-06-29 12:59:11 [info]: Received GET request to /api/products
2025-06-29 12:59:11 [info]: Received GET request to /api/categories
2025-06-29 12:59:11 [info]: Received GET request to /api/warehouses
2025-06-29 12:59:11 [info]: Received GET request to /api/suppliers
2025-06-29 12:59:11 [info]: Received GET request to /api/categories
2025-06-29 12:59:11 [info]: Received GET request to /api/warehouses
2025-06-29 12:59:11 [info]: Received GET request to /api/suppliers
2025-06-29 12:59:11 [info]: Received GET request to /api/products
2025-06-29 12:59:48 [info]: Received POST request to /api/receive
2025-06-29 12:59:48 [info]: Starting /api/receive request
2025-06-29 12:59:48 [info]: Attempting to save UserTransaction
2025-06-29 12:59:48 [info]: UserTransaction saved successfully
2025-06-29 12:59:48 [info]: Processing lot
2025-06-29 12:59:48 [info]: Successfully processed lot
2025-06-29 12:59:48 [info]: Transaction committed successfully
2025-06-29 13:41:49 [info]: Received GET request to /api/lots
2025-06-29 13:41:49 [info]: Received GET request to /api/products
2025-06-29 13:41:49 [info]: Received GET request to /api/warehouses
2025-06-29 13:41:50 [info]: Received GET request to /api/warehouses
2025-06-29 13:41:50 [info]: Received GET request to /api/lots
2025-06-29 13:41:50 [info]: Received GET request to /api/products
2025-06-29 13:41:52 [info]: Received POST request to /api/login
2025-06-29 13:41:52 [info]: Login attempt:
2025-06-29 13:41:52 [info]: Received GET request to /api/products
2025-06-29 13:41:52 [info]: Received GET request to /api/lots
2025-06-29 13:41:52 [info]: Received GET request to /api/warehouses
2025-06-29 13:41:52 [info]: Received GET request to /api/warehouses
2025-06-29 13:41:52 [info]: Received GET request to /api/products
2025-06-29 13:41:52 [info]: Received GET request to /api/lots
2025-06-29 13:41:55 [info]: Received GET request to /api/products
2025-06-29 13:41:55 [info]: Received GET request to /api/lots
2025-06-29 13:41:55 [info]: Received GET request to /api/warehouses
2025-06-29 13:41:55 [info]: Received GET request to /api/warehouses
2025-06-29 13:41:55 [info]: Received GET request to /api/lots
2025-06-29 13:41:55 [info]: Received GET request to /api/products
2025-06-29 13:47:08 [info]: Received GET request to /api/products
2025-06-29 13:47:08 [info]: Received GET request to /api/lots
2025-06-29 13:47:08 [info]: Received GET request to /api/warehouses
2025-06-29 13:47:08 [info]: Received GET request to /api/warehouses
2025-06-29 13:47:08 [info]: Received GET request to /api/products
2025-06-29 13:47:08 [info]: Received GET request to /api/lots
2025-06-29 13:47:11 [info]: Received GET request to /api/products
2025-06-29 13:47:11 [info]: Received GET request to /api/lots
2025-06-29 13:47:11 [info]: Received GET request to /api/warehouses
2025-06-29 13:47:11 [info]: Received GET request to /api/warehouses
2025-06-29 13:47:11 [info]: Received GET request to /api/products
2025-06-29 13:47:11 [info]: Received GET request to /api/lots
2025-06-29 13:47:20 [info]: Received GET request to /api/warehouses
2025-06-29 13:47:20 [info]: Received GET request to /api/users
2025-06-29 13:47:20 [info]: Received GET request to /api/warehouses
2025-06-29 13:47:20 [info]: Received GET request to /api/users
2025-06-29 13:47:22 [info]: Received GET request to /api/lots
2025-06-29 13:47:22 [info]: Received GET request to /api/lots
2025-06-29 13:47:24 [info]: Received GET request to /api/warehouses
2025-06-29 13:47:24 [info]: Received GET request to /api/products
2025-06-29 13:47:24 [info]: Received GET request to /api/warehouses
2025-06-29 13:47:24 [info]: Received GET request to /api/products
2025-06-29 13:47:24 [info]: Received GET request to /api/lots
2025-06-29 13:47:24 [info]: Received GET request to /api/lots
2025-06-29 13:47:25 [info]: Received GET request to /api/products
2025-06-29 13:47:25 [info]: Received GET request to /api/warehouses
2025-06-29 13:47:25 [info]: Received GET request to /api/warehouses
2025-06-29 13:47:25 [info]: Received GET request to /api/products
2025-06-29 13:47:25 [info]: Received GET request to /api/products
2025-06-29 13:47:25 [info]: Received GET request to /api/lots
2025-06-29 13:47:25 [info]: Received GET request to /api/warehouses
2025-06-29 13:47:25 [info]: Received GET request to /api/warehouses
2025-06-29 13:47:25 [info]: Received GET request to /api/products
2025-06-29 13:47:25 [info]: Received GET request to /api/lots
2025-06-29 13:47:49 [info]: Received GET request to /api/warehouses
2025-06-29 13:47:49 [info]: Received GET request to /api/products
2025-06-29 13:47:49 [info]: Received GET request to /api/warehouses
2025-06-29 13:47:49 [info]: Received GET request to /api/products
2025-06-29 13:47:57 [info]: Received GET request to /api/warehouses
2025-06-29 13:47:57 [info]: Received GET request to /api/users
2025-06-29 13:47:57 [info]: Received GET request to /api/warehouses
2025-06-29 13:47:57 [info]: Received GET request to /api/users
2025-06-29 13:47:59 [info]: Received GET request to /api/lots
2025-06-29 13:47:59 [info]: Received GET request to /api/lots
2025-06-29 13:48:00 [info]: Received GET request to /api/warehouses
2025-06-29 13:48:00 [info]: Received GET request to /api/products
2025-06-29 13:48:00 [info]: Received GET request to /api/warehouses
2025-06-29 13:48:00 [info]: Received GET request to /api/products
2025-06-29 13:48:03 [info]: Received GET request to /api/lots
2025-06-29 13:48:03 [info]: Received GET request to /api/lots
2025-06-29 13:48:04 [info]: Received GET request to /api/warehouses
2025-06-29 13:48:04 [info]: Received GET request to /api/users
2025-06-29 13:48:04 [info]: Received GET request to /api/warehouses
2025-06-29 13:48:04 [info]: Received GET request to /api/users
2025-06-29 13:48:05 [info]: Received GET request to /api/lots
2025-06-29 13:48:05 [info]: Received GET request to /api/lots
2025-06-29 13:48:07 [info]: Received GET request to /api/lots
2025-06-29 13:48:07 [info]: Received GET request to /api/warehouses
2025-06-29 13:48:07 [info]: Received GET request to /api/products
2025-06-29 13:48:07 [info]: Received GET request to /api/warehouses
2025-06-29 13:48:07 [info]: Received GET request to /api/lots
2025-06-29 13:48:07 [info]: Received GET request to /api/products
2025-06-29 13:49:27 [info]: Received GET request to /api/products
2025-06-29 13:49:27 [info]: Received GET request to /api/warehouses
2025-06-29 13:49:27 [info]: Received GET request to /api/warehouses
2025-06-29 13:49:27 [info]: Received GET request to /api/products
2025-06-29 13:49:47 [info]: Received GET request to /api/products
2025-06-29 13:49:47 [info]: Received GET request to /api/warehouses
2025-06-29 13:49:47 [info]: Received GET request to /api/suppliers
2025-06-29 13:49:47 [info]: Received GET request to /api/categories
2025-06-29 13:49:47 [info]: Received GET request to /api/warehouses
2025-06-29 13:49:47 [info]: Received GET request to /api/suppliers
2025-06-29 13:49:47 [info]: Received GET request to /api/categories
2025-06-29 13:49:47 [info]: Received GET request to /api/products
2025-06-29 13:50:49 [info]: Received POST request to /api/receive
2025-06-29 13:50:49 [info]: Starting /api/receive request
2025-06-29 13:50:49 [info]: Attempting to save UserTransaction
2025-06-29 13:50:49 [info]: UserTransaction saved successfully
2025-06-29 13:50:49 [info]: Processing lot
2025-06-29 13:50:49 [info]: Successfully processed lot
2025-06-29 13:50:49 [info]: Transaction committed successfully
2025-06-29 13:51:00 [info]: Received GET request to /api/products
2025-06-29 13:51:00 [info]: Received GET request to /api/warehouses
2025-06-29 13:51:00 [info]: Received GET request to /api/warehouses
2025-06-29 13:51:00 [info]: Received GET request to /api/products
2025-06-29 13:51:48 [info]: Received GET request to /api/products
2025-06-29 13:51:48 [info]: Received GET request to /api/categories
2025-06-29 13:51:48 [info]: Received GET request to /api/warehouses
2025-06-29 13:51:49 [info]: Received GET request to /api/suppliers
2025-06-29 13:51:49 [info]: Received GET request to /api/categories
2025-06-29 13:51:49 [info]: Received GET request to /api/warehouses
2025-06-29 13:51:49 [info]: Received GET request to /api/suppliers
2025-06-29 13:51:49 [info]: Received GET request to /api/products
2025-06-29 13:52:24 [info]: Received POST request to /api/receive
2025-06-29 13:52:24 [info]: Starting /api/receive request
2025-06-29 13:52:24 [info]: Attempting to save UserTransaction
2025-06-29 13:52:24 [info]: UserTransaction saved successfully
2025-06-29 13:52:24 [info]: Processing lot
2025-06-29 13:52:24 [info]: Successfully processed lot
2025-06-29 13:52:24 [info]: Transaction committed successfully
2025-06-29 13:52:40 [info]: Received GET request to /api/products
2025-06-29 13:52:40 [info]: Received GET request to /api/lots
2025-06-29 13:52:40 [info]: Received GET request to /api/warehouses
2025-06-29 13:52:40 [info]: Received GET request to /api/warehouses
2025-06-29 13:52:40 [info]: Received GET request to /api/products
2025-06-29 13:52:40 [info]: Received GET request to /api/lots
2025-06-29 13:52:43 [info]: Received GET request to /api/products
2025-06-29 13:52:43 [info]: Received GET request to /api/warehouses
2025-06-29 13:52:43 [info]: Received GET request to /api/warehouses
2025-06-29 13:52:43 [info]: Received GET request to /api/products
2025-06-29 13:54:02 [info]: Received POST request to /api/lots
2025-06-29 13:54:11 [info]: Received POST request to /api/lots
2025-06-29 13:54:16 [info]: Received GET request to /api/lots
2025-06-29 13:54:16 [info]: Received GET request to /api/products
2025-06-29 13:54:16 [info]: Received GET request to /api/warehouses
2025-06-29 13:54:16 [info]: Received GET request to /api/lots
2025-06-29 13:54:16 [info]: Received GET request to /api/warehouses
2025-06-29 13:54:16 [info]: Received GET request to /api/products
2025-06-29 13:54:40 [info]: Received GET request to /api/lots
2025-06-29 13:54:40 [info]: Received GET request to /api/lots
2025-06-29 14:03:43 [info]: Received GET request to /api/notifications
2025-06-29 14:03:47 [info]: Received GET request to /api/products
2025-06-29 14:03:47 [info]: Received GET request to /api/lots
2025-06-29 14:03:47 [info]: Received GET request to /api/warehouses
2025-06-29 14:03:47 [info]: Received GET request to /api/warehouses
2025-06-29 14:03:47 [info]: Received GET request to /api/products
2025-06-29 14:03:47 [info]: Received GET request to /api/lots
2025-06-29 14:04:14 [info]: Received GET request to /api/notifications
2025-06-29 14:04:44 [info]: Received GET request to /api/notifications
2025-06-29 14:05:14 [info]: Received GET request to /api/notifications
2025-06-29 14:05:44 [info]: Received GET request to /api/notifications
2025-06-29 14:06:03 [info]: Received GET request to /api/notifications
2025-06-29 14:06:03 [info]: Received GET request to /api/lots
2025-06-29 14:06:03 [info]: Received GET request to /api/products
2025-06-29 14:06:03 [info]: Received GET request to /api/warehouses
2025-06-29 14:06:03 [info]: Received GET request to /api/notifications
2025-06-29 14:06:03 [info]: Received GET request to /api/warehouses
2025-06-29 14:06:04 [info]: Received GET request to /api/lots
2025-06-29 14:06:04 [info]: Received GET request to /api/products
2025-06-29 14:06:17 [info]: Logger initialized successfully
2025-06-29 14:06:17 [info]: Server running on port 3000
2025-06-29 14:06:17 [info]: Connected to MongoDB
2025-06-29 14:06:20 [info]: Received GET request to /api/categories
2025-06-29 14:06:20 [info]: Received GET request to /api/products
2025-06-29 14:06:20 [info]: Received GET request to /api/categories
2025-06-29 14:06:20 [info]: Received GET request to /api/products
2025-06-29 14:06:20 [info]: Received GET request to /api/categories
2025-06-29 14:06:20 [info]: Received GET request to /api/products
2025-06-29 14:06:20 [info]: Received GET request to /api/categories
2025-06-29 14:06:20 [info]: Received GET request to /api/products
2025-06-29 14:06:21 [info]: Received GET request to /api/products
2025-06-29 14:06:21 [info]: Received GET request to /api/categories
2025-06-29 14:06:21 [info]: Received GET request to /api/warehouses
2025-06-29 14:06:21 [info]: Received GET request to /api/suppliers
2025-06-29 14:06:21 [info]: Received GET request to /api/categories
2025-06-29 14:06:21 [info]: Received GET request to /api/products
2025-06-29 14:06:21 [info]: Received GET request to /api/warehouses
2025-06-29 14:06:21 [info]: Received GET request to /api/suppliers
2025-06-29 14:06:33 [info]: Received GET request to /api/notifications
2025-06-29 14:06:43 [info]: Received POST request to /api/receive
2025-06-29 14:06:43 [info]: Starting /api/receive request
2025-06-29 14:06:43 [info]: Attempting to save UserTransaction
2025-06-29 14:06:43 [info]: UserTransaction saved successfully
2025-06-29 14:06:43 [info]: Processing lot
2025-06-29 14:06:43 [info]: Successfully processed lot
2025-06-29 14:06:43 [error]: Transaction failed
2025-06-29 14:07:03 [info]: Received GET request to /api/notifications
2025-06-29 14:07:06 [info]: Received GET request to /api/notifications
2025-06-29 14:07:06 [info]: Received GET request to /api/products
2025-06-29 14:07:06 [info]: Received GET request to /api/categories
2025-06-29 14:07:06 [info]: Received GET request to /api/warehouses
2025-06-29 14:07:06 [info]: Received GET request to /api/suppliers
2025-06-29 14:07:06 [info]: Received GET request to /api/notifications
2025-06-29 14:07:06 [info]: Received GET request to /api/categories
2025-06-29 14:07:06 [info]: Received GET request to /api/warehouses
2025-06-29 14:07:06 [info]: Received GET request to /api/suppliers
2025-06-29 14:07:06 [info]: Received GET request to /api/products
2025-06-29 14:07:10 [info]: Received GET request to /api/products
2025-06-29 14:07:10 [info]: Received GET request to /api/notifications
2025-06-29 14:07:10 [info]: Received GET request to /api/categories
2025-06-29 14:07:10 [info]: Received GET request to /api/warehouses
2025-06-29 14:07:10 [info]: Received GET request to /api/suppliers
2025-06-29 14:07:10 [info]: Received GET request to /api/notifications
2025-06-29 14:07:10 [info]: Received GET request to /api/categories
2025-06-29 14:07:10 [info]: Received GET request to /api/warehouses
2025-06-29 14:07:10 [info]: Received GET request to /api/products
2025-06-29 14:07:10 [info]: Received GET request to /api/suppliers
2025-06-29 14:07:40 [info]: Received GET request to /api/notifications
2025-06-29 14:07:42 [info]: Received POST request to /api/receive
2025-06-29 14:07:42 [info]: Starting /api/receive request
2025-06-29 14:07:42 [info]: Attempting to save UserTransaction
2025-06-29 14:07:42 [info]: UserTransaction saved successfully
2025-06-29 14:07:42 [info]: Processing lot
2025-06-29 14:07:42 [info]: Successfully processed lot
2025-06-29 14:07:42 [error]: Transaction failed
2025-06-29 14:08:10 [info]: Received GET request to /api/notifications
2025-06-29 14:08:41 [info]: Received GET request to /api/notifications
2025-06-29 14:09:11 [info]: Received GET request to /api/notifications
2025-06-29 14:09:41 [info]: Received GET request to /api/notifications
2025-06-29 14:10:11 [info]: Received GET request to /api/notifications
2025-06-29 14:10:41 [info]: Received GET request to /api/notifications
2025-06-29 14:11:12 [info]: Received GET request to /api/notifications
2025-06-29 14:11:36 [info]: Received POST request to /api/receive
2025-06-29 14:11:36 [info]: Starting /api/receive request
2025-06-29 14:11:36 [info]: Attempting to save UserTransaction
2025-06-29 14:11:36 [info]: UserTransaction saved successfully
2025-06-29 14:11:36 [info]: Processing lot
2025-06-29 14:11:36 [info]: Successfully processed lot
2025-06-29 14:11:36 [error]: Transaction failed
2025-06-29 14:11:41 [info]: Received GET request to /api/notifications
2025-06-29 14:11:47 [info]: Received GET request to /api/notifications
2025-06-29 14:11:47 [info]: Received GET request to /api/products
2025-06-29 14:11:47 [info]: Received GET request to /api/categories
2025-06-29 14:11:47 [info]: Received GET request to /api/suppliers
2025-06-29 14:11:47 [info]: Received GET request to /api/warehouses
2025-06-29 14:11:47 [info]: Received GET request to /api/notifications
2025-06-29 14:11:47 [info]: Received GET request to /api/categories
2025-06-29 14:11:47 [info]: Received GET request to /api/suppliers
2025-06-29 14:11:47 [info]: Received GET request to /api/warehouses
2025-06-29 14:11:47 [info]: Received GET request to /api/products
2025-06-29 14:12:08 [info]: Received POST request to /api/receive
2025-06-29 14:12:08 [info]: Starting /api/receive request
2025-06-29 14:12:08 [info]: Attempting to save UserTransaction
2025-06-29 14:12:08 [info]: UserTransaction saved successfully
2025-06-29 14:12:08 [info]: Processing lot
2025-06-29 14:12:08 [info]: Successfully processed lot
2025-06-29 14:12:08 [error]: Transaction failed
2025-06-29 14:12:17 [info]: Received GET request to /api/notifications
2025-06-29 14:12:47 [info]: Received GET request to /api/notifications
2025-06-29 14:14:22 [info]: Received GET request to /api/notifications
2025-06-29 14:14:29 [info]: Received GET request to /api/notifications
2025-06-29 14:14:29 [info]: Received GET request to /api/products
2025-06-29 14:14:29 [info]: Received GET request to /api/categories
2025-06-29 14:14:29 [info]: Received GET request to /api/warehouses
2025-06-29 14:14:29 [info]: Received GET request to /api/suppliers
2025-06-29 14:14:29 [info]: Received GET request to /api/notifications
2025-06-29 14:14:29 [info]: Received GET request to /api/categories
2025-06-29 14:14:29 [info]: Received GET request to /api/warehouses
2025-06-29 14:14:29 [info]: Received GET request to /api/suppliers
2025-06-29 14:14:29 [info]: Received GET request to /api/products
2025-06-29 14:14:59 [info]: Received GET request to /api/notifications
2025-06-29 14:15:03 [info]: Received POST request to /api/receive
2025-06-29 14:15:03 [info]: Starting /api/receive request
2025-06-29 14:15:03 [info]: Attempting to save UserTransaction
2025-06-29 14:15:03 [info]: UserTransaction saved successfully
2025-06-29 14:15:03 [info]: Processing lot
2025-06-29 14:15:03 [info]: Successfully processed lot
2025-06-29 14:15:03 [error]: Transaction failed
2025-06-29 14:15:29 [info]: Received GET request to /api/notifications
2025-06-29 14:15:59 [info]: Received GET request to /api/notifications
2025-06-29 14:16:29 [info]: Received GET request to /api/notifications
2025-06-29 14:16:56 [info]: Received POST request to /api/receive
2025-06-29 14:16:56 [info]: Starting /api/receive request
2025-06-29 14:16:56 [info]: Attempting to save UserTransaction
2025-06-29 14:16:56 [info]: UserTransaction saved successfully
2025-06-29 14:16:56 [info]: Processing lot
2025-06-29 14:16:56 [info]: Successfully processed lot
2025-06-29 14:16:56 [error]: Transaction failed
2025-06-29 14:16:59 [info]: Received GET request to /api/notifications
2025-06-29 14:17:29 [info]: Received GET request to /api/notifications
2025-06-29 14:17:59 [info]: Received GET request to /api/notifications
2025-06-29 14:19:00 [info]: Logger initialized successfully
2025-06-29 14:19:00 [info]: Server running on port 3000
2025-06-29 14:19:00 [info]: Received GET request to /api/notifications
2025-06-29 14:19:01 [info]: Connected to MongoDB
2025-06-29 14:19:06 [info]: Received GET request to /api/notifications
2025-06-29 14:19:06 [info]: Received GET request to /api/products
2025-06-29 14:19:06 [info]: Received GET request to /api/categories
2025-06-29 14:19:06 [info]: Received GET request to /api/warehouses
2025-06-29 14:19:06 [info]: Received GET request to /api/suppliers
2025-06-29 14:19:06 [info]: Received GET request to /api/notifications
2025-06-29 14:19:06 [info]: Received GET request to /api/categories
2025-06-29 14:19:06 [info]: Received GET request to /api/warehouses
2025-06-29 14:19:06 [info]: Received GET request to /api/products
2025-06-29 14:19:07 [info]: Received GET request to /api/suppliers
2025-06-29 14:19:24 [info]: Received POST request to /api/receive
2025-06-29 14:19:24 [info]: Starting /api/receive request
2025-06-29 14:19:24 [info]: Attempting to save UserTransaction
2025-06-29 14:19:24 [info]: UserTransaction saved successfully
2025-06-29 14:19:24 [info]: Processing lot
2025-06-29 14:19:24 [info]: Successfully processed lot
2025-06-29 14:19:24 [info]: Transaction committed successfully
2025-06-29 14:19:37 [info]: Received GET request to /api/notifications
2025-06-29 14:19:37 [info]: Received PUT request to /api/notifications/6860e8fc17b69fa95f4ff7bf
2025-06-29 14:20:07 [info]: Received GET request to /api/notifications
2025-06-29 14:20:37 [info]: Received GET request to /api/notifications
2025-06-29 14:21:07 [info]: Received GET request to /api/notifications
2025-06-29 14:21:37 [info]: Received GET request to /api/notifications
2025-06-29 14:22:07 [info]: Received GET request to /api/notifications
2025-06-29 14:23:12 [info]: Received GET request to /api/notifications
2025-06-29 14:24:12 [info]: Received GET request to /api/notifications
2025-06-29 14:25:12 [info]: Received GET request to /api/notifications
2025-06-29 14:26:12 [info]: Received GET request to /api/notifications
2025-06-29 14:26:22 [info]: Received GET request to /api/products
2025-06-29 14:26:22 [info]: Received GET request to /api/lots
2025-06-29 14:26:22 [info]: Received GET request to /api/warehouses
2025-06-29 14:26:22 [info]: Received GET request to /api/warehouses
2025-06-29 14:26:22 [info]: Received GET request to /api/products
2025-06-29 14:26:22 [info]: Received GET request to /api/lots
2025-06-29 14:26:27 [info]: Received PUT request to /api/notifications/6860e8fc17b69fa95f4ff7bf
2025-06-29 14:26:30 [info]: Received GET request to /api/notifications
2025-06-29 14:26:30 [info]: Received GET request to /api/products
2025-06-29 14:26:30 [info]: Received GET request to /api/warehouses
2025-06-29 14:26:30 [info]: Received GET request to /api/lots
2025-06-29 14:26:30 [info]: Received GET request to /api/notifications
2025-06-29 14:26:30 [info]: Received GET request to /api/warehouses
2025-06-29 14:26:30 [info]: Received GET request to /api/products
2025-06-29 14:26:30 [info]: Received GET request to /api/lots
2025-06-29 14:26:35 [info]: Received GET request to /api/notifications
2025-06-29 14:26:35 [info]: Received GET request to /api/lots
2025-06-29 14:26:35 [info]: Received GET request to /api/products
2025-06-29 14:26:35 [info]: Received GET request to /api/warehouses
2025-06-29 14:26:36 [info]: Received GET request to /api/notifications
2025-06-29 14:26:36 [info]: Received GET request to /api/warehouses
2025-06-29 14:26:36 [info]: Received GET request to /api/lots
2025-06-29 14:26:36 [info]: Received GET request to /api/products
2025-06-29 14:27:05 [info]: Received GET request to /api/notifications
2025-06-29 14:27:35 [info]: Received GET request to /api/notifications
2025-06-29 14:28:06 [info]: Received GET request to /api/notifications
2025-06-29 14:28:36 [info]: Received GET request to /api/notifications
2025-06-29 14:29:06 [info]: Received GET request to /api/notifications
2025-06-29 14:29:27 [info]: Received GET request to /api/notifications
2025-06-29 14:29:27 [info]: Received GET request to /api/products
2025-06-29 14:29:27 [info]: Received GET request to /api/lots
2025-06-29 14:29:27 [info]: Received GET request to /api/warehouses
2025-06-29 14:29:27 [info]: Received GET request to /api/notifications
2025-06-29 14:29:27 [info]: Received GET request to /api/warehouses
2025-06-29 14:29:27 [info]: Received GET request to /api/products
2025-06-29 14:29:27 [info]: Received GET request to /api/lots
2025-06-29 14:29:58 [info]: Received GET request to /api/notifications
2025-06-29 14:30:28 [info]: Received GET request to /api/notifications
2025-06-29 14:30:48 [info]: Received GET request to /api/notifications
2025-06-29 14:30:48 [info]: Received GET request to /api/products
2025-06-29 14:30:48 [info]: Received GET request to /api/lots
2025-06-29 14:30:48 [info]: Received GET request to /api/warehouses
2025-06-29 14:30:48 [info]: Received GET request to /api/warehouses
2025-06-29 14:30:48 [info]: Received GET request to /api/notifications
2025-06-29 14:30:48 [info]: Received GET request to /api/products
2025-06-29 14:30:48 [info]: Received GET request to /api/lots
2025-06-29 14:30:51 [info]: Received PUT request to /api/notifications/6860e8fc17b69fa95f4ff7bf
2025-06-29 14:31:03 [info]: Received GET request to /api/products
2025-06-29 14:31:03 [info]: Received GET request to /api/categories
2025-06-29 14:31:03 [info]: Received GET request to /api/suppliers
2025-06-29 14:31:03 [info]: Received GET request to /api/warehouses
2025-06-29 14:31:03 [info]: Received GET request to /api/categories
2025-06-29 14:31:03 [info]: Received GET request to /api/suppliers
2025-06-29 14:31:03 [info]: Received GET request to /api/warehouses
2025-06-29 14:31:03 [info]: Received GET request to /api/products
2025-06-29 14:31:18 [info]: Received GET request to /api/notifications
2025-06-29 14:31:21 [info]: Received POST request to /api/receive
2025-06-29 14:31:21 [info]: Starting /api/receive request
2025-06-29 14:31:21 [info]: Attempting to save UserTransaction
2025-06-29 14:31:21 [info]: UserTransaction saved successfully
2025-06-29 14:31:21 [info]: Processing lot
2025-06-29 14:31:21 [info]: Successfully processed lot
2025-06-29 14:31:21 [info]: Transaction committed successfully
2025-06-29 14:31:38 [info]: Received PUT request to /api/notifications/6860e8fc17b69fa95f4ff7bf
2025-06-29 14:31:41 [info]: Received PUT request to /api/notifications/6860e8fc17b69fa95f4ff7bf
2025-06-29 14:31:42 [info]: Received PUT request to /api/notifications/6860e8fc17b69fa95f4ff7bf
2025-06-29 14:31:43 [info]: Received PUT request to /api/notifications/6860e8fc17b69fa95f4ff7bf
2025-06-29 14:31:45 [info]: Received GET request to /api/notifications
2025-06-29 14:31:45 [info]: Received GET request to /api/products
2025-06-29 14:31:45 [info]: Received GET request to /api/categories
2025-06-29 14:31:45 [info]: Received GET request to /api/warehouses
2025-06-29 14:31:45 [info]: Received GET request to /api/suppliers
2025-06-29 14:31:45 [info]: Received GET request to /api/notifications
2025-06-29 14:31:45 [info]: Received GET request to /api/products
2025-06-29 14:31:45 [info]: Received GET request to /api/categories
2025-06-29 14:31:45 [info]: Received GET request to /api/warehouses
2025-06-29 14:31:45 [info]: Received GET request to /api/suppliers
2025-06-29 14:31:59 [info]: Received PUT request to /api/notifications/6860e8fc17b69fa95f4ff7bf
2025-06-29 14:32:04 [info]: Received PUT request to /api/notifications/6860ebc917b69fa95f4ff83d
2025-06-29 14:32:04 [info]: Received PUT request to /api/notifications/6860e8fc17b69fa95f4ff7bf
2025-06-29 14:32:05 [info]: Received PUT request to /api/notifications/6860ebc917b69fa95f4ff83d
2025-06-29 14:32:05 [info]: Received PUT request to /api/notifications/6860e8fc17b69fa95f4ff7bf
2025-06-29 14:32:14 [info]: Received GET request to /api/notifications
2025-06-29 14:32:14 [info]: Received GET request to /api/products
2025-06-29 14:32:14 [info]: Received GET request to /api/categories
2025-06-29 14:32:14 [info]: Received GET request to /api/warehouses
2025-06-29 14:32:14 [info]: Received GET request to /api/suppliers
2025-06-29 14:32:14 [info]: Received GET request to /api/categories
2025-06-29 14:32:14 [info]: Received GET request to /api/warehouses
2025-06-29 14:32:14 [info]: Received GET request to /api/suppliers
2025-06-29 14:32:14 [info]: Received GET request to /api/notifications
2025-06-29 14:32:14 [info]: Received GET request to /api/products
2025-06-29 14:32:31 [info]: Received POST request to /api/receive
2025-06-29 14:32:31 [info]: Starting /api/receive request
2025-06-29 14:32:31 [info]: Attempting to save UserTransaction
2025-06-29 14:32:31 [info]: UserTransaction saved successfully
2025-06-29 14:32:31 [info]: Processing lot
2025-06-29 14:32:31 [info]: Successfully processed lot
2025-06-29 14:32:31 [info]: Transaction committed successfully
2025-06-29 14:32:44 [info]: Received GET request to /api/notifications
2025-06-29 14:33:01 [info]: Received PUT request to /api/notifications/6860ec0f17b69fa95f4ff86d
2025-06-29 14:33:15 [info]: Received GET request to /api/notifications
2025-06-29 14:33:45 [info]: Received GET request to /api/notifications
2025-06-29 14:34:15 [info]: Received GET request to /api/notifications
2025-06-29 14:34:45 [info]: Received GET request to /api/notifications
2025-06-29 14:35:15 [info]: Received GET request to /api/notifications
2025-06-29 14:35:45 [info]: Received GET request to /api/notifications
2025-06-29 14:35:49 [info]: Logger initialized successfully
2025-06-29 14:35:49 [info]: Server running on port 3000
2025-06-29 14:35:49 [info]: Connected to MongoDB
2025-06-29 14:35:52 [info]: Received GET request to /api/notifications
2025-06-29 14:35:52 [info]: Received GET request to /api/products
2025-06-29 14:35:52 [info]: Received GET request to /api/categories
2025-06-29 14:35:52 [info]: Received GET request to /api/warehouses
2025-06-29 14:35:52 [info]: Received GET request to /api/suppliers
2025-06-29 14:35:52 [info]: Received GET request to /api/categories
2025-06-29 14:35:52 [info]: Received GET request to /api/warehouses
2025-06-29 14:35:52 [info]: Received GET request to /api/notifications
2025-06-29 14:35:52 [info]: Received GET request to /api/products
2025-06-29 14:35:53 [info]: Received GET request to /api/suppliers
2025-06-29 14:36:10 [info]: Received POST request to /api/receive
2025-06-29 14:36:10 [info]: Starting /api/receive request
2025-06-29 14:36:10 [info]: Attempting to save UserTransaction
2025-06-29 14:36:10 [info]: UserTransaction saved successfully
2025-06-29 14:36:10 [info]: Processing lot
2025-06-29 14:36:10 [info]: Successfully processed lot
2025-06-29 14:36:10 [info]: Transaction committed successfully
2025-06-29 14:36:22 [info]: Received GET request to /api/notifications
2025-06-29 14:36:46 [info]: Received PUT request to /api/notifications/6860ecea76578fbe42edf699
2025-06-29 14:36:52 [info]: Received GET request to /api/notifications
2025-06-29 14:37:23 [info]: Received GET request to /api/notifications
2025-06-29 14:37:53 [info]: Received GET request to /api/notifications
2025-06-29 14:38:23 [info]: Received GET request to /api/notifications
2025-06-29 14:38:53 [info]: Received GET request to /api/notifications
2025-06-29 14:40:12 [info]: Received GET request to /api/notifications
2025-06-29 14:41:12 [info]: Received GET request to /api/notifications
2025-06-29 14:42:12 [info]: Received GET request to /api/notifications
2025-06-29 14:42:12 [error]: Authentication failed
2025-06-29 14:43:12 [info]: Received GET request to /api/notifications
2025-06-29 14:43:12 [error]: Authentication failed
2025-06-29 14:43:54 [info]: Received GET request to /api/notifications
2025-06-29 14:43:54 [error]: Authentication failed
2025-06-29 14:44:23 [info]: Received GET request to /api/notifications
2025-06-29 14:44:23 [error]: Authentication failed
2025-06-29 14:44:53 [info]: Received GET request to /api/notifications
2025-06-29 14:44:53 [error]: Authentication failed
2025-06-29 14:44:57 [info]: Received GET request to /api/notifications
2025-06-29 14:44:57 [error]: Authentication failed
2025-06-29 14:44:57 [info]: Received GET request to /api/notifications
2025-06-29 14:44:57 [error]: Authentication failed
2025-06-29 14:44:58 [info]: Received POST request to /api/login
2025-06-29 14:44:58 [info]: Login attempt:
2025-06-29 14:44:59 [info]: Received GET request to /api/notifications
2025-06-29 14:44:59 [info]: Received GET request to /api/warehouses
2025-06-29 14:44:59 [info]: Received GET request to /api/products
2025-06-29 14:44:59 [info]: Received GET request to /api/lots
2025-06-29 14:44:59 [info]: Received GET request to /api/warehouses
2025-06-29 14:44:59 [info]: Received GET request to /api/notifications
2025-06-29 14:44:59 [info]: Received GET request to /api/products
2025-06-29 14:44:59 [info]: Received GET request to /api/lots
2025-06-29 14:45:08 [info]: Received GET request to /api/notifications
2025-06-29 14:45:08 [info]: Received GET request to /api/notifications
2025-06-29 14:45:19 [info]: Received GET request to /api/notifications
2025-06-29 14:45:19 [info]: Received GET request to /api/products
2025-06-29 14:45:19 [info]: Received GET request to /api/lots
2025-06-29 14:45:19 [info]: Received GET request to /api/warehouses
2025-06-29 14:45:19 [info]: Received GET request to /api/notifications
2025-06-29 14:45:19 [info]: Received GET request to /api/warehouses
2025-06-29 14:45:19 [info]: Received GET request to /api/products
2025-06-29 14:45:19 [info]: Received GET request to /api/lots
2025-06-29 14:45:50 [info]: Received GET request to /api/notifications
2025-06-29 14:46:20 [info]: Received GET request to /api/notifications
2025-06-29 14:46:35 [info]: Received PUT request to /api/notifications/6860ec0f17b69fa95f4ff86d
2025-06-29 14:46:36 [info]: Received PUT request to /api/notifications/6860ebc917b69fa95f4ff83d
2025-06-29 14:46:36 [info]: Received PUT request to /api/notifications/6860e8fc17b69fa95f4ff7bf
2025-06-29 14:46:46 [info]: Received GET request to /api/notifications
2025-06-29 14:46:46 [info]: Received GET request to /api/notifications
2025-06-29 14:47:19 [info]: Received GET request to /api/notifications
2025-06-29 14:47:48 [info]: Received GET request to /api/notifications
2025-06-29 14:48:19 [info]: Received GET request to /api/notifications
2025-06-29 14:48:49 [info]: Received GET request to /api/notifications
2025-06-29 14:49:19 [info]: Received GET request to /api/notifications
2025-06-29 14:49:36 [info]: Received GET request to /api/notifications
2025-06-29 14:49:50 [info]: Received GET request to /api/notifications
2025-06-29 14:50:21 [info]: Received GET request to /api/notifications
2025-06-29 14:50:51 [info]: Received GET request to /api/notifications
2025-06-29 14:51:20 [info]: Received GET request to /api/notifications
2025-06-29 14:51:44 [info]: Received GET request to /api/products
2025-06-29 14:51:44 [info]: Received GET request to /api/categories
2025-06-29 14:51:44 [info]: Received GET request to /api/warehouses
2025-06-29 14:51:44 [info]: Received GET request to /api/suppliers
2025-06-29 14:51:44 [info]: Received GET request to /api/categories
2025-06-29 14:51:44 [info]: Received GET request to /api/warehouses
2025-06-29 14:51:44 [info]: Received GET request to /api/suppliers
2025-06-29 14:51:44 [info]: Received GET request to /api/products
2025-06-29 14:51:50 [info]: Received GET request to /api/notifications
2025-06-29 14:51:59 [info]: Received POST request to /api/receive
2025-06-29 14:51:59 [info]: Starting /api/receive request
2025-06-29 14:51:59 [info]: Attempting to save UserTransaction
2025-06-29 14:51:59 [info]: UserTransaction saved successfully
2025-06-29 14:51:59 [info]: Processing lot
2025-06-29 14:51:59 [info]: Successfully processed lot
2025-06-29 14:51:59 [info]: Transaction committed successfully
2025-06-29 14:52:20 [info]: Received GET request to /api/notifications
2025-06-29 14:52:50 [info]: Received GET request to /api/notifications
2025-06-29 14:52:54 [info]: Received PUT request to /api/notifications/mark-all-read
2025-06-29 14:52:54 [error]: Error updating notification
2025-06-29 14:52:56 [info]: Received PUT request to /api/notifications/mark-all-read
2025-06-29 14:52:56 [error]: Error updating notification
2025-06-29 14:52:57 [info]: Received PUT request to /api/notifications/mark-all-read
2025-06-29 14:52:57 [error]: Error updating notification
2025-06-29 14:52:57 [info]: Received PUT request to /api/notifications/mark-all-read
2025-06-29 14:52:57 [error]: Error updating notification
2025-06-29 14:52:59 [info]: Received PUT request to /api/notifications/6860f09f76578fbe42edf701
2025-06-29 14:53:01 [info]: Received GET request to /api/notifications
2025-06-29 14:53:01 [info]: Received GET request to /api/notifications
2025-06-29 14:53:12 [info]: Received GET request to /api/notifications
2025-06-29 14:53:12 [info]: Received GET request to /api/products
2025-06-29 14:53:12 [info]: Received GET request to /api/categories
2025-06-29 14:53:12 [info]: Received GET request to /api/warehouses
2025-06-29 14:53:12 [info]: Received GET request to /api/suppliers
2025-06-29 14:53:12 [info]: Received GET request to /api/notifications
2025-06-29 14:53:12 [info]: Received GET request to /api/categories
2025-06-29 14:53:12 [info]: Received GET request to /api/warehouses
2025-06-29 14:53:12 [info]: Received GET request to /api/suppliers
2025-06-29 14:53:12 [info]: Received GET request to /api/products
2025-06-29 14:53:42 [info]: Received GET request to /api/notifications
2025-06-29 14:54:12 [info]: Received GET request to /api/notifications
2025-06-29 14:54:36 [info]: Received POST request to /api/receive
2025-06-29 14:54:36 [info]: Starting /api/receive request
2025-06-29 14:54:36 [info]: Attempting to save UserTransaction
2025-06-29 14:54:36 [info]: UserTransaction saved successfully
2025-06-29 14:54:36 [info]: Processing lot
2025-06-29 14:54:36 [info]: Successfully processed lot
2025-06-29 14:54:36 [info]: Transaction committed successfully
2025-06-29 14:54:42 [info]: Received GET request to /api/notifications
2025-06-29 14:55:13 [info]: Received GET request to /api/notifications
2025-06-29 14:55:21 [info]: Received PUT request to /api/notifications/6860f13c76578fbe42edf727
2025-06-29 14:55:42 [info]: Received GET request to /api/notifications
2025-06-29 14:56:13 [info]: Received GET request to /api/notifications
2025-06-29 14:56:43 [info]: Received GET request to /api/notifications
2025-06-29 14:58:12 [info]: Received GET request to /api/notifications
2025-06-29 14:59:12 [info]: Received GET request to /api/notifications
2025-06-29 15:00:12 [info]: Received GET request to /api/notifications
2025-06-29 15:01:12 [info]: Received GET request to /api/notifications
2025-06-29 15:02:12 [info]: Received GET request to /api/notifications
