2025-06-30 00:00:29 [info]: Received GET request to /api/notifications
2025-06-30 00:00:59 [info]: Received GET request to /api/notifications
2025-06-30 00:01:26 [info]: Received GET request to /api/products
2025-06-30 00:01:26 [info]: Received GET request to /api/categories
2025-06-30 00:01:26 [info]: Received GET request to /api/warehouses
2025-06-30 00:01:26 [info]: Received GET request to /api/suppliers
2025-06-30 00:01:26 [info]: Received GET request to /api/categories
2025-06-30 00:01:26 [info]: Received GET request to /api/warehouses
2025-06-30 00:01:26 [info]: Received GET request to /api/suppliers
2025-06-30 00:01:26 [info]: Received GET request to /api/products
2025-06-30 00:01:27 [info]: Received GET request to /api/warehouses
2025-06-30 00:01:27 [info]: Received GET request to /api/receive-history?startDate=&endDate=&warehouse=&page=1&limit=25
2025-06-30 00:01:27 [info]: Fetching receive history
2025-06-30 00:01:27 [info]: Received GET request to /api/warehouses
2025-06-30 00:01:27 [info]: Received GET request to /api/receive-history?startDate=&endDate=&warehouse=&page=1&limit=25
2025-06-30 00:01:27 [info]: Fetching receive history
2025-06-30 00:01:27 [info]: Received GET request to /api/products
2025-06-30 00:01:27 [info]: Received GET request to /api/categories
2025-06-30 00:01:27 [info]: Received GET request to /api/warehouses
2025-06-30 00:01:27 [info]: Received GET request to /api/suppliers
2025-06-30 00:01:27 [info]: Received GET request to /api/categories
2025-06-30 00:01:27 [info]: Received GET request to /api/warehouses
2025-06-30 00:01:27 [info]: Received GET request to /api/suppliers
2025-06-30 00:01:27 [info]: Received GET request to /api/products
2025-06-30 00:01:28 [info]: Received GET request to /api/warehouses
2025-06-30 00:01:28 [info]: Received GET request to /api/receive-history?startDate=&endDate=&warehouse=&page=1&limit=25
2025-06-30 00:01:28 [info]: Fetching receive history
2025-06-30 00:01:28 [info]: Received GET request to /api/warehouses
2025-06-30 00:01:28 [info]: Received GET request to /api/receive-history?startDate=&endDate=&warehouse=&page=1&limit=25
2025-06-30 00:01:28 [info]: Fetching receive history
2025-06-30 00:01:28 [info]: Received GET request to /api/notifications
2025-06-30 00:01:30 [info]: Received GET request to /api/notifications
2025-06-30 00:01:30 [info]: Received GET request to /api/warehouses
2025-06-30 00:01:30 [info]: Received GET request to /api/receive-history?startDate=&endDate=&warehouse=&page=1&limit=25
2025-06-30 00:01:30 [info]: Fetching receive history
2025-06-30 00:01:30 [info]: Received GET request to /api/warehouses
2025-06-30 00:01:30 [info]: Received GET request to /api/notifications
2025-06-30 00:01:30 [info]: Received GET request to /api/receive-history?startDate=&endDate=&warehouse=&page=1&limit=25
2025-06-30 00:01:30 [info]: Fetching receive history
2025-06-30 00:01:46 [info]: Received GET request to /api/lots
2025-06-30 00:01:46 [info]: Received GET request to /api/lots
2025-06-30 00:01:46 [info]: Received GET request to /api/products
2025-06-30 00:01:46 [info]: Received GET request to /api/categories
2025-06-30 00:01:46 [info]: Received GET request to /api/warehouses
2025-06-30 00:01:46 [info]: Received GET request to /api/suppliers
2025-06-30 00:01:46 [info]: Received GET request to /api/categories
2025-06-30 00:01:46 [info]: Received GET request to /api/warehouses
2025-06-30 00:01:46 [info]: Received GET request to /api/suppliers
2025-06-30 00:01:46 [info]: Received GET request to /api/products
2025-06-30 00:01:49 [info]: Received GET request to /api/lots
2025-06-30 00:01:49 [info]: Received GET request to /api/lots
2025-06-30 00:01:50 [info]: Received GET request to /api/warehouses
2025-06-30 00:01:50 [info]: Received GET request to /api/receive-history?startDate=&endDate=&warehouse=&page=1&limit=25
2025-06-30 00:01:50 [info]: Fetching receive history
2025-06-30 00:01:50 [info]: Received GET request to /api/warehouses
2025-06-30 00:01:50 [info]: Received GET request to /api/receive-history?startDate=&endDate=&warehouse=&page=1&limit=25
2025-06-30 00:01:50 [info]: Fetching receive history
2025-06-30 00:02:01 [info]: Received GET request to /api/notifications
2025-06-30 00:02:31 [info]: Received GET request to /api/notifications
2025-06-30 00:02:36 [info]: Received GET request to /api/products
2025-06-30 00:02:36 [info]: Received GET request to /api/categories
2025-06-30 00:02:36 [info]: Received GET request to /api/warehouses
2025-06-30 00:02:36 [info]: Received GET request to /api/suppliers
2025-06-30 00:02:36 [info]: Received GET request to /api/categories
2025-06-30 00:02:36 [info]: Received GET request to /api/warehouses
2025-06-30 00:02:36 [info]: Received GET request to /api/suppliers
2025-06-30 00:02:36 [info]: Received GET request to /api/products
2025-06-30 00:02:37 [info]: Received GET request to /api/products
2025-06-30 00:02:37 [info]: Received GET request to /api/categories
2025-06-30 00:02:37 [info]: Received GET request to /api/warehouses
2025-06-30 00:02:37 [info]: Received GET request to /api/suppliers
2025-06-30 00:02:37 [info]: Received GET request to /api/notifications
2025-06-30 00:02:37 [info]: Received GET request to /api/categories
2025-06-30 00:02:37 [info]: Received GET request to /api/warehouses
2025-06-30 00:02:37 [info]: Received GET request to /api/suppliers
2025-06-30 00:02:37 [info]: Received GET request to /api/products
2025-06-30 00:02:38 [info]: Received GET request to /api/notifications
2025-06-30 00:02:42 [info]: Received GET request to /api/products
2025-06-30 00:02:42 [info]: Received GET request to /api/warehouses
2025-06-30 00:02:42 [info]: Received GET request to /api/warehouses
2025-06-30 00:02:42 [info]: Received GET request to /api/products
2025-06-30 00:02:42 [info]: Received GET request to /api/lots
2025-06-30 00:02:42 [info]: Received GET request to /api/lots
2025-06-30 00:02:43 [info]: Received GET request to /api/products
2025-06-30 00:02:43 [info]: Received GET request to /api/warehouses
2025-06-30 00:02:43 [info]: Received GET request to /api/lots
2025-06-30 00:02:43 [info]: Received GET request to /api/warehouses
2025-06-30 00:02:43 [info]: Received GET request to /api/products
2025-06-30 00:02:43 [info]: Received GET request to /api/lots
2025-06-30 00:02:44 [info]: Received GET request to /api/suppliers
2025-06-30 00:02:44 [info]: Received GET request to /api/suppliers
2025-06-30 00:02:44 [info]: Received GET request to /api/products
2025-06-30 00:02:44 [info]: Received GET request to /api/lots
2025-06-30 00:02:44 [info]: Received GET request to /api/warehouses
2025-06-30 00:02:44 [info]: Received GET request to /api/warehouses
2025-06-30 00:02:44 [info]: Received GET request to /api/products
2025-06-30 00:02:44 [info]: Received GET request to /api/lots
2025-06-30 00:02:45 [info]: Received GET request to /api/warehouses
2025-06-30 00:02:45 [info]: Received GET request to /api/users
2025-06-30 00:02:45 [info]: Received GET request to /api/warehouses
2025-06-30 00:02:45 [info]: Received GET request to /api/users
2025-06-30 00:02:47 [info]: Received GET request to /api/suppliers
2025-06-30 00:02:47 [info]: Received GET request to /api/suppliers
2025-06-30 00:02:47 [info]: Received GET request to /api/lots
2025-06-30 00:02:47 [info]: Received GET request to /api/products
2025-06-30 00:02:47 [info]: Received GET request to /api/warehouses
2025-06-30 00:02:47 [info]: Received GET request to /api/lots
2025-06-30 00:02:47 [info]: Received GET request to /api/warehouses
2025-06-30 00:02:47 [info]: Received GET request to /api/products
2025-06-30 00:02:49 [info]: Received GET request to /api/suppliers
2025-06-30 00:02:49 [info]: Received GET request to /api/suppliers
2025-06-30 00:02:51 [info]: Received GET request to /api/warehouses
2025-06-30 00:02:51 [info]: Received GET request to /api/products
2025-06-30 00:02:51 [info]: Received GET request to /api/warehouses
2025-06-30 00:02:51 [info]: Received GET request to /api/products
2025-06-30 00:02:52 [info]: Received GET request to /api/lots
2025-06-30 00:02:52 [info]: Received GET request to /api/lots
2025-06-30 00:02:53 [info]: Received GET request to /api/warehouses
2025-06-30 00:02:53 [info]: Received GET request to /api/users
2025-06-30 00:02:53 [info]: Received GET request to /api/warehouses
2025-06-30 00:02:53 [info]: Received GET request to /api/users
2025-06-30 00:02:53 [info]: Received GET request to /api/warehouses
2025-06-30 00:02:53 [info]: Received GET request to /api/suppliers
2025-06-30 00:02:53 [info]: Received GET request to /api/products
2025-06-30 00:02:53 [info]: Received GET request to /api/categories
2025-06-30 00:02:53 [info]: Received GET request to /api/warehouses
2025-06-30 00:02:53 [info]: Received GET request to /api/suppliers
2025-06-30 00:02:53 [info]: Received GET request to /api/categories
2025-06-30 00:02:53 [info]: Received GET request to /api/products
2025-06-30 00:02:56 [info]: Received GET request to /api/warehouses
2025-06-30 00:02:56 [info]: Received GET request to /api/warehouses
2025-06-30 00:02:56 [info]: Received GET request to /api/receive-history?startDate=&endDate=&warehouse=&page=1&limit=25
2025-06-30 00:02:56 [info]: Fetching receive history
2025-06-30 00:02:56 [info]: Received GET request to /api/receive-history?startDate=&endDate=&warehouse=&page=1&limit=25
2025-06-30 00:02:56 [info]: Fetching receive history
2025-06-30 00:03:07 [info]: Received GET request to /api/notifications
2025-06-30 00:03:15 [info]: Received GET request to /api/products
2025-06-30 00:03:15 [info]: Received GET request to /api/suppliers
2025-06-30 00:03:15 [info]: Received GET request to /api/warehouses
2025-06-30 00:03:15 [info]: Received GET request to /api/categories
2025-06-30 00:03:15 [info]: Received GET request to /api/suppliers
2025-06-30 00:03:15 [info]: Received GET request to /api/warehouses
2025-06-30 00:03:15 [info]: Received GET request to /api/categories
2025-06-30 00:03:15 [info]: Received GET request to /api/products
2025-06-30 00:03:15 [info]: Received GET request to /api/warehouses
2025-06-30 00:03:15 [info]: Received GET request to /api/users
2025-06-30 00:03:15 [info]: Received GET request to /api/warehouses
2025-06-30 00:03:15 [info]: Received GET request to /api/users
2025-06-30 00:03:15 [info]: Received GET request to /api/warehouses
2025-06-30 00:03:15 [info]: Received GET request to /api/products
2025-06-30 00:03:15 [info]: Received GET request to /api/warehouses
2025-06-30 00:03:15 [info]: Received GET request to /api/products
2025-06-30 00:03:16 [info]: Received GET request to /api/products
2025-06-30 00:03:16 [info]: Received GET request to /api/warehouses
2025-06-30 00:03:16 [info]: Received GET request to /api/lots
2025-06-30 00:03:16 [info]: Received GET request to /api/warehouses
2025-06-30 00:03:16 [info]: Received GET request to /api/products
2025-06-30 00:03:16 [info]: Received GET request to /api/lots
2025-06-30 00:03:17 [info]: Received GET request to /api/suppliers
2025-06-30 00:03:17 [info]: Received GET request to /api/suppliers
2025-06-30 00:03:37 [info]: Received GET request to /api/notifications
2025-06-30 00:03:43 [info]: Received GET request to /api/notifications
2025-06-30 00:03:43 [info]: Received GET request to /api/suppliers
2025-06-30 00:03:43 [info]: Received GET request to /api/suppliers
2025-06-30 00:03:43 [info]: Received GET request to /api/notifications
2025-06-30 00:03:44 [info]: Received GET request to /api/warehouses
2025-06-30 00:03:44 [info]: Received GET request to /api/receive-history?startDate=&endDate=&warehouse=&page=1&limit=25
2025-06-30 00:03:44 [info]: Fetching receive history
2025-06-30 00:03:44 [info]: Received GET request to /api/warehouses
2025-06-30 00:03:44 [info]: Received GET request to /api/receive-history?startDate=&endDate=&warehouse=&page=1&limit=25
2025-06-30 00:03:44 [info]: Fetching receive history
2025-06-30 00:03:45 [info]: Received GET request to /api/warehouses
2025-06-30 00:03:45 [info]: Received GET request to /api/suppliers
2025-06-30 00:03:45 [info]: Received GET request to /api/products
2025-06-30 00:03:45 [info]: Received GET request to /api/categories
2025-06-30 00:03:45 [info]: Received GET request to /api/warehouses
2025-06-30 00:03:45 [info]: Received GET request to /api/suppliers
2025-06-30 00:03:45 [info]: Received GET request to /api/categories
2025-06-30 00:03:45 [info]: Received GET request to /api/products
2025-06-30 00:04:14 [info]: Received GET request to /api/notifications
2025-06-30 00:04:20 [info]: Received GET request to /api/products
2025-06-30 00:04:20 [info]: Received GET request to /api/lots
2025-06-30 00:04:20 [info]: Received GET request to /api/warehouses
2025-06-30 00:04:20 [info]: Received GET request to /api/warehouses
2025-06-30 00:04:20 [info]: Received GET request to /api/products
2025-06-30 00:04:20 [info]: Received GET request to /api/lots
2025-06-30 00:04:20 [info]: Received GET request to /api/products
2025-06-30 00:04:20 [info]: Received GET request to /api/warehouses
2025-06-30 00:04:20 [info]: Received GET request to /api/warehouses
2025-06-30 00:04:20 [info]: Received GET request to /api/products
2025-06-30 00:04:21 [info]: Received GET request to /api/products
2025-06-30 00:04:21 [info]: Received GET request to /api/warehouses
2025-06-30 00:04:21 [info]: Received GET request to /api/categories
2025-06-30 00:04:21 [info]: Received GET request to /api/suppliers
2025-06-30 00:04:21 [info]: Received GET request to /api/warehouses
2025-06-30 00:04:21 [info]: Received GET request to /api/products
2025-06-30 00:04:21 [info]: Received GET request to /api/categories
2025-06-30 00:04:21 [info]: Received GET request to /api/suppliers
2025-06-30 00:04:22 [info]: Received GET request to /api/warehouses
2025-06-30 00:04:22 [info]: Received GET request to /api/warehouses
2025-06-30 00:04:22 [info]: Received GET request to /api/receive-history?startDate=&endDate=&warehouse=&page=1&limit=25
2025-06-30 00:04:22 [info]: Fetching receive history
2025-06-30 00:04:22 [info]: Received GET request to /api/receive-history?startDate=&endDate=&warehouse=&page=1&limit=25
2025-06-30 00:04:22 [info]: Fetching receive history
2025-06-30 00:04:29 [info]: Received GET request to /api/products
2025-06-30 00:04:29 [info]: Received GET request to /api/categories
2025-06-30 00:04:29 [info]: Received GET request to /api/warehouses
2025-06-30 00:04:29 [info]: Received GET request to /api/suppliers
2025-06-30 00:04:29 [info]: Received GET request to /api/categories
2025-06-30 00:04:29 [info]: Received GET request to /api/warehouses
2025-06-30 00:04:29 [info]: Received GET request to /api/suppliers
2025-06-30 00:04:29 [info]: Received GET request to /api/products
2025-06-30 00:04:29 [info]: Received GET request to /api/warehouses
2025-06-30 00:04:29 [info]: Received GET request to /api/receive-history?startDate=&endDate=&warehouse=&page=1&limit=25
2025-06-30 00:04:29 [info]: Fetching receive history
2025-06-30 00:04:29 [info]: Received GET request to /api/warehouses
2025-06-30 00:04:29 [info]: Received GET request to /api/receive-history?startDate=&endDate=&warehouse=&page=1&limit=25
2025-06-30 00:04:29 [info]: Fetching receive history
2025-06-30 00:04:31 [info]: Received GET request to /api/warehouses
2025-06-30 00:04:31 [info]: Received GET request to /api/warehouses
2025-06-30 00:04:31 [info]: Received GET request to /api/users
2025-06-30 00:04:31 [info]: Received GET request to /api/users
2025-06-30 00:04:31 [info]: Received GET request to /api/lots
2025-06-30 00:04:31 [info]: Received GET request to /api/lots
2025-06-30 00:04:33 [info]: Received GET request to /api/products
2025-06-30 00:04:33 [info]: Received GET request to /api/warehouses
2025-06-30 00:04:33 [info]: Received GET request to /api/warehouses
2025-06-30 00:04:33 [info]: Received GET request to /api/products
2025-06-30 00:04:39 [info]: Received GET request to /api/lots
2025-06-30 00:04:39 [info]: Received GET request to /api/products
2025-06-30 00:04:39 [info]: Received GET request to /api/warehouses
2025-06-30 00:04:39 [info]: Received GET request to /api/warehouses
2025-06-30 00:04:39 [info]: Received GET request to /api/lots
2025-06-30 00:04:39 [info]: Received GET request to /api/products
2025-06-30 00:04:39 [info]: Received GET request to /api/suppliers
2025-06-30 00:04:39 [info]: Received GET request to /api/suppliers
2025-06-30 00:04:41 [info]: Received GET request to /api/warehouses
2025-06-30 00:04:41 [info]: Received GET request to /api/receive-history?startDate=&endDate=&warehouse=&page=1&limit=25
2025-06-30 00:04:41 [info]: Fetching receive history
2025-06-30 00:04:41 [info]: Received GET request to /api/warehouses
2025-06-30 00:04:41 [info]: Received GET request to /api/receive-history?startDate=&endDate=&warehouse=&page=1&limit=25
2025-06-30 00:04:41 [info]: Fetching receive history
2025-06-30 00:04:43 [info]: Received GET request to /api/notifications
2025-06-30 00:05:01 [info]: Received GET request to /api/products
2025-06-30 00:05:01 [info]: Received GET request to /api/categories
2025-06-30 00:05:01 [info]: Received GET request to /api/warehouses
2025-06-30 00:05:01 [info]: Received GET request to /api/suppliers
2025-06-30 00:05:01 [info]: Received GET request to /api/categories
2025-06-30 00:05:01 [info]: Received GET request to /api/warehouses
2025-06-30 00:05:01 [info]: Received GET request to /api/suppliers
2025-06-30 00:05:01 [info]: Received GET request to /api/products
2025-06-30 00:05:02 [info]: Received GET request to /api/warehouses
2025-06-30 00:05:02 [info]: Received GET request to /api/receive-history?startDate=&endDate=&warehouse=&page=1&limit=25
2025-06-30 00:05:02 [info]: Fetching receive history
2025-06-30 00:05:02 [info]: Received GET request to /api/warehouses
2025-06-30 00:05:02 [info]: Received GET request to /api/receive-history?startDate=&endDate=&warehouse=&page=1&limit=25
2025-06-30 00:05:02 [info]: Fetching receive history
2025-06-30 00:05:03 [info]: Received GET request to /api/warehouses
2025-06-30 00:05:03 [info]: Received GET request to /api/users
2025-06-30 00:05:03 [info]: Received GET request to /api/warehouses
2025-06-30 00:05:03 [info]: Received GET request to /api/users
2025-06-30 00:05:03 [info]: Received GET request to /api/lots
2025-06-30 00:05:03 [info]: Received GET request to /api/lots
2025-06-30 00:05:03 [info]: Received GET request to /api/products
2025-06-30 00:05:03 [info]: Received GET request to /api/warehouses
2025-06-30 00:05:03 [info]: Received GET request to /api/warehouses
2025-06-30 00:05:03 [info]: Received GET request to /api/products
2025-06-30 00:05:04 [info]: Received GET request to /api/products
2025-06-30 00:05:04 [info]: Received GET request to /api/lots
2025-06-30 00:05:04 [info]: Received GET request to /api/warehouses
2025-06-30 00:05:04 [info]: Received GET request to /api/warehouses
2025-06-30 00:05:04 [info]: Received GET request to /api/products
2025-06-30 00:05:04 [info]: Received GET request to /api/lots
2025-06-30 00:05:05 [info]: Received GET request to /api/suppliers
2025-06-30 00:05:05 [info]: Received GET request to /api/suppliers
2025-06-30 00:05:06 [info]: Received GET request to /api/warehouses
2025-06-30 00:05:06 [info]: Received GET request to /api/receive-history?startDate=&endDate=&warehouse=&page=1&limit=25
2025-06-30 00:05:06 [info]: Fetching receive history
2025-06-30 00:05:06 [info]: Received GET request to /api/warehouses
2025-06-30 00:05:06 [info]: Received GET request to /api/receive-history?startDate=&endDate=&warehouse=&page=1&limit=25
2025-06-30 00:05:06 [info]: Fetching receive history
2025-06-30 00:05:06 [info]: Received GET request to /api/products
2025-06-30 00:05:06 [info]: Received GET request to /api/categories
2025-06-30 00:05:06 [info]: Received GET request to /api/warehouses
2025-06-30 00:05:06 [info]: Received GET request to /api/suppliers
2025-06-30 00:05:06 [info]: Received GET request to /api/categories
2025-06-30 00:05:06 [info]: Received GET request to /api/warehouses
2025-06-30 00:05:06 [info]: Received GET request to /api/suppliers
2025-06-30 00:05:06 [info]: Received GET request to /api/products
2025-06-30 00:05:08 [info]: Received GET request to /api/products
2025-06-30 00:05:08 [info]: Received GET request to /api/categories
2025-06-30 00:05:08 [info]: Received GET request to /api/categories
2025-06-30 00:05:08 [info]: Received GET request to /api/products
2025-06-30 00:05:09 [info]: Received GET request to /api/categories
2025-06-30 00:05:09 [info]: Received GET request to /api/products
2025-06-30 00:05:09 [info]: Received GET request to /api/categories
2025-06-30 00:05:09 [info]: Received GET request to /api/products
2025-06-30 00:05:13 [info]: Received GET request to /api/warehouses
2025-06-30 00:05:13 [info]: Received GET request to /api/receive-history?startDate=&endDate=&warehouse=&page=1&limit=25
2025-06-30 00:05:13 [info]: Fetching receive history
2025-06-30 00:05:13 [info]: Received GET request to /api/warehouses
2025-06-30 00:05:13 [info]: Received GET request to /api/receive-history?startDate=&endDate=&warehouse=&page=1&limit=25
2025-06-30 00:05:13 [info]: Fetching receive history
2025-06-30 00:05:13 [info]: Received GET request to /api/notifications
2025-06-30 00:05:30 [info]: Received GET request to /api/warehouses
2025-06-30 00:05:30 [info]: Received GET request to /api/users
2025-06-30 00:05:30 [info]: Received GET request to /api/warehouses
2025-06-30 00:05:30 [info]: Received GET request to /api/users
2025-06-30 00:05:30 [info]: Received GET request to /api/lots
2025-06-30 00:05:30 [info]: Received GET request to /api/lots
2025-06-30 00:05:31 [info]: Received GET request to /api/warehouses
2025-06-30 00:05:31 [info]: Received GET request to /api/products
2025-06-30 00:05:31 [info]: Received GET request to /api/warehouses
2025-06-30 00:05:31 [info]: Received GET request to /api/products
2025-06-30 00:05:32 [info]: Received GET request to /api/products
2025-06-30 00:05:32 [info]: Received GET request to /api/lots
2025-06-30 00:05:32 [info]: Received GET request to /api/warehouses
2025-06-30 00:05:32 [info]: Received GET request to /api/warehouses
2025-06-30 00:05:32 [info]: Received GET request to /api/products
2025-06-30 00:05:32 [info]: Received GET request to /api/lots
2025-06-30 00:05:36 [info]: Received GET request to /api/warehouses
2025-06-30 00:05:36 [info]: Received GET request to /api/receive-history?startDate=&endDate=&warehouse=&page=1&limit=25
2025-06-30 00:05:36 [info]: Fetching receive history
2025-06-30 00:05:36 [info]: Received GET request to /api/warehouses
2025-06-30 00:05:36 [info]: Received GET request to /api/receive-history?startDate=&endDate=&warehouse=&page=1&limit=25
2025-06-30 00:05:36 [info]: Fetching receive history
2025-06-30 00:05:43 [info]: Received GET request to /api/notifications
2025-06-30 00:05:54 [info]: Received GET request to /api/products
2025-06-30 00:05:54 [info]: Received GET request to /api/categories
2025-06-30 00:05:54 [info]: Received GET request to /api/warehouses
2025-06-30 00:05:54 [info]: Received GET request to /api/suppliers
2025-06-30 00:05:54 [info]: Received GET request to /api/categories
2025-06-30 00:05:54 [info]: Received GET request to /api/suppliers
2025-06-30 00:05:54 [info]: Received GET request to /api/warehouses
2025-06-30 00:05:54 [info]: Received GET request to /api/products
2025-06-30 00:05:59 [info]: Received GET request to /api/warehouses
2025-06-30 00:05:59 [info]: Received GET request to /api/receive-history?startDate=&endDate=&warehouse=&page=1&limit=25
2025-06-30 00:05:59 [info]: Fetching receive history
2025-06-30 00:05:59 [info]: Received GET request to /api/warehouses
2025-06-30 00:05:59 [info]: Received GET request to /api/receive-history?startDate=&endDate=&warehouse=&page=1&limit=25
2025-06-30 00:05:59 [info]: Fetching receive history
2025-06-30 00:06:14 [info]: Received GET request to /api/notifications
2025-06-30 00:06:44 [info]: Received GET request to /api/notifications
2025-06-30 00:08:06 [info]: Received GET request to /api/notifications
2025-06-30 00:08:16 [info]: Received GET request to /api/notifications
2025-06-30 00:08:43 [info]: Received GET request to /api/notifications
2025-06-30 00:09:14 [info]: Received GET request to /api/notifications
2025-06-30 00:09:44 [info]: Received GET request to /api/notifications
2025-06-30 00:10:13 [info]: Received GET request to /api/warehouses
2025-06-30 00:10:13 [info]: Received GET request to /api/receive-history?startDate=&endDate=&warehouse=&page=1&limit=25
2025-06-30 00:10:13 [info]: Fetching receive history
2025-06-30 00:10:19 [info]: Received GET request to /api/notifications
2025-06-30 00:10:24 [info]: Received GET request to /api/notifications
2025-06-30 00:10:24 [info]: Received GET request to /api/warehouses
2025-06-30 00:10:24 [info]: Received GET request to /api/receive-history?startDate=&endDate=&warehouse=&page=1&limit=25
2025-06-30 00:10:24 [info]: Fetching receive history
2025-06-30 00:10:24 [info]: Received GET request to /api/warehouses
2025-06-30 00:10:24 [info]: Received GET request to /api/notifications
2025-06-30 00:10:24 [info]: Received GET request to /api/receive-history?startDate=&endDate=&warehouse=&page=1&limit=25
2025-06-30 00:10:24 [info]: Fetching receive history
2025-06-30 00:10:43 [info]: Received GET request to /api/products
2025-06-30 00:10:43 [info]: Received GET request to /api/categories
2025-06-30 00:10:43 [info]: Received GET request to /api/warehouses
2025-06-30 00:10:43 [info]: Received GET request to /api/suppliers
2025-06-30 00:10:43 [info]: Received GET request to /api/categories
2025-06-30 00:10:43 [info]: Received GET request to /api/warehouses
2025-06-30 00:10:43 [info]: Received GET request to /api/suppliers
2025-06-30 00:10:43 [info]: Received GET request to /api/products
2025-06-30 00:10:43 [info]: Received GET request to /api/warehouses
2025-06-30 00:10:43 [info]: Received GET request to /api/receive-history?startDate=&endDate=&warehouse=&page=1&limit=25
2025-06-30 00:10:43 [info]: Fetching receive history
2025-06-30 00:10:43 [info]: Received GET request to /api/warehouses
2025-06-30 00:10:43 [info]: Received GET request to /api/receive-history?startDate=&endDate=&warehouse=&page=1&limit=25
2025-06-30 00:10:43 [info]: Fetching receive history
2025-06-30 00:10:54 [info]: Received GET request to /api/notifications
2025-06-30 00:11:15 [info]: Received GET request to /api/receive-history?startDate=&endDate=&warehouse=&page=1&limit=25
2025-06-30 00:11:15 [info]: Fetching receive history
2025-06-30 00:11:16 [info]: Received GET request to /api/receive-history?startDate=&endDate=&warehouse=&page=1&limit=25
2025-06-30 00:11:16 [info]: Fetching receive history
2025-06-30 00:11:16 [info]: Received GET request to /api/receive-history?startDate=&endDate=&warehouse=&page=1&limit=25
2025-06-30 00:11:16 [info]: Fetching receive history
2025-06-30 00:11:22 [info]: Received GET request to /api/lots
2025-06-30 00:11:22 [info]: Received GET request to /api/lots
2025-06-30 00:11:23 [info]: Received GET request to /api/warehouses
2025-06-30 00:11:23 [info]: Received GET request to /api/users
2025-06-30 00:11:23 [info]: Received GET request to /api/warehouses
2025-06-30 00:11:23 [info]: Received GET request to /api/users
2025-06-30 00:11:24 [info]: Received GET request to /api/notifications
2025-06-30 00:11:27 [info]: Received GET request to /api/warehouses
2025-06-30 00:11:27 [info]: Received GET request to /api/categories
2025-06-30 00:11:27 [info]: Received GET request to /api/products
2025-06-30 00:11:27 [info]: Received GET request to /api/suppliers
2025-06-30 00:11:27 [info]: Received GET request to /api/warehouses
2025-06-30 00:11:27 [info]: Received GET request to /api/categories
2025-06-30 00:11:27 [info]: Received GET request to /api/suppliers
2025-06-30 00:11:27 [info]: Received GET request to /api/products
2025-06-30 00:11:27 [info]: Received GET request to /api/warehouses
2025-06-30 00:11:27 [info]: Received GET request to /api/receive-history?startDate=&endDate=&warehouse=&page=1&limit=25
2025-06-30 00:11:27 [info]: Fetching receive history
2025-06-30 00:11:27 [info]: Received GET request to /api/warehouses
2025-06-30 00:11:27 [info]: Received GET request to /api/receive-history?startDate=&endDate=&warehouse=&page=1&limit=25
2025-06-30 00:11:27 [info]: Fetching receive history
2025-06-30 00:11:30 [info]: Received GET request to /api/products
2025-06-30 00:11:30 [info]: Received GET request to /api/categories
2025-06-30 00:11:30 [info]: Received GET request to /api/suppliers
2025-06-30 00:11:30 [info]: Received GET request to /api/warehouses
2025-06-30 00:11:30 [info]: Received GET request to /api/categories
2025-06-30 00:11:30 [info]: Received GET request to /api/suppliers
2025-06-30 00:11:30 [info]: Received GET request to /api/products
2025-06-30 00:11:30 [info]: Received GET request to /api/warehouses
2025-06-30 00:11:31 [info]: Received GET request to /api/warehouses
2025-06-30 00:11:31 [info]: Received GET request to /api/users
2025-06-30 00:11:31 [info]: Received GET request to /api/warehouses
2025-06-30 00:11:31 [info]: Received GET request to /api/users
2025-06-30 00:11:32 [info]: Received GET request to /api/lots
2025-06-30 00:11:32 [info]: Received GET request to /api/lots
2025-06-30 00:11:34 [info]: Received GET request to /api/warehouses
2025-06-30 00:11:34 [info]: Received GET request to /api/products
2025-06-30 00:11:34 [info]: Received GET request to /api/categories
2025-06-30 00:11:34 [info]: Received GET request to /api/suppliers
2025-06-30 00:11:34 [info]: Received GET request to /api/warehouses
2025-06-30 00:11:34 [info]: Received GET request to /api/categories
2025-06-30 00:11:34 [info]: Received GET request to /api/suppliers
2025-06-30 00:11:34 [info]: Received GET request to /api/products
2025-06-30 00:11:34 [info]: Received GET request to /api/warehouses
2025-06-30 00:11:34 [info]: Received GET request to /api/warehouses
2025-06-30 00:11:34 [info]: Received GET request to /api/receive-history?startDate=&endDate=&warehouse=&page=1&limit=25
2025-06-30 00:11:34 [info]: Fetching receive history
2025-06-30 00:11:34 [info]: Received GET request to /api/receive-history?startDate=&endDate=&warehouse=&page=1&limit=25
2025-06-30 00:11:34 [info]: Fetching receive history
2025-06-30 00:11:38 [info]: Received GET request to /api/products
2025-06-30 00:11:38 [info]: Received GET request to /api/categories
2025-06-30 00:11:38 [info]: Received GET request to /api/suppliers
2025-06-30 00:11:38 [info]: Received GET request to /api/warehouses
2025-06-30 00:11:38 [info]: Received GET request to /api/categories
2025-06-30 00:11:38 [info]: Received GET request to /api/suppliers
2025-06-30 00:11:38 [info]: Received GET request to /api/products
2025-06-30 00:11:38 [info]: Received GET request to /api/warehouses
2025-06-30 00:11:38 [info]: Received GET request to /api/warehouses
2025-06-30 00:11:38 [info]: Received GET request to /api/receive-history?startDate=&endDate=&warehouse=&page=1&limit=25
2025-06-30 00:11:38 [info]: Fetching receive history
2025-06-30 00:11:38 [info]: Received GET request to /api/warehouses
2025-06-30 00:11:38 [info]: Received GET request to /api/receive-history?startDate=&endDate=&warehouse=&page=1&limit=25
2025-06-30 00:11:38 [info]: Fetching receive history
2025-06-30 00:11:55 [info]: Received GET request to /api/notifications
2025-06-30 00:12:24 [info]: Received GET request to /api/notifications
2025-06-30 00:12:25 [info]: Received GET request to /api/products
2025-06-30 00:12:25 [info]: Received GET request to /api/categories
2025-06-30 00:12:25 [info]: Received GET request to /api/suppliers
2025-06-30 00:12:25 [info]: Received GET request to /api/warehouses
2025-06-30 00:12:25 [info]: Received GET request to /api/categories
2025-06-30 00:12:25 [info]: Received GET request to /api/suppliers
2025-06-30 00:12:25 [info]: Received GET request to /api/warehouses
2025-06-30 00:12:25 [info]: Received GET request to /api/products
2025-06-30 00:12:25 [info]: Received GET request to /api/lots
2025-06-30 00:12:26 [info]: Received GET request to /api/lots
2025-06-30 00:12:26 [info]: Received GET request to /api/products
2025-06-30 00:12:26 [info]: Received GET request to /api/lots
2025-06-30 00:12:26 [info]: Received GET request to /api/warehouses
2025-06-30 00:12:26 [info]: Received GET request to /api/warehouses
2025-06-30 00:12:26 [info]: Received GET request to /api/products
2025-06-30 00:12:26 [info]: Received GET request to /api/lots
2025-06-30 00:12:27 [info]: Received GET request to /api/lots
2025-06-30 00:12:27 [info]: Received GET request to /api/lots
2025-06-30 00:12:28 [info]: Received GET request to /api/suppliers
2025-06-30 00:12:28 [info]: Received GET request to /api/suppliers
2025-06-30 00:12:28 [info]: Received GET request to /api/products
2025-06-30 00:12:28 [info]: Received GET request to /api/lots
2025-06-30 00:12:28 [info]: Received GET request to /api/warehouses
2025-06-30 00:12:29 [info]: Received GET request to /api/warehouses
2025-06-30 00:12:29 [info]: Received GET request to /api/products
2025-06-30 00:12:29 [info]: Received GET request to /api/lots
2025-06-30 00:12:30 [info]: Received GET request to /api/warehouses
2025-06-30 00:12:30 [info]: Received GET request to /api/warehouses
2025-06-30 00:12:30 [info]: Received GET request to /api/users
2025-06-30 00:12:30 [info]: Received GET request to /api/users
2025-06-30 00:12:30 [info]: Received GET request to /api/products
2025-06-30 00:12:30 [info]: Received GET request to /api/warehouses
2025-06-30 00:12:30 [info]: Received GET request to /api/warehouses
2025-06-30 00:12:30 [info]: Received GET request to /api/products
2025-06-30 00:12:32 [info]: Received GET request to /api/lots
2025-06-30 00:12:32 [info]: Received GET request to /api/lots
2025-06-30 00:12:32 [info]: Received GET request to /api/users
2025-06-30 00:12:32 [info]: Received GET request to /api/warehouses
2025-06-30 00:12:32 [info]: Received GET request to /api/users
2025-06-30 00:12:32 [info]: Received GET request to /api/warehouses
2025-06-30 00:12:34 [info]: Received GET request to /api/warehouses
2025-06-30 00:12:34 [info]: Received GET request to /api/receive-history?startDate=&endDate=&warehouse=&page=1&limit=25
2025-06-30 00:12:34 [info]: Fetching receive history
2025-06-30 00:12:34 [info]: Received GET request to /api/warehouses
2025-06-30 00:12:34 [info]: Received GET request to /api/receive-history?startDate=&endDate=&warehouse=&page=1&limit=25
2025-06-30 00:12:34 [info]: Fetching receive history
2025-06-30 00:12:55 [info]: Received GET request to /api/notifications
2025-06-30 00:13:24 [info]: Received GET request to /api/notifications
2025-06-30 00:13:48 [info]: Received GET request to /api/notifications
2025-06-30 00:13:48 [info]: Received GET request to /api/receive-history?startDate=&endDate=&warehouse=&page=1&limit=25
2025-06-30 00:13:48 [info]: Fetching receive history
2025-06-30 00:13:48 [info]: Received GET request to /api/warehouses
2025-06-30 00:13:48 [info]: Received GET request to /api/warehouses
2025-06-30 00:13:48 [info]: Received GET request to /api/notifications
2025-06-30 00:13:48 [info]: Received GET request to /api/receive-history?startDate=&endDate=&warehouse=&page=1&limit=25
2025-06-30 00:13:48 [info]: Fetching receive history
2025-06-30 00:13:52 [info]: Received GET request to /api/warehouses
2025-06-30 00:13:52 [info]: Received GET request to /api/products
2025-06-30 00:13:52 [info]: Received GET request to /api/categories
2025-06-30 00:13:52 [info]: Received GET request to /api/warehouses
2025-06-30 00:13:52 [info]: Received GET request to /api/suppliers
2025-06-30 00:13:52 [info]: Received GET request to /api/categories
2025-06-30 00:13:52 [info]: Received GET request to /api/suppliers
2025-06-30 00:13:52 [info]: Received GET request to /api/products
2025-06-30 00:13:53 [info]: Received GET request to /api/warehouses
2025-06-30 00:13:53 [info]: Received GET request to /api/receive-history?startDate=&endDate=&warehouse=&page=1&limit=25
2025-06-30 00:13:53 [info]: Fetching receive history
2025-06-30 00:13:53 [info]: Received GET request to /api/warehouses
2025-06-30 00:13:53 [info]: Received GET request to /api/receive-history?startDate=&endDate=&warehouse=&page=1&limit=25
2025-06-30 00:13:53 [info]: Fetching receive history
2025-06-30 00:14:15 [info]: Received GET request to /api/warehouses
2025-06-30 00:14:15 [info]: Received GET request to /api/notifications
2025-06-30 00:14:15 [info]: Received GET request to /api/receive-history?startDate=&endDate=&warehouse=&page=1&limit=25
2025-06-30 00:14:15 [info]: Fetching receive history
2025-06-30 00:14:15 [info]: Received GET request to /api/warehouses
2025-06-30 00:14:15 [info]: Received GET request to /api/notifications
2025-06-30 00:14:15 [info]: Received GET request to /api/receive-history?startDate=&endDate=&warehouse=&page=1&limit=25
2025-06-30 00:14:15 [info]: Fetching receive history
2025-06-30 00:14:23 [info]: Received GET request to /api/products
2025-06-30 00:14:23 [info]: Received GET request to /api/categories
2025-06-30 00:14:23 [info]: Received GET request to /api/suppliers
2025-06-30 00:14:23 [info]: Received GET request to /api/warehouses
2025-06-30 00:14:23 [info]: Received GET request to /api/categories
2025-06-30 00:14:23 [info]: Received GET request to /api/suppliers
2025-06-30 00:14:23 [info]: Received GET request to /api/warehouses
2025-06-30 00:14:23 [info]: Received GET request to /api/products
2025-06-30 00:14:26 [info]: Received GET request to /api/warehouses
2025-06-30 00:14:26 [info]: Received GET request to /api/warehouses
2025-06-30 00:14:26 [info]: Received GET request to /api/receive-history?startDate=&endDate=&warehouse=&page=1&limit=25
2025-06-30 00:14:26 [info]: Fetching receive history
2025-06-30 00:14:26 [info]: Received GET request to /api/receive-history?startDate=&endDate=&warehouse=&page=1&limit=25
2025-06-30 00:14:26 [info]: Fetching receive history
2025-06-30 00:14:44 [info]: Received GET request to /api/notifications
2025-06-30 00:14:44 [info]: Received GET request to /api/warehouses
2025-06-30 00:14:44 [info]: Received GET request to /api/receive-history?startDate=&endDate=&warehouse=&page=1&limit=25
2025-06-30 00:14:44 [info]: Fetching receive history
2025-06-30 00:14:44 [info]: Received GET request to /api/warehouses
2025-06-30 00:14:44 [info]: Received GET request to /api/notifications
2025-06-30 00:14:44 [info]: Received GET request to /api/receive-history?startDate=&endDate=&warehouse=&page=1&limit=25
2025-06-30 00:14:44 [info]: Fetching receive history
2025-06-30 00:14:48 [info]: Received GET request to /api/warehouses
2025-06-30 00:14:48 [info]: Received GET request to /api/products
2025-06-30 00:14:48 [info]: Received GET request to /api/categories
2025-06-30 00:14:48 [info]: Received GET request to /api/suppliers
2025-06-30 00:14:49 [info]: Received GET request to /api/warehouses
2025-06-30 00:14:49 [info]: Received GET request to /api/categories
2025-06-30 00:14:49 [info]: Received GET request to /api/suppliers
2025-06-30 00:14:49 [info]: Received GET request to /api/products
2025-06-30 00:14:50 [info]: Received GET request to /api/warehouses
2025-06-30 00:14:50 [info]: Received GET request to /api/receive-history?startDate=&endDate=&warehouse=&page=1&limit=25
2025-06-30 00:14:50 [info]: Fetching receive history
2025-06-30 00:14:50 [info]: Received GET request to /api/warehouses
2025-06-30 00:14:50 [info]: Received GET request to /api/receive-history?startDate=&endDate=&warehouse=&page=1&limit=25
2025-06-30 00:14:50 [info]: Fetching receive history
2025-06-30 00:14:51 [info]: Received GET request to /api/products
2025-06-30 00:14:51 [info]: Received GET request to /api/categories
2025-06-30 00:14:51 [info]: Received GET request to /api/warehouses
2025-06-30 00:14:51 [info]: Received GET request to /api/suppliers
2025-06-30 00:14:51 [info]: Received GET request to /api/categories
2025-06-30 00:14:51 [info]: Received GET request to /api/warehouses
2025-06-30 00:14:51 [info]: Received GET request to /api/suppliers
2025-06-30 00:14:51 [info]: Received GET request to /api/products
2025-06-30 00:14:51 [info]: Received GET request to /api/warehouses
2025-06-30 00:14:51 [info]: Received GET request to /api/receive-history?startDate=&endDate=&warehouse=&page=1&limit=25
2025-06-30 00:14:51 [info]: Fetching receive history
2025-06-30 00:14:51 [info]: Received GET request to /api/warehouses
2025-06-30 00:14:51 [info]: Received GET request to /api/receive-history?startDate=&endDate=&warehouse=&page=1&limit=25
2025-06-30 00:14:51 [info]: Fetching receive history
2025-06-30 00:14:52 [info]: Received GET request to /api/products
2025-06-30 00:14:52 [info]: Received GET request to /api/categories
2025-06-30 00:14:52 [info]: Received GET request to /api/warehouses
2025-06-30 00:14:52 [info]: Received GET request to /api/suppliers
2025-06-30 00:14:52 [info]: Received GET request to /api/categories
2025-06-30 00:14:52 [info]: Received GET request to /api/warehouses
2025-06-30 00:14:52 [info]: Received GET request to /api/suppliers
2025-06-30 00:14:52 [info]: Received GET request to /api/products
2025-06-30 00:14:53 [info]: Received GET request to /api/warehouses
2025-06-30 00:14:53 [info]: Received GET request to /api/users
2025-06-30 00:14:53 [info]: Received GET request to /api/warehouses
2025-06-30 00:14:53 [info]: Received GET request to /api/users
2025-06-30 00:14:53 [info]: Received GET request to /api/warehouses
2025-06-30 00:14:53 [info]: Received GET request to /api/products
2025-06-30 00:14:53 [info]: Received GET request to /api/warehouses
2025-06-30 00:14:53 [info]: Received GET request to /api/products
2025-06-30 00:14:55 [info]: Received GET request to /api/products
2025-06-30 00:14:55 [info]: Received GET request to /api/warehouses
2025-06-30 00:14:55 [info]: Received GET request to /api/lots
2025-06-30 00:14:55 [info]: Received GET request to /api/warehouses
2025-06-30 00:14:55 [info]: Received GET request to /api/products
2025-06-30 00:14:55 [info]: Received GET request to /api/lots
2025-06-30 00:14:55 [info]: Received GET request to /api/products
2025-06-30 00:14:55 [info]: Received GET request to /api/warehouses
2025-06-30 00:14:55 [info]: Received GET request to /api/warehouses
2025-06-30 00:14:55 [info]: Received GET request to /api/products
2025-06-30 00:14:56 [info]: Received GET request to /api/lots
2025-06-30 00:14:56 [info]: Received GET request to /api/lots
2025-06-30 00:14:57 [info]: Received GET request to /api/warehouses
2025-06-30 00:14:57 [info]: Received GET request to /api/users
2025-06-30 00:14:57 [info]: Received GET request to /api/warehouses
2025-06-30 00:14:57 [info]: Received GET request to /api/users
2025-06-30 00:14:57 [info]: Received GET request to /api/lots
2025-06-30 00:14:57 [info]: Received GET request to /api/lots
2025-06-30 00:14:58 [info]: Received GET request to /api/warehouses
2025-06-30 00:14:58 [info]: Received GET request to /api/users
2025-06-30 00:14:58 [info]: Received GET request to /api/warehouses
2025-06-30 00:14:58 [info]: Received GET request to /api/users
2025-06-30 00:15:00 [info]: Received GET request to /api/lots
2025-06-30 00:15:00 [info]: Received GET request to /api/lots
2025-06-30 00:15:01 [info]: Received GET request to /api/products
2025-06-30 00:15:01 [info]: Received GET request to /api/warehouses
2025-06-30 00:15:01 [info]: Received GET request to /api/warehouses
2025-06-30 00:15:01 [info]: Received GET request to /api/products
2025-06-30 00:15:01 [info]: Received GET request to /api/products
2025-06-30 00:15:01 [info]: Received GET request to /api/lots
2025-06-30 00:15:01 [info]: Received GET request to /api/warehouses
2025-06-30 00:15:01 [info]: Received GET request to /api/warehouses
2025-06-30 00:15:01 [info]: Received GET request to /api/products
2025-06-30 00:15:01 [info]: Received GET request to /api/lots
2025-06-30 00:15:01 [info]: Received GET request to /api/suppliers
2025-06-30 00:15:01 [info]: Received GET request to /api/suppliers
2025-06-30 00:15:06 [info]: Received GET request to /api/categories
2025-06-30 00:15:06 [info]: Received GET request to /api/products
2025-06-30 00:15:06 [info]: Received GET request to /api/categories
2025-06-30 00:15:06 [info]: Received GET request to /api/products
2025-06-30 00:15:06 [info]: Received GET request to /api/categories
2025-06-30 00:15:06 [info]: Received GET request to /api/products
2025-06-30 00:15:06 [info]: Received GET request to /api/categories
2025-06-30 00:15:06 [info]: Received GET request to /api/products
2025-06-30 00:15:07 [info]: Received GET request to /api/categories
2025-06-30 00:15:07 [info]: Received GET request to /api/products
2025-06-30 00:15:07 [info]: Received GET request to /api/categories
2025-06-30 00:15:07 [info]: Received GET request to /api/products
2025-06-30 00:15:08 [info]: Received GET request to /api/products
2025-06-30 00:15:08 [info]: Received GET request to /api/categories
2025-06-30 00:15:08 [info]: Received GET request to /api/categories
2025-06-30 00:15:08 [info]: Received GET request to /api/products
2025-06-30 00:15:10 [info]: Received GET request to /api/warehouses
2025-06-30 00:15:10 [info]: Received GET request to /api/receive-history?startDate=&endDate=&warehouse=&page=1&limit=25
2025-06-30 00:15:10 [info]: Fetching receive history
2025-06-30 00:15:10 [info]: Received GET request to /api/warehouses
2025-06-30 00:15:10 [info]: Received GET request to /api/receive-history?startDate=&endDate=&warehouse=&page=1&limit=25
2025-06-30 00:15:10 [info]: Fetching receive history
2025-06-30 00:15:13 [info]: Received GET request to /api/warehouses
2025-06-30 00:15:13 [info]: Received GET request to /api/categories
2025-06-30 00:15:13 [info]: Received GET request to /api/products
2025-06-30 00:15:13 [info]: Received GET request to /api/suppliers
2025-06-30 00:15:13 [info]: Received GET request to /api/warehouses
2025-06-30 00:15:13 [info]: Received GET request to /api/categories
2025-06-30 00:15:13 [info]: Received GET request to /api/suppliers
2025-06-30 00:15:13 [info]: Received GET request to /api/products
2025-06-30 00:15:14 [info]: Received GET request to /api/notifications
2025-06-30 00:15:15 [info]: Received GET request to /api/warehouses
2025-06-30 00:15:15 [info]: Received GET request to /api/receive-history?startDate=&endDate=&warehouse=&page=1&limit=25
2025-06-30 00:15:15 [info]: Fetching receive history
2025-06-30 00:15:15 [info]: Received GET request to /api/warehouses
2025-06-30 00:15:15 [info]: Received GET request to /api/receive-history?startDate=&endDate=&warehouse=&page=1&limit=25
2025-06-30 00:15:15 [info]: Fetching receive history
2025-06-30 00:15:16 [info]: Received GET request to /api/products
2025-06-30 00:15:16 [info]: Received GET request to /api/categories
2025-06-30 00:15:16 [info]: Received GET request to /api/suppliers
2025-06-30 00:15:16 [info]: Received GET request to /api/warehouses
2025-06-30 00:15:16 [info]: Received GET request to /api/categories
2025-06-30 00:15:16 [info]: Received GET request to /api/suppliers
2025-06-30 00:15:16 [info]: Received GET request to /api/products
2025-06-30 00:15:16 [info]: Received GET request to /api/warehouses
2025-06-30 00:15:17 [info]: Received GET request to /api/warehouses
2025-06-30 00:15:17 [info]: Received GET request to /api/users
2025-06-30 00:15:17 [info]: Received GET request to /api/warehouses
2025-06-30 00:15:17 [info]: Received GET request to /api/users
2025-06-30 00:15:19 [info]: Received GET request to /api/lots
2025-06-30 00:15:19 [info]: Received GET request to /api/lots
2025-06-30 00:15:21 [info]: Received GET request to /api/users
2025-06-30 00:15:21 [info]: Received GET request to /api/warehouses
2025-06-30 00:15:21 [info]: Received GET request to /api/users
2025-06-30 00:15:21 [info]: Received GET request to /api/warehouses
2025-06-30 00:15:22 [info]: Received GET request to /api/warehouses
2025-06-30 00:15:22 [info]: Received GET request to /api/receive-history?startDate=&endDate=&warehouse=&page=1&limit=25
2025-06-30 00:15:22 [info]: Fetching receive history
2025-06-30 00:15:22 [info]: Received GET request to /api/warehouses
2025-06-30 00:15:22 [info]: Received GET request to /api/receive-history?startDate=&endDate=&warehouse=&page=1&limit=25
2025-06-30 00:15:22 [info]: Fetching receive history
2025-06-30 00:15:28 [info]: Received GET request to /api/warehouses
2025-06-30 00:15:28 [info]: Received GET request to /api/lots
2025-06-30 00:15:28 [info]: Received GET request to /api/products
2025-06-30 00:15:28 [info]: Received GET request to /api/warehouses
2025-06-30 00:15:28 [info]: Received GET request to /api/lots
2025-06-30 00:15:28 [info]: Received GET request to /api/products
2025-06-30 00:15:31 [info]: Received GET request to /api/lots
2025-06-30 00:15:31 [info]: Received GET request to /api/lots
2025-06-30 00:15:31 [info]: Received GET request to /api/warehouses
2025-06-30 00:15:31 [info]: Received GET request to /api/users
2025-06-30 00:15:31 [info]: Received GET request to /api/warehouses
2025-06-30 00:15:31 [info]: Received GET request to /api/users
2025-06-30 00:15:33 [info]: Received GET request to /api/products
2025-06-30 00:15:33 [info]: Received GET request to /api/warehouses
2025-06-30 00:15:33 [info]: Received GET request to /api/categories
2025-06-30 00:15:33 [info]: Received GET request to /api/suppliers
2025-06-30 00:15:33 [info]: Received GET request to /api/warehouses
2025-06-30 00:15:33 [info]: Received GET request to /api/products
2025-06-30 00:15:33 [info]: Received GET request to /api/categories
2025-06-30 00:15:33 [info]: Received GET request to /api/suppliers
2025-06-30 00:15:39 [info]: Received GET request to /api/warehouses
2025-06-30 00:15:39 [info]: Received GET request to /api/receive-history?startDate=&endDate=&warehouse=&page=1&limit=25
2025-06-30 00:15:39 [info]: Fetching receive history
2025-06-30 00:15:39 [info]: Received GET request to /api/warehouses
2025-06-30 00:15:39 [info]: Received GET request to /api/receive-history?startDate=&endDate=&warehouse=&page=1&limit=25
2025-06-30 00:15:39 [info]: Fetching receive history
2025-06-30 00:15:40 [info]: Received GET request to /api/warehouses
2025-06-30 00:15:40 [info]: Received GET request to /api/products
2025-06-30 00:15:40 [info]: Received GET request to /api/categories
2025-06-30 00:15:40 [info]: Received GET request to /api/suppliers
2025-06-30 00:15:40 [info]: Received GET request to /api/warehouses
2025-06-30 00:15:40 [info]: Received GET request to /api/categories
2025-06-30 00:15:40 [info]: Received GET request to /api/suppliers
2025-06-30 00:15:40 [info]: Received GET request to /api/products
2025-06-30 00:15:40 [info]: Received GET request to /api/warehouses
2025-06-30 00:15:40 [info]: Received GET request to /api/receive-history?startDate=&endDate=&warehouse=&page=1&limit=25
2025-06-30 00:15:40 [info]: Fetching receive history
2025-06-30 00:15:40 [info]: Received GET request to /api/warehouses
2025-06-30 00:15:40 [info]: Received GET request to /api/receive-history?startDate=&endDate=&warehouse=&page=1&limit=25
2025-06-30 00:15:40 [info]: Fetching receive history
2025-06-30 00:15:42 [info]: Received GET request to /api/products
2025-06-30 00:15:42 [info]: Received GET request to /api/categories
2025-06-30 00:15:42 [info]: Received GET request to /api/warehouses
2025-06-30 00:15:42 [info]: Received GET request to /api/suppliers
2025-06-30 00:15:42 [info]: Received GET request to /api/categories
2025-06-30 00:15:42 [info]: Received GET request to /api/warehouses
2025-06-30 00:15:42 [info]: Received GET request to /api/suppliers
2025-06-30 00:15:42 [info]: Received GET request to /api/products
2025-06-30 00:15:44 [info]: Received GET request to /api/notifications
2025-06-30 00:16:15 [info]: Received GET request to /api/notifications
2025-06-30 00:16:20 [info]: Received GET request to /api/warehouses
2025-06-30 00:16:20 [info]: Received GET request to /api/receive-history?startDate=&endDate=&warehouse=&page=1&limit=25
2025-06-30 00:16:20 [info]: Fetching receive history
2025-06-30 00:16:20 [info]: Received GET request to /api/warehouses
2025-06-30 00:16:20 [info]: Received GET request to /api/receive-history?startDate=&endDate=&warehouse=&page=1&limit=25
2025-06-30 00:16:20 [info]: Fetching receive history
2025-06-30 00:16:31 [info]: Received GET request to /api/products
2025-06-30 00:16:31 [info]: Received GET request to /api/categories
2025-06-30 00:16:31 [info]: Received GET request to /api/warehouses
2025-06-30 00:16:31 [info]: Received GET request to /api/suppliers
2025-06-30 00:16:31 [info]: Received GET request to /api/categories
2025-06-30 00:16:31 [info]: Received GET request to /api/warehouses
2025-06-30 00:16:31 [info]: Received GET request to /api/suppliers
2025-06-30 00:16:31 [info]: Received GET request to /api/products
2025-06-30 00:16:33 [info]: Received GET request to /api/warehouses
2025-06-30 00:16:33 [info]: Received GET request to /api/users
2025-06-30 00:16:33 [info]: Received GET request to /api/warehouses
2025-06-30 00:16:33 [info]: Received GET request to /api/users
2025-06-30 00:16:33 [info]: Received GET request to /api/lots
2025-06-30 00:16:33 [info]: Received GET request to /api/lots
2025-06-30 00:16:34 [info]: Received GET request to /api/users
2025-06-30 00:16:34 [info]: Received GET request to /api/warehouses
2025-06-30 00:16:34 [info]: Received GET request to /api/users
2025-06-30 00:16:34 [info]: Received GET request to /api/warehouses
2025-06-30 00:16:37 [info]: Received GET request to /api/lots
2025-06-30 00:16:37 [info]: Received GET request to /api/lots
2025-06-30 00:16:38 [info]: Received GET request to /api/products
2025-06-30 00:16:38 [info]: Received GET request to /api/warehouses
2025-06-30 00:16:38 [info]: Received GET request to /api/warehouses
2025-06-30 00:16:38 [info]: Received GET request to /api/products
2025-06-30 00:16:38 [info]: Received GET request to /api/products
2025-06-30 00:16:38 [info]: Received GET request to /api/warehouses
2025-06-30 00:16:38 [info]: Received GET request to /api/lots
2025-06-30 00:16:38 [info]: Received GET request to /api/warehouses
2025-06-30 00:16:38 [info]: Received GET request to /api/products
2025-06-30 00:16:38 [info]: Received GET request to /api/lots
2025-06-30 00:16:39 [info]: Received GET request to /api/suppliers
2025-06-30 00:16:39 [info]: Received GET request to /api/suppliers
2025-06-30 00:16:41 [info]: Received GET request to /api/lots
2025-06-30 00:16:41 [info]: Received GET request to /api/products
2025-06-30 00:16:41 [info]: Received GET request to /api/warehouses
2025-06-30 00:16:41 [info]: Received GET request to /api/warehouses
2025-06-30 00:16:41 [info]: Received GET request to /api/lots
2025-06-30 00:16:41 [info]: Received GET request to /api/products
2025-06-30 00:16:42 [info]: Received GET request to /api/suppliers
2025-06-30 00:16:42 [info]: Received GET request to /api/suppliers
2025-06-30 00:16:42 [info]: Received GET request to /api/products
2025-06-30 00:16:42 [info]: Received GET request to /api/warehouses
2025-06-30 00:16:42 [info]: Received GET request to /api/warehouses
2025-06-30 00:16:42 [info]: Received GET request to /api/products
2025-06-30 00:16:43 [info]: Received GET request to /api/warehouses
2025-06-30 00:16:43 [info]: Received GET request to /api/users
2025-06-30 00:16:43 [info]: Received GET request to /api/warehouses
2025-06-30 00:16:43 [info]: Received GET request to /api/users
2025-06-30 00:16:44 [info]: Received GET request to /api/notifications
2025-06-30 00:16:46 [info]: Received GET request to /api/warehouses
2025-06-30 00:16:46 [info]: Received GET request to /api/receive-history?startDate=&endDate=&warehouse=&page=1&limit=25
2025-06-30 00:16:46 [info]: Fetching receive history
2025-06-30 00:16:46 [info]: Received GET request to /api/warehouses
2025-06-30 00:16:46 [info]: Received GET request to /api/receive-history?startDate=&endDate=&warehouse=&page=1&limit=25
2025-06-30 00:16:46 [info]: Fetching receive history
2025-06-30 00:16:49 [info]: Received GET request to /api/warehouses
2025-06-30 00:16:49 [info]: Received GET request to /api/products
2025-06-30 00:16:49 [info]: Received GET request to /api/suppliers
2025-06-30 00:16:49 [info]: Received GET request to /api/categories
2025-06-30 00:16:49 [info]: Received GET request to /api/warehouses
2025-06-30 00:16:49 [info]: Received GET request to /api/suppliers
2025-06-30 00:16:49 [info]: Received GET request to /api/categories
2025-06-30 00:16:49 [info]: Received GET request to /api/products
2025-06-30 00:16:50 [info]: Received GET request to /api/warehouses
2025-06-30 00:16:50 [info]: Received GET request to /api/receive-history?startDate=&endDate=&warehouse=&page=1&limit=25
2025-06-30 00:16:50 [info]: Fetching receive history
2025-06-30 00:16:50 [info]: Received GET request to /api/warehouses
2025-06-30 00:16:50 [info]: Received GET request to /api/receive-history?startDate=&endDate=&warehouse=&page=1&limit=25
2025-06-30 00:16:50 [info]: Fetching receive history
2025-06-30 00:16:52 [info]: Received GET request to /api/products
2025-06-30 00:16:53 [info]: Received GET request to /api/categories
2025-06-30 00:16:53 [info]: Received GET request to /api/suppliers
2025-06-30 00:16:53 [info]: Received GET request to /api/warehouses
2025-06-30 00:16:53 [info]: Received GET request to /api/categories
2025-06-30 00:16:53 [info]: Received GET request to /api/suppliers
2025-06-30 00:16:53 [info]: Received GET request to /api/products
2025-06-30 00:16:53 [info]: Received GET request to /api/warehouses
2025-06-30 00:16:56 [info]: Received GET request to /api/warehouses
2025-06-30 00:16:56 [info]: Received GET request to /api/receive-history?startDate=&endDate=&warehouse=&page=1&limit=25
2025-06-30 00:16:56 [info]: Fetching receive history
2025-06-30 00:16:56 [info]: Received GET request to /api/warehouses
2025-06-30 00:16:56 [info]: Received GET request to /api/receive-history?startDate=&endDate=&warehouse=&page=1&limit=25
2025-06-30 00:16:56 [info]: Fetching receive history
2025-06-30 00:16:57 [info]: Received GET request to /api/warehouses
2025-06-30 00:16:57 [info]: Received GET request to /api/products
2025-06-30 00:16:57 [info]: Received GET request to /api/categories
2025-06-30 00:16:57 [info]: Received GET request to /api/suppliers
2025-06-30 00:16:57 [info]: Received GET request to /api/warehouses
2025-06-30 00:16:57 [info]: Received GET request to /api/categories
2025-06-30 00:16:57 [info]: Received GET request to /api/suppliers
2025-06-30 00:16:57 [info]: Received GET request to /api/products
2025-06-30 00:17:15 [info]: Received GET request to /api/notifications
2025-06-30 00:17:45 [info]: Received GET request to /api/notifications
2025-06-30 00:18:01 [info]: Received GET request to /api/products
2025-06-30 00:18:01 [info]: Received GET request to /api/categories
2025-06-30 00:18:01 [info]: Received GET request to /api/suppliers
2025-06-30 00:18:01 [info]: Received GET request to /api/warehouses
2025-06-30 00:18:15 [info]: Received GET request to /api/notifications
2025-06-30 00:18:18 [info]: Received GET request to /api/products
2025-06-30 00:18:18 [info]: Received GET request to /api/categories
2025-06-30 00:18:18 [info]: Received GET request to /api/warehouses
2025-06-30 00:18:18 [info]: Received GET request to /api/suppliers
2025-06-30 00:18:22 [info]: Received GET request to /api/products
2025-06-30 00:18:22 [info]: Received GET request to /api/categories
2025-06-30 00:18:22 [info]: Received GET request to /api/suppliers
2025-06-30 00:18:22 [info]: Received GET request to /api/warehouses
2025-06-30 00:18:28 [info]: Received GET request to /api/notifications
2025-06-30 00:18:28 [info]: Received GET request to /api/products
2025-06-30 00:18:28 [info]: Received GET request to /api/categories
2025-06-30 00:18:28 [info]: Received GET request to /api/suppliers
2025-06-30 00:18:29 [info]: Received GET request to /api/warehouses
2025-06-30 00:18:29 [info]: Received GET request to /api/categories
2025-06-30 00:18:29 [info]: Received GET request to /api/notifications
2025-06-30 00:18:29 [info]: Received GET request to /api/suppliers
2025-06-30 00:18:29 [info]: Received GET request to /api/warehouses
2025-06-30 00:18:29 [info]: Received GET request to /api/products
2025-06-30 00:18:32 [info]: Received GET request to /api/notifications
2025-06-30 00:18:32 [info]: Received GET request to /api/products
2025-06-30 00:18:32 [info]: Received GET request to /api/categories
2025-06-30 00:18:32 [info]: Received GET request to /api/warehouses
2025-06-30 00:18:32 [info]: Received GET request to /api/suppliers
2025-06-30 00:18:32 [info]: Received GET request to /api/categories
2025-06-30 00:18:32 [info]: Received GET request to /api/warehouses
2025-06-30 00:18:32 [info]: Received GET request to /api/suppliers
2025-06-30 00:18:32 [info]: Received GET request to /api/notifications
2025-06-30 00:18:32 [info]: Received GET request to /api/products
2025-06-30 00:18:40 [info]: Received GET request to /api/warehouses
2025-06-30 00:18:40 [info]: Received GET request to /api/receive-history?startDate=&endDate=&warehouse=&page=1&limit=25
2025-06-30 00:18:40 [info]: Fetching receive history
2025-06-30 00:18:40 [info]: Received GET request to /api/warehouses
2025-06-30 00:18:40 [info]: Received GET request to /api/receive-history?startDate=&endDate=&warehouse=&page=1&limit=25
2025-06-30 00:18:40 [info]: Fetching receive history
2025-06-30 00:18:41 [info]: Received GET request to /api/warehouses
2025-06-30 00:18:41 [info]: Received GET request to /api/products
2025-06-30 00:18:41 [info]: Received GET request to /api/categories
2025-06-30 00:18:41 [info]: Received GET request to /api/suppliers
2025-06-30 00:18:41 [info]: Received GET request to /api/warehouses
2025-06-30 00:18:41 [info]: Received GET request to /api/categories
2025-06-30 00:18:41 [info]: Received GET request to /api/suppliers
2025-06-30 00:18:41 [info]: Received GET request to /api/products
2025-06-30 00:18:42 [info]: Received GET request to /api/warehouses
2025-06-30 00:18:42 [info]: Received GET request to /api/receive-history?startDate=&endDate=&warehouse=&page=1&limit=25
2025-06-30 00:18:42 [info]: Fetching receive history
2025-06-30 00:18:42 [info]: Received GET request to /api/warehouses
2025-06-30 00:18:42 [info]: Received GET request to /api/receive-history?startDate=&endDate=&warehouse=&page=1&limit=25
2025-06-30 00:18:42 [info]: Fetching receive history
2025-06-30 00:18:56 [info]: Received GET request to /api/products
2025-06-30 00:18:56 [info]: Received GET request to /api/categories
2025-06-30 00:18:56 [info]: Received GET request to /api/suppliers
2025-06-30 00:18:56 [info]: Received GET request to /api/warehouses
2025-06-30 00:18:56 [info]: Received GET request to /api/categories
2025-06-30 00:18:56 [info]: Received GET request to /api/suppliers
2025-06-30 00:18:56 [info]: Received GET request to /api/warehouses
2025-06-30 00:18:56 [info]: Received GET request to /api/products
2025-06-30 00:18:58 [info]: Received GET request to /api/warehouses
2025-06-30 00:18:58 [info]: Received GET request to /api/users
2025-06-30 00:18:58 [info]: Received GET request to /api/warehouses
2025-06-30 00:18:58 [info]: Received GET request to /api/users
2025-06-30 00:18:58 [info]: Received GET request to /api/lots
2025-06-30 00:18:58 [info]: Received GET request to /api/lots
2025-06-30 00:18:59 [info]: Received GET request to /api/products
2025-06-30 00:18:59 [info]: Received GET request to /api/warehouses
2025-06-30 00:18:59 [info]: Received GET request to /api/warehouses
2025-06-30 00:18:59 [info]: Received GET request to /api/products
2025-06-30 00:19:00 [info]: Received GET request to /api/warehouses
2025-06-30 00:19:00 [info]: Received GET request to /api/receive-history?startDate=&endDate=&warehouse=&page=1&limit=25
2025-06-30 00:19:00 [info]: Fetching receive history
2025-06-30 00:19:00 [info]: Received GET request to /api/warehouses
2025-06-30 00:19:00 [info]: Received GET request to /api/receive-history?startDate=&endDate=&warehouse=&page=1&limit=25
2025-06-30 00:19:00 [info]: Fetching receive history
2025-06-30 00:19:00 [info]: Received GET request to /api/products
2025-06-30 00:19:00 [info]: Received GET request to /api/categories
2025-06-30 00:19:00 [info]: Received GET request to /api/warehouses
2025-06-30 00:19:00 [info]: Received GET request to /api/suppliers
2025-06-30 00:19:00 [info]: Received GET request to /api/categories
2025-06-30 00:19:00 [info]: Received GET request to /api/warehouses
2025-06-30 00:19:00 [info]: Received GET request to /api/suppliers
2025-06-30 00:19:00 [info]: Received GET request to /api/products
2025-06-30 00:19:02 [info]: Received GET request to /api/notifications
2025-06-30 00:19:02 [info]: Received GET request to /api/receive-history?startDate=&endDate=&warehouse=&page=1&limit=25
2025-06-30 00:19:02 [info]: Fetching receive history
2025-06-30 00:19:02 [info]: Received GET request to /api/warehouses
2025-06-30 00:19:02 [info]: Received GET request to /api/warehouses
2025-06-30 00:19:02 [info]: Received GET request to /api/receive-history?startDate=&endDate=&warehouse=&page=1&limit=25
2025-06-30 00:19:02 [info]: Fetching receive history
2025-06-30 00:19:04 [info]: Received GET request to /api/categories
2025-06-30 00:19:04 [info]: Received GET request to /api/products
2025-06-30 00:19:04 [info]: Received GET request to /api/categories
2025-06-30 00:19:04 [info]: Received GET request to /api/products
2025-06-30 00:19:04 [info]: Received GET request to /api/products
2025-06-30 00:19:04 [info]: Received GET request to /api/categories
2025-06-30 00:19:04 [info]: Received GET request to /api/categories
2025-06-30 00:19:04 [info]: Received GET request to /api/products
2025-06-30 00:19:06 [info]: Received GET request to /api/warehouses
2025-06-30 00:19:06 [info]: Received GET request to /api/users
2025-06-30 00:19:06 [info]: Received GET request to /api/warehouses
2025-06-30 00:19:06 [info]: Received GET request to /api/users
2025-06-30 00:19:06 [info]: Received GET request to /api/lots
2025-06-30 00:19:06 [info]: Received GET request to /api/lots
2025-06-30 00:19:07 [info]: Received GET request to /api/products
2025-06-30 00:19:07 [info]: Received GET request to /api/warehouses
2025-06-30 00:19:07 [info]: Received GET request to /api/products
2025-06-30 00:19:07 [info]: Received GET request to /api/warehouses
2025-06-30 00:19:08 [info]: Received GET request to /api/lots
2025-06-30 00:19:08 [info]: Received GET request to /api/lots
2025-06-30 00:19:09 [info]: Received GET request to /api/warehouses
2025-06-30 00:19:09 [info]: Received GET request to /api/users
2025-06-30 00:19:09 [info]: Received GET request to /api/warehouses
2025-06-30 00:19:09 [info]: Received GET request to /api/users
2025-06-30 00:19:12 [info]: Received GET request to /api/suppliers
2025-06-30 00:19:12 [info]: Received GET request to /api/suppliers
2025-06-30 00:19:13 [info]: Received GET request to /api/lots
2025-06-30 00:19:13 [info]: Received GET request to /api/products
2025-06-30 00:19:13 [info]: Received GET request to /api/warehouses
2025-06-30 00:19:13 [info]: Received GET request to /api/warehouses
2025-06-30 00:19:13 [info]: Received GET request to /api/lots
2025-06-30 00:19:13 [info]: Received GET request to /api/products
2025-06-30 00:19:15 [info]: Received GET request to /api/suppliers
2025-06-30 00:19:15 [info]: Received GET request to /api/suppliers
2025-06-30 00:19:17 [info]: Received GET request to /api/products
2025-06-30 00:19:17 [info]: Received GET request to /api/warehouses
2025-06-30 00:19:17 [info]: Received GET request to /api/suppliers
2025-06-30 00:19:17 [info]: Received GET request to /api/categories
2025-06-30 00:19:17 [info]: Received GET request to /api/warehouses
2025-06-30 00:19:17 [info]: Received GET request to /api/suppliers
2025-06-30 00:19:17 [info]: Received GET request to /api/products
2025-06-30 00:19:17 [info]: Received GET request to /api/categories
2025-06-30 00:19:17 [info]: Received GET request to /api/warehouses
2025-06-30 00:19:17 [info]: Received GET request to /api/receive-history?startDate=&endDate=&warehouse=&page=1&limit=25
2025-06-30 00:19:17 [info]: Fetching receive history
2025-06-30 00:19:17 [info]: Received GET request to /api/warehouses
2025-06-30 00:19:17 [info]: Received GET request to /api/receive-history?startDate=&endDate=&warehouse=&page=1&limit=25
2025-06-30 00:19:17 [info]: Fetching receive history
2025-06-30 00:19:32 [info]: Received GET request to /api/notifications
2025-06-30 00:19:33 [info]: Received GET request to /api/products
2025-06-30 00:19:33 [info]: Received GET request to /api/categories
2025-06-30 00:19:33 [info]: Received GET request to /api/warehouses
2025-06-30 00:19:33 [info]: Received GET request to /api/suppliers
2025-06-30 00:19:33 [info]: Received GET request to /api/categories
2025-06-30 00:19:33 [info]: Received GET request to /api/warehouses
2025-06-30 00:19:33 [info]: Received GET request to /api/suppliers
2025-06-30 00:19:33 [info]: Received GET request to /api/products
2025-06-30 00:19:54 [info]: Received GET request to /api/warehouses
2025-06-30 00:19:54 [info]: Received GET request to /api/users
2025-06-30 00:19:54 [info]: Received GET request to /api/warehouses
2025-06-30 00:19:54 [info]: Received GET request to /api/users
2025-06-30 00:19:54 [info]: Received GET request to /api/lots
2025-06-30 00:19:54 [info]: Received GET request to /api/lots
2025-06-30 00:19:56 [info]: Received GET request to /api/warehouses
2025-06-30 00:19:56 [info]: Received GET request to /api/products
2025-06-30 00:19:56 [info]: Received GET request to /api/warehouses
2025-06-30 00:19:56 [info]: Received GET request to /api/products
2025-06-30 00:19:58 [info]: Received GET request to /api/lots
2025-06-30 00:19:58 [info]: Received GET request to /api/lots
2025-06-30 00:19:59 [info]: Received GET request to /api/warehouses
2025-06-30 00:19:59 [info]: Received GET request to /api/users
2025-06-30 00:19:59 [info]: Received GET request to /api/warehouses
2025-06-30 00:19:59 [info]: Received GET request to /api/users
2025-06-30 00:20:03 [info]: Received GET request to /api/notifications
2025-06-30 00:20:33 [info]: Received GET request to /api/notifications
2025-06-30 00:21:03 [info]: Received GET request to /api/notifications
2025-06-30 00:21:07 [info]: Received GET request to /api/products
2025-06-30 00:21:07 [info]: Received GET request to /api/categories
2025-06-30 00:21:07 [info]: Received GET request to /api/suppliers
2025-06-30 00:21:07 [info]: Received GET request to /api/warehouses
2025-06-30 00:21:08 [info]: Received GET request to /api/categories
2025-06-30 00:21:08 [info]: Received GET request to /api/suppliers
2025-06-30 00:21:08 [info]: Received GET request to /api/warehouses
2025-06-30 00:21:08 [info]: Received GET request to /api/products
2025-06-30 00:21:08 [info]: Received GET request to /api/warehouses
2025-06-30 00:21:08 [info]: Received GET request to /api/receive-history?startDate=&endDate=&warehouse=&page=1&limit=25
2025-06-30 00:21:08 [info]: Fetching receive history
2025-06-30 00:21:08 [info]: Received GET request to /api/warehouses
2025-06-30 00:21:08 [info]: Received GET request to /api/receive-history?startDate=&endDate=&warehouse=&page=1&limit=25
2025-06-30 00:21:08 [info]: Fetching receive history
2025-06-30 00:21:19 [info]: Received GET request to /api/categories
2025-06-30 00:21:19 [info]: Received GET request to /api/warehouses
2025-06-30 00:21:19 [info]: Received GET request to /api/products
2025-06-30 00:21:19 [info]: Received GET request to /api/suppliers
2025-06-30 00:21:19 [info]: Received GET request to /api/categories
2025-06-30 00:21:19 [info]: Received GET request to /api/warehouses
2025-06-30 00:21:19 [info]: Received GET request to /api/suppliers
2025-06-30 00:21:19 [info]: Received GET request to /api/products
2025-06-30 00:21:27 [info]: Received GET request to /api/receive-history?startDate=&endDate=&warehouse=&page=1&limit=25
2025-06-30 00:21:27 [info]: Fetching receive history
2025-06-30 00:21:27 [info]: Received GET request to /api/warehouses
2025-06-30 00:21:27 [info]: Received GET request to /api/warehouses
2025-06-30 00:21:27 [info]: Received GET request to /api/receive-history?startDate=&endDate=&warehouse=&page=1&limit=25
2025-06-30 00:21:27 [info]: Fetching receive history
2025-06-30 00:21:33 [info]: Received GET request to /api/notifications
2025-06-30 00:21:57 [info]: Received GET request to /api/receive-history?startDate=&endDate=&warehouse=&page=1&limit=25
2025-06-30 00:21:57 [info]: Fetching receive history
2025-06-30 00:21:57 [info]: Received GET request to /api/warehouses
2025-06-30 00:21:57 [info]: Received GET request to /api/notifications
2025-06-30 00:21:57 [info]: Received GET request to /api/warehouses
2025-06-30 00:21:57 [info]: Received GET request to /api/notifications
2025-06-30 00:21:57 [info]: Received GET request to /api/receive-history?startDate=&endDate=&warehouse=&page=1&limit=25
2025-06-30 00:21:57 [info]: Fetching receive history
2025-06-30 00:22:04 [info]: Received GET request to /api/products
2025-06-30 00:22:04 [info]: Received GET request to /api/categories
2025-06-30 00:22:04 [info]: Received GET request to /api/warehouses
2025-06-30 00:22:04 [info]: Received GET request to /api/suppliers
2025-06-30 00:22:04 [info]: Received GET request to /api/categories
2025-06-30 00:22:04 [info]: Received GET request to /api/warehouses
2025-06-30 00:22:04 [info]: Received GET request to /api/suppliers
2025-06-30 00:22:04 [info]: Received GET request to /api/products
2025-06-30 00:22:11 [info]: Received GET request to /api/warehouses
2025-06-30 00:22:11 [info]: Received GET request to /api/users
2025-06-30 00:22:11 [info]: Received GET request to /api/warehouses
2025-06-30 00:22:11 [info]: Received GET request to /api/users
2025-06-30 00:22:21 [info]: Received GET request to /api/products
2025-06-30 00:22:21 [info]: Received GET request to /api/categories
2025-06-30 00:22:21 [info]: Received GET request to /api/warehouses
2025-06-30 00:22:21 [info]: Received GET request to /api/suppliers
2025-06-30 00:22:21 [info]: Received GET request to /api/categories
2025-06-30 00:22:21 [info]: Received GET request to /api/warehouses
2025-06-30 00:22:21 [info]: Received GET request to /api/suppliers
2025-06-30 00:22:21 [info]: Received GET request to /api/products
2025-06-30 00:22:21 [info]: Received GET request to /api/warehouses
2025-06-30 00:22:21 [info]: Received GET request to /api/receive-history?startDate=&endDate=&warehouse=&page=1&limit=25
2025-06-30 00:22:21 [info]: Fetching receive history
2025-06-30 00:22:21 [info]: Received GET request to /api/warehouses
2025-06-30 00:22:21 [info]: Received GET request to /api/receive-history?startDate=&endDate=&warehouse=&page=1&limit=25
2025-06-30 00:22:21 [info]: Fetching receive history
2025-06-30 00:22:27 [info]: Received GET request to /api/notifications
2025-06-30 00:22:33 [info]: Received GET request to /api/products
2025-06-30 00:22:33 [info]: Received GET request to /api/categories
2025-06-30 00:22:33 [info]: Received GET request to /api/warehouses
2025-06-30 00:22:33 [info]: Received GET request to /api/suppliers
2025-06-30 00:22:33 [info]: Received GET request to /api/categories
2025-06-30 00:22:33 [info]: Received GET request to /api/products
2025-06-30 00:22:33 [info]: Received GET request to /api/warehouses
2025-06-30 00:22:33 [info]: Received GET request to /api/suppliers
2025-06-30 00:22:33 [info]: Received GET request to /api/warehouses
2025-06-30 00:22:33 [info]: Received GET request to /api/receive-history?startDate=&endDate=&warehouse=&page=1&limit=25
2025-06-30 00:22:33 [info]: Fetching receive history
2025-06-30 00:22:33 [info]: Received GET request to /api/warehouses
2025-06-30 00:22:33 [info]: Received GET request to /api/receive-history?startDate=&endDate=&warehouse=&page=1&limit=25
2025-06-30 00:22:33 [info]: Fetching receive history
2025-06-30 00:22:57 [info]: Received GET request to /api/notifications
2025-06-30 00:23:16 [info]: Received GET request to /api/products
2025-06-30 00:23:16 [info]: Received GET request to /api/categories
2025-06-30 00:23:16 [info]: Received GET request to /api/warehouses
2025-06-30 00:23:16 [info]: Received GET request to /api/suppliers
2025-06-30 00:23:16 [info]: Received GET request to /api/categories
2025-06-30 00:23:16 [info]: Received GET request to /api/warehouses
2025-06-30 00:23:16 [info]: Received GET request to /api/suppliers
2025-06-30 00:23:16 [info]: Received GET request to /api/products
2025-06-30 00:23:17 [info]: Received GET request to /api/warehouses
2025-06-30 00:23:17 [info]: Received GET request to /api/receive-history?startDate=&endDate=&warehouse=&page=1&limit=25
2025-06-30 00:23:17 [info]: Fetching receive history
2025-06-30 00:23:17 [info]: Received GET request to /api/warehouses
2025-06-30 00:23:17 [info]: Received GET request to /api/receive-history?startDate=&endDate=&warehouse=&page=1&limit=25
2025-06-30 00:23:17 [info]: Fetching receive history
2025-06-30 00:23:27 [info]: Received GET request to /api/products
2025-06-30 00:23:27 [info]: Received GET request to /api/categories
2025-06-30 00:23:27 [info]: Received GET request to /api/warehouses
2025-06-30 00:23:27 [info]: Received GET request to /api/suppliers
2025-06-30 00:23:27 [info]: Received GET request to /api/notifications
2025-06-30 00:23:27 [info]: Received GET request to /api/categories
2025-06-30 00:23:27 [info]: Received GET request to /api/warehouses
2025-06-30 00:23:27 [info]: Received GET request to /api/suppliers
2025-06-30 00:23:27 [info]: Received GET request to /api/products
2025-06-30 00:23:28 [info]: Received GET request to /api/warehouses
2025-06-30 00:23:28 [info]: Received GET request to /api/receive-history?startDate=&endDate=&warehouse=&page=1&limit=25
2025-06-30 00:23:28 [info]: Fetching receive history
2025-06-30 00:23:28 [info]: Received GET request to /api/warehouses
2025-06-30 00:23:28 [info]: Received GET request to /api/receive-history?startDate=&endDate=&warehouse=&page=1&limit=25
2025-06-30 00:23:28 [info]: Fetching receive history
2025-06-30 00:23:57 [info]: Received GET request to /api/notifications
2025-06-30 00:24:07 [info]: Received GET request to /api/products
2025-06-30 00:24:07 [info]: Received GET request to /api/categories
2025-06-30 00:24:07 [info]: Received GET request to /api/warehouses
2025-06-30 00:24:07 [info]: Received GET request to /api/suppliers
2025-06-30 00:24:07 [info]: Received GET request to /api/categories
2025-06-30 00:24:07 [info]: Received GET request to /api/warehouses
2025-06-30 00:24:07 [info]: Received GET request to /api/suppliers
2025-06-30 00:24:07 [info]: Received GET request to /api/products
2025-06-30 00:24:09 [info]: Received GET request to /api/warehouses
2025-06-30 00:24:09 [info]: Received GET request to /api/receive-history?startDate=&endDate=&warehouse=&page=1&limit=25
2025-06-30 00:24:09 [info]: Fetching receive history
2025-06-30 00:24:09 [info]: Received GET request to /api/warehouses
2025-06-30 00:24:09 [info]: Received GET request to /api/receive-history?startDate=&endDate=&warehouse=&page=1&limit=25
2025-06-30 00:24:09 [info]: Fetching receive history
2025-06-30 00:24:14 [info]: Received GET request to /api/lots
2025-06-30 00:24:14 [info]: Received GET request to /api/lots
2025-06-30 00:24:15 [info]: Received GET request to /api/products
2025-06-30 00:24:15 [info]: Received GET request to /api/warehouses
2025-06-30 00:24:15 [info]: Received GET request to /api/warehouses
2025-06-30 00:24:15 [info]: Received GET request to /api/products
2025-06-30 00:24:16 [info]: Received GET request to /api/products
2025-06-30 00:24:16 [info]: Received GET request to /api/lots
2025-06-30 00:24:16 [info]: Received GET request to /api/warehouses
2025-06-30 00:24:16 [info]: Received GET request to /api/warehouses
2025-06-30 00:24:16 [info]: Received GET request to /api/products
2025-06-30 00:24:16 [info]: Received GET request to /api/lots
2025-06-30 00:24:16 [info]: Received GET request to /api/suppliers
2025-06-30 00:24:16 [info]: Received GET request to /api/suppliers
2025-06-30 00:24:17 [info]: Received GET request to /api/products
2025-06-30 00:24:17 [info]: Received GET request to /api/warehouses
2025-06-30 00:24:17 [info]: Received GET request to /api/lots
2025-06-30 00:24:17 [info]: Received GET request to /api/warehouses
2025-06-30 00:24:17 [info]: Received GET request to /api/products
2025-06-30 00:24:17 [info]: Received GET request to /api/lots
2025-06-30 00:24:19 [info]: Received GET request to /api/products
2025-06-30 00:24:19 [info]: Received GET request to /api/categories
2025-06-30 00:24:19 [info]: Received GET request to /api/categories
2025-06-30 00:24:19 [info]: Received GET request to /api/products
2025-06-30 00:24:20 [info]: Received GET request to /api/categories
2025-06-30 00:24:20 [info]: Received GET request to /api/products
2025-06-30 00:24:20 [info]: Received GET request to /api/categories
2025-06-30 00:24:20 [info]: Received GET request to /api/products
2025-06-30 00:24:27 [info]: Received GET request to /api/notifications
