2025-07-01 00:00:23 [error]: Transaction failed
2025-07-01 00:01:27 [error]: Error fetching notifications
2025-07-01 00:06:36 [error]: Transaction failed
2025-07-01 00:19:07 [error]: Transaction failed
2025-07-01 00:20:47 [error]: Transaction failed
2025-07-01 00:22:58 [error]: Transaction failed
2025-07-01 00:24:25 [error]: Transaction failed
2025-07-01 00:25:05 [error]: Transaction failed
2025-07-01 00:34:05 [error]: Transaction failed
2025-07-01 00:35:17 [error]: Transaction failed
2025-07-01 00:36:37 [error]: Transaction failed
2025-07-01 00:37:20 [error]: Transaction failed
2025-07-01 00:37:21 [error]: Transaction failed
2025-07-01 00:37:22 [error]: Transaction failed
2025-07-01 00:41:01 [error]: Transaction failed
2025-07-01 00:42:36 [error]: Transaction failed
2025-07-01 00:43:53 [error]: Transaction failed
2025-07-01 00:45:21 [error]: Transaction failed
2025-07-01 00:45:22 [error]: Transaction failed
2025-07-01 00:49:37 [error]: Transaction failed
2025-07-01 00:51:27 [error]: Transaction failed
2025-07-01 00:57:05 [error]: Transaction failed
2025-07-01 00:57:07 [error]: Transaction failed
2025-07-01 09:46:00 [error]: Authentication failed
2025-07-01 09:46:00 [error]: Authentication failed
2025-07-01 10:04:50 [error]: Transaction failed
2025-07-01 10:17:59 [error]: Error updating notification
2025-07-01 10:54:27 [error]: Authentication failed
2025-07-01 10:54:27 [error]: Authentication failed
2025-07-01 11:43:23 [error]: Error fetching receive history
2025-07-01 11:43:26 [error]: Error fetching receive history
2025-07-01 11:45:14 [error]: Error fetching receive history
2025-07-01 11:45:17 [error]: Error fetching receive history
2025-07-01 11:45:18 [error]: Error fetching receive history
2025-07-01 11:45:37 [error]: Error fetching receive history
2025-07-01 11:48:04 [error]: Error fetching receive history
2025-07-01 11:48:09 [error]: Error fetching receive history
2025-07-01 11:49:07 [error]: Error fetching receive history
2025-07-01 11:49:12 [error]: Error fetching receive history
2025-07-01 11:49:44 [error]: Error fetching receive history
2025-07-01 11:54:00 [error]: Error fetching receive history
2025-07-01 11:54:02 [error]: Error fetching receive history
2025-07-01 11:54:03 [error]: Error fetching receive history
2025-07-01 11:54:04 [error]: Error fetching receive history
2025-07-01 11:54:05 [error]: Error fetching receive history
2025-07-01 11:54:05 [error]: Error fetching receive history
2025-07-01 11:54:05 [error]: Error fetching receive history
2025-07-01 11:54:14 [error]: Error fetching receive history
2025-07-01 11:55:40 [error]: Error fetching receive history
2025-07-01 11:57:20 [error]: Error fetching receive history
2025-07-01 12:00:19 [error]: Error fetching receive history
2025-07-01 12:00:59 [error]: Error fetching receive history
2025-07-01 12:01:10 [error]: Error fetching receive history
2025-07-01 12:04:05 [error]: Error fetching receive history
2025-07-01 12:04:07 [error]: Error fetching receive history
2025-07-01 12:06:43 [error]: Error fetching receive history
2025-07-01 12:06:43 [error]: Error fetching receive history
2025-07-01 12:06:47 [error]: Error fetching receive history
2025-07-01 12:06:47 [error]: Error fetching receive history
2025-07-01 12:06:51 [error]: Error fetching receive history
2025-07-01 12:06:51 [error]: Error fetching receive history
2025-07-01 12:06:52 [error]: Error fetching receive history
2025-07-01 12:06:52 [error]: Error fetching receive history
2025-07-01 12:06:55 [error]: Error fetching receive history
2025-07-01 12:06:55 [error]: Error fetching receive history
2025-07-01 12:06:57 [error]: Error fetching receive history
2025-07-01 12:06:59 [error]: Error fetching receive history
2025-07-01 12:07:01 [error]: Error fetching receive history
2025-07-01 12:07:02 [error]: Error fetching receive history
2025-07-01 12:07:03 [error]: Error fetching receive history
2025-07-01 12:07:04 [error]: Error fetching receive history
2025-07-01 12:07:05 [error]: Error fetching receive history
2025-07-01 12:07:05 [error]: Error fetching receive history
2025-07-01 12:07:29 [error]: Error fetching receive history
2025-07-01 12:07:29 [error]: Error fetching receive history
2025-07-01 12:07:33 [error]: Error fetching receive history
2025-07-01 12:07:33 [error]: Error fetching receive history
2025-07-01 12:07:37 [error]: Error fetching receive history
2025-07-01 12:07:37 [error]: Error fetching receive history
2025-07-01 12:09:27 [error]: Error fetching receive history
2025-07-01 12:09:27 [error]: Error fetching receive history
2025-07-01 12:09:58 [error]: Error fetching receive history
2025-07-01 12:09:58 [error]: Error fetching receive history
2025-07-01 12:10:00 [error]: Error fetching receive history
2025-07-01 12:10:00 [error]: Error fetching receive history
2025-07-01 12:10:01 [error]: Error fetching receive history
2025-07-01 12:10:01 [error]: Error fetching receive history
2025-07-01 12:10:01 [error]: Error fetching receive history
2025-07-01 12:10:01 [error]: Error fetching receive history
2025-07-01 12:10:01 [error]: Error fetching receive history
2025-07-01 12:10:01 [error]: Error fetching receive history
2025-07-01 12:10:02 [error]: Error fetching receive history
2025-07-01 12:10:02 [error]: Error fetching receive history
2025-07-01 12:10:08 [error]: Error fetching receive history
2025-07-01 12:10:08 [error]: Error fetching receive history
2025-07-01 12:10:11 [error]: Error fetching receive history
2025-07-01 12:10:12 [error]: Error fetching receive history
2025-07-01 12:11:23 [error]: Error fetching receive history
2025-07-01 12:11:23 [error]: Error fetching receive history
2025-07-01 12:11:45 [error]: Error fetching receive history
2025-07-01 12:11:45 [error]: Error fetching receive history
2025-07-01 12:11:48 [error]: Error fetching receive history
2025-07-01 12:11:48 [error]: Error fetching receive history
2025-07-01 12:11:51 [error]: Error fetching receive history
2025-07-01 12:11:51 [error]: Error fetching receive history
2025-07-01 12:15:43 [error]: Error fetching receive history
2025-07-01 12:15:50 [error]: Error fetching receive history
2025-07-01 12:15:52 [error]: Error fetching receive history
2025-07-01 12:15:54 [error]: Error fetching receive history
2025-07-01 12:15:54 [error]: Error fetching receive history
2025-07-01 12:15:54 [error]: Error fetching receive history
2025-07-01 12:15:54 [error]: Error fetching receive history
2025-07-01 12:15:54 [error]: Error fetching receive history
2025-07-01 12:15:55 [error]: Error fetching receive history
2025-07-01 12:15:55 [error]: Error fetching receive history
2025-07-01 12:15:55 [error]: Error fetching receive history
2025-07-01 12:16:55 [error]: Error updating notification
2025-07-01 12:16:57 [error]: Error fetching receive history
2025-07-01 12:16:57 [error]: Error fetching receive history
2025-07-01 12:16:57 [error]: Error fetching receive history
2025-07-01 12:16:57 [error]: Error fetching receive history
2025-07-01 12:16:58 [error]: Error fetching receive history
2025-07-01 12:16:58 [error]: Error fetching receive history
2025-07-01 12:16:58 [error]: Error fetching receive history
2025-07-01 12:16:58 [error]: Error fetching receive history
2025-07-01 12:17:02 [error]: Error fetching receive history
2025-07-01 12:17:02 [error]: Error fetching receive history
2025-07-01 12:19:55 [error]: Error fetching receive history
2025-07-01 12:19:55 [error]: Error fetching receive history
2025-07-01 12:25:35 [error]: Error fetching receive history
2025-07-01 12:25:35 [error]: Error fetching receive history
2025-07-01 12:25:54 [error]: Error fetching receive history
2025-07-01 12:25:54 [error]: Error fetching receive history
2025-07-01 12:26:25 [error]: Error fetching receive history
2025-07-01 12:26:25 [error]: Error fetching receive history
2025-07-01 12:26:38 [error]: Error fetching receive history
2025-07-01 12:26:38 [error]: Error fetching receive history
2025-07-01 12:26:40 [error]: Error fetching receive history
2025-07-01 12:26:42 [error]: Error fetching receive history
2025-07-01 12:26:43 [error]: Error fetching receive history
2025-07-01 12:27:02 [error]: Error fetching receive history
2025-07-01 12:27:02 [error]: Error fetching receive history
2025-07-01 12:27:04 [error]: Error fetching receive history
2025-07-01 12:27:05 [error]: Error fetching receive history
2025-07-01 12:27:05 [error]: Error fetching receive history
2025-07-01 12:27:05 [error]: Error fetching receive history
2025-07-01 12:27:05 [error]: Error fetching receive history
2025-07-01 12:27:11 [error]: Error fetching receive history
2025-07-01 12:27:11 [error]: Error fetching receive history
2025-07-01 12:27:25 [error]: Error fetching receive history
2025-07-01 12:27:25 [error]: Error fetching receive history
2025-07-01 12:28:32 [error]: Error fetching receive history
2025-07-01 12:28:32 [error]: Error fetching receive history
2025-07-01 12:30:50 [error]: Error fetching receive history
2025-07-01 12:30:50 [error]: Error fetching receive history
2025-07-01 12:31:22 [error]: Error fetching receive history
2025-07-01 12:31:22 [error]: Error fetching receive history
2025-07-01 12:31:45 [error]: Error fetching receive history
2025-07-01 12:31:45 [error]: Error fetching receive history
2025-07-01 12:34:51 [error]: Error fetching receive history
2025-07-01 12:34:51 [error]: Error fetching receive history
2025-07-01 12:43:12 [error]: Error fetching receive history
2025-07-01 12:43:12 [error]: Error fetching receive history
2025-07-01 12:43:18 [error]: Error fetching receive history
2025-07-01 12:43:18 [error]: Error fetching receive history
2025-07-01 12:43:23 [error]: Error fetching receive history
2025-07-01 12:43:24 [error]: Error fetching receive history
2025-07-01 12:44:11 [error]: Error fetching receive history
2025-07-01 12:44:11 [error]: Error fetching receive history
2025-07-01 12:46:13 [error]: Error updating notification
2025-07-01 12:46:15 [error]: Error updating notification
2025-07-01 12:46:15 [error]: Error updating notification
2025-07-01 12:53:42 [error]: Error updating notification
2025-07-01 12:53:42 [error]: Error updating notification
2025-07-01 12:53:43 [error]: Error updating notification
2025-07-01 12:53:43 [error]: Error updating notification
2025-07-01 12:53:43 [error]: Error updating notification
2025-07-01 12:53:44 [error]: Error updating notification
2025-07-01 12:53:46 [error]: Error updating notification
2025-07-01 12:53:47 [error]: Error updating notification
2025-07-01 12:53:49 [error]: Error updating notification
2025-07-01 12:53:52 [error]: Error updating notification
2025-07-01 12:53:54 [error]: Error updating notification
2025-07-01 12:53:55 [error]: Error updating notification
2025-07-01 12:54:02 [error]: Error updating notification
2025-07-01 13:29:54 [error]: Authentication failed
2025-07-01 13:29:54 [error]: Authentication failed
