2025-07-17 09:31:25 [error]: Authentication failed
TokenExpiredError: jwt expired
    at E:\Personal Documents\Stock-Management\backend\node_modules\jsonwebtoken\verify.js:190:21
    at getSecret (E:\Personal Documents\Stock-Management\backend\node_modules\jsonwebtoken\verify.js:97:14)
    at module.exports [as verify] (E:\Personal Documents\Stock-Management\backend\node_modules\jsonwebtoken\verify.js:101:10)
    at authMiddleware (E:\Personal Documents\Stock-Management\backend\src\middleware\auth.js:10:25)
    at Layer.handle [as handle_request] (E:\Personal Documents\Stock-Management\backend\node_modules\express\lib\router\layer.js:95:5)
    at next (E:\Personal Documents\Stock-Management\backend\node_modules\express\lib\router\route.js:149:13)
    at Route.dispatch (E:\Personal Documents\Stock-Management\backend\node_modules\express\lib\router\route.js:119:3)
    at Layer.handle [as handle_request] (E:\Personal Documents\Stock-Management\backend\node_modules\express\lib\router\layer.js:95:5)
    at E:\Personal Documents\Stock-Management\backend\node_modules\express\lib\router\index.js:284:15
    at Function.process_params (E:\Personal Documents\Stock-Management\backend\node_modules\express\lib\router\index.js:346:12)
2025-07-17 09:31:25 [error]: Authentication failed
JsonWebTokenError: jwt malformed
    at module.exports [as verify] (E:\Personal Documents\Stock-Management\backend\node_modules\jsonwebtoken\verify.js:70:17)
    at authMiddleware (E:\Personal Documents\Stock-Management\backend\src\middleware\auth.js:10:25)
    at Layer.handle [as handle_request] (E:\Personal Documents\Stock-Management\backend\node_modules\express\lib\router\layer.js:95:5)
    at next (E:\Personal Documents\Stock-Management\backend\node_modules\express\lib\router\route.js:149:13)
    at Route.dispatch (E:\Personal Documents\Stock-Management\backend\node_modules\express\lib\router\route.js:119:3)
    at Layer.handle [as handle_request] (E:\Personal Documents\Stock-Management\backend\node_modules\express\lib\router\layer.js:95:5)
    at E:\Personal Documents\Stock-Management\backend\node_modules\express\lib\router\index.js:284:15
    at Function.process_params (E:\Personal Documents\Stock-Management\backend\node_modules\express\lib\router\index.js:346:12)
    at next (E:\Personal Documents\Stock-Management\backend\node_modules\express\lib\router\index.js:280:10)
    at Function.handle (E:\Personal Documents\Stock-Management\backend\node_modules\express\lib\router\index.js:175:3)
2025-07-17 10:31:40 [error]: Error importing stock count: lots is not iterable
TypeError: lots is not iterable
    at E:\Personal Documents\Stock-Management\backend\src\routes\api.js:2614:24
    at process.processTicksAndRejections (node:internal/process/task_queues:95:5)
2025-07-17 10:31:43 [error]: Error importing stock count: lots is not iterable
TypeError: lots is not iterable
    at E:\Personal Documents\Stock-Management\backend\src\routes\api.js:2614:24
    at process.processTicksAndRejections (node:internal/process/task_queues:95:5)
2025-07-17 10:31:44 [error]: Error importing stock count: lots is not iterable
TypeError: lots is not iterable
    at E:\Personal Documents\Stock-Management\backend\src\routes\api.js:2614:24
    at process.processTicksAndRejections (node:internal/process/task_queues:95:5)
2025-07-17 10:31:44 [error]: Error importing stock count: lots is not iterable
TypeError: lots is not iterable
    at E:\Personal Documents\Stock-Management\backend\src\routes\api.js:2614:24
    at process.processTicksAndRejections (node:internal/process/task_queues:95:5)
2025-07-17 10:31:44 [error]: Error importing stock count: lots is not iterable
TypeError: lots is not iterable
    at E:\Personal Documents\Stock-Management\backend\src\routes\api.js:2614:24
    at process.processTicksAndRejections (node:internal/process/task_queues:95:5)
2025-07-17 11:13:11 [error]: Authentication failed
TokenExpiredError: jwt expired
    at E:\Personal Documents\Stock-Management\backend\node_modules\jsonwebtoken\verify.js:190:21
    at getSecret (E:\Personal Documents\Stock-Management\backend\node_modules\jsonwebtoken\verify.js:97:14)
    at module.exports [as verify] (E:\Personal Documents\Stock-Management\backend\node_modules\jsonwebtoken\verify.js:101:10)
    at authMiddleware (E:\Personal Documents\Stock-Management\backend\src\middleware\auth.js:10:25)
    at Layer.handle [as handle_request] (E:\Personal Documents\Stock-Management\backend\node_modules\express\lib\router\layer.js:95:5)
    at next (E:\Personal Documents\Stock-Management\backend\node_modules\express\lib\router\route.js:149:13)
    at Route.dispatch (E:\Personal Documents\Stock-Management\backend\node_modules\express\lib\router\route.js:119:3)
    at Layer.handle [as handle_request] (E:\Personal Documents\Stock-Management\backend\node_modules\express\lib\router\layer.js:95:5)
    at E:\Personal Documents\Stock-Management\backend\node_modules\express\lib\router\index.js:284:15
    at Function.process_params (E:\Personal Documents\Stock-Management\backend\node_modules\express\lib\router\index.js:346:12)
2025-07-17 11:13:37 [error]: Authentication failed
TokenExpiredError: jwt expired
    at E:\Personal Documents\Stock-Management\backend\node_modules\jsonwebtoken\verify.js:190:21
    at getSecret (E:\Personal Documents\Stock-Management\backend\node_modules\jsonwebtoken\verify.js:97:14)
    at module.exports [as verify] (E:\Personal Documents\Stock-Management\backend\node_modules\jsonwebtoken\verify.js:101:10)
    at authMiddleware (E:\Personal Documents\Stock-Management\backend\src\middleware\auth.js:10:25)
    at Layer.handle [as handle_request] (E:\Personal Documents\Stock-Management\backend\node_modules\express\lib\router\layer.js:95:5)
    at next (E:\Personal Documents\Stock-Management\backend\node_modules\express\lib\router\route.js:149:13)
    at Route.dispatch (E:\Personal Documents\Stock-Management\backend\node_modules\express\lib\router\route.js:119:3)
    at Layer.handle [as handle_request] (E:\Personal Documents\Stock-Management\backend\node_modules\express\lib\router\layer.js:95:5)
    at E:\Personal Documents\Stock-Management\backend\node_modules\express\lib\router\index.js:284:15
    at Function.process_params (E:\Personal Documents\Stock-Management\backend\node_modules\express\lib\router\index.js:346:12)
2025-07-17 11:13:37 [error]: Authentication failed
TokenExpiredError: jwt expired
    at E:\Personal Documents\Stock-Management\backend\node_modules\jsonwebtoken\verify.js:190:21
    at getSecret (E:\Personal Documents\Stock-Management\backend\node_modules\jsonwebtoken\verify.js:97:14)
    at module.exports [as verify] (E:\Personal Documents\Stock-Management\backend\node_modules\jsonwebtoken\verify.js:101:10)
    at authMiddleware (E:\Personal Documents\Stock-Management\backend\src\middleware\auth.js:10:25)
    at Layer.handle [as handle_request] (E:\Personal Documents\Stock-Management\backend\node_modules\express\lib\router\layer.js:95:5)
    at next (E:\Personal Documents\Stock-Management\backend\node_modules\express\lib\router\route.js:149:13)
    at Route.dispatch (E:\Personal Documents\Stock-Management\backend\node_modules\express\lib\router\route.js:119:3)
    at Layer.handle [as handle_request] (E:\Personal Documents\Stock-Management\backend\node_modules\express\lib\router\layer.js:95:5)
    at E:\Personal Documents\Stock-Management\backend\node_modules\express\lib\router\index.js:284:15
    at Function.process_params (E:\Personal Documents\Stock-Management\backend\node_modules\express\lib\router\index.js:346:12)
2025-07-17 11:13:37 [error]: Authentication failed
TokenExpiredError: jwt expired
    at E:\Personal Documents\Stock-Management\backend\node_modules\jsonwebtoken\verify.js:190:21
    at getSecret (E:\Personal Documents\Stock-Management\backend\node_modules\jsonwebtoken\verify.js:97:14)
    at module.exports [as verify] (E:\Personal Documents\Stock-Management\backend\node_modules\jsonwebtoken\verify.js:101:10)
    at authMiddleware (E:\Personal Documents\Stock-Management\backend\src\middleware\auth.js:10:25)
    at Layer.handle [as handle_request] (E:\Personal Documents\Stock-Management\backend\node_modules\express\lib\router\layer.js:95:5)
    at next (E:\Personal Documents\Stock-Management\backend\node_modules\express\lib\router\route.js:149:13)
    at Route.dispatch (E:\Personal Documents\Stock-Management\backend\node_modules\express\lib\router\route.js:119:3)
    at Layer.handle [as handle_request] (E:\Personal Documents\Stock-Management\backend\node_modules\express\lib\router\layer.js:95:5)
    at E:\Personal Documents\Stock-Management\backend\node_modules\express\lib\router\index.js:284:15
    at Function.process_params (E:\Personal Documents\Stock-Management\backend\node_modules\express\lib\router\index.js:346:12)
2025-07-17 11:13:37 [error]: Authentication failed
TokenExpiredError: jwt expired
    at E:\Personal Documents\Stock-Management\backend\node_modules\jsonwebtoken\verify.js:190:21
    at getSecret (E:\Personal Documents\Stock-Management\backend\node_modules\jsonwebtoken\verify.js:97:14)
    at module.exports [as verify] (E:\Personal Documents\Stock-Management\backend\node_modules\jsonwebtoken\verify.js:101:10)
    at authMiddleware (E:\Personal Documents\Stock-Management\backend\src\middleware\auth.js:10:25)
    at Layer.handle [as handle_request] (E:\Personal Documents\Stock-Management\backend\node_modules\express\lib\router\layer.js:95:5)
    at next (E:\Personal Documents\Stock-Management\backend\node_modules\express\lib\router\route.js:149:13)
    at Route.dispatch (E:\Personal Documents\Stock-Management\backend\node_modules\express\lib\router\route.js:119:3)
    at Layer.handle [as handle_request] (E:\Personal Documents\Stock-Management\backend\node_modules\express\lib\router\layer.js:95:5)
    at E:\Personal Documents\Stock-Management\backend\node_modules\express\lib\router\index.js:284:15
    at Function.process_params (E:\Personal Documents\Stock-Management\backend\node_modules\express\lib\router\index.js:346:12)
2025-07-17 11:13:39 [error]: Authentication failed
TokenExpiredError: jwt expired
    at E:\Personal Documents\Stock-Management\backend\node_modules\jsonwebtoken\verify.js:190:21
    at getSecret (E:\Personal Documents\Stock-Management\backend\node_modules\jsonwebtoken\verify.js:97:14)
    at module.exports [as verify] (E:\Personal Documents\Stock-Management\backend\node_modules\jsonwebtoken\verify.js:101:10)
    at authMiddleware (E:\Personal Documents\Stock-Management\backend\src\middleware\auth.js:10:25)
    at Layer.handle [as handle_request] (E:\Personal Documents\Stock-Management\backend\node_modules\express\lib\router\layer.js:95:5)
    at next (E:\Personal Documents\Stock-Management\backend\node_modules\express\lib\router\route.js:149:13)
    at Route.dispatch (E:\Personal Documents\Stock-Management\backend\node_modules\express\lib\router\route.js:119:3)
    at Layer.handle [as handle_request] (E:\Personal Documents\Stock-Management\backend\node_modules\express\lib\router\layer.js:95:5)
    at E:\Personal Documents\Stock-Management\backend\node_modules\express\lib\router\index.js:284:15
    at Function.process_params (E:\Personal Documents\Stock-Management\backend\node_modules\express\lib\router\index.js:346:12)
2025-07-17 11:13:39 [error]: Authentication failed
TokenExpiredError: jwt expired
    at E:\Personal Documents\Stock-Management\backend\node_modules\jsonwebtoken\verify.js:190:21
    at getSecret (E:\Personal Documents\Stock-Management\backend\node_modules\jsonwebtoken\verify.js:97:14)
    at module.exports [as verify] (E:\Personal Documents\Stock-Management\backend\node_modules\jsonwebtoken\verify.js:101:10)
    at authMiddleware (E:\Personal Documents\Stock-Management\backend\src\middleware\auth.js:10:25)
    at Layer.handle [as handle_request] (E:\Personal Documents\Stock-Management\backend\node_modules\express\lib\router\layer.js:95:5)
    at next (E:\Personal Documents\Stock-Management\backend\node_modules\express\lib\router\route.js:149:13)
    at Route.dispatch (E:\Personal Documents\Stock-Management\backend\node_modules\express\lib\router\route.js:119:3)
    at Layer.handle [as handle_request] (E:\Personal Documents\Stock-Management\backend\node_modules\express\lib\router\layer.js:95:5)
    at E:\Personal Documents\Stock-Management\backend\node_modules\express\lib\router\index.js:284:15
    at Function.process_params (E:\Personal Documents\Stock-Management\backend\node_modules\express\lib\router\index.js:346:12)
2025-07-17 11:13:39 [error]: Authentication failed
TokenExpiredError: jwt expired
    at E:\Personal Documents\Stock-Management\backend\node_modules\jsonwebtoken\verify.js:190:21
    at getSecret (E:\Personal Documents\Stock-Management\backend\node_modules\jsonwebtoken\verify.js:97:14)
    at module.exports [as verify] (E:\Personal Documents\Stock-Management\backend\node_modules\jsonwebtoken\verify.js:101:10)
    at authMiddleware (E:\Personal Documents\Stock-Management\backend\src\middleware\auth.js:10:25)
    at Layer.handle [as handle_request] (E:\Personal Documents\Stock-Management\backend\node_modules\express\lib\router\layer.js:95:5)
    at next (E:\Personal Documents\Stock-Management\backend\node_modules\express\lib\router\route.js:149:13)
    at Route.dispatch (E:\Personal Documents\Stock-Management\backend\node_modules\express\lib\router\route.js:119:3)
    at Layer.handle [as handle_request] (E:\Personal Documents\Stock-Management\backend\node_modules\express\lib\router\layer.js:95:5)
    at E:\Personal Documents\Stock-Management\backend\node_modules\express\lib\router\index.js:284:15
    at Function.process_params (E:\Personal Documents\Stock-Management\backend\node_modules\express\lib\router\index.js:346:12)
2025-07-17 11:13:39 [error]: Authentication failed
TokenExpiredError: jwt expired
    at E:\Personal Documents\Stock-Management\backend\node_modules\jsonwebtoken\verify.js:190:21
    at getSecret (E:\Personal Documents\Stock-Management\backend\node_modules\jsonwebtoken\verify.js:97:14)
    at module.exports [as verify] (E:\Personal Documents\Stock-Management\backend\node_modules\jsonwebtoken\verify.js:101:10)
    at authMiddleware (E:\Personal Documents\Stock-Management\backend\src\middleware\auth.js:10:25)
    at Layer.handle [as handle_request] (E:\Personal Documents\Stock-Management\backend\node_modules\express\lib\router\layer.js:95:5)
    at next (E:\Personal Documents\Stock-Management\backend\node_modules\express\lib\router\route.js:149:13)
    at Route.dispatch (E:\Personal Documents\Stock-Management\backend\node_modules\express\lib\router\route.js:119:3)
    at Layer.handle [as handle_request] (E:\Personal Documents\Stock-Management\backend\node_modules\express\lib\router\layer.js:95:5)
    at E:\Personal Documents\Stock-Management\backend\node_modules\express\lib\router\index.js:284:15
    at Function.process_params (E:\Personal Documents\Stock-Management\backend\node_modules\express\lib\router\index.js:346:12)
2025-07-17 11:13:41 [error]: Authentication failed
TokenExpiredError: jwt expired
    at E:\Personal Documents\Stock-Management\backend\node_modules\jsonwebtoken\verify.js:190:21
    at getSecret (E:\Personal Documents\Stock-Management\backend\node_modules\jsonwebtoken\verify.js:97:14)
    at module.exports [as verify] (E:\Personal Documents\Stock-Management\backend\node_modules\jsonwebtoken\verify.js:101:10)
    at authMiddleware (E:\Personal Documents\Stock-Management\backend\src\middleware\auth.js:10:25)
    at Layer.handle [as handle_request] (E:\Personal Documents\Stock-Management\backend\node_modules\express\lib\router\layer.js:95:5)
    at next (E:\Personal Documents\Stock-Management\backend\node_modules\express\lib\router\route.js:149:13)
    at Route.dispatch (E:\Personal Documents\Stock-Management\backend\node_modules\express\lib\router\route.js:119:3)
    at Layer.handle [as handle_request] (E:\Personal Documents\Stock-Management\backend\node_modules\express\lib\router\layer.js:95:5)
    at E:\Personal Documents\Stock-Management\backend\node_modules\express\lib\router\index.js:284:15
    at Function.process_params (E:\Personal Documents\Stock-Management\backend\node_modules\express\lib\router\index.js:346:12)
2025-07-17 11:13:47 [error]: Authentication failed
TokenExpiredError: jwt expired
    at E:\Personal Documents\Stock-Management\backend\node_modules\jsonwebtoken\verify.js:190:21
    at getSecret (E:\Personal Documents\Stock-Management\backend\node_modules\jsonwebtoken\verify.js:97:14)
    at module.exports [as verify] (E:\Personal Documents\Stock-Management\backend\node_modules\jsonwebtoken\verify.js:101:10)
    at authMiddleware (E:\Personal Documents\Stock-Management\backend\src\middleware\auth.js:10:25)
    at Layer.handle [as handle_request] (E:\Personal Documents\Stock-Management\backend\node_modules\express\lib\router\layer.js:95:5)
    at next (E:\Personal Documents\Stock-Management\backend\node_modules\express\lib\router\route.js:149:13)
    at Route.dispatch (E:\Personal Documents\Stock-Management\backend\node_modules\express\lib\router\route.js:119:3)
    at Layer.handle [as handle_request] (E:\Personal Documents\Stock-Management\backend\node_modules\express\lib\router\layer.js:95:5)
    at E:\Personal Documents\Stock-Management\backend\node_modules\express\lib\router\index.js:284:15
    at Function.process_params (E:\Personal Documents\Stock-Management\backend\node_modules\express\lib\router\index.js:346:12)
2025-07-17 11:13:47 [error]: Authentication failed
TokenExpiredError: jwt expired
    at E:\Personal Documents\Stock-Management\backend\node_modules\jsonwebtoken\verify.js:190:21
    at getSecret (E:\Personal Documents\Stock-Management\backend\node_modules\jsonwebtoken\verify.js:97:14)
    at module.exports [as verify] (E:\Personal Documents\Stock-Management\backend\node_modules\jsonwebtoken\verify.js:101:10)
    at authMiddleware (E:\Personal Documents\Stock-Management\backend\src\middleware\auth.js:10:25)
    at Layer.handle [as handle_request] (E:\Personal Documents\Stock-Management\backend\node_modules\express\lib\router\layer.js:95:5)
    at next (E:\Personal Documents\Stock-Management\backend\node_modules\express\lib\router\route.js:149:13)
    at Route.dispatch (E:\Personal Documents\Stock-Management\backend\node_modules\express\lib\router\route.js:119:3)
    at Layer.handle [as handle_request] (E:\Personal Documents\Stock-Management\backend\node_modules\express\lib\router\layer.js:95:5)
    at E:\Personal Documents\Stock-Management\backend\node_modules\express\lib\router\index.js:284:15
    at Function.process_params (E:\Personal Documents\Stock-Management\backend\node_modules\express\lib\router\index.js:346:12)
2025-07-17 11:13:47 [error]: Authentication failed
TokenExpiredError: jwt expired
    at E:\Personal Documents\Stock-Management\backend\node_modules\jsonwebtoken\verify.js:190:21
    at getSecret (E:\Personal Documents\Stock-Management\backend\node_modules\jsonwebtoken\verify.js:97:14)
    at module.exports [as verify] (E:\Personal Documents\Stock-Management\backend\node_modules\jsonwebtoken\verify.js:101:10)
    at authMiddleware (E:\Personal Documents\Stock-Management\backend\src\middleware\auth.js:10:25)
    at Layer.handle [as handle_request] (E:\Personal Documents\Stock-Management\backend\node_modules\express\lib\router\layer.js:95:5)
    at next (E:\Personal Documents\Stock-Management\backend\node_modules\express\lib\router\route.js:149:13)
    at Route.dispatch (E:\Personal Documents\Stock-Management\backend\node_modules\express\lib\router\route.js:119:3)
    at Layer.handle [as handle_request] (E:\Personal Documents\Stock-Management\backend\node_modules\express\lib\router\layer.js:95:5)
    at E:\Personal Documents\Stock-Management\backend\node_modules\express\lib\router\index.js:284:15
    at Function.process_params (E:\Personal Documents\Stock-Management\backend\node_modules\express\lib\router\index.js:346:12)
2025-07-17 11:13:47 [error]: Authentication failed
TokenExpiredError: jwt expired
    at E:\Personal Documents\Stock-Management\backend\node_modules\jsonwebtoken\verify.js:190:21
    at getSecret (E:\Personal Documents\Stock-Management\backend\node_modules\jsonwebtoken\verify.js:97:14)
    at module.exports [as verify] (E:\Personal Documents\Stock-Management\backend\node_modules\jsonwebtoken\verify.js:101:10)
    at authMiddleware (E:\Personal Documents\Stock-Management\backend\src\middleware\auth.js:10:25)
    at Layer.handle [as handle_request] (E:\Personal Documents\Stock-Management\backend\node_modules\express\lib\router\layer.js:95:5)
    at next (E:\Personal Documents\Stock-Management\backend\node_modules\express\lib\router\route.js:149:13)
    at Route.dispatch (E:\Personal Documents\Stock-Management\backend\node_modules\express\lib\router\route.js:119:3)
    at Layer.handle [as handle_request] (E:\Personal Documents\Stock-Management\backend\node_modules\express\lib\router\layer.js:95:5)
    at E:\Personal Documents\Stock-Management\backend\node_modules\express\lib\router\index.js:284:15
    at Function.process_params (E:\Personal Documents\Stock-Management\backend\node_modules\express\lib\router\index.js:346:12)
2025-07-17 11:13:55 [error]: Authentication failed
TokenExpiredError: jwt expired
    at E:\Personal Documents\Stock-Management\backend\node_modules\jsonwebtoken\verify.js:190:21
    at getSecret (E:\Personal Documents\Stock-Management\backend\node_modules\jsonwebtoken\verify.js:97:14)
    at module.exports [as verify] (E:\Personal Documents\Stock-Management\backend\node_modules\jsonwebtoken\verify.js:101:10)
    at authMiddleware (E:\Personal Documents\Stock-Management\backend\src\middleware\auth.js:10:25)
    at Layer.handle [as handle_request] (E:\Personal Documents\Stock-Management\backend\node_modules\express\lib\router\layer.js:95:5)
    at next (E:\Personal Documents\Stock-Management\backend\node_modules\express\lib\router\route.js:149:13)
    at Route.dispatch (E:\Personal Documents\Stock-Management\backend\node_modules\express\lib\router\route.js:119:3)
    at Layer.handle [as handle_request] (E:\Personal Documents\Stock-Management\backend\node_modules\express\lib\router\layer.js:95:5)
    at E:\Personal Documents\Stock-Management\backend\node_modules\express\lib\router\index.js:284:15
    at Function.process_params (E:\Personal Documents\Stock-Management\backend\node_modules\express\lib\router\index.js:346:12)
2025-07-17 11:13:55 [error]: Authentication failed
JsonWebTokenError: jwt malformed
    at module.exports [as verify] (E:\Personal Documents\Stock-Management\backend\node_modules\jsonwebtoken\verify.js:70:17)
    at authMiddleware (E:\Personal Documents\Stock-Management\backend\src\middleware\auth.js:10:25)
    at Layer.handle [as handle_request] (E:\Personal Documents\Stock-Management\backend\node_modules\express\lib\router\layer.js:95:5)
    at next (E:\Personal Documents\Stock-Management\backend\node_modules\express\lib\router\route.js:149:13)
    at Route.dispatch (E:\Personal Documents\Stock-Management\backend\node_modules\express\lib\router\route.js:119:3)
    at Layer.handle [as handle_request] (E:\Personal Documents\Stock-Management\backend\node_modules\express\lib\router\layer.js:95:5)
    at E:\Personal Documents\Stock-Management\backend\node_modules\express\lib\router\index.js:284:15
    at Function.process_params (E:\Personal Documents\Stock-Management\backend\node_modules\express\lib\router\index.js:346:12)
    at next (E:\Personal Documents\Stock-Management\backend\node_modules\express\lib\router\index.js:280:10)
    at Function.handle (E:\Personal Documents\Stock-Management\backend\node_modules\express\lib\router\index.js:175:3)
2025-07-17 11:13:55 [error]: Authentication failed
TokenExpiredError: jwt expired
    at E:\Personal Documents\Stock-Management\backend\node_modules\jsonwebtoken\verify.js:190:21
    at getSecret (E:\Personal Documents\Stock-Management\backend\node_modules\jsonwebtoken\verify.js:97:14)
    at module.exports [as verify] (E:\Personal Documents\Stock-Management\backend\node_modules\jsonwebtoken\verify.js:101:10)
    at authMiddleware (E:\Personal Documents\Stock-Management\backend\src\middleware\auth.js:10:25)
    at Layer.handle [as handle_request] (E:\Personal Documents\Stock-Management\backend\node_modules\express\lib\router\layer.js:95:5)
    at next (E:\Personal Documents\Stock-Management\backend\node_modules\express\lib\router\route.js:149:13)
    at Route.dispatch (E:\Personal Documents\Stock-Management\backend\node_modules\express\lib\router\route.js:119:3)
    at Layer.handle [as handle_request] (E:\Personal Documents\Stock-Management\backend\node_modules\express\lib\router\layer.js:95:5)
    at E:\Personal Documents\Stock-Management\backend\node_modules\express\lib\router\index.js:284:15
    at Function.process_params (E:\Personal Documents\Stock-Management\backend\node_modules\express\lib\router\index.js:346:12)
2025-07-17 11:13:55 [error]: Authentication failed
TokenExpiredError: jwt expired
    at E:\Personal Documents\Stock-Management\backend\node_modules\jsonwebtoken\verify.js:190:21
    at getSecret (E:\Personal Documents\Stock-Management\backend\node_modules\jsonwebtoken\verify.js:97:14)
    at module.exports [as verify] (E:\Personal Documents\Stock-Management\backend\node_modules\jsonwebtoken\verify.js:101:10)
    at authMiddleware (E:\Personal Documents\Stock-Management\backend\src\middleware\auth.js:10:25)
    at Layer.handle [as handle_request] (E:\Personal Documents\Stock-Management\backend\node_modules\express\lib\router\layer.js:95:5)
    at next (E:\Personal Documents\Stock-Management\backend\node_modules\express\lib\router\route.js:149:13)
    at Route.dispatch (E:\Personal Documents\Stock-Management\backend\node_modules\express\lib\router\route.js:119:3)
    at Layer.handle [as handle_request] (E:\Personal Documents\Stock-Management\backend\node_modules\express\lib\router\layer.js:95:5)
    at E:\Personal Documents\Stock-Management\backend\node_modules\express\lib\router\index.js:284:15
    at Function.process_params (E:\Personal Documents\Stock-Management\backend\node_modules\express\lib\router\index.js:346:12)
2025-07-17 11:13:55 [error]: Authentication failed
TokenExpiredError: jwt expired
    at E:\Personal Documents\Stock-Management\backend\node_modules\jsonwebtoken\verify.js:190:21
    at getSecret (E:\Personal Documents\Stock-Management\backend\node_modules\jsonwebtoken\verify.js:97:14)
    at module.exports [as verify] (E:\Personal Documents\Stock-Management\backend\node_modules\jsonwebtoken\verify.js:101:10)
    at authMiddleware (E:\Personal Documents\Stock-Management\backend\src\middleware\auth.js:10:25)
    at Layer.handle [as handle_request] (E:\Personal Documents\Stock-Management\backend\node_modules\express\lib\router\layer.js:95:5)
    at next (E:\Personal Documents\Stock-Management\backend\node_modules\express\lib\router\route.js:149:13)
    at Route.dispatch (E:\Personal Documents\Stock-Management\backend\node_modules\express\lib\router\route.js:119:3)
    at Layer.handle [as handle_request] (E:\Personal Documents\Stock-Management\backend\node_modules\express\lib\router\layer.js:95:5)
    at E:\Personal Documents\Stock-Management\backend\node_modules\express\lib\router\index.js:284:15
    at Function.process_params (E:\Personal Documents\Stock-Management\backend\node_modules\express\lib\router\index.js:346:12)
2025-07-17 11:13:55 [error]: Authentication failed
TokenExpiredError: jwt expired
    at E:\Personal Documents\Stock-Management\backend\node_modules\jsonwebtoken\verify.js:190:21
    at getSecret (E:\Personal Documents\Stock-Management\backend\node_modules\jsonwebtoken\verify.js:97:14)
    at module.exports [as verify] (E:\Personal Documents\Stock-Management\backend\node_modules\jsonwebtoken\verify.js:101:10)
    at authMiddleware (E:\Personal Documents\Stock-Management\backend\src\middleware\auth.js:10:25)
    at Layer.handle [as handle_request] (E:\Personal Documents\Stock-Management\backend\node_modules\express\lib\router\layer.js:95:5)
    at next (E:\Personal Documents\Stock-Management\backend\node_modules\express\lib\router\route.js:149:13)
    at Route.dispatch (E:\Personal Documents\Stock-Management\backend\node_modules\express\lib\router\route.js:119:3)
    at Layer.handle [as handle_request] (E:\Personal Documents\Stock-Management\backend\node_modules\express\lib\router\layer.js:95:5)
    at E:\Personal Documents\Stock-Management\backend\node_modules\express\lib\router\index.js:284:15
    at Function.process_params (E:\Personal Documents\Stock-Management\backend\node_modules\express\lib\router\index.js:346:12)
2025-07-17 11:13:55 [error]: Authentication failed
TokenExpiredError: jwt expired
    at E:\Personal Documents\Stock-Management\backend\node_modules\jsonwebtoken\verify.js:190:21
    at getSecret (E:\Personal Documents\Stock-Management\backend\node_modules\jsonwebtoken\verify.js:97:14)
    at module.exports [as verify] (E:\Personal Documents\Stock-Management\backend\node_modules\jsonwebtoken\verify.js:101:10)
    at authMiddleware (E:\Personal Documents\Stock-Management\backend\src\middleware\auth.js:10:25)
    at Layer.handle [as handle_request] (E:\Personal Documents\Stock-Management\backend\node_modules\express\lib\router\layer.js:95:5)
    at next (E:\Personal Documents\Stock-Management\backend\node_modules\express\lib\router\route.js:149:13)
    at Route.dispatch (E:\Personal Documents\Stock-Management\backend\node_modules\express\lib\router\route.js:119:3)
    at Layer.handle [as handle_request] (E:\Personal Documents\Stock-Management\backend\node_modules\express\lib\router\layer.js:95:5)
    at E:\Personal Documents\Stock-Management\backend\node_modules\express\lib\router\index.js:284:15
    at Function.process_params (E:\Personal Documents\Stock-Management\backend\node_modules\express\lib\router\index.js:346:12)
2025-07-17 11:13:55 [error]: Authentication failed
TokenExpiredError: jwt expired
    at E:\Personal Documents\Stock-Management\backend\node_modules\jsonwebtoken\verify.js:190:21
    at getSecret (E:\Personal Documents\Stock-Management\backend\node_modules\jsonwebtoken\verify.js:97:14)
    at module.exports [as verify] (E:\Personal Documents\Stock-Management\backend\node_modules\jsonwebtoken\verify.js:101:10)
    at authMiddleware (E:\Personal Documents\Stock-Management\backend\src\middleware\auth.js:10:25)
    at Layer.handle [as handle_request] (E:\Personal Documents\Stock-Management\backend\node_modules\express\lib\router\layer.js:95:5)
    at next (E:\Personal Documents\Stock-Management\backend\node_modules\express\lib\router\route.js:149:13)
    at Route.dispatch (E:\Personal Documents\Stock-Management\backend\node_modules\express\lib\router\route.js:119:3)
    at Layer.handle [as handle_request] (E:\Personal Documents\Stock-Management\backend\node_modules\express\lib\router\layer.js:95:5)
    at E:\Personal Documents\Stock-Management\backend\node_modules\express\lib\router\index.js:284:15
    at Function.process_params (E:\Personal Documents\Stock-Management\backend\node_modules\express\lib\router\index.js:346:12)
2025-07-17 11:13:55 [error]: Authentication failed
TokenExpiredError: jwt expired
    at E:\Personal Documents\Stock-Management\backend\node_modules\jsonwebtoken\verify.js:190:21
    at getSecret (E:\Personal Documents\Stock-Management\backend\node_modules\jsonwebtoken\verify.js:97:14)
    at module.exports [as verify] (E:\Personal Documents\Stock-Management\backend\node_modules\jsonwebtoken\verify.js:101:10)
    at authMiddleware (E:\Personal Documents\Stock-Management\backend\src\middleware\auth.js:10:25)
    at Layer.handle [as handle_request] (E:\Personal Documents\Stock-Management\backend\node_modules\express\lib\router\layer.js:95:5)
    at next (E:\Personal Documents\Stock-Management\backend\node_modules\express\lib\router\route.js:149:13)
    at Route.dispatch (E:\Personal Documents\Stock-Management\backend\node_modules\express\lib\router\route.js:119:3)
    at Layer.handle [as handle_request] (E:\Personal Documents\Stock-Management\backend\node_modules\express\lib\router\layer.js:95:5)
    at E:\Personal Documents\Stock-Management\backend\node_modules\express\lib\router\index.js:284:15
    at Function.process_params (E:\Personal Documents\Stock-Management\backend\node_modules\express\lib\router\index.js:346:12)
2025-07-17 11:13:55 [error]: Authentication failed
TokenExpiredError: jwt expired
    at E:\Personal Documents\Stock-Management\backend\node_modules\jsonwebtoken\verify.js:190:21
    at getSecret (E:\Personal Documents\Stock-Management\backend\node_modules\jsonwebtoken\verify.js:97:14)
    at module.exports [as verify] (E:\Personal Documents\Stock-Management\backend\node_modules\jsonwebtoken\verify.js:101:10)
    at authMiddleware (E:\Personal Documents\Stock-Management\backend\src\middleware\auth.js:10:25)
    at Layer.handle [as handle_request] (E:\Personal Documents\Stock-Management\backend\node_modules\express\lib\router\layer.js:95:5)
    at next (E:\Personal Documents\Stock-Management\backend\node_modules\express\lib\router\route.js:149:13)
    at Route.dispatch (E:\Personal Documents\Stock-Management\backend\node_modules\express\lib\router\route.js:119:3)
    at Layer.handle [as handle_request] (E:\Personal Documents\Stock-Management\backend\node_modules\express\lib\router\layer.js:95:5)
    at E:\Personal Documents\Stock-Management\backend\node_modules\express\lib\router\index.js:284:15
    at Function.process_params (E:\Personal Documents\Stock-Management\backend\node_modules\express\lib\router\index.js:346:12)
