2025-07-02 00:29:10 [error]: Error receiving stock: Path "name" is not in schema, strict mode is `true`, and upsert is `true`.
2025-07-02 00:29:29 [error]: Error receiving stock: Path "name" is not in schema, strict mode is `true`, and upsert is `true`.
2025-07-02 00:30:52 [error]: Error receiving stock: Path "name" is not in schema, strict mode is `true`, and upsert is `true`.
2025-07-02 00:35:00 [error]: Error receiving stock: Path "name" is not in schema, strict mode is `true`, and upsert is `true`.
2025-07-02 00:37:00 [error]: Error receiving stock: Path "name" is not in schema, strict mode is `true`, and upsert is `true`.
2025-07-02 00:37:58 [error]: Error receiving stock: Path "name" is not in schema, strict mode is `true`, and upsert is `true`.
2025-07-02 00:38:29 [error]: Error receiving stock: Path "name" is not in schema, strict mode is `true`, and upsert is `true`.
2025-07-02 00:40:53 [error]: Error receiving stock: Path "name" is not in schema, strict mode is `true`, and upsert is `true`.
2025-07-02 00:43:31 [error]: Error receiving stock: Path "name" is not in schema, strict mode is `true`, and upsert is `true`.
2025-07-02 00:44:09 [error]: Error receiving stock: Path "name" is not in schema, strict mode is `true`, and upsert is `true`.
2025-07-02 00:46:08 [error]: Error receiving stock: StockTransaction validation failed: lotId: Path `lotId` is required.
2025-07-02 00:46:59 [error]: Error receiving stock: StockTransaction validation failed: lotId: Path `lotId` is required.
2025-07-02 00:47:05 [error]: Error receiving stock: StockTransaction validation failed: lotId: Path `lotId` is required.
2025-07-02 00:48:38 [error]: Error receiving stock: Lot validation failed: qtyPerBox: Path `qtyPerBox` is required., boxCount: Path `boxCount` is required., quantity: Path `quantity` is required.
2025-07-02 00:50:03 [error]: Error receiving stock: Lot validation failed: qtyPerBox: Path `qtyPerBox` is required., boxCount: Path `boxCount` is required., quantity: Path `quantity` is required.
2025-07-02 00:50:19 [error]: Error receiving stock: Lot validation failed: qtyPerBox: Path `qtyPerBox` is required., boxCount: Path `boxCount` is required., quantity: Path `quantity` is required.
2025-07-02 00:54:54 [error]: Error receiving stock: Lot validation failed: qtyPerBox: Path `qtyPerBox` is required., boxCount: Path `boxCount` is required., quantity: Path `quantity` is required.
2025-07-02 00:58:08 [error]: Error receiving stock: UserTransaction validation failed: description: Path `description` is required.
2025-07-02 00:59:31 [error]: Error receiving stock: UserTransaction validation failed: description: Path `description` is required.
2025-07-02 01:00:59 [error]: Error receiving stock: UserTransaction validation failed: description: Path `description` is required.
2025-07-02 01:01:20 [error]: Error receiving stock: UserTransaction validation failed: description: Path `description` is required.
2025-07-02 09:54:19 [error]: Authentication failed
2025-07-02 09:54:19 [error]: Authentication failed
2025-07-02 10:54:56 [error]: Authentication failed
2025-07-02 10:54:58 [error]: Authentication failed
2025-07-02 10:54:58 [error]: Authentication failed
2025-07-02 10:54:58 [error]: Authentication failed
2025-07-02 10:54:58 [error]: Authentication failed
2025-07-02 10:54:58 [error]: Authentication failed
2025-07-02 10:54:58 [error]: Authentication failed
2025-07-02 10:55:38 [error]: Error updating notification
2025-07-02 11:08:38 [error]: Error updating notification
2025-07-02 11:31:53 [error]: Error updating notification
2025-07-02 12:15:56 [error]: Authentication failed
2025-07-02 12:15:56 [error]: Authentication failed
2025-07-02 12:16:56 [error]: Authentication failed
2025-07-02 12:16:56 [error]: Authentication failed
2025-07-02 12:17:01 [error]: Authentication failed
2025-07-02 12:36:27 [error]: Error updating notification
2025-07-02 13:17:07 [error]: Authentication failed
2025-07-02 13:17:37 [error]: Authentication failed
2025-07-02 13:18:07 [error]: Authentication failed
2025-07-02 13:18:37 [error]: Authentication failed
2025-07-02 13:19:07 [error]: Authentication failed
2025-07-02 13:19:37 [error]: Authentication failed
2025-07-02 13:20:07 [error]: Authentication failed
2025-07-02 13:20:37 [error]: Authentication failed
2025-07-02 13:21:07 [error]: Authentication failed
2025-07-02 13:21:37 [error]: Authentication failed
2025-07-02 13:22:07 [error]: Authentication failed
2025-07-02 13:22:37 [error]: Authentication failed
2025-07-02 13:23:07 [error]: Authentication failed
2025-07-02 13:23:37 [error]: Authentication failed
2025-07-02 13:24:07 [error]: Authentication failed
2025-07-02 13:24:37 [error]: Authentication failed
2025-07-02 13:25:07 [error]: Authentication failed
2025-07-02 13:25:37 [error]: Authentication failed
2025-07-02 13:26:07 [error]: Authentication failed
2025-07-02 13:26:37 [error]: Authentication failed
2025-07-02 13:27:07 [error]: Authentication failed
2025-07-02 13:27:37 [error]: Authentication failed
2025-07-02 13:28:07 [error]: Authentication failed
2025-07-02 13:28:37 [error]: Authentication failed
2025-07-02 13:29:07 [error]: Authentication failed
2025-07-02 13:29:37 [error]: Authentication failed
2025-07-02 13:30:07 [error]: Authentication failed
2025-07-02 13:30:37 [error]: Authentication failed
2025-07-02 13:31:07 [error]: Authentication failed
2025-07-02 13:31:37 [error]: Authentication failed
2025-07-02 13:32:07 [error]: Authentication failed
2025-07-02 13:32:38 [error]: Authentication failed
2025-07-02 13:33:08 [error]: Authentication failed
2025-07-02 13:33:38 [error]: Authentication failed
2025-07-02 13:34:56 [error]: Authentication failed
2025-07-02 13:35:56 [error]: Authentication failed
2025-07-02 13:36:56 [error]: Authentication failed
2025-07-02 13:37:56 [error]: Authentication failed
2025-07-02 13:38:56 [error]: Authentication failed
2025-07-02 13:39:56 [error]: Authentication failed
2025-07-02 13:40:56 [error]: Authentication failed
2025-07-02 13:41:56 [error]: Authentication failed
2025-07-02 13:42:56 [error]: Authentication failed
2025-07-02 13:43:56 [error]: Authentication failed
2025-07-02 13:44:56 [error]: Authentication failed
2025-07-02 13:45:56 [error]: Authentication failed
2025-07-02 13:46:56 [error]: Authentication failed
2025-07-02 13:47:56 [error]: Authentication failed
2025-07-02 13:48:56 [error]: Authentication failed
2025-07-02 13:49:56 [error]: Authentication failed
2025-07-02 13:50:56 [error]: Authentication failed
2025-07-02 13:51:56 [error]: Authentication failed
2025-07-02 13:52:56 [error]: Authentication failed
2025-07-02 13:53:17 [error]: Authentication failed
2025-07-02 13:53:37 [error]: Authentication failed
2025-07-02 13:54:07 [error]: Authentication failed
2025-07-02 14:29:08 [error]: Error updating notification
2025-07-02 14:57:30 [error]: Authentication failed
2025-07-02 14:58:01 [error]: Authentication failed
2025-07-02 14:58:31 [error]: Authentication failed
2025-07-02 14:58:53 [error]: Authentication failed
2025-07-02 14:58:53 [error]: Authentication failed
2025-07-02 14:58:53 [error]: Authentication failed
2025-07-02 14:58:53 [error]: Authentication failed
2025-07-02 14:58:53 [error]: Authentication failed
2025-07-02 14:58:53 [error]: Authentication failed
2025-07-02 16:37:47 [error]: Authentication failed
2025-07-02 16:38:11 [error]: Authentication failed
2025-07-02 16:38:41 [error]: Authentication failed
2025-07-02 16:39:56 [error]: Authentication failed
2025-07-02 16:40:56 [error]: Authentication failed
2025-07-02 16:41:56 [error]: Authentication failed
2025-07-02 16:42:56 [error]: Authentication failed
2025-07-02 16:43:56 [error]: Authentication failed
2025-07-02 16:44:56 [error]: Authentication failed
2025-07-02 16:45:48 [error]: Authentication failed
2025-07-02 16:46:11 [error]: Authentication failed
2025-07-02 16:46:41 [error]: Authentication failed
2025-07-02 16:47:56 [error]: Authentication failed
2025-07-02 16:48:56 [error]: Authentication failed
2025-07-02 16:49:56 [error]: Authentication failed
2025-07-02 16:50:04 [error]: Authentication failed
2025-07-02 16:50:04 [error]: Authentication failed
2025-07-02 16:50:04 [error]: Authentication failed
2025-07-02 16:50:04 [error]: Authentication failed
2025-07-02 16:50:04 [error]: Authentication failed
2025-07-02 16:50:04 [error]: Authentication failed
2025-07-02 17:45:17 [error]: Error updating notification
2025-07-02 17:50:56 [error]: Authentication failed
2025-07-02 17:51:56 [error]: Authentication failed
2025-07-02 17:52:56 [error]: Authentication failed
2025-07-02 17:53:56 [error]: Authentication failed
2025-07-02 17:54:56 [error]: Authentication failed
2025-07-02 17:55:56 [error]: Authentication failed
2025-07-02 17:56:56 [error]: Authentication failed
2025-07-02 17:57:56 [error]: Authentication failed
2025-07-02 17:58:56 [error]: Authentication failed
2025-07-02 17:59:56 [error]: Authentication failed
2025-07-02 18:00:56 [error]: Authentication failed
2025-07-02 18:01:56 [error]: Authentication failed
2025-07-02 18:02:56 [error]: Authentication failed
2025-07-02 18:03:56 [error]: Authentication failed
2025-07-02 18:04:56 [error]: Authentication failed
2025-07-02 18:05:56 [error]: Authentication failed
2025-07-02 18:06:56 [error]: Authentication failed
2025-07-02 18:07:56 [error]: Authentication failed
2025-07-02 18:08:56 [error]: Authentication failed
2025-07-02 18:09:56 [error]: Authentication failed
2025-07-02 18:10:56 [error]: Authentication failed
2025-07-02 18:11:56 [error]: Authentication failed
2025-07-02 18:12:56 [error]: Authentication failed
2025-07-02 18:13:56 [error]: Authentication failed
2025-07-02 18:14:56 [error]: Authentication failed
2025-07-02 18:15:56 [error]: Authentication failed
2025-07-02 18:16:56 [error]: Authentication failed
2025-07-02 18:17:56 [error]: Authentication failed
2025-07-02 18:18:56 [error]: Authentication failed
2025-07-02 18:19:56 [error]: Authentication failed
2025-07-02 18:20:46 [error]: Authentication failed
2025-07-02 18:20:58 [error]: Authentication failed
2025-07-02 18:21:28 [error]: Authentication failed
2025-07-02 18:22:56 [error]: Authentication failed
2025-07-02 18:23:47 [error]: Authentication failed
2025-07-02 18:23:50 [error]: Authentication failed
2025-07-02 18:23:50 [error]: Authentication failed
2025-07-02 18:23:50 [error]: Authentication failed
2025-07-02 18:23:50 [error]: Authentication failed
2025-07-02 18:23:50 [error]: Authentication failed
2025-07-02 18:23:50 [error]: Authentication failed
2025-07-02 22:16:31 [error]: Authentication failed
2025-07-02 22:16:31 [error]: Authentication failed
2025-07-02 22:57:01 [error]: Error updating notification
2025-07-02 23:31:16 [error]: Error receiving stock: E11000 duplicate key error collection: stock-management.stocktransactions index: transactionNumber_1 dup key: { transactionNumber: "PNH-WH-01-20250702-107" }
2025-07-02 23:31:27 [error]: Error receiving stock: E11000 duplicate key error collection: stock-management.stocktransactions index: transactionNumber_1 dup key: { transactionNumber: "PNH-WH-01-20250702-108" }
2025-07-02 23:31:45 [error]: Error receiving stock: E11000 duplicate key error collection: stock-management.stocktransactions index: transactionNumber_1 dup key: { transactionNumber: "PNH-WH-01-20250702-109" }
2025-07-02 23:42:33 [error]: Error receiving stock: E11000 duplicate key error collection: stock-management.stocktransactions index: transactionNumber_1 dup key: { transactionNumber: "PNH-WH-01-20250702-113" }
2025-07-02 23:45:08 [error]: Error receiving stock: E11000 duplicate key error collection: stock-management.stocktransactions index: transactionNumber_1 dup key: { transactionNumber: "PNH-WH-01-20250702-115" }
