2025-07-20 10:32:06 [error]: Authentication failed
JsonWebTokenError: jwt malformed
    at module.exports [as verify] (E:\Personal Documents\Stock-Management\backend\node_modules\jsonwebtoken\verify.js:70:17)
    at authMiddleware (E:\Personal Documents\Stock-Management\backend\src\middleware\auth.js:10:25)
    at Layer.handle [as handle_request] (E:\Personal Documents\Stock-Management\backend\node_modules\express\lib\router\layer.js:95:5)
    at next (E:\Personal Documents\Stock-Management\backend\node_modules\express\lib\router\route.js:149:13)
    at Route.dispatch (E:\Personal Documents\Stock-Management\backend\node_modules\express\lib\router\route.js:119:3)
    at Layer.handle [as handle_request] (E:\Personal Documents\Stock-Management\backend\node_modules\express\lib\router\layer.js:95:5)
    at E:\Personal Documents\Stock-Management\backend\node_modules\express\lib\router\index.js:284:15
    at Function.process_params (E:\Personal Documents\Stock-Management\backend\node_modules\express\lib\router\index.js:346:12)
    at next (E:\Personal Documents\Stock-Management\backend\node_modules\express\lib\router\index.js:280:10)
    at Function.handle (E:\Personal Documents\Stock-Management\backend\node_modules\express\lib\router\index.js:175:3)
2025-07-20 10:32:06 [error]: Authentication failed
JsonWebTokenError: jwt malformed
    at module.exports [as verify] (E:\Personal Documents\Stock-Management\backend\node_modules\jsonwebtoken\verify.js:70:17)
    at authMiddleware (E:\Personal Documents\Stock-Management\backend\src\middleware\auth.js:10:25)
    at Layer.handle [as handle_request] (E:\Personal Documents\Stock-Management\backend\node_modules\express\lib\router\layer.js:95:5)
    at next (E:\Personal Documents\Stock-Management\backend\node_modules\express\lib\router\route.js:149:13)
    at Route.dispatch (E:\Personal Documents\Stock-Management\backend\node_modules\express\lib\router\route.js:119:3)
    at Layer.handle [as handle_request] (E:\Personal Documents\Stock-Management\backend\node_modules\express\lib\router\layer.js:95:5)
    at E:\Personal Documents\Stock-Management\backend\node_modules\express\lib\router\index.js:284:15
    at Function.process_params (E:\Personal Documents\Stock-Management\backend\node_modules\express\lib\router\index.js:346:12)
    at next (E:\Personal Documents\Stock-Management\backend\node_modules\express\lib\router\index.js:280:10)
    at Function.handle (E:\Personal Documents\Stock-Management\backend\node_modules\express\lib\router\index.js:175:3)
2025-07-20 10:32:06 [error]: Connection error:
MongooseServerSelectionError: connect ECONNREFUSED ::1:27017, connect ECONNREFUSED 127.0.0.1:27017
    at _handleConnectionErrors (E:\Personal Documents\Stock-Management\backend\node_modules\mongoose\lib\connection.js:1165:11)
    at NativeConnection.openUri (E:\Personal Documents\Stock-Management\backend\node_modules\mongoose\lib\connection.js:1096:11)
