2025-07-08 00:19:25 [error]: Error fetching stock reports:
CastError: Cast to ObjectId failed for value "Phnom Penh Warehouse" (type string) at path "warehouse" for model "Lot"
    at SchemaObjectId.cast (E:\Personal Documents\Stock-Management\backend\node_modules\mongoose\lib\schema\objectId.js:251:11)
    at SchemaType.applySetters (E:\Personal Documents\Stock-Management\backend\node_modules\mongoose\lib\schemaType.js:1255:12)
    at SchemaType.castForQuery (E:\Personal Documents\Stock-Management\backend\node_modules\mongoose\lib\schemaType.js:1673:17)
    at cast (E:\Personal Documents\Stock-Management\backend\node_modules\mongoose\lib\cast.js:390:32)
    at Query.cast (E:\Personal Documents\Stock-Management\backend\node_modules\mongoose\lib\query.js:5055:12)
    at Query._castConditions (E:\Personal Documents\Stock-Management\backend\node_modules\mongoose\lib\query.js:2351:10)
    at model.Query._find (E:\Personal Documents\Stock-Management\backend\node_modules\mongoose\lib\query.js:2378:8)
    at model.Query.exec (E:\Personal Documents\Stock-Management\backend\node_modules\mongoose\lib\query.js:4604:80)
    at process.processTicksAndRejections (node:internal/process/task_queues:95:5)
    at async E:\Personal Documents\Stock-Management\backend\src\routes\api.js:1790:18
2025-07-08 00:19:30 [error]: Error fetching stock reports:
CastError: Cast to ObjectId failed for value "Kampong Cham Warehouse" (type string) at path "warehouse" for model "Lot"
    at SchemaObjectId.cast (E:\Personal Documents\Stock-Management\backend\node_modules\mongoose\lib\schema\objectId.js:251:11)
    at SchemaType.applySetters (E:\Personal Documents\Stock-Management\backend\node_modules\mongoose\lib\schemaType.js:1255:12)
    at SchemaType.castForQuery (E:\Personal Documents\Stock-Management\backend\node_modules\mongoose\lib\schemaType.js:1673:17)
    at cast (E:\Personal Documents\Stock-Management\backend\node_modules\mongoose\lib\cast.js:390:32)
    at Query.cast (E:\Personal Documents\Stock-Management\backend\node_modules\mongoose\lib\query.js:5055:12)
    at Query._castConditions (E:\Personal Documents\Stock-Management\backend\node_modules\mongoose\lib\query.js:2351:10)
    at model.Query._find (E:\Personal Documents\Stock-Management\backend\node_modules\mongoose\lib\query.js:2378:8)
    at model.Query.exec (E:\Personal Documents\Stock-Management\backend\node_modules\mongoose\lib\query.js:4604:80)
    at process.processTicksAndRejections (node:internal/process/task_queues:95:5)
    at async E:\Personal Documents\Stock-Management\backend\src\routes\api.js:1790:18
2025-07-08 00:19:31 [error]: Error fetching stock reports:
CastError: Cast to ObjectId failed for value "Kampong Cham Warehouse" (type string) at path "warehouse" for model "Lot"
    at SchemaObjectId.cast (E:\Personal Documents\Stock-Management\backend\node_modules\mongoose\lib\schema\objectId.js:251:11)
    at SchemaType.applySetters (E:\Personal Documents\Stock-Management\backend\node_modules\mongoose\lib\schemaType.js:1255:12)
    at SchemaType.castForQuery (E:\Personal Documents\Stock-Management\backend\node_modules\mongoose\lib\schemaType.js:1673:17)
    at cast (E:\Personal Documents\Stock-Management\backend\node_modules\mongoose\lib\cast.js:390:32)
    at Query.cast (E:\Personal Documents\Stock-Management\backend\node_modules\mongoose\lib\query.js:5055:12)
    at Query._castConditions (E:\Personal Documents\Stock-Management\backend\node_modules\mongoose\lib\query.js:2351:10)
    at model.Query._find (E:\Personal Documents\Stock-Management\backend\node_modules\mongoose\lib\query.js:2378:8)
    at model.Query.exec (E:\Personal Documents\Stock-Management\backend\node_modules\mongoose\lib\query.js:4604:80)
    at process.processTicksAndRejections (node:internal/process/task_queues:95:5)
    at async E:\Personal Documents\Stock-Management\backend\src\routes\api.js:1790:18
2025-07-08 00:19:32 [error]: Error fetching stock reports:
CastError: Cast to ObjectId failed for value "Kampong Cham Warehouse" (type string) at path "warehouse" for model "Lot"
    at SchemaObjectId.cast (E:\Personal Documents\Stock-Management\backend\node_modules\mongoose\lib\schema\objectId.js:251:11)
    at SchemaType.applySetters (E:\Personal Documents\Stock-Management\backend\node_modules\mongoose\lib\schemaType.js:1255:12)
    at SchemaType.castForQuery (E:\Personal Documents\Stock-Management\backend\node_modules\mongoose\lib\schemaType.js:1673:17)
    at cast (E:\Personal Documents\Stock-Management\backend\node_modules\mongoose\lib\cast.js:390:32)
    at Query.cast (E:\Personal Documents\Stock-Management\backend\node_modules\mongoose\lib\query.js:5055:12)
    at Query._castConditions (E:\Personal Documents\Stock-Management\backend\node_modules\mongoose\lib\query.js:2351:10)
    at model.Query._find (E:\Personal Documents\Stock-Management\backend\node_modules\mongoose\lib\query.js:2378:8)
    at model.Query.exec (E:\Personal Documents\Stock-Management\backend\node_modules\mongoose\lib\query.js:4604:80)
    at process.processTicksAndRejections (node:internal/process/task_queues:95:5)
    at async E:\Personal Documents\Stock-Management\backend\src\routes\api.js:1790:18
2025-07-08 00:19:32 [error]: Error fetching stock reports:
CastError: Cast to ObjectId failed for value "Kampong Cham Warehouse" (type string) at path "warehouse" for model "Lot"
    at SchemaObjectId.cast (E:\Personal Documents\Stock-Management\backend\node_modules\mongoose\lib\schema\objectId.js:251:11)
    at SchemaType.applySetters (E:\Personal Documents\Stock-Management\backend\node_modules\mongoose\lib\schemaType.js:1255:12)
    at SchemaType.castForQuery (E:\Personal Documents\Stock-Management\backend\node_modules\mongoose\lib\schemaType.js:1673:17)
    at cast (E:\Personal Documents\Stock-Management\backend\node_modules\mongoose\lib\cast.js:390:32)
    at Query.cast (E:\Personal Documents\Stock-Management\backend\node_modules\mongoose\lib\query.js:5055:12)
    at Query._castConditions (E:\Personal Documents\Stock-Management\backend\node_modules\mongoose\lib\query.js:2351:10)
    at model.Query._find (E:\Personal Documents\Stock-Management\backend\node_modules\mongoose\lib\query.js:2378:8)
    at model.Query.exec (E:\Personal Documents\Stock-Management\backend\node_modules\mongoose\lib\query.js:4604:80)
    at process.processTicksAndRejections (node:internal/process/task_queues:95:5)
    at async E:\Personal Documents\Stock-Management\backend\src\routes\api.js:1790:18
2025-07-08 00:19:32 [error]: Error fetching stock reports:
CastError: Cast to ObjectId failed for value "Kampong Cham Warehouse" (type string) at path "warehouse" for model "Lot"
    at SchemaObjectId.cast (E:\Personal Documents\Stock-Management\backend\node_modules\mongoose\lib\schema\objectId.js:251:11)
    at SchemaType.applySetters (E:\Personal Documents\Stock-Management\backend\node_modules\mongoose\lib\schemaType.js:1255:12)
    at SchemaType.castForQuery (E:\Personal Documents\Stock-Management\backend\node_modules\mongoose\lib\schemaType.js:1673:17)
    at cast (E:\Personal Documents\Stock-Management\backend\node_modules\mongoose\lib\cast.js:390:32)
    at Query.cast (E:\Personal Documents\Stock-Management\backend\node_modules\mongoose\lib\query.js:5055:12)
    at Query._castConditions (E:\Personal Documents\Stock-Management\backend\node_modules\mongoose\lib\query.js:2351:10)
    at model.Query._find (E:\Personal Documents\Stock-Management\backend\node_modules\mongoose\lib\query.js:2378:8)
    at model.Query.exec (E:\Personal Documents\Stock-Management\backend\node_modules\mongoose\lib\query.js:4604:80)
    at process.processTicksAndRejections (node:internal/process/task_queues:95:5)
    at async E:\Personal Documents\Stock-Management\backend\src\routes\api.js:1790:18
2025-07-08 00:19:39 [error]: Error fetching stock reports:
CastError: Cast to ObjectId failed for value "Phnom Penh Warehouse" (type string) at path "warehouse" for model "Lot"
    at SchemaObjectId.cast (E:\Personal Documents\Stock-Management\backend\node_modules\mongoose\lib\schema\objectId.js:251:11)
    at SchemaType.applySetters (E:\Personal Documents\Stock-Management\backend\node_modules\mongoose\lib\schemaType.js:1255:12)
    at SchemaType.castForQuery (E:\Personal Documents\Stock-Management\backend\node_modules\mongoose\lib\schemaType.js:1673:17)
    at cast (E:\Personal Documents\Stock-Management\backend\node_modules\mongoose\lib\cast.js:390:32)
    at Query.cast (E:\Personal Documents\Stock-Management\backend\node_modules\mongoose\lib\query.js:5055:12)
    at Query._castConditions (E:\Personal Documents\Stock-Management\backend\node_modules\mongoose\lib\query.js:2351:10)
    at model.Query._find (E:\Personal Documents\Stock-Management\backend\node_modules\mongoose\lib\query.js:2378:8)
    at model.Query.exec (E:\Personal Documents\Stock-Management\backend\node_modules\mongoose\lib\query.js:4604:80)
    at process.processTicksAndRejections (node:internal/process/task_queues:95:5)
    at async E:\Personal Documents\Stock-Management\backend\src\routes\api.js:1790:18
2025-07-08 00:19:45 [error]: Error fetching stock reports:
CastError: Cast to ObjectId failed for value "Kampong Cham Warehouse" (type string) at path "warehouse" for model "Lot"
    at SchemaObjectId.cast (E:\Personal Documents\Stock-Management\backend\node_modules\mongoose\lib\schema\objectId.js:251:11)
    at SchemaType.applySetters (E:\Personal Documents\Stock-Management\backend\node_modules\mongoose\lib\schemaType.js:1255:12)
    at SchemaType.castForQuery (E:\Personal Documents\Stock-Management\backend\node_modules\mongoose\lib\schemaType.js:1673:17)
    at cast (E:\Personal Documents\Stock-Management\backend\node_modules\mongoose\lib\cast.js:390:32)
    at Query.cast (E:\Personal Documents\Stock-Management\backend\node_modules\mongoose\lib\query.js:5055:12)
    at Query._castConditions (E:\Personal Documents\Stock-Management\backend\node_modules\mongoose\lib\query.js:2351:10)
    at model.Query._find (E:\Personal Documents\Stock-Management\backend\node_modules\mongoose\lib\query.js:2378:8)
    at model.Query.exec (E:\Personal Documents\Stock-Management\backend\node_modules\mongoose\lib\query.js:4604:80)
    at process.processTicksAndRejections (node:internal/process/task_queues:95:5)
    at async E:\Personal Documents\Stock-Management\backend\src\routes\api.js:1790:18
2025-07-08 00:19:52 [error]: Error fetching stock reports:
CastError: Cast to ObjectId failed for value "Kampong Cham Warehouse" (type string) at path "warehouse" for model "Lot"
    at SchemaObjectId.cast (E:\Personal Documents\Stock-Management\backend\node_modules\mongoose\lib\schema\objectId.js:251:11)
    at SchemaType.applySetters (E:\Personal Documents\Stock-Management\backend\node_modules\mongoose\lib\schemaType.js:1255:12)
    at SchemaType.castForQuery (E:\Personal Documents\Stock-Management\backend\node_modules\mongoose\lib\schemaType.js:1673:17)
    at cast (E:\Personal Documents\Stock-Management\backend\node_modules\mongoose\lib\cast.js:390:32)
    at Query.cast (E:\Personal Documents\Stock-Management\backend\node_modules\mongoose\lib\query.js:5055:12)
    at Query._castConditions (E:\Personal Documents\Stock-Management\backend\node_modules\mongoose\lib\query.js:2351:10)
    at model.Query._find (E:\Personal Documents\Stock-Management\backend\node_modules\mongoose\lib\query.js:2378:8)
    at model.Query.exec (E:\Personal Documents\Stock-Management\backend\node_modules\mongoose\lib\query.js:4604:80)
    at process.processTicksAndRejections (node:internal/process/task_queues:95:5)
    at async E:\Personal Documents\Stock-Management\backend\src\routes\api.js:1790:18
2025-07-08 00:19:54 [error]: Error fetching stock reports:
CastError: Cast to ObjectId failed for value "Kampong Cham Warehouse" (type string) at path "warehouse" for model "Lot"
    at SchemaObjectId.cast (E:\Personal Documents\Stock-Management\backend\node_modules\mongoose\lib\schema\objectId.js:251:11)
    at SchemaType.applySetters (E:\Personal Documents\Stock-Management\backend\node_modules\mongoose\lib\schemaType.js:1255:12)
    at SchemaType.castForQuery (E:\Personal Documents\Stock-Management\backend\node_modules\mongoose\lib\schemaType.js:1673:17)
    at cast (E:\Personal Documents\Stock-Management\backend\node_modules\mongoose\lib\cast.js:390:32)
    at Query.cast (E:\Personal Documents\Stock-Management\backend\node_modules\mongoose\lib\query.js:5055:12)
    at Query._castConditions (E:\Personal Documents\Stock-Management\backend\node_modules\mongoose\lib\query.js:2351:10)
    at model.Query._find (E:\Personal Documents\Stock-Management\backend\node_modules\mongoose\lib\query.js:2378:8)
    at model.Query.exec (E:\Personal Documents\Stock-Management\backend\node_modules\mongoose\lib\query.js:4604:80)
    at process.processTicksAndRejections (node:internal/process/task_queues:95:5)
    at async E:\Personal Documents\Stock-Management\backend\src\routes\api.js:1790:18
2025-07-08 00:19:55 [error]: Error fetching stock reports:
CastError: Cast to ObjectId failed for value "Kampong Cham Warehouse" (type string) at path "warehouse" for model "Lot"
    at SchemaObjectId.cast (E:\Personal Documents\Stock-Management\backend\node_modules\mongoose\lib\schema\objectId.js:251:11)
    at SchemaType.applySetters (E:\Personal Documents\Stock-Management\backend\node_modules\mongoose\lib\schemaType.js:1255:12)
    at SchemaType.castForQuery (E:\Personal Documents\Stock-Management\backend\node_modules\mongoose\lib\schemaType.js:1673:17)
    at cast (E:\Personal Documents\Stock-Management\backend\node_modules\mongoose\lib\cast.js:390:32)
    at Query.cast (E:\Personal Documents\Stock-Management\backend\node_modules\mongoose\lib\query.js:5055:12)
    at Query._castConditions (E:\Personal Documents\Stock-Management\backend\node_modules\mongoose\lib\query.js:2351:10)
    at model.Query._find (E:\Personal Documents\Stock-Management\backend\node_modules\mongoose\lib\query.js:2378:8)
    at model.Query.exec (E:\Personal Documents\Stock-Management\backend\node_modules\mongoose\lib\query.js:4604:80)
    at process.processTicksAndRejections (node:internal/process/task_queues:95:5)
    at async E:\Personal Documents\Stock-Management\backend\src\routes\api.js:1790:18
2025-07-08 00:19:55 [error]: Error fetching stock reports:
CastError: Cast to ObjectId failed for value "Kampong Cham Warehouse" (type string) at path "warehouse" for model "Lot"
    at SchemaObjectId.cast (E:\Personal Documents\Stock-Management\backend\node_modules\mongoose\lib\schema\objectId.js:251:11)
    at SchemaType.applySetters (E:\Personal Documents\Stock-Management\backend\node_modules\mongoose\lib\schemaType.js:1255:12)
    at SchemaType.castForQuery (E:\Personal Documents\Stock-Management\backend\node_modules\mongoose\lib\schemaType.js:1673:17)
    at cast (E:\Personal Documents\Stock-Management\backend\node_modules\mongoose\lib\cast.js:390:32)
    at Query.cast (E:\Personal Documents\Stock-Management\backend\node_modules\mongoose\lib\query.js:5055:12)
    at Query._castConditions (E:\Personal Documents\Stock-Management\backend\node_modules\mongoose\lib\query.js:2351:10)
    at model.Query._find (E:\Personal Documents\Stock-Management\backend\node_modules\mongoose\lib\query.js:2378:8)
    at model.Query.exec (E:\Personal Documents\Stock-Management\backend\node_modules\mongoose\lib\query.js:4604:80)
    at process.processTicksAndRejections (node:internal/process/task_queues:95:5)
    at async E:\Personal Documents\Stock-Management\backend\src\routes\api.js:1790:18
2025-07-08 00:19:55 [error]: Error fetching stock reports:
CastError: Cast to ObjectId failed for value "Kampong Cham Warehouse" (type string) at path "warehouse" for model "Lot"
    at SchemaObjectId.cast (E:\Personal Documents\Stock-Management\backend\node_modules\mongoose\lib\schema\objectId.js:251:11)
    at SchemaType.applySetters (E:\Personal Documents\Stock-Management\backend\node_modules\mongoose\lib\schemaType.js:1255:12)
    at SchemaType.castForQuery (E:\Personal Documents\Stock-Management\backend\node_modules\mongoose\lib\schemaType.js:1673:17)
    at cast (E:\Personal Documents\Stock-Management\backend\node_modules\mongoose\lib\cast.js:390:32)
    at Query.cast (E:\Personal Documents\Stock-Management\backend\node_modules\mongoose\lib\query.js:5055:12)
    at Query._castConditions (E:\Personal Documents\Stock-Management\backend\node_modules\mongoose\lib\query.js:2351:10)
    at model.Query._find (E:\Personal Documents\Stock-Management\backend\node_modules\mongoose\lib\query.js:2378:8)
    at model.Query.exec (E:\Personal Documents\Stock-Management\backend\node_modules\mongoose\lib\query.js:4604:80)
    at process.processTicksAndRejections (node:internal/process/task_queues:95:5)
    at async E:\Personal Documents\Stock-Management\backend\src\routes\api.js:1790:18
2025-07-08 00:20:13 [error]: Error fetching stock reports:
CastError: Cast to ObjectId failed for value "Phnom Penh Warehouse" (type string) at path "warehouse" for model "Lot"
    at SchemaObjectId.cast (E:\Personal Documents\Stock-Management\backend\node_modules\mongoose\lib\schema\objectId.js:251:11)
    at SchemaType.applySetters (E:\Personal Documents\Stock-Management\backend\node_modules\mongoose\lib\schemaType.js:1255:12)
    at SchemaType.castForQuery (E:\Personal Documents\Stock-Management\backend\node_modules\mongoose\lib\schemaType.js:1673:17)
    at cast (E:\Personal Documents\Stock-Management\backend\node_modules\mongoose\lib\cast.js:390:32)
    at Query.cast (E:\Personal Documents\Stock-Management\backend\node_modules\mongoose\lib\query.js:5055:12)
    at Query._castConditions (E:\Personal Documents\Stock-Management\backend\node_modules\mongoose\lib\query.js:2351:10)
    at model.Query._find (E:\Personal Documents\Stock-Management\backend\node_modules\mongoose\lib\query.js:2378:8)
    at model.Query.exec (E:\Personal Documents\Stock-Management\backend\node_modules\mongoose\lib\query.js:4604:80)
    at process.processTicksAndRejections (node:internal/process/task_queues:95:5)
    at async E:\Personal Documents\Stock-Management\backend\src\routes\api.js:1790:18
2025-07-08 00:20:17 [error]: Error fetching stock reports:
CastError: Cast to ObjectId failed for value "Kampong Cham Warehouse" (type string) at path "warehouse" for model "Lot"
    at SchemaObjectId.cast (E:\Personal Documents\Stock-Management\backend\node_modules\mongoose\lib\schema\objectId.js:251:11)
    at SchemaType.applySetters (E:\Personal Documents\Stock-Management\backend\node_modules\mongoose\lib\schemaType.js:1255:12)
    at SchemaType.castForQuery (E:\Personal Documents\Stock-Management\backend\node_modules\mongoose\lib\schemaType.js:1673:17)
    at cast (E:\Personal Documents\Stock-Management\backend\node_modules\mongoose\lib\cast.js:390:32)
    at Query.cast (E:\Personal Documents\Stock-Management\backend\node_modules\mongoose\lib\query.js:5055:12)
    at Query._castConditions (E:\Personal Documents\Stock-Management\backend\node_modules\mongoose\lib\query.js:2351:10)
    at model.Query._find (E:\Personal Documents\Stock-Management\backend\node_modules\mongoose\lib\query.js:2378:8)
    at model.Query.exec (E:\Personal Documents\Stock-Management\backend\node_modules\mongoose\lib\query.js:4604:80)
    at process.processTicksAndRejections (node:internal/process/task_queues:95:5)
    at async E:\Personal Documents\Stock-Management\backend\src\routes\api.js:1790:18
2025-07-08 00:26:19 [error]: Authentication failed
JsonWebTokenError: jwt malformed
    at module.exports [as verify] (E:\Personal Documents\Stock-Management\backend\node_modules\jsonwebtoken\verify.js:70:17)
    at authMiddleware (E:\Personal Documents\Stock-Management\backend\src\middleware\auth.js:10:25)
    at Layer.handle [as handle_request] (E:\Personal Documents\Stock-Management\backend\node_modules\express\lib\router\layer.js:95:5)
    at next (E:\Personal Documents\Stock-Management\backend\node_modules\express\lib\router\route.js:149:13)
    at Route.dispatch (E:\Personal Documents\Stock-Management\backend\node_modules\express\lib\router\route.js:119:3)
    at Layer.handle [as handle_request] (E:\Personal Documents\Stock-Management\backend\node_modules\express\lib\router\layer.js:95:5)
    at E:\Personal Documents\Stock-Management\backend\node_modules\express\lib\router\index.js:284:15
    at Function.process_params (E:\Personal Documents\Stock-Management\backend\node_modules\express\lib\router\index.js:346:12)
    at next (E:\Personal Documents\Stock-Management\backend\node_modules\express\lib\router\index.js:280:10)
    at Function.handle (E:\Personal Documents\Stock-Management\backend\node_modules\express\lib\router\index.js:175:3)
2025-07-08 00:26:19 [error]: Authentication failed
JsonWebTokenError: jwt malformed
    at module.exports [as verify] (E:\Personal Documents\Stock-Management\backend\node_modules\jsonwebtoken\verify.js:70:17)
    at authMiddleware (E:\Personal Documents\Stock-Management\backend\src\middleware\auth.js:10:25)
    at Layer.handle [as handle_request] (E:\Personal Documents\Stock-Management\backend\node_modules\express\lib\router\layer.js:95:5)
    at next (E:\Personal Documents\Stock-Management\backend\node_modules\express\lib\router\route.js:149:13)
    at Route.dispatch (E:\Personal Documents\Stock-Management\backend\node_modules\express\lib\router\route.js:119:3)
    at Layer.handle [as handle_request] (E:\Personal Documents\Stock-Management\backend\node_modules\express\lib\router\layer.js:95:5)
    at E:\Personal Documents\Stock-Management\backend\node_modules\express\lib\router\index.js:284:15
    at Function.process_params (E:\Personal Documents\Stock-Management\backend\node_modules\express\lib\router\index.js:346:12)
    at next (E:\Personal Documents\Stock-Management\backend\node_modules\express\lib\router\index.js:280:10)
    at Function.handle (E:\Personal Documents\Stock-Management\backend\node_modules\express\lib\router\index.js:175:3)
