2025-07-11 00:50:31 [error]: Error updating notification
CastError: Cast to ObjectId failed for value "mark-all-read" (type string) at path "_id" for model "Notification"
    at SchemaObjectId.cast (E:\Personal Documents\Stock-Management\backend\node_modules\mongoose\lib\schema\objectId.js:251:11)
    at SchemaType.applySetters (E:\Personal Documents\Stock-Management\backend\node_modules\mongoose\lib\schemaType.js:1255:12)
    at SchemaType.castForQuery (E:\Personal Documents\Stock-Management\backend\node_modules\mongoose\lib\schemaType.js:1673:17)
    at cast (E:\Personal Documents\Stock-Management\backend\node_modules\mongoose\lib\cast.js:390:32)
    at Query.cast (E:\Personal Documents\Stock-Management\backend\node_modules\mongoose\lib\query.js:5055:12)
    at Query._castConditions (E:\Personal Documents\Stock-Management\backend\node_modules\mongoose\lib\query.js:2351:10)
    at model.Query._findOneAndUpdate (E:\Personal Documents\Stock-Management\backend\node_modules\mongoose\lib\query.js:3454:8)
    at model.Query.exec (E:\Personal Documents\Stock-Management\backend\node_modules\mongoose\lib\query.js:4604:80)
    at process.processTicksAndRejections (node:internal/process/task_queues:95:5)
    at async E:\Personal Documents\Stock-Management\backend\src\routes\api.js:1138:26
2025-07-11 00:50:32 [error]: Error updating notification
CastError: Cast to ObjectId failed for value "mark-all-read" (type string) at path "_id" for model "Notification"
    at SchemaObjectId.cast (E:\Personal Documents\Stock-Management\backend\node_modules\mongoose\lib\schema\objectId.js:251:11)
    at SchemaType.applySetters (E:\Personal Documents\Stock-Management\backend\node_modules\mongoose\lib\schemaType.js:1255:12)
    at SchemaType.castForQuery (E:\Personal Documents\Stock-Management\backend\node_modules\mongoose\lib\schemaType.js:1673:17)
    at cast (E:\Personal Documents\Stock-Management\backend\node_modules\mongoose\lib\cast.js:390:32)
    at Query.cast (E:\Personal Documents\Stock-Management\backend\node_modules\mongoose\lib\query.js:5055:12)
    at Query._castConditions (E:\Personal Documents\Stock-Management\backend\node_modules\mongoose\lib\query.js:2351:10)
    at model.Query._findOneAndUpdate (E:\Personal Documents\Stock-Management\backend\node_modules\mongoose\lib\query.js:3454:8)
    at model.Query.exec (E:\Personal Documents\Stock-Management\backend\node_modules\mongoose\lib\query.js:4604:80)
    at process.processTicksAndRejections (node:internal/process/task_queues:95:5)
    at async E:\Personal Documents\Stock-Management\backend\src\routes\api.js:1138:26
2025-07-11 09:37:47 [error]: Authentication failed
JsonWebTokenError: jwt malformed
    at module.exports [as verify] (E:\Personal Documents\Stock-Management\backend\node_modules\jsonwebtoken\verify.js:70:17)
    at authMiddleware (E:\Personal Documents\Stock-Management\backend\src\middleware\auth.js:10:25)
    at Layer.handle [as handle_request] (E:\Personal Documents\Stock-Management\backend\node_modules\express\lib\router\layer.js:95:5)
    at next (E:\Personal Documents\Stock-Management\backend\node_modules\express\lib\router\route.js:149:13)
    at Route.dispatch (E:\Personal Documents\Stock-Management\backend\node_modules\express\lib\router\route.js:119:3)
    at Layer.handle [as handle_request] (E:\Personal Documents\Stock-Management\backend\node_modules\express\lib\router\layer.js:95:5)
    at E:\Personal Documents\Stock-Management\backend\node_modules\express\lib\router\index.js:284:15
    at Function.process_params (E:\Personal Documents\Stock-Management\backend\node_modules\express\lib\router\index.js:346:12)
    at next (E:\Personal Documents\Stock-Management\backend\node_modules\express\lib\router\index.js:280:10)
    at Function.handle (E:\Personal Documents\Stock-Management\backend\node_modules\express\lib\router\index.js:175:3)
2025-07-11 09:37:47 [error]: Authentication failed
JsonWebTokenError: jwt malformed
    at module.exports [as verify] (E:\Personal Documents\Stock-Management\backend\node_modules\jsonwebtoken\verify.js:70:17)
    at authMiddleware (E:\Personal Documents\Stock-Management\backend\src\middleware\auth.js:10:25)
    at Layer.handle [as handle_request] (E:\Personal Documents\Stock-Management\backend\node_modules\express\lib\router\layer.js:95:5)
    at next (E:\Personal Documents\Stock-Management\backend\node_modules\express\lib\router\route.js:149:13)
    at Route.dispatch (E:\Personal Documents\Stock-Management\backend\node_modules\express\lib\router\route.js:119:3)
    at Layer.handle [as handle_request] (E:\Personal Documents\Stock-Management\backend\node_modules\express\lib\router\layer.js:95:5)
    at E:\Personal Documents\Stock-Management\backend\node_modules\express\lib\router\index.js:284:15
    at Function.process_params (E:\Personal Documents\Stock-Management\backend\node_modules\express\lib\router\index.js:346:12)
    at next (E:\Personal Documents\Stock-Management\backend\node_modules\express\lib\router\index.js:280:10)
    at Function.handle (E:\Personal Documents\Stock-Management\backend\node_modules\express\lib\router\index.js:175:3)
2025-07-11 12:32:18 [error]: Authentication failed
TokenExpiredError: jwt expired
    at E:\Personal Documents\Stock-Management\backend\node_modules\jsonwebtoken\verify.js:190:21
    at getSecret (E:\Personal Documents\Stock-Management\backend\node_modules\jsonwebtoken\verify.js:97:14)
    at module.exports [as verify] (E:\Personal Documents\Stock-Management\backend\node_modules\jsonwebtoken\verify.js:101:10)
    at authMiddleware (E:\Personal Documents\Stock-Management\backend\src\middleware\auth.js:10:25)
    at Layer.handle [as handle_request] (E:\Personal Documents\Stock-Management\backend\node_modules\express\lib\router\layer.js:95:5)
    at next (E:\Personal Documents\Stock-Management\backend\node_modules\express\lib\router\route.js:149:13)
    at Route.dispatch (E:\Personal Documents\Stock-Management\backend\node_modules\express\lib\router\route.js:119:3)
    at Layer.handle [as handle_request] (E:\Personal Documents\Stock-Management\backend\node_modules\express\lib\router\layer.js:95:5)
    at E:\Personal Documents\Stock-Management\backend\node_modules\express\lib\router\index.js:284:15
    at Function.process_params (E:\Personal Documents\Stock-Management\backend\node_modules\express\lib\router\index.js:346:12)
2025-07-11 12:32:18 [error]: Authentication failed
TokenExpiredError: jwt expired
    at E:\Personal Documents\Stock-Management\backend\node_modules\jsonwebtoken\verify.js:190:21
    at getSecret (E:\Personal Documents\Stock-Management\backend\node_modules\jsonwebtoken\verify.js:97:14)
    at module.exports [as verify] (E:\Personal Documents\Stock-Management\backend\node_modules\jsonwebtoken\verify.js:101:10)
    at authMiddleware (E:\Personal Documents\Stock-Management\backend\src\middleware\auth.js:10:25)
    at Layer.handle [as handle_request] (E:\Personal Documents\Stock-Management\backend\node_modules\express\lib\router\layer.js:95:5)
    at next (E:\Personal Documents\Stock-Management\backend\node_modules\express\lib\router\route.js:149:13)
    at Route.dispatch (E:\Personal Documents\Stock-Management\backend\node_modules\express\lib\router\route.js:119:3)
    at Layer.handle [as handle_request] (E:\Personal Documents\Stock-Management\backend\node_modules\express\lib\router\layer.js:95:5)
    at E:\Personal Documents\Stock-Management\backend\node_modules\express\lib\router\index.js:284:15
    at Function.process_params (E:\Personal Documents\Stock-Management\backend\node_modules\express\lib\router\index.js:346:12)
2025-07-11 12:32:18 [error]: Authentication failed
TokenExpiredError: jwt expired
    at E:\Personal Documents\Stock-Management\backend\node_modules\jsonwebtoken\verify.js:190:21
    at getSecret (E:\Personal Documents\Stock-Management\backend\node_modules\jsonwebtoken\verify.js:97:14)
    at module.exports [as verify] (E:\Personal Documents\Stock-Management\backend\node_modules\jsonwebtoken\verify.js:101:10)
    at authMiddleware (E:\Personal Documents\Stock-Management\backend\src\middleware\auth.js:10:25)
    at Layer.handle [as handle_request] (E:\Personal Documents\Stock-Management\backend\node_modules\express\lib\router\layer.js:95:5)
    at next (E:\Personal Documents\Stock-Management\backend\node_modules\express\lib\router\route.js:149:13)
    at Route.dispatch (E:\Personal Documents\Stock-Management\backend\node_modules\express\lib\router\route.js:119:3)
    at Layer.handle [as handle_request] (E:\Personal Documents\Stock-Management\backend\node_modules\express\lib\router\layer.js:95:5)
    at E:\Personal Documents\Stock-Management\backend\node_modules\express\lib\router\index.js:284:15
    at Function.process_params (E:\Personal Documents\Stock-Management\backend\node_modules\express\lib\router\index.js:346:12)
2025-07-11 12:32:18 [error]: Authentication failed
JsonWebTokenError: jwt malformed
    at module.exports [as verify] (E:\Personal Documents\Stock-Management\backend\node_modules\jsonwebtoken\verify.js:70:17)
    at authMiddleware (E:\Personal Documents\Stock-Management\backend\src\middleware\auth.js:10:25)
    at Layer.handle [as handle_request] (E:\Personal Documents\Stock-Management\backend\node_modules\express\lib\router\layer.js:95:5)
    at next (E:\Personal Documents\Stock-Management\backend\node_modules\express\lib\router\route.js:149:13)
    at Route.dispatch (E:\Personal Documents\Stock-Management\backend\node_modules\express\lib\router\route.js:119:3)
    at Layer.handle [as handle_request] (E:\Personal Documents\Stock-Management\backend\node_modules\express\lib\router\layer.js:95:5)
    at E:\Personal Documents\Stock-Management\backend\node_modules\express\lib\router\index.js:284:15
    at Function.process_params (E:\Personal Documents\Stock-Management\backend\node_modules\express\lib\router\index.js:346:12)
    at next (E:\Personal Documents\Stock-Management\backend\node_modules\express\lib\router\index.js:280:10)
    at Function.handle (E:\Personal Documents\Stock-Management\backend\node_modules\express\lib\router\index.js:175:3)
2025-07-11 12:32:18 [error]: Authentication failed
TokenExpiredError: jwt expired
    at E:\Personal Documents\Stock-Management\backend\node_modules\jsonwebtoken\verify.js:190:21
    at getSecret (E:\Personal Documents\Stock-Management\backend\node_modules\jsonwebtoken\verify.js:97:14)
    at module.exports [as verify] (E:\Personal Documents\Stock-Management\backend\node_modules\jsonwebtoken\verify.js:101:10)
    at authMiddleware (E:\Personal Documents\Stock-Management\backend\src\middleware\auth.js:10:25)
    at Layer.handle [as handle_request] (E:\Personal Documents\Stock-Management\backend\node_modules\express\lib\router\layer.js:95:5)
    at next (E:\Personal Documents\Stock-Management\backend\node_modules\express\lib\router\route.js:149:13)
    at Route.dispatch (E:\Personal Documents\Stock-Management\backend\node_modules\express\lib\router\route.js:119:3)
    at Layer.handle [as handle_request] (E:\Personal Documents\Stock-Management\backend\node_modules\express\lib\router\layer.js:95:5)
    at E:\Personal Documents\Stock-Management\backend\node_modules\express\lib\router\index.js:284:15
    at Function.process_params (E:\Personal Documents\Stock-Management\backend\node_modules\express\lib\router\index.js:346:12)
2025-07-11 12:32:18 [error]: Authentication failed
TokenExpiredError: jwt expired
    at E:\Personal Documents\Stock-Management\backend\node_modules\jsonwebtoken\verify.js:190:21
    at getSecret (E:\Personal Documents\Stock-Management\backend\node_modules\jsonwebtoken\verify.js:97:14)
    at module.exports [as verify] (E:\Personal Documents\Stock-Management\backend\node_modules\jsonwebtoken\verify.js:101:10)
    at authMiddleware (E:\Personal Documents\Stock-Management\backend\src\middleware\auth.js:10:25)
    at Layer.handle [as handle_request] (E:\Personal Documents\Stock-Management\backend\node_modules\express\lib\router\layer.js:95:5)
    at next (E:\Personal Documents\Stock-Management\backend\node_modules\express\lib\router\route.js:149:13)
    at Route.dispatch (E:\Personal Documents\Stock-Management\backend\node_modules\express\lib\router\route.js:119:3)
    at Layer.handle [as handle_request] (E:\Personal Documents\Stock-Management\backend\node_modules\express\lib\router\layer.js:95:5)
    at E:\Personal Documents\Stock-Management\backend\node_modules\express\lib\router\index.js:284:15
    at Function.process_params (E:\Personal Documents\Stock-Management\backend\node_modules\express\lib\router\index.js:346:12)
2025-07-11 12:32:18 [error]: Authentication failed
JsonWebTokenError: jwt malformed
    at module.exports [as verify] (E:\Personal Documents\Stock-Management\backend\node_modules\jsonwebtoken\verify.js:70:17)
    at authMiddleware (E:\Personal Documents\Stock-Management\backend\src\middleware\auth.js:10:25)
    at Layer.handle [as handle_request] (E:\Personal Documents\Stock-Management\backend\node_modules\express\lib\router\layer.js:95:5)
    at next (E:\Personal Documents\Stock-Management\backend\node_modules\express\lib\router\route.js:149:13)
    at Route.dispatch (E:\Personal Documents\Stock-Management\backend\node_modules\express\lib\router\route.js:119:3)
    at Layer.handle [as handle_request] (E:\Personal Documents\Stock-Management\backend\node_modules\express\lib\router\layer.js:95:5)
    at E:\Personal Documents\Stock-Management\backend\node_modules\express\lib\router\index.js:284:15
    at Function.process_params (E:\Personal Documents\Stock-Management\backend\node_modules\express\lib\router\index.js:346:12)
    at next (E:\Personal Documents\Stock-Management\backend\node_modules\express\lib\router\index.js:280:10)
    at Function.handle (E:\Personal Documents\Stock-Management\backend\node_modules\express\lib\router\index.js:175:3)
2025-07-11 12:32:18 [error]: Authentication failed
JsonWebTokenError: jwt malformed
    at module.exports [as verify] (E:\Personal Documents\Stock-Management\backend\node_modules\jsonwebtoken\verify.js:70:17)
    at authMiddleware (E:\Personal Documents\Stock-Management\backend\src\middleware\auth.js:10:25)
    at Layer.handle [as handle_request] (E:\Personal Documents\Stock-Management\backend\node_modules\express\lib\router\layer.js:95:5)
    at next (E:\Personal Documents\Stock-Management\backend\node_modules\express\lib\router\route.js:149:13)
    at Route.dispatch (E:\Personal Documents\Stock-Management\backend\node_modules\express\lib\router\route.js:119:3)
    at Layer.handle [as handle_request] (E:\Personal Documents\Stock-Management\backend\node_modules\express\lib\router\layer.js:95:5)
    at E:\Personal Documents\Stock-Management\backend\node_modules\express\lib\router\index.js:284:15
    at Function.process_params (E:\Personal Documents\Stock-Management\backend\node_modules\express\lib\router\index.js:346:12)
    at next (E:\Personal Documents\Stock-Management\backend\node_modules\express\lib\router\index.js:280:10)
    at Function.handle (E:\Personal Documents\Stock-Management\backend\node_modules\express\lib\router\index.js:175:3)
2025-07-11 12:32:19 [error]: Authentication failed
JsonWebTokenError: jwt malformed
    at module.exports [as verify] (E:\Personal Documents\Stock-Management\backend\node_modules\jsonwebtoken\verify.js:70:17)
    at authMiddleware (E:\Personal Documents\Stock-Management\backend\src\middleware\auth.js:10:25)
    at Layer.handle [as handle_request] (E:\Personal Documents\Stock-Management\backend\node_modules\express\lib\router\layer.js:95:5)
    at next (E:\Personal Documents\Stock-Management\backend\node_modules\express\lib\router\route.js:149:13)
    at Route.dispatch (E:\Personal Documents\Stock-Management\backend\node_modules\express\lib\router\route.js:119:3)
    at Layer.handle [as handle_request] (E:\Personal Documents\Stock-Management\backend\node_modules\express\lib\router\layer.js:95:5)
    at E:\Personal Documents\Stock-Management\backend\node_modules\express\lib\router\index.js:284:15
    at Function.process_params (E:\Personal Documents\Stock-Management\backend\node_modules\express\lib\router\index.js:346:12)
    at next (E:\Personal Documents\Stock-Management\backend\node_modules\express\lib\router\index.js:280:10)
    at Function.handle (E:\Personal Documents\Stock-Management\backend\node_modules\express\lib\router\index.js:175:3)
2025-07-11 12:33:31 [error]: Authentication failed
JsonWebTokenError: jwt malformed
    at module.exports [as verify] (E:\Personal Documents\Stock-Management\backend\node_modules\jsonwebtoken\verify.js:70:17)
    at authMiddleware (E:\Personal Documents\Stock-Management\backend\src\middleware\auth.js:10:25)
    at Layer.handle [as handle_request] (E:\Personal Documents\Stock-Management\backend\node_modules\express\lib\router\layer.js:95:5)
    at next (E:\Personal Documents\Stock-Management\backend\node_modules\express\lib\router\route.js:149:13)
    at Route.dispatch (E:\Personal Documents\Stock-Management\backend\node_modules\express\lib\router\route.js:119:3)
    at Layer.handle [as handle_request] (E:\Personal Documents\Stock-Management\backend\node_modules\express\lib\router\layer.js:95:5)
    at E:\Personal Documents\Stock-Management\backend\node_modules\express\lib\router\index.js:284:15
    at Function.process_params (E:\Personal Documents\Stock-Management\backend\node_modules\express\lib\router\index.js:346:12)
    at next (E:\Personal Documents\Stock-Management\backend\node_modules\express\lib\router\index.js:280:10)
    at Function.handle (E:\Personal Documents\Stock-Management\backend\node_modules\express\lib\router\index.js:175:3)
2025-07-11 12:34:20 [error]: Authentication failed
JsonWebTokenError: jwt malformed
    at module.exports [as verify] (E:\Personal Documents\Stock-Management\backend\node_modules\jsonwebtoken\verify.js:70:17)
    at authMiddleware (E:\Personal Documents\Stock-Management\backend\src\middleware\auth.js:10:25)
    at Layer.handle [as handle_request] (E:\Personal Documents\Stock-Management\backend\node_modules\express\lib\router\layer.js:95:5)
    at next (E:\Personal Documents\Stock-Management\backend\node_modules\express\lib\router\route.js:149:13)
    at Route.dispatch (E:\Personal Documents\Stock-Management\backend\node_modules\express\lib\router\route.js:119:3)
    at Layer.handle [as handle_request] (E:\Personal Documents\Stock-Management\backend\node_modules\express\lib\router\layer.js:95:5)
    at E:\Personal Documents\Stock-Management\backend\node_modules\express\lib\router\index.js:284:15
    at Function.process_params (E:\Personal Documents\Stock-Management\backend\node_modules\express\lib\router\index.js:346:12)
    at next (E:\Personal Documents\Stock-Management\backend\node_modules\express\lib\router\index.js:280:10)
    at Function.handle (E:\Personal Documents\Stock-Management\backend\node_modules\express\lib\router\index.js:175:3)
2025-07-11 12:34:20 [error]: Authentication failed
JsonWebTokenError: jwt malformed
    at module.exports [as verify] (E:\Personal Documents\Stock-Management\backend\node_modules\jsonwebtoken\verify.js:70:17)
    at authMiddleware (E:\Personal Documents\Stock-Management\backend\src\middleware\auth.js:10:25)
    at Layer.handle [as handle_request] (E:\Personal Documents\Stock-Management\backend\node_modules\express\lib\router\layer.js:95:5)
    at next (E:\Personal Documents\Stock-Management\backend\node_modules\express\lib\router\route.js:149:13)
    at Route.dispatch (E:\Personal Documents\Stock-Management\backend\node_modules\express\lib\router\route.js:119:3)
    at Layer.handle [as handle_request] (E:\Personal Documents\Stock-Management\backend\node_modules\express\lib\router\layer.js:95:5)
    at E:\Personal Documents\Stock-Management\backend\node_modules\express\lib\router\index.js:284:15
    at Function.process_params (E:\Personal Documents\Stock-Management\backend\node_modules\express\lib\router\index.js:346:12)
    at next (E:\Personal Documents\Stock-Management\backend\node_modules\express\lib\router\index.js:280:10)
    at Function.handle (E:\Personal Documents\Stock-Management\backend\node_modules\express\lib\router\index.js:175:3)
2025-07-11 13:36:31 [error]: Authentication failed
TokenExpiredError: jwt expired
    at E:\Personal Documents\Stock-Management\backend\node_modules\jsonwebtoken\verify.js:190:21
    at getSecret (E:\Personal Documents\Stock-Management\backend\node_modules\jsonwebtoken\verify.js:97:14)
    at module.exports [as verify] (E:\Personal Documents\Stock-Management\backend\node_modules\jsonwebtoken\verify.js:101:10)
    at authMiddleware (E:\Personal Documents\Stock-Management\backend\src\middleware\auth.js:10:25)
    at Layer.handle [as handle_request] (E:\Personal Documents\Stock-Management\backend\node_modules\express\lib\router\layer.js:95:5)
    at next (E:\Personal Documents\Stock-Management\backend\node_modules\express\lib\router\route.js:149:13)
    at Route.dispatch (E:\Personal Documents\Stock-Management\backend\node_modules\express\lib\router\route.js:119:3)
    at Layer.handle [as handle_request] (E:\Personal Documents\Stock-Management\backend\node_modules\express\lib\router\layer.js:95:5)
    at E:\Personal Documents\Stock-Management\backend\node_modules\express\lib\router\index.js:284:15
    at Function.process_params (E:\Personal Documents\Stock-Management\backend\node_modules\express\lib\router\index.js:346:12)
2025-07-11 13:37:31 [error]: Authentication failed
TokenExpiredError: jwt expired
    at E:\Personal Documents\Stock-Management\backend\node_modules\jsonwebtoken\verify.js:190:21
    at getSecret (E:\Personal Documents\Stock-Management\backend\node_modules\jsonwebtoken\verify.js:97:14)
    at module.exports [as verify] (E:\Personal Documents\Stock-Management\backend\node_modules\jsonwebtoken\verify.js:101:10)
    at authMiddleware (E:\Personal Documents\Stock-Management\backend\src\middleware\auth.js:10:25)
    at Layer.handle [as handle_request] (E:\Personal Documents\Stock-Management\backend\node_modules\express\lib\router\layer.js:95:5)
    at next (E:\Personal Documents\Stock-Management\backend\node_modules\express\lib\router\route.js:149:13)
    at Route.dispatch (E:\Personal Documents\Stock-Management\backend\node_modules\express\lib\router\route.js:119:3)
    at Layer.handle [as handle_request] (E:\Personal Documents\Stock-Management\backend\node_modules\express\lib\router\layer.js:95:5)
    at E:\Personal Documents\Stock-Management\backend\node_modules\express\lib\router\index.js:284:15
    at Function.process_params (E:\Personal Documents\Stock-Management\backend\node_modules\express\lib\router\index.js:346:12)
2025-07-11 13:38:31 [error]: Authentication failed
TokenExpiredError: jwt expired
    at E:\Personal Documents\Stock-Management\backend\node_modules\jsonwebtoken\verify.js:190:21
    at getSecret (E:\Personal Documents\Stock-Management\backend\node_modules\jsonwebtoken\verify.js:97:14)
    at module.exports [as verify] (E:\Personal Documents\Stock-Management\backend\node_modules\jsonwebtoken\verify.js:101:10)
    at authMiddleware (E:\Personal Documents\Stock-Management\backend\src\middleware\auth.js:10:25)
    at Layer.handle [as handle_request] (E:\Personal Documents\Stock-Management\backend\node_modules\express\lib\router\layer.js:95:5)
    at next (E:\Personal Documents\Stock-Management\backend\node_modules\express\lib\router\route.js:149:13)
    at Route.dispatch (E:\Personal Documents\Stock-Management\backend\node_modules\express\lib\router\route.js:119:3)
    at Layer.handle [as handle_request] (E:\Personal Documents\Stock-Management\backend\node_modules\express\lib\router\layer.js:95:5)
    at E:\Personal Documents\Stock-Management\backend\node_modules\express\lib\router\index.js:284:15
    at Function.process_params (E:\Personal Documents\Stock-Management\backend\node_modules\express\lib\router\index.js:346:12)
2025-07-11 13:39:31 [error]: Authentication failed
TokenExpiredError: jwt expired
    at E:\Personal Documents\Stock-Management\backend\node_modules\jsonwebtoken\verify.js:190:21
    at getSecret (E:\Personal Documents\Stock-Management\backend\node_modules\jsonwebtoken\verify.js:97:14)
    at module.exports [as verify] (E:\Personal Documents\Stock-Management\backend\node_modules\jsonwebtoken\verify.js:101:10)
    at authMiddleware (E:\Personal Documents\Stock-Management\backend\src\middleware\auth.js:10:25)
    at Layer.handle [as handle_request] (E:\Personal Documents\Stock-Management\backend\node_modules\express\lib\router\layer.js:95:5)
    at next (E:\Personal Documents\Stock-Management\backend\node_modules\express\lib\router\route.js:149:13)
    at Route.dispatch (E:\Personal Documents\Stock-Management\backend\node_modules\express\lib\router\route.js:119:3)
    at Layer.handle [as handle_request] (E:\Personal Documents\Stock-Management\backend\node_modules\express\lib\router\layer.js:95:5)
    at E:\Personal Documents\Stock-Management\backend\node_modules\express\lib\router\index.js:284:15
    at Function.process_params (E:\Personal Documents\Stock-Management\backend\node_modules\express\lib\router\index.js:346:12)
2025-07-11 13:40:31 [error]: Authentication failed
TokenExpiredError: jwt expired
    at E:\Personal Documents\Stock-Management\backend\node_modules\jsonwebtoken\verify.js:190:21
    at getSecret (E:\Personal Documents\Stock-Management\backend\node_modules\jsonwebtoken\verify.js:97:14)
    at module.exports [as verify] (E:\Personal Documents\Stock-Management\backend\node_modules\jsonwebtoken\verify.js:101:10)
    at authMiddleware (E:\Personal Documents\Stock-Management\backend\src\middleware\auth.js:10:25)
    at Layer.handle [as handle_request] (E:\Personal Documents\Stock-Management\backend\node_modules\express\lib\router\layer.js:95:5)
    at next (E:\Personal Documents\Stock-Management\backend\node_modules\express\lib\router\route.js:149:13)
    at Route.dispatch (E:\Personal Documents\Stock-Management\backend\node_modules\express\lib\router\route.js:119:3)
    at Layer.handle [as handle_request] (E:\Personal Documents\Stock-Management\backend\node_modules\express\lib\router\layer.js:95:5)
    at E:\Personal Documents\Stock-Management\backend\node_modules\express\lib\router\index.js:284:15
    at Function.process_params (E:\Personal Documents\Stock-Management\backend\node_modules\express\lib\router\index.js:346:12)
2025-07-11 13:41:31 [error]: Authentication failed
TokenExpiredError: jwt expired
    at E:\Personal Documents\Stock-Management\backend\node_modules\jsonwebtoken\verify.js:190:21
    at getSecret (E:\Personal Documents\Stock-Management\backend\node_modules\jsonwebtoken\verify.js:97:14)
    at module.exports [as verify] (E:\Personal Documents\Stock-Management\backend\node_modules\jsonwebtoken\verify.js:101:10)
    at authMiddleware (E:\Personal Documents\Stock-Management\backend\src\middleware\auth.js:10:25)
    at Layer.handle [as handle_request] (E:\Personal Documents\Stock-Management\backend\node_modules\express\lib\router\layer.js:95:5)
    at next (E:\Personal Documents\Stock-Management\backend\node_modules\express\lib\router\route.js:149:13)
    at Route.dispatch (E:\Personal Documents\Stock-Management\backend\node_modules\express\lib\router\route.js:119:3)
    at Layer.handle [as handle_request] (E:\Personal Documents\Stock-Management\backend\node_modules\express\lib\router\layer.js:95:5)
    at E:\Personal Documents\Stock-Management\backend\node_modules\express\lib\router\index.js:284:15
    at Function.process_params (E:\Personal Documents\Stock-Management\backend\node_modules\express\lib\router\index.js:346:12)
2025-07-11 13:42:31 [error]: Authentication failed
TokenExpiredError: jwt expired
    at E:\Personal Documents\Stock-Management\backend\node_modules\jsonwebtoken\verify.js:190:21
    at getSecret (E:\Personal Documents\Stock-Management\backend\node_modules\jsonwebtoken\verify.js:97:14)
    at module.exports [as verify] (E:\Personal Documents\Stock-Management\backend\node_modules\jsonwebtoken\verify.js:101:10)
    at authMiddleware (E:\Personal Documents\Stock-Management\backend\src\middleware\auth.js:10:25)
    at Layer.handle [as handle_request] (E:\Personal Documents\Stock-Management\backend\node_modules\express\lib\router\layer.js:95:5)
    at next (E:\Personal Documents\Stock-Management\backend\node_modules\express\lib\router\route.js:149:13)
    at Route.dispatch (E:\Personal Documents\Stock-Management\backend\node_modules\express\lib\router\route.js:119:3)
    at Layer.handle [as handle_request] (E:\Personal Documents\Stock-Management\backend\node_modules\express\lib\router\layer.js:95:5)
    at E:\Personal Documents\Stock-Management\backend\node_modules\express\lib\router\index.js:284:15
    at Function.process_params (E:\Personal Documents\Stock-Management\backend\node_modules\express\lib\router\index.js:346:12)
2025-07-11 13:43:31 [error]: Authentication failed
TokenExpiredError: jwt expired
    at E:\Personal Documents\Stock-Management\backend\node_modules\jsonwebtoken\verify.js:190:21
    at getSecret (E:\Personal Documents\Stock-Management\backend\node_modules\jsonwebtoken\verify.js:97:14)
    at module.exports [as verify] (E:\Personal Documents\Stock-Management\backend\node_modules\jsonwebtoken\verify.js:101:10)
    at authMiddleware (E:\Personal Documents\Stock-Management\backend\src\middleware\auth.js:10:25)
    at Layer.handle [as handle_request] (E:\Personal Documents\Stock-Management\backend\node_modules\express\lib\router\layer.js:95:5)
    at next (E:\Personal Documents\Stock-Management\backend\node_modules\express\lib\router\route.js:149:13)
    at Route.dispatch (E:\Personal Documents\Stock-Management\backend\node_modules\express\lib\router\route.js:119:3)
    at Layer.handle [as handle_request] (E:\Personal Documents\Stock-Management\backend\node_modules\express\lib\router\layer.js:95:5)
    at E:\Personal Documents\Stock-Management\backend\node_modules\express\lib\router\index.js:284:15
    at Function.process_params (E:\Personal Documents\Stock-Management\backend\node_modules\express\lib\router\index.js:346:12)
2025-07-11 13:44:31 [error]: Authentication failed
TokenExpiredError: jwt expired
    at E:\Personal Documents\Stock-Management\backend\node_modules\jsonwebtoken\verify.js:190:21
    at getSecret (E:\Personal Documents\Stock-Management\backend\node_modules\jsonwebtoken\verify.js:97:14)
    at module.exports [as verify] (E:\Personal Documents\Stock-Management\backend\node_modules\jsonwebtoken\verify.js:101:10)
    at authMiddleware (E:\Personal Documents\Stock-Management\backend\src\middleware\auth.js:10:25)
    at Layer.handle [as handle_request] (E:\Personal Documents\Stock-Management\backend\node_modules\express\lib\router\layer.js:95:5)
    at next (E:\Personal Documents\Stock-Management\backend\node_modules\express\lib\router\route.js:149:13)
    at Route.dispatch (E:\Personal Documents\Stock-Management\backend\node_modules\express\lib\router\route.js:119:3)
    at Layer.handle [as handle_request] (E:\Personal Documents\Stock-Management\backend\node_modules\express\lib\router\layer.js:95:5)
    at E:\Personal Documents\Stock-Management\backend\node_modules\express\lib\router\index.js:284:15
    at Function.process_params (E:\Personal Documents\Stock-Management\backend\node_modules\express\lib\router\index.js:346:12)
2025-07-11 13:45:31 [error]: Authentication failed
TokenExpiredError: jwt expired
    at E:\Personal Documents\Stock-Management\backend\node_modules\jsonwebtoken\verify.js:190:21
    at getSecret (E:\Personal Documents\Stock-Management\backend\node_modules\jsonwebtoken\verify.js:97:14)
    at module.exports [as verify] (E:\Personal Documents\Stock-Management\backend\node_modules\jsonwebtoken\verify.js:101:10)
    at authMiddleware (E:\Personal Documents\Stock-Management\backend\src\middleware\auth.js:10:25)
    at Layer.handle [as handle_request] (E:\Personal Documents\Stock-Management\backend\node_modules\express\lib\router\layer.js:95:5)
    at next (E:\Personal Documents\Stock-Management\backend\node_modules\express\lib\router\route.js:149:13)
    at Route.dispatch (E:\Personal Documents\Stock-Management\backend\node_modules\express\lib\router\route.js:119:3)
    at Layer.handle [as handle_request] (E:\Personal Documents\Stock-Management\backend\node_modules\express\lib\router\layer.js:95:5)
    at E:\Personal Documents\Stock-Management\backend\node_modules\express\lib\router\index.js:284:15
    at Function.process_params (E:\Personal Documents\Stock-Management\backend\node_modules\express\lib\router\index.js:346:12)
2025-07-11 13:46:31 [error]: Authentication failed
TokenExpiredError: jwt expired
    at E:\Personal Documents\Stock-Management\backend\node_modules\jsonwebtoken\verify.js:190:21
    at getSecret (E:\Personal Documents\Stock-Management\backend\node_modules\jsonwebtoken\verify.js:97:14)
    at module.exports [as verify] (E:\Personal Documents\Stock-Management\backend\node_modules\jsonwebtoken\verify.js:101:10)
    at authMiddleware (E:\Personal Documents\Stock-Management\backend\src\middleware\auth.js:10:25)
    at Layer.handle [as handle_request] (E:\Personal Documents\Stock-Management\backend\node_modules\express\lib\router\layer.js:95:5)
    at next (E:\Personal Documents\Stock-Management\backend\node_modules\express\lib\router\route.js:149:13)
    at Route.dispatch (E:\Personal Documents\Stock-Management\backend\node_modules\express\lib\router\route.js:119:3)
    at Layer.handle [as handle_request] (E:\Personal Documents\Stock-Management\backend\node_modules\express\lib\router\layer.js:95:5)
    at E:\Personal Documents\Stock-Management\backend\node_modules\express\lib\router\index.js:284:15
    at Function.process_params (E:\Personal Documents\Stock-Management\backend\node_modules\express\lib\router\index.js:346:12)
2025-07-11 13:47:31 [error]: Authentication failed
TokenExpiredError: jwt expired
    at E:\Personal Documents\Stock-Management\backend\node_modules\jsonwebtoken\verify.js:190:21
    at getSecret (E:\Personal Documents\Stock-Management\backend\node_modules\jsonwebtoken\verify.js:97:14)
    at module.exports [as verify] (E:\Personal Documents\Stock-Management\backend\node_modules\jsonwebtoken\verify.js:101:10)
    at authMiddleware (E:\Personal Documents\Stock-Management\backend\src\middleware\auth.js:10:25)
    at Layer.handle [as handle_request] (E:\Personal Documents\Stock-Management\backend\node_modules\express\lib\router\layer.js:95:5)
    at next (E:\Personal Documents\Stock-Management\backend\node_modules\express\lib\router\route.js:149:13)
    at Route.dispatch (E:\Personal Documents\Stock-Management\backend\node_modules\express\lib\router\route.js:119:3)
    at Layer.handle [as handle_request] (E:\Personal Documents\Stock-Management\backend\node_modules\express\lib\router\layer.js:95:5)
    at E:\Personal Documents\Stock-Management\backend\node_modules\express\lib\router\index.js:284:15
    at Function.process_params (E:\Personal Documents\Stock-Management\backend\node_modules\express\lib\router\index.js:346:12)
2025-07-11 13:48:31 [error]: Authentication failed
TokenExpiredError: jwt expired
    at E:\Personal Documents\Stock-Management\backend\node_modules\jsonwebtoken\verify.js:190:21
    at getSecret (E:\Personal Documents\Stock-Management\backend\node_modules\jsonwebtoken\verify.js:97:14)
    at module.exports [as verify] (E:\Personal Documents\Stock-Management\backend\node_modules\jsonwebtoken\verify.js:101:10)
    at authMiddleware (E:\Personal Documents\Stock-Management\backend\src\middleware\auth.js:10:25)
    at Layer.handle [as handle_request] (E:\Personal Documents\Stock-Management\backend\node_modules\express\lib\router\layer.js:95:5)
    at next (E:\Personal Documents\Stock-Management\backend\node_modules\express\lib\router\route.js:149:13)
    at Route.dispatch (E:\Personal Documents\Stock-Management\backend\node_modules\express\lib\router\route.js:119:3)
    at Layer.handle [as handle_request] (E:\Personal Documents\Stock-Management\backend\node_modules\express\lib\router\layer.js:95:5)
    at E:\Personal Documents\Stock-Management\backend\node_modules\express\lib\router\index.js:284:15
    at Function.process_params (E:\Personal Documents\Stock-Management\backend\node_modules\express\lib\router\index.js:346:12)
2025-07-11 13:49:31 [error]: Authentication failed
TokenExpiredError: jwt expired
    at E:\Personal Documents\Stock-Management\backend\node_modules\jsonwebtoken\verify.js:190:21
    at getSecret (E:\Personal Documents\Stock-Management\backend\node_modules\jsonwebtoken\verify.js:97:14)
    at module.exports [as verify] (E:\Personal Documents\Stock-Management\backend\node_modules\jsonwebtoken\verify.js:101:10)
    at authMiddleware (E:\Personal Documents\Stock-Management\backend\src\middleware\auth.js:10:25)
    at Layer.handle [as handle_request] (E:\Personal Documents\Stock-Management\backend\node_modules\express\lib\router\layer.js:95:5)
    at next (E:\Personal Documents\Stock-Management\backend\node_modules\express\lib\router\route.js:149:13)
    at Route.dispatch (E:\Personal Documents\Stock-Management\backend\node_modules\express\lib\router\route.js:119:3)
    at Layer.handle [as handle_request] (E:\Personal Documents\Stock-Management\backend\node_modules\express\lib\router\layer.js:95:5)
    at E:\Personal Documents\Stock-Management\backend\node_modules\express\lib\router\index.js:284:15
    at Function.process_params (E:\Personal Documents\Stock-Management\backend\node_modules\express\lib\router\index.js:346:12)
2025-07-11 13:50:00 [error]: Authentication failed
TokenExpiredError: jwt expired
    at E:\Personal Documents\Stock-Management\backend\node_modules\jsonwebtoken\verify.js:190:21
    at getSecret (E:\Personal Documents\Stock-Management\backend\node_modules\jsonwebtoken\verify.js:97:14)
    at module.exports [as verify] (E:\Personal Documents\Stock-Management\backend\node_modules\jsonwebtoken\verify.js:101:10)
    at authMiddleware (E:\Personal Documents\Stock-Management\backend\src\middleware\auth.js:10:25)
    at Layer.handle [as handle_request] (E:\Personal Documents\Stock-Management\backend\node_modules\express\lib\router\layer.js:95:5)
    at next (E:\Personal Documents\Stock-Management\backend\node_modules\express\lib\router\route.js:149:13)
    at Route.dispatch (E:\Personal Documents\Stock-Management\backend\node_modules\express\lib\router\route.js:119:3)
    at Layer.handle [as handle_request] (E:\Personal Documents\Stock-Management\backend\node_modules\express\lib\router\layer.js:95:5)
    at E:\Personal Documents\Stock-Management\backend\node_modules\express\lib\router\index.js:284:15
    at Function.process_params (E:\Personal Documents\Stock-Management\backend\node_modules\express\lib\router\index.js:346:12)
2025-07-11 13:50:02 [error]: Authentication failed
TokenExpiredError: jwt expired
    at E:\Personal Documents\Stock-Management\backend\node_modules\jsonwebtoken\verify.js:190:21
    at getSecret (E:\Personal Documents\Stock-Management\backend\node_modules\jsonwebtoken\verify.js:97:14)
    at module.exports [as verify] (E:\Personal Documents\Stock-Management\backend\node_modules\jsonwebtoken\verify.js:101:10)
    at authMiddleware (E:\Personal Documents\Stock-Management\backend\src\middleware\auth.js:10:25)
    at Layer.handle [as handle_request] (E:\Personal Documents\Stock-Management\backend\node_modules\express\lib\router\layer.js:95:5)
    at next (E:\Personal Documents\Stock-Management\backend\node_modules\express\lib\router\route.js:149:13)
    at Route.dispatch (E:\Personal Documents\Stock-Management\backend\node_modules\express\lib\router\route.js:119:3)
    at Layer.handle [as handle_request] (E:\Personal Documents\Stock-Management\backend\node_modules\express\lib\router\layer.js:95:5)
    at E:\Personal Documents\Stock-Management\backend\node_modules\express\lib\router\index.js:284:15
    at Function.process_params (E:\Personal Documents\Stock-Management\backend\node_modules\express\lib\router\index.js:346:12)
2025-07-11 13:50:02 [error]: Authentication failed
JsonWebTokenError: jwt malformed
    at module.exports [as verify] (E:\Personal Documents\Stock-Management\backend\node_modules\jsonwebtoken\verify.js:70:17)
    at authMiddleware (E:\Personal Documents\Stock-Management\backend\src\middleware\auth.js:10:25)
    at Layer.handle [as handle_request] (E:\Personal Documents\Stock-Management\backend\node_modules\express\lib\router\layer.js:95:5)
    at next (E:\Personal Documents\Stock-Management\backend\node_modules\express\lib\router\route.js:149:13)
    at Route.dispatch (E:\Personal Documents\Stock-Management\backend\node_modules\express\lib\router\route.js:119:3)
    at Layer.handle [as handle_request] (E:\Personal Documents\Stock-Management\backend\node_modules\express\lib\router\layer.js:95:5)
    at E:\Personal Documents\Stock-Management\backend\node_modules\express\lib\router\index.js:284:15
    at Function.process_params (E:\Personal Documents\Stock-Management\backend\node_modules\express\lib\router\index.js:346:12)
    at next (E:\Personal Documents\Stock-Management\backend\node_modules\express\lib\router\index.js:280:10)
    at Function.handle (E:\Personal Documents\Stock-Management\backend\node_modules\express\lib\router\index.js:175:3)
2025-07-11 13:50:02 [error]: Authentication failed
TokenExpiredError: jwt expired
    at E:\Personal Documents\Stock-Management\backend\node_modules\jsonwebtoken\verify.js:190:21
    at getSecret (E:\Personal Documents\Stock-Management\backend\node_modules\jsonwebtoken\verify.js:97:14)
    at module.exports [as verify] (E:\Personal Documents\Stock-Management\backend\node_modules\jsonwebtoken\verify.js:101:10)
    at authMiddleware (E:\Personal Documents\Stock-Management\backend\src\middleware\auth.js:10:25)
    at Layer.handle [as handle_request] (E:\Personal Documents\Stock-Management\backend\node_modules\express\lib\router\layer.js:95:5)
    at next (E:\Personal Documents\Stock-Management\backend\node_modules\express\lib\router\route.js:149:13)
    at Route.dispatch (E:\Personal Documents\Stock-Management\backend\node_modules\express\lib\router\route.js:119:3)
    at Layer.handle [as handle_request] (E:\Personal Documents\Stock-Management\backend\node_modules\express\lib\router\layer.js:95:5)
    at E:\Personal Documents\Stock-Management\backend\node_modules\express\lib\router\index.js:284:15
    at Function.process_params (E:\Personal Documents\Stock-Management\backend\node_modules\express\lib\router\index.js:346:12)
2025-07-11 13:50:02 [error]: Authentication failed
TokenExpiredError: jwt expired
    at E:\Personal Documents\Stock-Management\backend\node_modules\jsonwebtoken\verify.js:190:21
    at getSecret (E:\Personal Documents\Stock-Management\backend\node_modules\jsonwebtoken\verify.js:97:14)
    at module.exports [as verify] (E:\Personal Documents\Stock-Management\backend\node_modules\jsonwebtoken\verify.js:101:10)
    at authMiddleware (E:\Personal Documents\Stock-Management\backend\src\middleware\auth.js:10:25)
    at Layer.handle [as handle_request] (E:\Personal Documents\Stock-Management\backend\node_modules\express\lib\router\layer.js:95:5)
    at next (E:\Personal Documents\Stock-Management\backend\node_modules\express\lib\router\route.js:149:13)
    at Route.dispatch (E:\Personal Documents\Stock-Management\backend\node_modules\express\lib\router\route.js:119:3)
    at Layer.handle [as handle_request] (E:\Personal Documents\Stock-Management\backend\node_modules\express\lib\router\layer.js:95:5)
    at E:\Personal Documents\Stock-Management\backend\node_modules\express\lib\router\index.js:284:15
    at Function.process_params (E:\Personal Documents\Stock-Management\backend\node_modules\express\lib\router\index.js:346:12)
2025-07-11 14:04:16 [error]: Error updating notification
CastError: Cast to ObjectId failed for value "mark-all-read" (type string) at path "_id" for model "Notification"
    at SchemaObjectId.cast (E:\Personal Documents\Stock-Management\backend\node_modules\mongoose\lib\schema\objectId.js:251:11)
    at SchemaType.applySetters (E:\Personal Documents\Stock-Management\backend\node_modules\mongoose\lib\schemaType.js:1255:12)
    at SchemaType.castForQuery (E:\Personal Documents\Stock-Management\backend\node_modules\mongoose\lib\schemaType.js:1673:17)
    at cast (E:\Personal Documents\Stock-Management\backend\node_modules\mongoose\lib\cast.js:390:32)
    at Query.cast (E:\Personal Documents\Stock-Management\backend\node_modules\mongoose\lib\query.js:5055:12)
    at Query._castConditions (E:\Personal Documents\Stock-Management\backend\node_modules\mongoose\lib\query.js:2351:10)
    at model.Query._findOneAndUpdate (E:\Personal Documents\Stock-Management\backend\node_modules\mongoose\lib\query.js:3454:8)
    at model.Query.exec (E:\Personal Documents\Stock-Management\backend\node_modules\mongoose\lib\query.js:4604:80)
    at process.processTicksAndRejections (node:internal/process/task_queues:95:5)
    at async E:\Personal Documents\Stock-Management\backend\src\routes\api.js:1148:26
2025-07-11 14:50:05 [error]: Authentication failed
TokenExpiredError: jwt expired
    at E:\Personal Documents\Stock-Management\backend\node_modules\jsonwebtoken\verify.js:190:21
    at getSecret (E:\Personal Documents\Stock-Management\backend\node_modules\jsonwebtoken\verify.js:97:14)
    at module.exports [as verify] (E:\Personal Documents\Stock-Management\backend\node_modules\jsonwebtoken\verify.js:101:10)
    at authMiddleware (E:\Personal Documents\Stock-Management\backend\src\middleware\auth.js:10:25)
    at Layer.handle [as handle_request] (E:\Personal Documents\Stock-Management\backend\node_modules\express\lib\router\layer.js:95:5)
    at next (E:\Personal Documents\Stock-Management\backend\node_modules\express\lib\router\route.js:149:13)
    at Route.dispatch (E:\Personal Documents\Stock-Management\backend\node_modules\express\lib\router\route.js:119:3)
    at Layer.handle [as handle_request] (E:\Personal Documents\Stock-Management\backend\node_modules\express\lib\router\layer.js:95:5)
    at E:\Personal Documents\Stock-Management\backend\node_modules\express\lib\router\index.js:284:15
    at Function.process_params (E:\Personal Documents\Stock-Management\backend\node_modules\express\lib\router\index.js:346:12)
2025-07-11 14:50:35 [error]: Authentication failed
TokenExpiredError: jwt expired
    at E:\Personal Documents\Stock-Management\backend\node_modules\jsonwebtoken\verify.js:190:21
    at getSecret (E:\Personal Documents\Stock-Management\backend\node_modules\jsonwebtoken\verify.js:97:14)
    at module.exports [as verify] (E:\Personal Documents\Stock-Management\backend\node_modules\jsonwebtoken\verify.js:101:10)
    at authMiddleware (E:\Personal Documents\Stock-Management\backend\src\middleware\auth.js:10:25)
    at Layer.handle [as handle_request] (E:\Personal Documents\Stock-Management\backend\node_modules\express\lib\router\layer.js:95:5)
    at next (E:\Personal Documents\Stock-Management\backend\node_modules\express\lib\router\route.js:149:13)
    at Route.dispatch (E:\Personal Documents\Stock-Management\backend\node_modules\express\lib\router\route.js:119:3)
    at Layer.handle [as handle_request] (E:\Personal Documents\Stock-Management\backend\node_modules\express\lib\router\layer.js:95:5)
    at E:\Personal Documents\Stock-Management\backend\node_modules\express\lib\router\index.js:284:15
    at Function.process_params (E:\Personal Documents\Stock-Management\backend\node_modules\express\lib\router\index.js:346:12)
2025-07-11 14:51:05 [error]: Authentication failed
TokenExpiredError: jwt expired
    at E:\Personal Documents\Stock-Management\backend\node_modules\jsonwebtoken\verify.js:190:21
    at getSecret (E:\Personal Documents\Stock-Management\backend\node_modules\jsonwebtoken\verify.js:97:14)
    at module.exports [as verify] (E:\Personal Documents\Stock-Management\backend\node_modules\jsonwebtoken\verify.js:101:10)
    at authMiddleware (E:\Personal Documents\Stock-Management\backend\src\middleware\auth.js:10:25)
    at Layer.handle [as handle_request] (E:\Personal Documents\Stock-Management\backend\node_modules\express\lib\router\layer.js:95:5)
    at next (E:\Personal Documents\Stock-Management\backend\node_modules\express\lib\router\route.js:149:13)
    at Route.dispatch (E:\Personal Documents\Stock-Management\backend\node_modules\express\lib\router\route.js:119:3)
    at Layer.handle [as handle_request] (E:\Personal Documents\Stock-Management\backend\node_modules\express\lib\router\layer.js:95:5)
    at E:\Personal Documents\Stock-Management\backend\node_modules\express\lib\router\index.js:284:15
    at Function.process_params (E:\Personal Documents\Stock-Management\backend\node_modules\express\lib\router\index.js:346:12)
2025-07-11 14:51:35 [error]: Authentication failed
TokenExpiredError: jwt expired
    at E:\Personal Documents\Stock-Management\backend\node_modules\jsonwebtoken\verify.js:190:21
    at getSecret (E:\Personal Documents\Stock-Management\backend\node_modules\jsonwebtoken\verify.js:97:14)
    at module.exports [as verify] (E:\Personal Documents\Stock-Management\backend\node_modules\jsonwebtoken\verify.js:101:10)
    at authMiddleware (E:\Personal Documents\Stock-Management\backend\src\middleware\auth.js:10:25)
    at Layer.handle [as handle_request] (E:\Personal Documents\Stock-Management\backend\node_modules\express\lib\router\layer.js:95:5)
    at next (E:\Personal Documents\Stock-Management\backend\node_modules\express\lib\router\route.js:149:13)
    at Route.dispatch (E:\Personal Documents\Stock-Management\backend\node_modules\express\lib\router\route.js:119:3)
    at Layer.handle [as handle_request] (E:\Personal Documents\Stock-Management\backend\node_modules\express\lib\router\layer.js:95:5)
    at E:\Personal Documents\Stock-Management\backend\node_modules\express\lib\router\index.js:284:15
    at Function.process_params (E:\Personal Documents\Stock-Management\backend\node_modules\express\lib\router\index.js:346:12)
2025-07-11 14:52:05 [error]: Authentication failed
TokenExpiredError: jwt expired
    at E:\Personal Documents\Stock-Management\backend\node_modules\jsonwebtoken\verify.js:190:21
    at getSecret (E:\Personal Documents\Stock-Management\backend\node_modules\jsonwebtoken\verify.js:97:14)
    at module.exports [as verify] (E:\Personal Documents\Stock-Management\backend\node_modules\jsonwebtoken\verify.js:101:10)
    at authMiddleware (E:\Personal Documents\Stock-Management\backend\src\middleware\auth.js:10:25)
    at Layer.handle [as handle_request] (E:\Personal Documents\Stock-Management\backend\node_modules\express\lib\router\layer.js:95:5)
    at next (E:\Personal Documents\Stock-Management\backend\node_modules\express\lib\router\route.js:149:13)
    at Route.dispatch (E:\Personal Documents\Stock-Management\backend\node_modules\express\lib\router\route.js:119:3)
    at Layer.handle [as handle_request] (E:\Personal Documents\Stock-Management\backend\node_modules\express\lib\router\layer.js:95:5)
    at E:\Personal Documents\Stock-Management\backend\node_modules\express\lib\router\index.js:284:15
    at Function.process_params (E:\Personal Documents\Stock-Management\backend\node_modules\express\lib\router\index.js:346:12)
2025-07-11 14:52:35 [error]: Authentication failed
TokenExpiredError: jwt expired
    at E:\Personal Documents\Stock-Management\backend\node_modules\jsonwebtoken\verify.js:190:21
    at getSecret (E:\Personal Documents\Stock-Management\backend\node_modules\jsonwebtoken\verify.js:97:14)
    at module.exports [as verify] (E:\Personal Documents\Stock-Management\backend\node_modules\jsonwebtoken\verify.js:101:10)
    at authMiddleware (E:\Personal Documents\Stock-Management\backend\src\middleware\auth.js:10:25)
    at Layer.handle [as handle_request] (E:\Personal Documents\Stock-Management\backend\node_modules\express\lib\router\layer.js:95:5)
    at next (E:\Personal Documents\Stock-Management\backend\node_modules\express\lib\router\route.js:149:13)
    at Route.dispatch (E:\Personal Documents\Stock-Management\backend\node_modules\express\lib\router\route.js:119:3)
    at Layer.handle [as handle_request] (E:\Personal Documents\Stock-Management\backend\node_modules\express\lib\router\layer.js:95:5)
    at E:\Personal Documents\Stock-Management\backend\node_modules\express\lib\router\index.js:284:15
    at Function.process_params (E:\Personal Documents\Stock-Management\backend\node_modules\express\lib\router\index.js:346:12)
2025-07-11 15:38:23 [error]: Error updating notification
CastError: Cast to ObjectId failed for value "mark-all-read" (type string) at path "_id" for model "Notification"
    at SchemaObjectId.cast (E:\Personal Documents\Stock-Management\backend\node_modules\mongoose\lib\schema\objectId.js:251:11)
    at SchemaType.applySetters (E:\Personal Documents\Stock-Management\backend\node_modules\mongoose\lib\schemaType.js:1255:12)
    at SchemaType.castForQuery (E:\Personal Documents\Stock-Management\backend\node_modules\mongoose\lib\schemaType.js:1673:17)
    at cast (E:\Personal Documents\Stock-Management\backend\node_modules\mongoose\lib\cast.js:390:32)
    at Query.cast (E:\Personal Documents\Stock-Management\backend\node_modules\mongoose\lib\query.js:5055:12)
    at Query._castConditions (E:\Personal Documents\Stock-Management\backend\node_modules\mongoose\lib\query.js:2351:10)
    at model.Query._findOneAndUpdate (E:\Personal Documents\Stock-Management\backend\node_modules\mongoose\lib\query.js:3454:8)
    at model.Query.exec (E:\Personal Documents\Stock-Management\backend\node_modules\mongoose\lib\query.js:4604:80)
    at process.processTicksAndRejections (node:internal/process/task_queues:95:5)
    at async E:\Personal Documents\Stock-Management\backend\src\routes\api.js:1148:26
2025-07-11 15:53:22 [error]: Authentication failed
TokenExpiredError: jwt expired
    at E:\Personal Documents\Stock-Management\backend\node_modules\jsonwebtoken\verify.js:190:21
    at getSecret (E:\Personal Documents\Stock-Management\backend\node_modules\jsonwebtoken\verify.js:97:14)
    at module.exports [as verify] (E:\Personal Documents\Stock-Management\backend\node_modules\jsonwebtoken\verify.js:101:10)
    at authMiddleware (E:\Personal Documents\Stock-Management\backend\src\middleware\auth.js:10:25)
    at Layer.handle [as handle_request] (E:\Personal Documents\Stock-Management\backend\node_modules\express\lib\router\layer.js:95:5)
    at next (E:\Personal Documents\Stock-Management\backend\node_modules\express\lib\router\route.js:149:13)
    at Route.dispatch (E:\Personal Documents\Stock-Management\backend\node_modules\express\lib\router\route.js:119:3)
    at Layer.handle [as handle_request] (E:\Personal Documents\Stock-Management\backend\node_modules\express\lib\router\layer.js:95:5)
    at E:\Personal Documents\Stock-Management\backend\node_modules\express\lib\router\index.js:284:15
    at Function.process_params (E:\Personal Documents\Stock-Management\backend\node_modules\express\lib\router\index.js:346:12)
2025-07-11 15:53:30 [error]: Authentication failed
TokenExpiredError: jwt expired
    at E:\Personal Documents\Stock-Management\backend\node_modules\jsonwebtoken\verify.js:190:21
    at getSecret (E:\Personal Documents\Stock-Management\backend\node_modules\jsonwebtoken\verify.js:97:14)
    at module.exports [as verify] (E:\Personal Documents\Stock-Management\backend\node_modules\jsonwebtoken\verify.js:101:10)
    at authMiddleware (E:\Personal Documents\Stock-Management\backend\src\middleware\auth.js:10:25)
    at Layer.handle [as handle_request] (E:\Personal Documents\Stock-Management\backend\node_modules\express\lib\router\layer.js:95:5)
    at next (E:\Personal Documents\Stock-Management\backend\node_modules\express\lib\router\route.js:149:13)
    at Route.dispatch (E:\Personal Documents\Stock-Management\backend\node_modules\express\lib\router\route.js:119:3)
    at Layer.handle [as handle_request] (E:\Personal Documents\Stock-Management\backend\node_modules\express\lib\router\layer.js:95:5)
    at E:\Personal Documents\Stock-Management\backend\node_modules\express\lib\router\index.js:284:15
    at Function.process_params (E:\Personal Documents\Stock-Management\backend\node_modules\express\lib\router\index.js:346:12)
2025-07-11 15:53:30 [error]: Authentication failed
TokenExpiredError: jwt expired
    at E:\Personal Documents\Stock-Management\backend\node_modules\jsonwebtoken\verify.js:190:21
    at getSecret (E:\Personal Documents\Stock-Management\backend\node_modules\jsonwebtoken\verify.js:97:14)
    at module.exports [as verify] (E:\Personal Documents\Stock-Management\backend\node_modules\jsonwebtoken\verify.js:101:10)
    at authMiddleware (E:\Personal Documents\Stock-Management\backend\src\middleware\auth.js:10:25)
    at Layer.handle [as handle_request] (E:\Personal Documents\Stock-Management\backend\node_modules\express\lib\router\layer.js:95:5)
    at next (E:\Personal Documents\Stock-Management\backend\node_modules\express\lib\router\route.js:149:13)
    at Route.dispatch (E:\Personal Documents\Stock-Management\backend\node_modules\express\lib\router\route.js:119:3)
    at Layer.handle [as handle_request] (E:\Personal Documents\Stock-Management\backend\node_modules\express\lib\router\layer.js:95:5)
    at E:\Personal Documents\Stock-Management\backend\node_modules\express\lib\router\index.js:284:15
    at Function.process_params (E:\Personal Documents\Stock-Management\backend\node_modules\express\lib\router\index.js:346:12)
2025-07-11 15:53:30 [error]: Authentication failed
TokenExpiredError: jwt expired
    at E:\Personal Documents\Stock-Management\backend\node_modules\jsonwebtoken\verify.js:190:21
    at getSecret (E:\Personal Documents\Stock-Management\backend\node_modules\jsonwebtoken\verify.js:97:14)
    at module.exports [as verify] (E:\Personal Documents\Stock-Management\backend\node_modules\jsonwebtoken\verify.js:101:10)
    at authMiddleware (E:\Personal Documents\Stock-Management\backend\src\middleware\auth.js:10:25)
    at Layer.handle [as handle_request] (E:\Personal Documents\Stock-Management\backend\node_modules\express\lib\router\layer.js:95:5)
    at next (E:\Personal Documents\Stock-Management\backend\node_modules\express\lib\router\route.js:149:13)
    at Route.dispatch (E:\Personal Documents\Stock-Management\backend\node_modules\express\lib\router\route.js:119:3)
    at Layer.handle [as handle_request] (E:\Personal Documents\Stock-Management\backend\node_modules\express\lib\router\layer.js:95:5)
    at E:\Personal Documents\Stock-Management\backend\node_modules\express\lib\router\index.js:284:15
    at Function.process_params (E:\Personal Documents\Stock-Management\backend\node_modules\express\lib\router\index.js:346:12)
2025-07-11 15:53:30 [error]: Authentication failed
TokenExpiredError: jwt expired
    at E:\Personal Documents\Stock-Management\backend\node_modules\jsonwebtoken\verify.js:190:21
    at getSecret (E:\Personal Documents\Stock-Management\backend\node_modules\jsonwebtoken\verify.js:97:14)
    at module.exports [as verify] (E:\Personal Documents\Stock-Management\backend\node_modules\jsonwebtoken\verify.js:101:10)
    at authMiddleware (E:\Personal Documents\Stock-Management\backend\src\middleware\auth.js:10:25)
    at Layer.handle [as handle_request] (E:\Personal Documents\Stock-Management\backend\node_modules\express\lib\router\layer.js:95:5)
    at next (E:\Personal Documents\Stock-Management\backend\node_modules\express\lib\router\route.js:149:13)
    at Route.dispatch (E:\Personal Documents\Stock-Management\backend\node_modules\express\lib\router\route.js:119:3)
    at Layer.handle [as handle_request] (E:\Personal Documents\Stock-Management\backend\node_modules\express\lib\router\layer.js:95:5)
    at E:\Personal Documents\Stock-Management\backend\node_modules\express\lib\router\index.js:284:15
    at Function.process_params (E:\Personal Documents\Stock-Management\backend\node_modules\express\lib\router\index.js:346:12)
2025-07-11 15:53:30 [error]: Authentication failed
TokenExpiredError: jwt expired
    at E:\Personal Documents\Stock-Management\backend\node_modules\jsonwebtoken\verify.js:190:21
    at getSecret (E:\Personal Documents\Stock-Management\backend\node_modules\jsonwebtoken\verify.js:97:14)
    at module.exports [as verify] (E:\Personal Documents\Stock-Management\backend\node_modules\jsonwebtoken\verify.js:101:10)
    at authMiddleware (E:\Personal Documents\Stock-Management\backend\src\middleware\auth.js:10:25)
    at Layer.handle [as handle_request] (E:\Personal Documents\Stock-Management\backend\node_modules\express\lib\router\layer.js:95:5)
    at next (E:\Personal Documents\Stock-Management\backend\node_modules\express\lib\router\route.js:149:13)
    at Route.dispatch (E:\Personal Documents\Stock-Management\backend\node_modules\express\lib\router\route.js:119:3)
    at Layer.handle [as handle_request] (E:\Personal Documents\Stock-Management\backend\node_modules\express\lib\router\layer.js:95:5)
    at E:\Personal Documents\Stock-Management\backend\node_modules\express\lib\router\index.js:284:15
    at Function.process_params (E:\Personal Documents\Stock-Management\backend\node_modules\express\lib\router\index.js:346:12)
2025-07-11 15:53:30 [error]: Authentication failed
TokenExpiredError: jwt expired
    at E:\Personal Documents\Stock-Management\backend\node_modules\jsonwebtoken\verify.js:190:21
    at getSecret (E:\Personal Documents\Stock-Management\backend\node_modules\jsonwebtoken\verify.js:97:14)
    at module.exports [as verify] (E:\Personal Documents\Stock-Management\backend\node_modules\jsonwebtoken\verify.js:101:10)
    at authMiddleware (E:\Personal Documents\Stock-Management\backend\src\middleware\auth.js:10:25)
    at Layer.handle [as handle_request] (E:\Personal Documents\Stock-Management\backend\node_modules\express\lib\router\layer.js:95:5)
    at next (E:\Personal Documents\Stock-Management\backend\node_modules\express\lib\router\route.js:149:13)
    at Route.dispatch (E:\Personal Documents\Stock-Management\backend\node_modules\express\lib\router\route.js:119:3)
    at Layer.handle [as handle_request] (E:\Personal Documents\Stock-Management\backend\node_modules\express\lib\router\layer.js:95:5)
    at E:\Personal Documents\Stock-Management\backend\node_modules\express\lib\router\index.js:284:15
    at Function.process_params (E:\Personal Documents\Stock-Management\backend\node_modules\express\lib\router\index.js:346:12)
2025-07-11 18:01:00 [error]: Authentication failed
TokenExpiredError: jwt expired
    at E:\Personal Documents\Stock-Management\backend\node_modules\jsonwebtoken\verify.js:190:21
    at getSecret (E:\Personal Documents\Stock-Management\backend\node_modules\jsonwebtoken\verify.js:97:14)
    at module.exports [as verify] (E:\Personal Documents\Stock-Management\backend\node_modules\jsonwebtoken\verify.js:101:10)
    at authMiddleware (E:\Personal Documents\Stock-Management\backend\src\middleware\auth.js:10:25)
    at Layer.handle [as handle_request] (E:\Personal Documents\Stock-Management\backend\node_modules\express\lib\router\layer.js:95:5)
    at next (E:\Personal Documents\Stock-Management\backend\node_modules\express\lib\router\route.js:149:13)
    at Route.dispatch (E:\Personal Documents\Stock-Management\backend\node_modules\express\lib\router\route.js:119:3)
    at Layer.handle [as handle_request] (E:\Personal Documents\Stock-Management\backend\node_modules\express\lib\router\layer.js:95:5)
    at E:\Personal Documents\Stock-Management\backend\node_modules\express\lib\router\index.js:284:15
    at Function.process_params (E:\Personal Documents\Stock-Management\backend\node_modules\express\lib\router\index.js:346:12)
2025-07-11 18:01:30 [error]: Authentication failed
TokenExpiredError: jwt expired
    at E:\Personal Documents\Stock-Management\backend\node_modules\jsonwebtoken\verify.js:190:21
    at getSecret (E:\Personal Documents\Stock-Management\backend\node_modules\jsonwebtoken\verify.js:97:14)
    at module.exports [as verify] (E:\Personal Documents\Stock-Management\backend\node_modules\jsonwebtoken\verify.js:101:10)
    at authMiddleware (E:\Personal Documents\Stock-Management\backend\src\middleware\auth.js:10:25)
    at Layer.handle [as handle_request] (E:\Personal Documents\Stock-Management\backend\node_modules\express\lib\router\layer.js:95:5)
    at next (E:\Personal Documents\Stock-Management\backend\node_modules\express\lib\router\route.js:149:13)
    at Route.dispatch (E:\Personal Documents\Stock-Management\backend\node_modules\express\lib\router\route.js:119:3)
    at Layer.handle [as handle_request] (E:\Personal Documents\Stock-Management\backend\node_modules\express\lib\router\layer.js:95:5)
    at E:\Personal Documents\Stock-Management\backend\node_modules\express\lib\router\index.js:284:15
    at Function.process_params (E:\Personal Documents\Stock-Management\backend\node_modules\express\lib\router\index.js:346:12)
2025-07-11 18:02:31 [error]: Authentication failed
TokenExpiredError: jwt expired
    at E:\Personal Documents\Stock-Management\backend\node_modules\jsonwebtoken\verify.js:190:21
    at getSecret (E:\Personal Documents\Stock-Management\backend\node_modules\jsonwebtoken\verify.js:97:14)
    at module.exports [as verify] (E:\Personal Documents\Stock-Management\backend\node_modules\jsonwebtoken\verify.js:101:10)
    at authMiddleware (E:\Personal Documents\Stock-Management\backend\src\middleware\auth.js:10:25)
    at Layer.handle [as handle_request] (E:\Personal Documents\Stock-Management\backend\node_modules\express\lib\router\layer.js:95:5)
    at next (E:\Personal Documents\Stock-Management\backend\node_modules\express\lib\router\route.js:149:13)
    at Route.dispatch (E:\Personal Documents\Stock-Management\backend\node_modules\express\lib\router\route.js:119:3)
    at Layer.handle [as handle_request] (E:\Personal Documents\Stock-Management\backend\node_modules\express\lib\router\layer.js:95:5)
    at E:\Personal Documents\Stock-Management\backend\node_modules\express\lib\router\index.js:284:15
    at Function.process_params (E:\Personal Documents\Stock-Management\backend\node_modules\express\lib\router\index.js:346:12)
2025-07-11 18:03:31 [error]: Authentication failed
TokenExpiredError: jwt expired
    at E:\Personal Documents\Stock-Management\backend\node_modules\jsonwebtoken\verify.js:190:21
    at getSecret (E:\Personal Documents\Stock-Management\backend\node_modules\jsonwebtoken\verify.js:97:14)
    at module.exports [as verify] (E:\Personal Documents\Stock-Management\backend\node_modules\jsonwebtoken\verify.js:101:10)
    at authMiddleware (E:\Personal Documents\Stock-Management\backend\src\middleware\auth.js:10:25)
    at Layer.handle [as handle_request] (E:\Personal Documents\Stock-Management\backend\node_modules\express\lib\router\layer.js:95:5)
    at next (E:\Personal Documents\Stock-Management\backend\node_modules\express\lib\router\route.js:149:13)
    at Route.dispatch (E:\Personal Documents\Stock-Management\backend\node_modules\express\lib\router\route.js:119:3)
    at Layer.handle [as handle_request] (E:\Personal Documents\Stock-Management\backend\node_modules\express\lib\router\layer.js:95:5)
    at E:\Personal Documents\Stock-Management\backend\node_modules\express\lib\router\index.js:284:15
    at Function.process_params (E:\Personal Documents\Stock-Management\backend\node_modules\express\lib\router\index.js:346:12)
2025-07-11 18:03:32 [error]: Authentication failed
TokenExpiredError: jwt expired
    at E:\Personal Documents\Stock-Management\backend\node_modules\jsonwebtoken\verify.js:190:21
    at getSecret (E:\Personal Documents\Stock-Management\backend\node_modules\jsonwebtoken\verify.js:97:14)
    at module.exports [as verify] (E:\Personal Documents\Stock-Management\backend\node_modules\jsonwebtoken\verify.js:101:10)
    at authMiddleware (E:\Personal Documents\Stock-Management\backend\src\middleware\auth.js:10:25)
    at Layer.handle [as handle_request] (E:\Personal Documents\Stock-Management\backend\node_modules\express\lib\router\layer.js:95:5)
    at next (E:\Personal Documents\Stock-Management\backend\node_modules\express\lib\router\route.js:149:13)
    at Route.dispatch (E:\Personal Documents\Stock-Management\backend\node_modules\express\lib\router\route.js:119:3)
    at Layer.handle [as handle_request] (E:\Personal Documents\Stock-Management\backend\node_modules\express\lib\router\layer.js:95:5)
    at E:\Personal Documents\Stock-Management\backend\node_modules\express\lib\router\index.js:284:15
    at Function.process_params (E:\Personal Documents\Stock-Management\backend\node_modules\express\lib\router\index.js:346:12)
2025-07-11 18:03:32 [error]: Authentication failed
JsonWebTokenError: jwt malformed
    at module.exports [as verify] (E:\Personal Documents\Stock-Management\backend\node_modules\jsonwebtoken\verify.js:70:17)
    at authMiddleware (E:\Personal Documents\Stock-Management\backend\src\middleware\auth.js:10:25)
    at Layer.handle [as handle_request] (E:\Personal Documents\Stock-Management\backend\node_modules\express\lib\router\layer.js:95:5)
    at next (E:\Personal Documents\Stock-Management\backend\node_modules\express\lib\router\route.js:149:13)
    at Route.dispatch (E:\Personal Documents\Stock-Management\backend\node_modules\express\lib\router\route.js:119:3)
    at Layer.handle [as handle_request] (E:\Personal Documents\Stock-Management\backend\node_modules\express\lib\router\layer.js:95:5)
    at E:\Personal Documents\Stock-Management\backend\node_modules\express\lib\router\index.js:284:15
    at Function.process_params (E:\Personal Documents\Stock-Management\backend\node_modules\express\lib\router\index.js:346:12)
    at next (E:\Personal Documents\Stock-Management\backend\node_modules\express\lib\router\index.js:280:10)
    at Function.handle (E:\Personal Documents\Stock-Management\backend\node_modules\express\lib\router\index.js:175:3)
2025-07-11 18:03:32 [error]: Authentication failed
TokenExpiredError: jwt expired
    at E:\Personal Documents\Stock-Management\backend\node_modules\jsonwebtoken\verify.js:190:21
    at getSecret (E:\Personal Documents\Stock-Management\backend\node_modules\jsonwebtoken\verify.js:97:14)
    at module.exports [as verify] (E:\Personal Documents\Stock-Management\backend\node_modules\jsonwebtoken\verify.js:101:10)
    at authMiddleware (E:\Personal Documents\Stock-Management\backend\src\middleware\auth.js:10:25)
    at Layer.handle [as handle_request] (E:\Personal Documents\Stock-Management\backend\node_modules\express\lib\router\layer.js:95:5)
    at next (E:\Personal Documents\Stock-Management\backend\node_modules\express\lib\router\route.js:149:13)
    at Route.dispatch (E:\Personal Documents\Stock-Management\backend\node_modules\express\lib\router\route.js:119:3)
    at Layer.handle [as handle_request] (E:\Personal Documents\Stock-Management\backend\node_modules\express\lib\router\layer.js:95:5)
    at E:\Personal Documents\Stock-Management\backend\node_modules\express\lib\router\index.js:284:15
    at Function.process_params (E:\Personal Documents\Stock-Management\backend\node_modules\express\lib\router\index.js:346:12)
2025-07-11 18:03:32 [error]: Authentication failed
TokenExpiredError: jwt expired
    at E:\Personal Documents\Stock-Management\backend\node_modules\jsonwebtoken\verify.js:190:21
    at getSecret (E:\Personal Documents\Stock-Management\backend\node_modules\jsonwebtoken\verify.js:97:14)
    at module.exports [as verify] (E:\Personal Documents\Stock-Management\backend\node_modules\jsonwebtoken\verify.js:101:10)
    at authMiddleware (E:\Personal Documents\Stock-Management\backend\src\middleware\auth.js:10:25)
    at Layer.handle [as handle_request] (E:\Personal Documents\Stock-Management\backend\node_modules\express\lib\router\layer.js:95:5)
    at next (E:\Personal Documents\Stock-Management\backend\node_modules\express\lib\router\route.js:149:13)
    at Route.dispatch (E:\Personal Documents\Stock-Management\backend\node_modules\express\lib\router\route.js:119:3)
    at Layer.handle [as handle_request] (E:\Personal Documents\Stock-Management\backend\node_modules\express\lib\router\layer.js:95:5)
    at E:\Personal Documents\Stock-Management\backend\node_modules\express\lib\router\index.js:284:15
    at Function.process_params (E:\Personal Documents\Stock-Management\backend\node_modules\express\lib\router\index.js:346:12)
2025-07-11 18:03:32 [error]: Authentication failed
TokenExpiredError: jwt expired
    at E:\Personal Documents\Stock-Management\backend\node_modules\jsonwebtoken\verify.js:190:21
    at getSecret (E:\Personal Documents\Stock-Management\backend\node_modules\jsonwebtoken\verify.js:97:14)
    at module.exports [as verify] (E:\Personal Documents\Stock-Management\backend\node_modules\jsonwebtoken\verify.js:101:10)
    at authMiddleware (E:\Personal Documents\Stock-Management\backend\src\middleware\auth.js:10:25)
    at Layer.handle [as handle_request] (E:\Personal Documents\Stock-Management\backend\node_modules\express\lib\router\layer.js:95:5)
    at next (E:\Personal Documents\Stock-Management\backend\node_modules\express\lib\router\route.js:149:13)
    at Route.dispatch (E:\Personal Documents\Stock-Management\backend\node_modules\express\lib\router\route.js:119:3)
    at Layer.handle [as handle_request] (E:\Personal Documents\Stock-Management\backend\node_modules\express\lib\router\layer.js:95:5)
    at E:\Personal Documents\Stock-Management\backend\node_modules\express\lib\router\index.js:284:15
    at Function.process_params (E:\Personal Documents\Stock-Management\backend\node_modules\express\lib\router\index.js:346:12)
2025-07-11 18:03:32 [error]: Authentication failed
TokenExpiredError: jwt expired
    at E:\Personal Documents\Stock-Management\backend\node_modules\jsonwebtoken\verify.js:190:21
    at getSecret (E:\Personal Documents\Stock-Management\backend\node_modules\jsonwebtoken\verify.js:97:14)
    at module.exports [as verify] (E:\Personal Documents\Stock-Management\backend\node_modules\jsonwebtoken\verify.js:101:10)
    at authMiddleware (E:\Personal Documents\Stock-Management\backend\src\middleware\auth.js:10:25)
    at Layer.handle [as handle_request] (E:\Personal Documents\Stock-Management\backend\node_modules\express\lib\router\layer.js:95:5)
    at next (E:\Personal Documents\Stock-Management\backend\node_modules\express\lib\router\route.js:149:13)
    at Route.dispatch (E:\Personal Documents\Stock-Management\backend\node_modules\express\lib\router\route.js:119:3)
    at Layer.handle [as handle_request] (E:\Personal Documents\Stock-Management\backend\node_modules\express\lib\router\layer.js:95:5)
    at E:\Personal Documents\Stock-Management\backend\node_modules\express\lib\router\index.js:284:15
    at Function.process_params (E:\Personal Documents\Stock-Management\backend\node_modules\express\lib\router\index.js:346:12)
2025-07-11 18:03:32 [error]: Authentication failed
TokenExpiredError: jwt expired
    at E:\Personal Documents\Stock-Management\backend\node_modules\jsonwebtoken\verify.js:190:21
    at getSecret (E:\Personal Documents\Stock-Management\backend\node_modules\jsonwebtoken\verify.js:97:14)
    at module.exports [as verify] (E:\Personal Documents\Stock-Management\backend\node_modules\jsonwebtoken\verify.js:101:10)
    at authMiddleware (E:\Personal Documents\Stock-Management\backend\src\middleware\auth.js:10:25)
    at Layer.handle [as handle_request] (E:\Personal Documents\Stock-Management\backend\node_modules\express\lib\router\layer.js:95:5)
    at next (E:\Personal Documents\Stock-Management\backend\node_modules\express\lib\router\route.js:149:13)
    at Route.dispatch (E:\Personal Documents\Stock-Management\backend\node_modules\express\lib\router\route.js:119:3)
    at Layer.handle [as handle_request] (E:\Personal Documents\Stock-Management\backend\node_modules\express\lib\router\layer.js:95:5)
    at E:\Personal Documents\Stock-Management\backend\node_modules\express\lib\router\index.js:284:15
    at Function.process_params (E:\Personal Documents\Stock-Management\backend\node_modules\express\lib\router\index.js:346:12)
2025-07-11 18:03:32 [error]: Authentication failed
TokenExpiredError: jwt expired
    at E:\Personal Documents\Stock-Management\backend\node_modules\jsonwebtoken\verify.js:190:21
    at getSecret (E:\Personal Documents\Stock-Management\backend\node_modules\jsonwebtoken\verify.js:97:14)
    at module.exports [as verify] (E:\Personal Documents\Stock-Management\backend\node_modules\jsonwebtoken\verify.js:101:10)
    at authMiddleware (E:\Personal Documents\Stock-Management\backend\src\middleware\auth.js:10:25)
    at Layer.handle [as handle_request] (E:\Personal Documents\Stock-Management\backend\node_modules\express\lib\router\layer.js:95:5)
    at next (E:\Personal Documents\Stock-Management\backend\node_modules\express\lib\router\route.js:149:13)
    at Route.dispatch (E:\Personal Documents\Stock-Management\backend\node_modules\express\lib\router\route.js:119:3)
    at Layer.handle [as handle_request] (E:\Personal Documents\Stock-Management\backend\node_modules\express\lib\router\layer.js:95:5)
    at E:\Personal Documents\Stock-Management\backend\node_modules\express\lib\router\index.js:284:15
    at Function.process_params (E:\Personal Documents\Stock-Management\backend\node_modules\express\lib\router\index.js:346:12)
2025-07-11 19:51:20 [error]: Authentication failed
TokenExpiredError: jwt expired
    at E:\Personal Documents\Stock-Management\backend\node_modules\jsonwebtoken\verify.js:190:21
    at getSecret (E:\Personal Documents\Stock-Management\backend\node_modules\jsonwebtoken\verify.js:97:14)
    at module.exports [as verify] (E:\Personal Documents\Stock-Management\backend\node_modules\jsonwebtoken\verify.js:101:10)
    at authMiddleware (E:\Personal Documents\Stock-Management\backend\src\middleware\auth.js:10:25)
    at Layer.handle [as handle_request] (E:\Personal Documents\Stock-Management\backend\node_modules\express\lib\router\layer.js:95:5)
    at next (E:\Personal Documents\Stock-Management\backend\node_modules\express\lib\router\route.js:149:13)
    at Route.dispatch (E:\Personal Documents\Stock-Management\backend\node_modules\express\lib\router\route.js:119:3)
    at Layer.handle [as handle_request] (E:\Personal Documents\Stock-Management\backend\node_modules\express\lib\router\layer.js:95:5)
    at E:\Personal Documents\Stock-Management\backend\node_modules\express\lib\router\index.js:284:15
    at Function.process_params (E:\Personal Documents\Stock-Management\backend\node_modules\express\lib\router\index.js:346:12)
2025-07-11 19:51:20 [error]: Authentication failed
JsonWebTokenError: jwt malformed
    at module.exports [as verify] (E:\Personal Documents\Stock-Management\backend\node_modules\jsonwebtoken\verify.js:70:17)
    at authMiddleware (E:\Personal Documents\Stock-Management\backend\src\middleware\auth.js:10:25)
    at Layer.handle [as handle_request] (E:\Personal Documents\Stock-Management\backend\node_modules\express\lib\router\layer.js:95:5)
    at next (E:\Personal Documents\Stock-Management\backend\node_modules\express\lib\router\route.js:149:13)
    at Route.dispatch (E:\Personal Documents\Stock-Management\backend\node_modules\express\lib\router\route.js:119:3)
    at Layer.handle [as handle_request] (E:\Personal Documents\Stock-Management\backend\node_modules\express\lib\router\layer.js:95:5)
    at E:\Personal Documents\Stock-Management\backend\node_modules\express\lib\router\index.js:284:15
    at Function.process_params (E:\Personal Documents\Stock-Management\backend\node_modules\express\lib\router\index.js:346:12)
    at next (E:\Personal Documents\Stock-Management\backend\node_modules\express\lib\router\index.js:280:10)
    at Function.handle (E:\Personal Documents\Stock-Management\backend\node_modules\express\lib\router\index.js:175:3)
