2025-07-18 00:10:04 [error]: Authentication failed
TokenExpiredError: jwt expired
    at E:\Personal Documents\Stock-Management\backend\node_modules\jsonwebtoken\verify.js:190:21
    at getSecret (E:\Personal Documents\Stock-Management\backend\node_modules\jsonwebtoken\verify.js:97:14)
    at module.exports [as verify] (E:\Personal Documents\Stock-Management\backend\node_modules\jsonwebtoken\verify.js:101:10)
    at authMiddleware (E:\Personal Documents\Stock-Management\backend\src\middleware\auth.js:10:25)
    at Layer.handle [as handle_request] (E:\Personal Documents\Stock-Management\backend\node_modules\express\lib\router\layer.js:95:5)
    at next (E:\Personal Documents\Stock-Management\backend\node_modules\express\lib\router\route.js:149:13)
    at Route.dispatch (E:\Personal Documents\Stock-Management\backend\node_modules\express\lib\router\route.js:119:3)
    at Layer.handle [as handle_request] (E:\Personal Documents\Stock-Management\backend\node_modules\express\lib\router\layer.js:95:5)
    at E:\Personal Documents\Stock-Management\backend\node_modules\express\lib\router\index.js:284:15
    at Function.process_params (E:\Personal Documents\Stock-Management\backend\node_modules\express\lib\router\index.js:346:12)
2025-07-18 10:09:50 [error]: Authentication failed
JsonWebTokenError: jwt malformed
    at module.exports [as verify] (E:\Personal Documents\Stock-Management\backend\node_modules\jsonwebtoken\verify.js:70:17)
    at authMiddleware (E:\Personal Documents\Stock-Management\backend\src\middleware\auth.js:10:25)
    at Layer.handle [as handle_request] (E:\Personal Documents\Stock-Management\backend\node_modules\express\lib\router\layer.js:95:5)
    at next (E:\Personal Documents\Stock-Management\backend\node_modules\express\lib\router\route.js:149:13)
    at Route.dispatch (E:\Personal Documents\Stock-Management\backend\node_modules\express\lib\router\route.js:119:3)
    at Layer.handle [as handle_request] (E:\Personal Documents\Stock-Management\backend\node_modules\express\lib\router\layer.js:95:5)
    at E:\Personal Documents\Stock-Management\backend\node_modules\express\lib\router\index.js:284:15
    at Function.process_params (E:\Personal Documents\Stock-Management\backend\node_modules\express\lib\router\index.js:346:12)
    at next (E:\Personal Documents\Stock-Management\backend\node_modules\express\lib\router\index.js:280:10)
    at Function.handle (E:\Personal Documents\Stock-Management\backend\node_modules\express\lib\router\index.js:175:3)
2025-07-18 10:09:50 [error]: Authentication failed
JsonWebTokenError: jwt malformed
    at module.exports [as verify] (E:\Personal Documents\Stock-Management\backend\node_modules\jsonwebtoken\verify.js:70:17)
    at authMiddleware (E:\Personal Documents\Stock-Management\backend\src\middleware\auth.js:10:25)
    at Layer.handle [as handle_request] (E:\Personal Documents\Stock-Management\backend\node_modules\express\lib\router\layer.js:95:5)
    at next (E:\Personal Documents\Stock-Management\backend\node_modules\express\lib\router\route.js:149:13)
    at Route.dispatch (E:\Personal Documents\Stock-Management\backend\node_modules\express\lib\router\route.js:119:3)
    at Layer.handle [as handle_request] (E:\Personal Documents\Stock-Management\backend\node_modules\express\lib\router\layer.js:95:5)
    at E:\Personal Documents\Stock-Management\backend\node_modules\express\lib\router\index.js:284:15
    at Function.process_params (E:\Personal Documents\Stock-Management\backend\node_modules\express\lib\router\index.js:346:12)
    at next (E:\Personal Documents\Stock-Management\backend\node_modules\express\lib\router\index.js:280:10)
    at Function.handle (E:\Personal Documents\Stock-Management\backend\node_modules\express\lib\router\index.js:175:3)
2025-07-18 10:41:53 [error]: Error updating notification
CastError: Cast to ObjectId failed for value "mark-all-read" (type string) at path "_id" for model "Notification"
    at SchemaObjectId.cast (E:\Personal Documents\Stock-Management\backend\node_modules\mongoose\lib\schema\objectId.js:251:11)
    at SchemaType.applySetters (E:\Personal Documents\Stock-Management\backend\node_modules\mongoose\lib\schemaType.js:1255:12)
    at SchemaType.castForQuery (E:\Personal Documents\Stock-Management\backend\node_modules\mongoose\lib\schemaType.js:1673:17)
    at cast (E:\Personal Documents\Stock-Management\backend\node_modules\mongoose\lib\cast.js:390:32)
    at Query.cast (E:\Personal Documents\Stock-Management\backend\node_modules\mongoose\lib\query.js:5055:12)
    at Query._castConditions (E:\Personal Documents\Stock-Management\backend\node_modules\mongoose\lib\query.js:2351:10)
    at model.Query._findOneAndUpdate (E:\Personal Documents\Stock-Management\backend\node_modules\mongoose\lib\query.js:3454:8)
    at model.Query.exec (E:\Personal Documents\Stock-Management\backend\node_modules\mongoose\lib\query.js:4604:80)
    at process.processTicksAndRejections (node:internal/process/task_queues:95:5)
    at async E:\Personal Documents\Stock-Management\backend\src\routes\api.js:1158:26
2025-07-18 12:18:12 [error]: Error updating notification
CastError: Cast to ObjectId failed for value "mark-all-read" (type string) at path "_id" for model "Notification"
    at SchemaObjectId.cast (E:\Personal Documents\Stock-Management\backend\node_modules\mongoose\lib\schema\objectId.js:251:11)
    at SchemaType.applySetters (E:\Personal Documents\Stock-Management\backend\node_modules\mongoose\lib\schemaType.js:1255:12)
    at SchemaType.castForQuery (E:\Personal Documents\Stock-Management\backend\node_modules\mongoose\lib\schemaType.js:1673:17)
    at cast (E:\Personal Documents\Stock-Management\backend\node_modules\mongoose\lib\cast.js:390:32)
    at Query.cast (E:\Personal Documents\Stock-Management\backend\node_modules\mongoose\lib\query.js:5055:12)
    at Query._castConditions (E:\Personal Documents\Stock-Management\backend\node_modules\mongoose\lib\query.js:2351:10)
    at model.Query._findOneAndUpdate (E:\Personal Documents\Stock-Management\backend\node_modules\mongoose\lib\query.js:3454:8)
    at model.Query.exec (E:\Personal Documents\Stock-Management\backend\node_modules\mongoose\lib\query.js:4604:80)
    at process.processTicksAndRejections (node:internal/process/task_queues:95:5)
    at async E:\Personal Documents\Stock-Management\backend\src\routes\api.js:1158:26
2025-07-18 12:51:03 [error]: Authentication failed
JsonWebTokenError: jwt malformed
    at module.exports [as verify] (E:\Personal Documents\Stock-Management\backend\node_modules\jsonwebtoken\verify.js:70:17)
    at authMiddleware (E:\Personal Documents\Stock-Management\backend\src\middleware\auth.js:10:25)
    at Layer.handle [as handle_request] (E:\Personal Documents\Stock-Management\backend\node_modules\express\lib\router\layer.js:95:5)
    at next (E:\Personal Documents\Stock-Management\backend\node_modules\express\lib\router\route.js:149:13)
    at Route.dispatch (E:\Personal Documents\Stock-Management\backend\node_modules\express\lib\router\route.js:119:3)
    at Layer.handle [as handle_request] (E:\Personal Documents\Stock-Management\backend\node_modules\express\lib\router\layer.js:95:5)
    at E:\Personal Documents\Stock-Management\backend\node_modules\express\lib\router\index.js:284:15
    at Function.process_params (E:\Personal Documents\Stock-Management\backend\node_modules\express\lib\router\index.js:346:12)
    at next (E:\Personal Documents\Stock-Management\backend\node_modules\express\lib\router\index.js:280:10)
    at Function.handle (E:\Personal Documents\Stock-Management\backend\node_modules\express\lib\router\index.js:175:3)
2025-07-18 13:51:53 [error]: Authentication failed
TokenExpiredError: jwt expired
    at E:\Personal Documents\Stock-Management\backend\node_modules\jsonwebtoken\verify.js:190:21
    at getSecret (E:\Personal Documents\Stock-Management\backend\node_modules\jsonwebtoken\verify.js:97:14)
    at module.exports [as verify] (E:\Personal Documents\Stock-Management\backend\node_modules\jsonwebtoken\verify.js:101:10)
    at authMiddleware (E:\Personal Documents\Stock-Management\backend\src\middleware\auth.js:10:25)
    at Layer.handle [as handle_request] (E:\Personal Documents\Stock-Management\backend\node_modules\express\lib\router\layer.js:95:5)
    at next (E:\Personal Documents\Stock-Management\backend\node_modules\express\lib\router\route.js:149:13)
    at Route.dispatch (E:\Personal Documents\Stock-Management\backend\node_modules\express\lib\router\route.js:119:3)
    at Layer.handle [as handle_request] (E:\Personal Documents\Stock-Management\backend\node_modules\express\lib\router\layer.js:95:5)
    at E:\Personal Documents\Stock-Management\backend\node_modules\express\lib\router\index.js:284:15
    at Function.process_params (E:\Personal Documents\Stock-Management\backend\node_modules\express\lib\router\index.js:346:12)
2025-07-18 13:52:03 [error]: Authentication failed
TokenExpiredError: jwt expired
    at E:\Personal Documents\Stock-Management\backend\node_modules\jsonwebtoken\verify.js:190:21
    at getSecret (E:\Personal Documents\Stock-Management\backend\node_modules\jsonwebtoken\verify.js:97:14)
    at module.exports [as verify] (E:\Personal Documents\Stock-Management\backend\node_modules\jsonwebtoken\verify.js:101:10)
    at authMiddleware (E:\Personal Documents\Stock-Management\backend\src\middleware\auth.js:10:25)
    at Layer.handle [as handle_request] (E:\Personal Documents\Stock-Management\backend\node_modules\express\lib\router\layer.js:95:5)
    at next (E:\Personal Documents\Stock-Management\backend\node_modules\express\lib\router\route.js:149:13)
    at Route.dispatch (E:\Personal Documents\Stock-Management\backend\node_modules\express\lib\router\route.js:119:3)
    at Layer.handle [as handle_request] (E:\Personal Documents\Stock-Management\backend\node_modules\express\lib\router\layer.js:95:5)
    at E:\Personal Documents\Stock-Management\backend\node_modules\express\lib\router\index.js:284:15
    at Function.process_params (E:\Personal Documents\Stock-Management\backend\node_modules\express\lib\router\index.js:346:12)
2025-07-18 13:52:23 [error]: Authentication failed
TokenExpiredError: jwt expired
    at E:\Personal Documents\Stock-Management\backend\node_modules\jsonwebtoken\verify.js:190:21
    at getSecret (E:\Personal Documents\Stock-Management\backend\node_modules\jsonwebtoken\verify.js:97:14)
    at module.exports [as verify] (E:\Personal Documents\Stock-Management\backend\node_modules\jsonwebtoken\verify.js:101:10)
    at authMiddleware (E:\Personal Documents\Stock-Management\backend\src\middleware\auth.js:10:25)
    at Layer.handle [as handle_request] (E:\Personal Documents\Stock-Management\backend\node_modules\express\lib\router\layer.js:95:5)
    at next (E:\Personal Documents\Stock-Management\backend\node_modules\express\lib\router\route.js:149:13)
    at Route.dispatch (E:\Personal Documents\Stock-Management\backend\node_modules\express\lib\router\route.js:119:3)
    at Layer.handle [as handle_request] (E:\Personal Documents\Stock-Management\backend\node_modules\express\lib\router\layer.js:95:5)
    at E:\Personal Documents\Stock-Management\backend\node_modules\express\lib\router\index.js:284:15
    at Function.process_params (E:\Personal Documents\Stock-Management\backend\node_modules\express\lib\router\index.js:346:12)
2025-07-18 13:52:53 [error]: Authentication failed
TokenExpiredError: jwt expired
    at E:\Personal Documents\Stock-Management\backend\node_modules\jsonwebtoken\verify.js:190:21
    at getSecret (E:\Personal Documents\Stock-Management\backend\node_modules\jsonwebtoken\verify.js:97:14)
    at module.exports [as verify] (E:\Personal Documents\Stock-Management\backend\node_modules\jsonwebtoken\verify.js:101:10)
    at authMiddleware (E:\Personal Documents\Stock-Management\backend\src\middleware\auth.js:10:25)
    at Layer.handle [as handle_request] (E:\Personal Documents\Stock-Management\backend\node_modules\express\lib\router\layer.js:95:5)
    at next (E:\Personal Documents\Stock-Management\backend\node_modules\express\lib\router\route.js:149:13)
    at Route.dispatch (E:\Personal Documents\Stock-Management\backend\node_modules\express\lib\router\route.js:119:3)
    at Layer.handle [as handle_request] (E:\Personal Documents\Stock-Management\backend\node_modules\express\lib\router\layer.js:95:5)
    at E:\Personal Documents\Stock-Management\backend\node_modules\express\lib\router\index.js:284:15
    at Function.process_params (E:\Personal Documents\Stock-Management\backend\node_modules\express\lib\router\index.js:346:12)
2025-07-18 13:52:56 [error]: Authentication failed
TokenExpiredError: jwt expired
    at E:\Personal Documents\Stock-Management\backend\node_modules\jsonwebtoken\verify.js:190:21
    at getSecret (E:\Personal Documents\Stock-Management\backend\node_modules\jsonwebtoken\verify.js:97:14)
    at module.exports [as verify] (E:\Personal Documents\Stock-Management\backend\node_modules\jsonwebtoken\verify.js:101:10)
    at authMiddleware (E:\Personal Documents\Stock-Management\backend\src\middleware\auth.js:10:25)
    at Layer.handle [as handle_request] (E:\Personal Documents\Stock-Management\backend\node_modules\express\lib\router\layer.js:95:5)
    at next (E:\Personal Documents\Stock-Management\backend\node_modules\express\lib\router\route.js:149:13)
    at Route.dispatch (E:\Personal Documents\Stock-Management\backend\node_modules\express\lib\router\route.js:119:3)
    at Layer.handle [as handle_request] (E:\Personal Documents\Stock-Management\backend\node_modules\express\lib\router\layer.js:95:5)
    at E:\Personal Documents\Stock-Management\backend\node_modules\express\lib\router\index.js:284:15
    at Function.process_params (E:\Personal Documents\Stock-Management\backend\node_modules\express\lib\router\index.js:346:12)
2025-07-18 14:53:03 [error]: Authentication failed
TokenExpiredError: jwt expired
    at E:\Personal Documents\Stock-Management\backend\node_modules\jsonwebtoken\verify.js:190:21
    at getSecret (E:\Personal Documents\Stock-Management\backend\node_modules\jsonwebtoken\verify.js:97:14)
    at module.exports [as verify] (E:\Personal Documents\Stock-Management\backend\node_modules\jsonwebtoken\verify.js:101:10)
    at authMiddleware (E:\Personal Documents\Stock-Management\backend\src\middleware\auth.js:10:25)
    at Layer.handle [as handle_request] (E:\Personal Documents\Stock-Management\backend\node_modules\express\lib\router\layer.js:95:5)
    at next (E:\Personal Documents\Stock-Management\backend\node_modules\express\lib\router\route.js:149:13)
    at Route.dispatch (E:\Personal Documents\Stock-Management\backend\node_modules\express\lib\router\route.js:119:3)
    at Layer.handle [as handle_request] (E:\Personal Documents\Stock-Management\backend\node_modules\express\lib\router\layer.js:95:5)
    at E:\Personal Documents\Stock-Management\backend\node_modules\express\lib\router\index.js:284:15
    at Function.process_params (E:\Personal Documents\Stock-Management\backend\node_modules\express\lib\router\index.js:346:12)
2025-07-18 14:54:03 [error]: Authentication failed
TokenExpiredError: jwt expired
    at E:\Personal Documents\Stock-Management\backend\node_modules\jsonwebtoken\verify.js:190:21
    at getSecret (E:\Personal Documents\Stock-Management\backend\node_modules\jsonwebtoken\verify.js:97:14)
    at module.exports [as verify] (E:\Personal Documents\Stock-Management\backend\node_modules\jsonwebtoken\verify.js:101:10)
    at authMiddleware (E:\Personal Documents\Stock-Management\backend\src\middleware\auth.js:10:25)
    at Layer.handle [as handle_request] (E:\Personal Documents\Stock-Management\backend\node_modules\express\lib\router\layer.js:95:5)
    at next (E:\Personal Documents\Stock-Management\backend\node_modules\express\lib\router\route.js:149:13)
    at Route.dispatch (E:\Personal Documents\Stock-Management\backend\node_modules\express\lib\router\route.js:119:3)
    at Layer.handle [as handle_request] (E:\Personal Documents\Stock-Management\backend\node_modules\express\lib\router\layer.js:95:5)
    at E:\Personal Documents\Stock-Management\backend\node_modules\express\lib\router\index.js:284:15
    at Function.process_params (E:\Personal Documents\Stock-Management\backend\node_modules\express\lib\router\index.js:346:12)
2025-07-18 14:55:03 [error]: Authentication failed
TokenExpiredError: jwt expired
    at E:\Personal Documents\Stock-Management\backend\node_modules\jsonwebtoken\verify.js:190:21
    at getSecret (E:\Personal Documents\Stock-Management\backend\node_modules\jsonwebtoken\verify.js:97:14)
    at module.exports [as verify] (E:\Personal Documents\Stock-Management\backend\node_modules\jsonwebtoken\verify.js:101:10)
    at authMiddleware (E:\Personal Documents\Stock-Management\backend\src\middleware\auth.js:10:25)
    at Layer.handle [as handle_request] (E:\Personal Documents\Stock-Management\backend\node_modules\express\lib\router\layer.js:95:5)
    at next (E:\Personal Documents\Stock-Management\backend\node_modules\express\lib\router\route.js:149:13)
    at Route.dispatch (E:\Personal Documents\Stock-Management\backend\node_modules\express\lib\router\route.js:119:3)
    at Layer.handle [as handle_request] (E:\Personal Documents\Stock-Management\backend\node_modules\express\lib\router\layer.js:95:5)
    at E:\Personal Documents\Stock-Management\backend\node_modules\express\lib\router\index.js:284:15
    at Function.process_params (E:\Personal Documents\Stock-Management\backend\node_modules\express\lib\router\index.js:346:12)
2025-07-18 14:55:32 [error]: Authentication failed
TokenExpiredError: jwt expired
    at E:\Personal Documents\Stock-Management\backend\node_modules\jsonwebtoken\verify.js:190:21
    at getSecret (E:\Personal Documents\Stock-Management\backend\node_modules\jsonwebtoken\verify.js:97:14)
    at module.exports [as verify] (E:\Personal Documents\Stock-Management\backend\node_modules\jsonwebtoken\verify.js:101:10)
    at authMiddleware (E:\Personal Documents\Stock-Management\backend\src\middleware\auth.js:10:25)
    at Layer.handle [as handle_request] (E:\Personal Documents\Stock-Management\backend\node_modules\express\lib\router\layer.js:95:5)
    at next (E:\Personal Documents\Stock-Management\backend\node_modules\express\lib\router\route.js:149:13)
    at Route.dispatch (E:\Personal Documents\Stock-Management\backend\node_modules\express\lib\router\route.js:119:3)
    at Layer.handle [as handle_request] (E:\Personal Documents\Stock-Management\backend\node_modules\express\lib\router\layer.js:95:5)
    at E:\Personal Documents\Stock-Management\backend\node_modules\express\lib\router\index.js:284:15
    at Function.process_params (E:\Personal Documents\Stock-Management\backend\node_modules\express\lib\router\index.js:346:12)
2025-07-18 14:55:34 [error]: Authentication failed
TokenExpiredError: jwt expired
    at E:\Personal Documents\Stock-Management\backend\node_modules\jsonwebtoken\verify.js:190:21
    at getSecret (E:\Personal Documents\Stock-Management\backend\node_modules\jsonwebtoken\verify.js:97:14)
    at module.exports [as verify] (E:\Personal Documents\Stock-Management\backend\node_modules\jsonwebtoken\verify.js:101:10)
    at authMiddleware (E:\Personal Documents\Stock-Management\backend\src\middleware\auth.js:10:25)
    at Layer.handle [as handle_request] (E:\Personal Documents\Stock-Management\backend\node_modules\express\lib\router\layer.js:95:5)
    at next (E:\Personal Documents\Stock-Management\backend\node_modules\express\lib\router\route.js:149:13)
    at Route.dispatch (E:\Personal Documents\Stock-Management\backend\node_modules\express\lib\router\route.js:119:3)
    at Layer.handle [as handle_request] (E:\Personal Documents\Stock-Management\backend\node_modules\express\lib\router\layer.js:95:5)
    at E:\Personal Documents\Stock-Management\backend\node_modules\express\lib\router\index.js:284:15
    at Function.process_params (E:\Personal Documents\Stock-Management\backend\node_modules\express\lib\router\index.js:346:12)
2025-07-18 14:55:34 [error]: Authentication failed
TokenExpiredError: jwt expired
    at E:\Personal Documents\Stock-Management\backend\node_modules\jsonwebtoken\verify.js:190:21
    at getSecret (E:\Personal Documents\Stock-Management\backend\node_modules\jsonwebtoken\verify.js:97:14)
    at module.exports [as verify] (E:\Personal Documents\Stock-Management\backend\node_modules\jsonwebtoken\verify.js:101:10)
    at authMiddleware (E:\Personal Documents\Stock-Management\backend\src\middleware\auth.js:10:25)
    at Layer.handle [as handle_request] (E:\Personal Documents\Stock-Management\backend\node_modules\express\lib\router\layer.js:95:5)
    at next (E:\Personal Documents\Stock-Management\backend\node_modules\express\lib\router\route.js:149:13)
    at Route.dispatch (E:\Personal Documents\Stock-Management\backend\node_modules\express\lib\router\route.js:119:3)
    at Layer.handle [as handle_request] (E:\Personal Documents\Stock-Management\backend\node_modules\express\lib\router\layer.js:95:5)
    at E:\Personal Documents\Stock-Management\backend\node_modules\express\lib\router\index.js:284:15
    at Function.process_params (E:\Personal Documents\Stock-Management\backend\node_modules\express\lib\router\index.js:346:12)
2025-07-18 14:55:34 [error]: Authentication failed
TokenExpiredError: jwt expired
    at E:\Personal Documents\Stock-Management\backend\node_modules\jsonwebtoken\verify.js:190:21
    at getSecret (E:\Personal Documents\Stock-Management\backend\node_modules\jsonwebtoken\verify.js:97:14)
    at module.exports [as verify] (E:\Personal Documents\Stock-Management\backend\node_modules\jsonwebtoken\verify.js:101:10)
    at authMiddleware (E:\Personal Documents\Stock-Management\backend\src\middleware\auth.js:10:25)
    at Layer.handle [as handle_request] (E:\Personal Documents\Stock-Management\backend\node_modules\express\lib\router\layer.js:95:5)
    at next (E:\Personal Documents\Stock-Management\backend\node_modules\express\lib\router\route.js:149:13)
    at Route.dispatch (E:\Personal Documents\Stock-Management\backend\node_modules\express\lib\router\route.js:119:3)
    at Layer.handle [as handle_request] (E:\Personal Documents\Stock-Management\backend\node_modules\express\lib\router\layer.js:95:5)
    at E:\Personal Documents\Stock-Management\backend\node_modules\express\lib\router\index.js:284:15
    at Function.process_params (E:\Personal Documents\Stock-Management\backend\node_modules\express\lib\router\index.js:346:12)
2025-07-18 14:55:34 [error]: Authentication failed
TokenExpiredError: jwt expired
    at E:\Personal Documents\Stock-Management\backend\node_modules\jsonwebtoken\verify.js:190:21
    at getSecret (E:\Personal Documents\Stock-Management\backend\node_modules\jsonwebtoken\verify.js:97:14)
    at module.exports [as verify] (E:\Personal Documents\Stock-Management\backend\node_modules\jsonwebtoken\verify.js:101:10)
    at authMiddleware (E:\Personal Documents\Stock-Management\backend\src\middleware\auth.js:10:25)
    at Layer.handle [as handle_request] (E:\Personal Documents\Stock-Management\backend\node_modules\express\lib\router\layer.js:95:5)
    at next (E:\Personal Documents\Stock-Management\backend\node_modules\express\lib\router\route.js:149:13)
    at Route.dispatch (E:\Personal Documents\Stock-Management\backend\node_modules\express\lib\router\route.js:119:3)
    at Layer.handle [as handle_request] (E:\Personal Documents\Stock-Management\backend\node_modules\express\lib\router\layer.js:95:5)
    at E:\Personal Documents\Stock-Management\backend\node_modules\express\lib\router\index.js:284:15
    at Function.process_params (E:\Personal Documents\Stock-Management\backend\node_modules\express\lib\router\index.js:346:12)
2025-07-18 15:40:59 [error]: Error fetching lot: Cast to ObjectId failed for value "expiring-soon" (type string) at path "_id" for model "Lot"
CastError: Cast to ObjectId failed for value "expiring-soon" (type string) at path "_id" for model "Lot"
    at SchemaObjectId.cast (E:\Personal Documents\Stock-Management\backend\node_modules\mongoose\lib\schema\objectId.js:251:11)
    at SchemaType.applySetters (E:\Personal Documents\Stock-Management\backend\node_modules\mongoose\lib\schemaType.js:1255:12)
    at SchemaType.castForQuery (E:\Personal Documents\Stock-Management\backend\node_modules\mongoose\lib\schemaType.js:1673:17)
    at cast (E:\Personal Documents\Stock-Management\backend\node_modules\mongoose\lib\cast.js:390:32)
    at Query.cast (E:\Personal Documents\Stock-Management\backend\node_modules\mongoose\lib\query.js:5055:12)
    at Query._castConditions (E:\Personal Documents\Stock-Management\backend\node_modules\mongoose\lib\query.js:2351:10)
    at model.Query._findOne (E:\Personal Documents\Stock-Management\backend\node_modules\mongoose\lib\query.js:2674:8)
    at model.Query.exec (E:\Personal Documents\Stock-Management\backend\node_modules\mongoose\lib\query.js:4604:80)
    at process.processTicksAndRejections (node:internal/process/task_queues:95:5)
    at async E:\Personal Documents\Stock-Management\backend\src\routes\api.js:2261:17
2025-07-18 15:40:59 [error]: Error fetching lot: Cast to ObjectId failed for value "expiring-soon" (type string) at path "_id" for model "Lot"
CastError: Cast to ObjectId failed for value "expiring-soon" (type string) at path "_id" for model "Lot"
    at SchemaObjectId.cast (E:\Personal Documents\Stock-Management\backend\node_modules\mongoose\lib\schema\objectId.js:251:11)
    at SchemaType.applySetters (E:\Personal Documents\Stock-Management\backend\node_modules\mongoose\lib\schemaType.js:1255:12)
    at SchemaType.castForQuery (E:\Personal Documents\Stock-Management\backend\node_modules\mongoose\lib\schemaType.js:1673:17)
    at cast (E:\Personal Documents\Stock-Management\backend\node_modules\mongoose\lib\cast.js:390:32)
    at Query.cast (E:\Personal Documents\Stock-Management\backend\node_modules\mongoose\lib\query.js:5055:12)
    at Query._castConditions (E:\Personal Documents\Stock-Management\backend\node_modules\mongoose\lib\query.js:2351:10)
    at model.Query._findOne (E:\Personal Documents\Stock-Management\backend\node_modules\mongoose\lib\query.js:2674:8)
    at model.Query.exec (E:\Personal Documents\Stock-Management\backend\node_modules\mongoose\lib\query.js:4604:80)
    at process.processTicksAndRejections (node:internal/process/task_queues:95:5)
    at async E:\Personal Documents\Stock-Management\backend\src\routes\api.js:2261:17
2025-07-18 15:40:59 [error]: Error fetching lot: Cast to ObjectId failed for value "expiring-soon" (type string) at path "_id" for model "Lot"
CastError: Cast to ObjectId failed for value "expiring-soon" (type string) at path "_id" for model "Lot"
    at SchemaObjectId.cast (E:\Personal Documents\Stock-Management\backend\node_modules\mongoose\lib\schema\objectId.js:251:11)
    at SchemaType.applySetters (E:\Personal Documents\Stock-Management\backend\node_modules\mongoose\lib\schemaType.js:1255:12)
    at SchemaType.castForQuery (E:\Personal Documents\Stock-Management\backend\node_modules\mongoose\lib\schemaType.js:1673:17)
    at cast (E:\Personal Documents\Stock-Management\backend\node_modules\mongoose\lib\cast.js:390:32)
    at Query.cast (E:\Personal Documents\Stock-Management\backend\node_modules\mongoose\lib\query.js:5055:12)
    at Query._castConditions (E:\Personal Documents\Stock-Management\backend\node_modules\mongoose\lib\query.js:2351:10)
    at model.Query._findOne (E:\Personal Documents\Stock-Management\backend\node_modules\mongoose\lib\query.js:2674:8)
    at model.Query.exec (E:\Personal Documents\Stock-Management\backend\node_modules\mongoose\lib\query.js:4604:80)
    at process.processTicksAndRejections (node:internal/process/task_queues:95:5)
    at async E:\Personal Documents\Stock-Management\backend\src\routes\api.js:2261:17
2025-07-18 15:40:59 [error]: Error fetching lot: Cast to ObjectId failed for value "expiring-soon" (type string) at path "_id" for model "Lot"
CastError: Cast to ObjectId failed for value "expiring-soon" (type string) at path "_id" for model "Lot"
    at SchemaObjectId.cast (E:\Personal Documents\Stock-Management\backend\node_modules\mongoose\lib\schema\objectId.js:251:11)
    at SchemaType.applySetters (E:\Personal Documents\Stock-Management\backend\node_modules\mongoose\lib\schemaType.js:1255:12)
    at SchemaType.castForQuery (E:\Personal Documents\Stock-Management\backend\node_modules\mongoose\lib\schemaType.js:1673:17)
    at cast (E:\Personal Documents\Stock-Management\backend\node_modules\mongoose\lib\cast.js:390:32)
    at Query.cast (E:\Personal Documents\Stock-Management\backend\node_modules\mongoose\lib\query.js:5055:12)
    at Query._castConditions (E:\Personal Documents\Stock-Management\backend\node_modules\mongoose\lib\query.js:2351:10)
    at model.Query._findOne (E:\Personal Documents\Stock-Management\backend\node_modules\mongoose\lib\query.js:2674:8)
    at model.Query.exec (E:\Personal Documents\Stock-Management\backend\node_modules\mongoose\lib\query.js:4604:80)
    at process.processTicksAndRejections (node:internal/process/task_queues:95:5)
    at async E:\Personal Documents\Stock-Management\backend\src\routes\api.js:2261:17
2025-07-18 15:41:21 [error]: Error fetching lot: Cast to ObjectId failed for value "expiring-soon" (type string) at path "_id" for model "Lot"
CastError: Cast to ObjectId failed for value "expiring-soon" (type string) at path "_id" for model "Lot"
    at SchemaObjectId.cast (E:\Personal Documents\Stock-Management\backend\node_modules\mongoose\lib\schema\objectId.js:251:11)
    at SchemaType.applySetters (E:\Personal Documents\Stock-Management\backend\node_modules\mongoose\lib\schemaType.js:1255:12)
    at SchemaType.castForQuery (E:\Personal Documents\Stock-Management\backend\node_modules\mongoose\lib\schemaType.js:1673:17)
    at cast (E:\Personal Documents\Stock-Management\backend\node_modules\mongoose\lib\cast.js:390:32)
    at Query.cast (E:\Personal Documents\Stock-Management\backend\node_modules\mongoose\lib\query.js:5055:12)
    at Query._castConditions (E:\Personal Documents\Stock-Management\backend\node_modules\mongoose\lib\query.js:2351:10)
    at model.Query._findOne (E:\Personal Documents\Stock-Management\backend\node_modules\mongoose\lib\query.js:2674:8)
    at model.Query.exec (E:\Personal Documents\Stock-Management\backend\node_modules\mongoose\lib\query.js:4604:80)
    at process.processTicksAndRejections (node:internal/process/task_queues:95:5)
    at async E:\Personal Documents\Stock-Management\backend\src\routes\api.js:2261:17
2025-07-18 15:41:21 [error]: Error fetching lot: Cast to ObjectId failed for value "expiring-soon" (type string) at path "_id" for model "Lot"
CastError: Cast to ObjectId failed for value "expiring-soon" (type string) at path "_id" for model "Lot"
    at SchemaObjectId.cast (E:\Personal Documents\Stock-Management\backend\node_modules\mongoose\lib\schema\objectId.js:251:11)
    at SchemaType.applySetters (E:\Personal Documents\Stock-Management\backend\node_modules\mongoose\lib\schemaType.js:1255:12)
    at SchemaType.castForQuery (E:\Personal Documents\Stock-Management\backend\node_modules\mongoose\lib\schemaType.js:1673:17)
    at cast (E:\Personal Documents\Stock-Management\backend\node_modules\mongoose\lib\cast.js:390:32)
    at Query.cast (E:\Personal Documents\Stock-Management\backend\node_modules\mongoose\lib\query.js:5055:12)
    at Query._castConditions (E:\Personal Documents\Stock-Management\backend\node_modules\mongoose\lib\query.js:2351:10)
    at model.Query._findOne (E:\Personal Documents\Stock-Management\backend\node_modules\mongoose\lib\query.js:2674:8)
    at model.Query.exec (E:\Personal Documents\Stock-Management\backend\node_modules\mongoose\lib\query.js:4604:80)
    at process.processTicksAndRejections (node:internal/process/task_queues:95:5)
    at async E:\Personal Documents\Stock-Management\backend\src\routes\api.js:2261:17
2025-07-18 15:42:12 [error]: Error fetching lot: Cast to ObjectId failed for value "expiring-soon" (type string) at path "_id" for model "Lot"
CastError: Cast to ObjectId failed for value "expiring-soon" (type string) at path "_id" for model "Lot"
    at SchemaObjectId.cast (E:\Personal Documents\Stock-Management\backend\node_modules\mongoose\lib\schema\objectId.js:251:11)
    at SchemaType.applySetters (E:\Personal Documents\Stock-Management\backend\node_modules\mongoose\lib\schemaType.js:1255:12)
    at SchemaType.castForQuery (E:\Personal Documents\Stock-Management\backend\node_modules\mongoose\lib\schemaType.js:1673:17)
    at cast (E:\Personal Documents\Stock-Management\backend\node_modules\mongoose\lib\cast.js:390:32)
    at Query.cast (E:\Personal Documents\Stock-Management\backend\node_modules\mongoose\lib\query.js:5055:12)
    at Query._castConditions (E:\Personal Documents\Stock-Management\backend\node_modules\mongoose\lib\query.js:2351:10)
    at model.Query._findOne (E:\Personal Documents\Stock-Management\backend\node_modules\mongoose\lib\query.js:2674:8)
    at model.Query.exec (E:\Personal Documents\Stock-Management\backend\node_modules\mongoose\lib\query.js:4604:80)
    at process.processTicksAndRejections (node:internal/process/task_queues:95:5)
    at async E:\Personal Documents\Stock-Management\backend\src\routes\api.js:2261:17
2025-07-18 15:42:12 [error]: Error fetching lot: Cast to ObjectId failed for value "expiring-soon" (type string) at path "_id" for model "Lot"
CastError: Cast to ObjectId failed for value "expiring-soon" (type string) at path "_id" for model "Lot"
    at SchemaObjectId.cast (E:\Personal Documents\Stock-Management\backend\node_modules\mongoose\lib\schema\objectId.js:251:11)
    at SchemaType.applySetters (E:\Personal Documents\Stock-Management\backend\node_modules\mongoose\lib\schemaType.js:1255:12)
    at SchemaType.castForQuery (E:\Personal Documents\Stock-Management\backend\node_modules\mongoose\lib\schemaType.js:1673:17)
    at cast (E:\Personal Documents\Stock-Management\backend\node_modules\mongoose\lib\cast.js:390:32)
    at Query.cast (E:\Personal Documents\Stock-Management\backend\node_modules\mongoose\lib\query.js:5055:12)
    at Query._castConditions (E:\Personal Documents\Stock-Management\backend\node_modules\mongoose\lib\query.js:2351:10)
    at model.Query._findOne (E:\Personal Documents\Stock-Management\backend\node_modules\mongoose\lib\query.js:2674:8)
    at model.Query.exec (E:\Personal Documents\Stock-Management\backend\node_modules\mongoose\lib\query.js:4604:80)
    at process.processTicksAndRejections (node:internal/process/task_queues:95:5)
    at async E:\Personal Documents\Stock-Management\backend\src\routes\api.js:2261:17
2025-07-18 15:42:40 [error]: Error fetching lot: Cast to ObjectId failed for value "expiring-soon" (type string) at path "_id" for model "Lot"
CastError: Cast to ObjectId failed for value "expiring-soon" (type string) at path "_id" for model "Lot"
    at SchemaObjectId.cast (E:\Personal Documents\Stock-Management\backend\node_modules\mongoose\lib\schema\objectId.js:251:11)
    at SchemaType.applySetters (E:\Personal Documents\Stock-Management\backend\node_modules\mongoose\lib\schemaType.js:1255:12)
    at SchemaType.castForQuery (E:\Personal Documents\Stock-Management\backend\node_modules\mongoose\lib\schemaType.js:1673:17)
    at cast (E:\Personal Documents\Stock-Management\backend\node_modules\mongoose\lib\cast.js:390:32)
    at Query.cast (E:\Personal Documents\Stock-Management\backend\node_modules\mongoose\lib\query.js:5055:12)
    at Query._castConditions (E:\Personal Documents\Stock-Management\backend\node_modules\mongoose\lib\query.js:2351:10)
    at model.Query._findOne (E:\Personal Documents\Stock-Management\backend\node_modules\mongoose\lib\query.js:2674:8)
    at model.Query.exec (E:\Personal Documents\Stock-Management\backend\node_modules\mongoose\lib\query.js:4604:80)
    at process.processTicksAndRejections (node:internal/process/task_queues:95:5)
    at async E:\Personal Documents\Stock-Management\backend\src\routes\api.js:2261:17
2025-07-18 15:42:44 [error]: Error fetching lot: Cast to ObjectId failed for value "expiring-soon" (type string) at path "_id" for model "Lot"
CastError: Cast to ObjectId failed for value "expiring-soon" (type string) at path "_id" for model "Lot"
    at SchemaObjectId.cast (E:\Personal Documents\Stock-Management\backend\node_modules\mongoose\lib\schema\objectId.js:251:11)
    at SchemaType.applySetters (E:\Personal Documents\Stock-Management\backend\node_modules\mongoose\lib\schemaType.js:1255:12)
    at SchemaType.castForQuery (E:\Personal Documents\Stock-Management\backend\node_modules\mongoose\lib\schemaType.js:1673:17)
    at cast (E:\Personal Documents\Stock-Management\backend\node_modules\mongoose\lib\cast.js:390:32)
    at Query.cast (E:\Personal Documents\Stock-Management\backend\node_modules\mongoose\lib\query.js:5055:12)
    at Query._castConditions (E:\Personal Documents\Stock-Management\backend\node_modules\mongoose\lib\query.js:2351:10)
    at model.Query._findOne (E:\Personal Documents\Stock-Management\backend\node_modules\mongoose\lib\query.js:2674:8)
    at model.Query.exec (E:\Personal Documents\Stock-Management\backend\node_modules\mongoose\lib\query.js:4604:80)
    at process.processTicksAndRejections (node:internal/process/task_queues:95:5)
    at async E:\Personal Documents\Stock-Management\backend\src\routes\api.js:2261:17
2025-07-18 15:42:44 [error]: Error fetching lot: Cast to ObjectId failed for value "expiring-soon" (type string) at path "_id" for model "Lot"
CastError: Cast to ObjectId failed for value "expiring-soon" (type string) at path "_id" for model "Lot"
    at SchemaObjectId.cast (E:\Personal Documents\Stock-Management\backend\node_modules\mongoose\lib\schema\objectId.js:251:11)
    at SchemaType.applySetters (E:\Personal Documents\Stock-Management\backend\node_modules\mongoose\lib\schemaType.js:1255:12)
    at SchemaType.castForQuery (E:\Personal Documents\Stock-Management\backend\node_modules\mongoose\lib\schemaType.js:1673:17)
    at cast (E:\Personal Documents\Stock-Management\backend\node_modules\mongoose\lib\cast.js:390:32)
    at Query.cast (E:\Personal Documents\Stock-Management\backend\node_modules\mongoose\lib\query.js:5055:12)
    at Query._castConditions (E:\Personal Documents\Stock-Management\backend\node_modules\mongoose\lib\query.js:2351:10)
    at model.Query._findOne (E:\Personal Documents\Stock-Management\backend\node_modules\mongoose\lib\query.js:2674:8)
    at model.Query.exec (E:\Personal Documents\Stock-Management\backend\node_modules\mongoose\lib\query.js:4604:80)
    at process.processTicksAndRejections (node:internal/process/task_queues:95:5)
    at async E:\Personal Documents\Stock-Management\backend\src\routes\api.js:2261:17
2025-07-18 15:43:03 [error]: Error fetching lot: Cast to ObjectId failed for value "expiring-soon" (type string) at path "_id" for model "Lot"
CastError: Cast to ObjectId failed for value "expiring-soon" (type string) at path "_id" for model "Lot"
    at SchemaObjectId.cast (E:\Personal Documents\Stock-Management\backend\node_modules\mongoose\lib\schema\objectId.js:251:11)
    at SchemaType.applySetters (E:\Personal Documents\Stock-Management\backend\node_modules\mongoose\lib\schemaType.js:1255:12)
    at SchemaType.castForQuery (E:\Personal Documents\Stock-Management\backend\node_modules\mongoose\lib\schemaType.js:1673:17)
    at cast (E:\Personal Documents\Stock-Management\backend\node_modules\mongoose\lib\cast.js:390:32)
    at Query.cast (E:\Personal Documents\Stock-Management\backend\node_modules\mongoose\lib\query.js:5055:12)
    at Query._castConditions (E:\Personal Documents\Stock-Management\backend\node_modules\mongoose\lib\query.js:2351:10)
    at model.Query._findOne (E:\Personal Documents\Stock-Management\backend\node_modules\mongoose\lib\query.js:2674:8)
    at model.Query.exec (E:\Personal Documents\Stock-Management\backend\node_modules\mongoose\lib\query.js:4604:80)
    at process.processTicksAndRejections (node:internal/process/task_queues:95:5)
    at async E:\Personal Documents\Stock-Management\backend\src\routes\api.js:2261:17
2025-07-18 15:43:03 [error]: Error fetching lot: Cast to ObjectId failed for value "expiring-soon" (type string) at path "_id" for model "Lot"
CastError: Cast to ObjectId failed for value "expiring-soon" (type string) at path "_id" for model "Lot"
    at SchemaObjectId.cast (E:\Personal Documents\Stock-Management\backend\node_modules\mongoose\lib\schema\objectId.js:251:11)
    at SchemaType.applySetters (E:\Personal Documents\Stock-Management\backend\node_modules\mongoose\lib\schemaType.js:1255:12)
    at SchemaType.castForQuery (E:\Personal Documents\Stock-Management\backend\node_modules\mongoose\lib\schemaType.js:1673:17)
    at cast (E:\Personal Documents\Stock-Management\backend\node_modules\mongoose\lib\cast.js:390:32)
    at Query.cast (E:\Personal Documents\Stock-Management\backend\node_modules\mongoose\lib\query.js:5055:12)
    at Query._castConditions (E:\Personal Documents\Stock-Management\backend\node_modules\mongoose\lib\query.js:2351:10)
    at model.Query._findOne (E:\Personal Documents\Stock-Management\backend\node_modules\mongoose\lib\query.js:2674:8)
    at model.Query.exec (E:\Personal Documents\Stock-Management\backend\node_modules\mongoose\lib\query.js:4604:80)
    at process.processTicksAndRejections (node:internal/process/task_queues:95:5)
    at async E:\Personal Documents\Stock-Management\backend\src\routes\api.js:2261:17
2025-07-18 15:43:10 [error]: Error fetching lot: Cast to ObjectId failed for value "expiring-soon" (type string) at path "_id" for model "Lot"
CastError: Cast to ObjectId failed for value "expiring-soon" (type string) at path "_id" for model "Lot"
    at SchemaObjectId.cast (E:\Personal Documents\Stock-Management\backend\node_modules\mongoose\lib\schema\objectId.js:251:11)
    at SchemaType.applySetters (E:\Personal Documents\Stock-Management\backend\node_modules\mongoose\lib\schemaType.js:1255:12)
    at SchemaType.castForQuery (E:\Personal Documents\Stock-Management\backend\node_modules\mongoose\lib\schemaType.js:1673:17)
    at cast (E:\Personal Documents\Stock-Management\backend\node_modules\mongoose\lib\cast.js:390:32)
    at Query.cast (E:\Personal Documents\Stock-Management\backend\node_modules\mongoose\lib\query.js:5055:12)
    at Query._castConditions (E:\Personal Documents\Stock-Management\backend\node_modules\mongoose\lib\query.js:2351:10)
    at model.Query._findOne (E:\Personal Documents\Stock-Management\backend\node_modules\mongoose\lib\query.js:2674:8)
    at model.Query.exec (E:\Personal Documents\Stock-Management\backend\node_modules\mongoose\lib\query.js:4604:80)
    at process.processTicksAndRejections (node:internal/process/task_queues:95:5)
    at async E:\Personal Documents\Stock-Management\backend\src\routes\api.js:2261:17
2025-07-18 15:43:10 [error]: Error fetching lot: Cast to ObjectId failed for value "expiring-soon" (type string) at path "_id" for model "Lot"
CastError: Cast to ObjectId failed for value "expiring-soon" (type string) at path "_id" for model "Lot"
    at SchemaObjectId.cast (E:\Personal Documents\Stock-Management\backend\node_modules\mongoose\lib\schema\objectId.js:251:11)
    at SchemaType.applySetters (E:\Personal Documents\Stock-Management\backend\node_modules\mongoose\lib\schemaType.js:1255:12)
    at SchemaType.castForQuery (E:\Personal Documents\Stock-Management\backend\node_modules\mongoose\lib\schemaType.js:1673:17)
    at cast (E:\Personal Documents\Stock-Management\backend\node_modules\mongoose\lib\cast.js:390:32)
    at Query.cast (E:\Personal Documents\Stock-Management\backend\node_modules\mongoose\lib\query.js:5055:12)
    at Query._castConditions (E:\Personal Documents\Stock-Management\backend\node_modules\mongoose\lib\query.js:2351:10)
    at model.Query._findOne (E:\Personal Documents\Stock-Management\backend\node_modules\mongoose\lib\query.js:2674:8)
    at model.Query.exec (E:\Personal Documents\Stock-Management\backend\node_modules\mongoose\lib\query.js:4604:80)
    at process.processTicksAndRejections (node:internal/process/task_queues:95:5)
    at async E:\Personal Documents\Stock-Management\backend\src\routes\api.js:2261:17
2025-07-18 15:44:32 [error]: Error fetching lot: Cast to ObjectId failed for value "expiring-soon" (type string) at path "_id" for model "Lot"
CastError: Cast to ObjectId failed for value "expiring-soon" (type string) at path "_id" for model "Lot"
    at SchemaObjectId.cast (E:\Personal Documents\Stock-Management\backend\node_modules\mongoose\lib\schema\objectId.js:251:11)
    at SchemaType.applySetters (E:\Personal Documents\Stock-Management\backend\node_modules\mongoose\lib\schemaType.js:1255:12)
    at SchemaType.castForQuery (E:\Personal Documents\Stock-Management\backend\node_modules\mongoose\lib\schemaType.js:1673:17)
    at cast (E:\Personal Documents\Stock-Management\backend\node_modules\mongoose\lib\cast.js:390:32)
    at Query.cast (E:\Personal Documents\Stock-Management\backend\node_modules\mongoose\lib\query.js:5055:12)
    at Query._castConditions (E:\Personal Documents\Stock-Management\backend\node_modules\mongoose\lib\query.js:2351:10)
    at model.Query._findOne (E:\Personal Documents\Stock-Management\backend\node_modules\mongoose\lib\query.js:2674:8)
    at model.Query.exec (E:\Personal Documents\Stock-Management\backend\node_modules\mongoose\lib\query.js:4604:80)
    at process.processTicksAndRejections (node:internal/process/task_queues:95:5)
    at async E:\Personal Documents\Stock-Management\backend\src\routes\api.js:2261:17
2025-07-18 15:44:34 [error]: Error fetching lot: Cast to ObjectId failed for value "expiring-soon" (type string) at path "_id" for model "Lot"
CastError: Cast to ObjectId failed for value "expiring-soon" (type string) at path "_id" for model "Lot"
    at SchemaObjectId.cast (E:\Personal Documents\Stock-Management\backend\node_modules\mongoose\lib\schema\objectId.js:251:11)
    at SchemaType.applySetters (E:\Personal Documents\Stock-Management\backend\node_modules\mongoose\lib\schemaType.js:1255:12)
    at SchemaType.castForQuery (E:\Personal Documents\Stock-Management\backend\node_modules\mongoose\lib\schemaType.js:1673:17)
    at cast (E:\Personal Documents\Stock-Management\backend\node_modules\mongoose\lib\cast.js:390:32)
    at Query.cast (E:\Personal Documents\Stock-Management\backend\node_modules\mongoose\lib\query.js:5055:12)
    at Query._castConditions (E:\Personal Documents\Stock-Management\backend\node_modules\mongoose\lib\query.js:2351:10)
    at model.Query._findOne (E:\Personal Documents\Stock-Management\backend\node_modules\mongoose\lib\query.js:2674:8)
    at model.Query.exec (E:\Personal Documents\Stock-Management\backend\node_modules\mongoose\lib\query.js:4604:80)
    at process.processTicksAndRejections (node:internal/process/task_queues:95:5)
    at async E:\Personal Documents\Stock-Management\backend\src\routes\api.js:2261:17
2025-07-18 15:44:38 [error]: Error fetching lot: Cast to ObjectId failed for value "expiring-soon" (type string) at path "_id" for model "Lot"
CastError: Cast to ObjectId failed for value "expiring-soon" (type string) at path "_id" for model "Lot"
    at SchemaObjectId.cast (E:\Personal Documents\Stock-Management\backend\node_modules\mongoose\lib\schema\objectId.js:251:11)
    at SchemaType.applySetters (E:\Personal Documents\Stock-Management\backend\node_modules\mongoose\lib\schemaType.js:1255:12)
    at SchemaType.castForQuery (E:\Personal Documents\Stock-Management\backend\node_modules\mongoose\lib\schemaType.js:1673:17)
    at cast (E:\Personal Documents\Stock-Management\backend\node_modules\mongoose\lib\cast.js:390:32)
    at Query.cast (E:\Personal Documents\Stock-Management\backend\node_modules\mongoose\lib\query.js:5055:12)
    at Query._castConditions (E:\Personal Documents\Stock-Management\backend\node_modules\mongoose\lib\query.js:2351:10)
    at model.Query._findOne (E:\Personal Documents\Stock-Management\backend\node_modules\mongoose\lib\query.js:2674:8)
    at model.Query.exec (E:\Personal Documents\Stock-Management\backend\node_modules\mongoose\lib\query.js:4604:80)
    at process.processTicksAndRejections (node:internal/process/task_queues:95:5)
    at async E:\Personal Documents\Stock-Management\backend\src\routes\api.js:2261:17
2025-07-18 15:44:42 [error]: Error fetching lot: Cast to ObjectId failed for value "expiring-soon" (type string) at path "_id" for model "Lot"
CastError: Cast to ObjectId failed for value "expiring-soon" (type string) at path "_id" for model "Lot"
    at SchemaObjectId.cast (E:\Personal Documents\Stock-Management\backend\node_modules\mongoose\lib\schema\objectId.js:251:11)
    at SchemaType.applySetters (E:\Personal Documents\Stock-Management\backend\node_modules\mongoose\lib\schemaType.js:1255:12)
    at SchemaType.castForQuery (E:\Personal Documents\Stock-Management\backend\node_modules\mongoose\lib\schemaType.js:1673:17)
    at cast (E:\Personal Documents\Stock-Management\backend\node_modules\mongoose\lib\cast.js:390:32)
    at Query.cast (E:\Personal Documents\Stock-Management\backend\node_modules\mongoose\lib\query.js:5055:12)
    at Query._castConditions (E:\Personal Documents\Stock-Management\backend\node_modules\mongoose\lib\query.js:2351:10)
    at model.Query._findOne (E:\Personal Documents\Stock-Management\backend\node_modules\mongoose\lib\query.js:2674:8)
    at model.Query.exec (E:\Personal Documents\Stock-Management\backend\node_modules\mongoose\lib\query.js:4604:80)
    at process.processTicksAndRejections (node:internal/process/task_queues:95:5)
    at async E:\Personal Documents\Stock-Management\backend\src\routes\api.js:2261:17
2025-07-18 15:44:42 [error]: Error fetching lot: Cast to ObjectId failed for value "expiring-soon" (type string) at path "_id" for model "Lot"
CastError: Cast to ObjectId failed for value "expiring-soon" (type string) at path "_id" for model "Lot"
    at SchemaObjectId.cast (E:\Personal Documents\Stock-Management\backend\node_modules\mongoose\lib\schema\objectId.js:251:11)
    at SchemaType.applySetters (E:\Personal Documents\Stock-Management\backend\node_modules\mongoose\lib\schemaType.js:1255:12)
    at SchemaType.castForQuery (E:\Personal Documents\Stock-Management\backend\node_modules\mongoose\lib\schemaType.js:1673:17)
    at cast (E:\Personal Documents\Stock-Management\backend\node_modules\mongoose\lib\cast.js:390:32)
    at Query.cast (E:\Personal Documents\Stock-Management\backend\node_modules\mongoose\lib\query.js:5055:12)
    at Query._castConditions (E:\Personal Documents\Stock-Management\backend\node_modules\mongoose\lib\query.js:2351:10)
    at model.Query._findOne (E:\Personal Documents\Stock-Management\backend\node_modules\mongoose\lib\query.js:2674:8)
    at model.Query.exec (E:\Personal Documents\Stock-Management\backend\node_modules\mongoose\lib\query.js:4604:80)
    at process.processTicksAndRejections (node:internal/process/task_queues:95:5)
    at async E:\Personal Documents\Stock-Management\backend\src\routes\api.js:2261:17
2025-07-18 15:45:39 [error]: Error fetching lot: Cast to ObjectId failed for value "expiring-soon" (type string) at path "_id" for model "Lot"
CastError: Cast to ObjectId failed for value "expiring-soon" (type string) at path "_id" for model "Lot"
    at SchemaObjectId.cast (E:\Personal Documents\Stock-Management\backend\node_modules\mongoose\lib\schema\objectId.js:251:11)
    at SchemaType.applySetters (E:\Personal Documents\Stock-Management\backend\node_modules\mongoose\lib\schemaType.js:1255:12)
    at SchemaType.castForQuery (E:\Personal Documents\Stock-Management\backend\node_modules\mongoose\lib\schemaType.js:1673:17)
    at cast (E:\Personal Documents\Stock-Management\backend\node_modules\mongoose\lib\cast.js:390:32)
    at Query.cast (E:\Personal Documents\Stock-Management\backend\node_modules\mongoose\lib\query.js:5055:12)
    at Query._castConditions (E:\Personal Documents\Stock-Management\backend\node_modules\mongoose\lib\query.js:2351:10)
    at model.Query._findOne (E:\Personal Documents\Stock-Management\backend\node_modules\mongoose\lib\query.js:2674:8)
    at model.Query.exec (E:\Personal Documents\Stock-Management\backend\node_modules\mongoose\lib\query.js:4604:80)
    at process.processTicksAndRejections (node:internal/process/task_queues:95:5)
    at async E:\Personal Documents\Stock-Management\backend\src\routes\api.js:2261:17
2025-07-18 15:45:39 [error]: Error fetching lot: Cast to ObjectId failed for value "expiring-soon" (type string) at path "_id" for model "Lot"
CastError: Cast to ObjectId failed for value "expiring-soon" (type string) at path "_id" for model "Lot"
    at SchemaObjectId.cast (E:\Personal Documents\Stock-Management\backend\node_modules\mongoose\lib\schema\objectId.js:251:11)
    at SchemaType.applySetters (E:\Personal Documents\Stock-Management\backend\node_modules\mongoose\lib\schemaType.js:1255:12)
    at SchemaType.castForQuery (E:\Personal Documents\Stock-Management\backend\node_modules\mongoose\lib\schemaType.js:1673:17)
    at cast (E:\Personal Documents\Stock-Management\backend\node_modules\mongoose\lib\cast.js:390:32)
    at Query.cast (E:\Personal Documents\Stock-Management\backend\node_modules\mongoose\lib\query.js:5055:12)
    at Query._castConditions (E:\Personal Documents\Stock-Management\backend\node_modules\mongoose\lib\query.js:2351:10)
    at model.Query._findOne (E:\Personal Documents\Stock-Management\backend\node_modules\mongoose\lib\query.js:2674:8)
    at model.Query.exec (E:\Personal Documents\Stock-Management\backend\node_modules\mongoose\lib\query.js:4604:80)
    at process.processTicksAndRejections (node:internal/process/task_queues:95:5)
    at async E:\Personal Documents\Stock-Management\backend\src\routes\api.js:2261:17
