2025-07-13 00:38:25 [error]: Authentication failed
TokenExpiredError: jwt expired
    at E:\Personal Documents\Stock-Management\backend\node_modules\jsonwebtoken\verify.js:190:21
    at getSecret (E:\Personal Documents\Stock-Management\backend\node_modules\jsonwebtoken\verify.js:97:14)
    at module.exports [as verify] (E:\Personal Documents\Stock-Management\backend\node_modules\jsonwebtoken\verify.js:101:10)
    at authMiddleware (E:\Personal Documents\Stock-Management\backend\src\middleware\auth.js:10:25)
    at Layer.handle [as handle_request] (E:\Personal Documents\Stock-Management\backend\node_modules\express\lib\router\layer.js:95:5)
    at next (E:\Personal Documents\Stock-Management\backend\node_modules\express\lib\router\route.js:149:13)
    at Route.dispatch (E:\Personal Documents\Stock-Management\backend\node_modules\express\lib\router\route.js:119:3)
    at Layer.handle [as handle_request] (E:\Personal Documents\Stock-Management\backend\node_modules\express\lib\router\layer.js:95:5)
    at E:\Personal Documents\Stock-Management\backend\node_modules\express\lib\router\index.js:284:15
    at Function.process_params (E:\Personal Documents\Stock-Management\backend\node_modules\express\lib\router\index.js:346:12)
2025-07-13 00:38:25 [error]: Authentication failed
TokenExpiredError: jwt expired
    at E:\Personal Documents\Stock-Management\backend\node_modules\jsonwebtoken\verify.js:190:21
    at getSecret (E:\Personal Documents\Stock-Management\backend\node_modules\jsonwebtoken\verify.js:97:14)
    at module.exports [as verify] (E:\Personal Documents\Stock-Management\backend\node_modules\jsonwebtoken\verify.js:101:10)
    at authMiddleware (E:\Personal Documents\Stock-Management\backend\src\middleware\auth.js:10:25)
    at Layer.handle [as handle_request] (E:\Personal Documents\Stock-Management\backend\node_modules\express\lib\router\layer.js:95:5)
    at next (E:\Personal Documents\Stock-Management\backend\node_modules\express\lib\router\route.js:149:13)
    at Route.dispatch (E:\Personal Documents\Stock-Management\backend\node_modules\express\lib\router\route.js:119:3)
    at Layer.handle [as handle_request] (E:\Personal Documents\Stock-Management\backend\node_modules\express\lib\router\layer.js:95:5)
    at E:\Personal Documents\Stock-Management\backend\node_modules\express\lib\router\index.js:284:15
    at Function.process_params (E:\Personal Documents\Stock-Management\backend\node_modules\express\lib\router\index.js:346:12)
2025-07-13 00:38:25 [error]: Authentication failed
TokenExpiredError: jwt expired
    at E:\Personal Documents\Stock-Management\backend\node_modules\jsonwebtoken\verify.js:190:21
    at getSecret (E:\Personal Documents\Stock-Management\backend\node_modules\jsonwebtoken\verify.js:97:14)
    at module.exports [as verify] (E:\Personal Documents\Stock-Management\backend\node_modules\jsonwebtoken\verify.js:101:10)
    at authMiddleware (E:\Personal Documents\Stock-Management\backend\src\middleware\auth.js:10:25)
    at Layer.handle [as handle_request] (E:\Personal Documents\Stock-Management\backend\node_modules\express\lib\router\layer.js:95:5)
    at next (E:\Personal Documents\Stock-Management\backend\node_modules\express\lib\router\route.js:149:13)
    at Route.dispatch (E:\Personal Documents\Stock-Management\backend\node_modules\express\lib\router\route.js:119:3)
    at Layer.handle [as handle_request] (E:\Personal Documents\Stock-Management\backend\node_modules\express\lib\router\layer.js:95:5)
    at E:\Personal Documents\Stock-Management\backend\node_modules\express\lib\router\index.js:284:15
    at Function.process_params (E:\Personal Documents\Stock-Management\backend\node_modules\express\lib\router\index.js:346:12)
2025-07-13 00:38:25 [error]: Authentication failed
JsonWebTokenError: jwt malformed
    at module.exports [as verify] (E:\Personal Documents\Stock-Management\backend\node_modules\jsonwebtoken\verify.js:70:17)
    at authMiddleware (E:\Personal Documents\Stock-Management\backend\src\middleware\auth.js:10:25)
    at Layer.handle [as handle_request] (E:\Personal Documents\Stock-Management\backend\node_modules\express\lib\router\layer.js:95:5)
    at next (E:\Personal Documents\Stock-Management\backend\node_modules\express\lib\router\route.js:149:13)
    at Route.dispatch (E:\Personal Documents\Stock-Management\backend\node_modules\express\lib\router\route.js:119:3)
    at Layer.handle [as handle_request] (E:\Personal Documents\Stock-Management\backend\node_modules\express\lib\router\layer.js:95:5)
    at E:\Personal Documents\Stock-Management\backend\node_modules\express\lib\router\index.js:284:15
    at Function.process_params (E:\Personal Documents\Stock-Management\backend\node_modules\express\lib\router\index.js:346:12)
    at next (E:\Personal Documents\Stock-Management\backend\node_modules\express\lib\router\index.js:280:10)
    at Function.handle (E:\Personal Documents\Stock-Management\backend\node_modules\express\lib\router\index.js:175:3)
2025-07-13 00:38:25 [error]: Authentication failed
TokenExpiredError: jwt expired
    at E:\Personal Documents\Stock-Management\backend\node_modules\jsonwebtoken\verify.js:190:21
    at getSecret (E:\Personal Documents\Stock-Management\backend\node_modules\jsonwebtoken\verify.js:97:14)
    at module.exports [as verify] (E:\Personal Documents\Stock-Management\backend\node_modules\jsonwebtoken\verify.js:101:10)
    at authMiddleware (E:\Personal Documents\Stock-Management\backend\src\middleware\auth.js:10:25)
    at Layer.handle [as handle_request] (E:\Personal Documents\Stock-Management\backend\node_modules\express\lib\router\layer.js:95:5)
    at next (E:\Personal Documents\Stock-Management\backend\node_modules\express\lib\router\route.js:149:13)
    at Route.dispatch (E:\Personal Documents\Stock-Management\backend\node_modules\express\lib\router\route.js:119:3)
    at Layer.handle [as handle_request] (E:\Personal Documents\Stock-Management\backend\node_modules\express\lib\router\layer.js:95:5)
    at E:\Personal Documents\Stock-Management\backend\node_modules\express\lib\router\index.js:284:15
    at Function.process_params (E:\Personal Documents\Stock-Management\backend\node_modules\express\lib\router\index.js:346:12)
2025-07-13 00:38:25 [error]: Authentication failed
TokenExpiredError: jwt expired
    at E:\Personal Documents\Stock-Management\backend\node_modules\jsonwebtoken\verify.js:190:21
    at getSecret (E:\Personal Documents\Stock-Management\backend\node_modules\jsonwebtoken\verify.js:97:14)
    at module.exports [as verify] (E:\Personal Documents\Stock-Management\backend\node_modules\jsonwebtoken\verify.js:101:10)
    at authMiddleware (E:\Personal Documents\Stock-Management\backend\src\middleware\auth.js:10:25)
    at Layer.handle [as handle_request] (E:\Personal Documents\Stock-Management\backend\node_modules\express\lib\router\layer.js:95:5)
    at next (E:\Personal Documents\Stock-Management\backend\node_modules\express\lib\router\route.js:149:13)
    at Route.dispatch (E:\Personal Documents\Stock-Management\backend\node_modules\express\lib\router\route.js:119:3)
    at Layer.handle [as handle_request] (E:\Personal Documents\Stock-Management\backend\node_modules\express\lib\router\layer.js:95:5)
    at E:\Personal Documents\Stock-Management\backend\node_modules\express\lib\router\index.js:284:15
    at Function.process_params (E:\Personal Documents\Stock-Management\backend\node_modules\express\lib\router\index.js:346:12)
2025-07-13 00:47:44 [error]: Error fetching issue history: Cast to date failed for value "Invalid Date" (type Date) at path "createdAt" for model "IssueTransaction"
CastError: Cast to date failed for value "Invalid Date" (type Date) at path "createdAt" for model "IssueTransaction"
    at SchemaDate.cast (E:\Personal Documents\Stock-Management\backend\node_modules\mongoose\lib\schema\date.js:377:11)
    at SchemaDate.handleSingle (E:\Personal Documents\Stock-Management\backend\node_modules\mongoose\lib\schema\date.js:389:15)
    at SchemaDate.castForQuery (E:\Personal Documents\Stock-Management\backend\node_modules\mongoose\lib\schema\date.js:431:18)
    at cast (E:\Personal Documents\Stock-Management\backend\node_modules\mongoose\lib\cast.js:367:39)
    at Query.cast (E:\Personal Documents\Stock-Management\backend\node_modules\mongoose\lib\query.js:5055:12)
    at Query._castConditions (E:\Personal Documents\Stock-Management\backend\node_modules\mongoose\lib\query.js:2351:10)
    at model.Query._find (E:\Personal Documents\Stock-Management\backend\node_modules\mongoose\lib\query.js:2378:8)
    at model.Query.exec (E:\Personal Documents\Stock-Management\backend\node_modules\mongoose\lib\query.js:4604:80)
    at process.processTicksAndRejections (node:internal/process/task_queues:95:5)
    at async E:\Personal Documents\Stock-Management\backend\src\routes\api.js:2040:21
2025-07-13 00:47:47 [error]: Error fetching issue history: Cast to date failed for value "Invalid Date" (type Date) at path "createdAt" for model "IssueTransaction"
CastError: Cast to date failed for value "Invalid Date" (type Date) at path "createdAt" for model "IssueTransaction"
    at SchemaDate.cast (E:\Personal Documents\Stock-Management\backend\node_modules\mongoose\lib\schema\date.js:377:11)
    at SchemaDate.handleSingle (E:\Personal Documents\Stock-Management\backend\node_modules\mongoose\lib\schema\date.js:389:15)
    at SchemaDate.castForQuery (E:\Personal Documents\Stock-Management\backend\node_modules\mongoose\lib\schema\date.js:431:18)
    at cast (E:\Personal Documents\Stock-Management\backend\node_modules\mongoose\lib\cast.js:367:39)
    at Query.cast (E:\Personal Documents\Stock-Management\backend\node_modules\mongoose\lib\query.js:5055:12)
    at Query._castConditions (E:\Personal Documents\Stock-Management\backend\node_modules\mongoose\lib\query.js:2351:10)
    at model.Query._find (E:\Personal Documents\Stock-Management\backend\node_modules\mongoose\lib\query.js:2378:8)
    at model.Query.exec (E:\Personal Documents\Stock-Management\backend\node_modules\mongoose\lib\query.js:4604:80)
    at process.processTicksAndRejections (node:internal/process/task_queues:95:5)
    at async E:\Personal Documents\Stock-Management\backend\src\routes\api.js:2040:21
2025-07-13 00:47:49 [error]: Error fetching issue history: Cast to date failed for value "Invalid Date" (type Date) at path "createdAt" for model "IssueTransaction"
CastError: Cast to date failed for value "Invalid Date" (type Date) at path "createdAt" for model "IssueTransaction"
    at SchemaDate.cast (E:\Personal Documents\Stock-Management\backend\node_modules\mongoose\lib\schema\date.js:377:11)
    at SchemaDate.handleSingle (E:\Personal Documents\Stock-Management\backend\node_modules\mongoose\lib\schema\date.js:389:15)
    at SchemaDate.castForQuery (E:\Personal Documents\Stock-Management\backend\node_modules\mongoose\lib\schema\date.js:431:18)
    at cast (E:\Personal Documents\Stock-Management\backend\node_modules\mongoose\lib\cast.js:367:39)
    at Query.cast (E:\Personal Documents\Stock-Management\backend\node_modules\mongoose\lib\query.js:5055:12)
    at Query._castConditions (E:\Personal Documents\Stock-Management\backend\node_modules\mongoose\lib\query.js:2351:10)
    at model.Query._find (E:\Personal Documents\Stock-Management\backend\node_modules\mongoose\lib\query.js:2378:8)
    at model.Query.exec (E:\Personal Documents\Stock-Management\backend\node_modules\mongoose\lib\query.js:4604:80)
    at process.processTicksAndRejections (node:internal/process/task_queues:95:5)
    at async E:\Personal Documents\Stock-Management\backend\src\routes\api.js:2040:21
2025-07-13 00:47:52 [error]: Error fetching issue history: Cast to date failed for value "Invalid Date" (type Date) at path "createdAt" for model "IssueTransaction"
CastError: Cast to date failed for value "Invalid Date" (type Date) at path "createdAt" for model "IssueTransaction"
    at SchemaDate.cast (E:\Personal Documents\Stock-Management\backend\node_modules\mongoose\lib\schema\date.js:377:11)
    at SchemaDate.handleSingle (E:\Personal Documents\Stock-Management\backend\node_modules\mongoose\lib\schema\date.js:389:15)
    at SchemaDate.castForQuery (E:\Personal Documents\Stock-Management\backend\node_modules\mongoose\lib\schema\date.js:431:18)
    at cast (E:\Personal Documents\Stock-Management\backend\node_modules\mongoose\lib\cast.js:367:39)
    at Query.cast (E:\Personal Documents\Stock-Management\backend\node_modules\mongoose\lib\query.js:5055:12)
    at Query._castConditions (E:\Personal Documents\Stock-Management\backend\node_modules\mongoose\lib\query.js:2351:10)
    at model.Query._find (E:\Personal Documents\Stock-Management\backend\node_modules\mongoose\lib\query.js:2378:8)
    at model.Query.exec (E:\Personal Documents\Stock-Management\backend\node_modules\mongoose\lib\query.js:4604:80)
    at process.processTicksAndRejections (node:internal/process/task_queues:95:5)
    at async E:\Personal Documents\Stock-Management\backend\src\routes\api.js:2040:21
2025-07-13 00:47:54 [error]: Error fetching issue history: Cast to date failed for value "Invalid Date" (type Date) at path "createdAt" for model "IssueTransaction"
CastError: Cast to date failed for value "Invalid Date" (type Date) at path "createdAt" for model "IssueTransaction"
    at SchemaDate.cast (E:\Personal Documents\Stock-Management\backend\node_modules\mongoose\lib\schema\date.js:377:11)
    at SchemaDate.handleSingle (E:\Personal Documents\Stock-Management\backend\node_modules\mongoose\lib\schema\date.js:389:15)
    at SchemaDate.castForQuery (E:\Personal Documents\Stock-Management\backend\node_modules\mongoose\lib\schema\date.js:431:18)
    at cast (E:\Personal Documents\Stock-Management\backend\node_modules\mongoose\lib\cast.js:367:39)
    at Query.cast (E:\Personal Documents\Stock-Management\backend\node_modules\mongoose\lib\query.js:5055:12)
    at Query._castConditions (E:\Personal Documents\Stock-Management\backend\node_modules\mongoose\lib\query.js:2351:10)
    at model.Query._find (E:\Personal Documents\Stock-Management\backend\node_modules\mongoose\lib\query.js:2378:8)
    at model.Query.exec (E:\Personal Documents\Stock-Management\backend\node_modules\mongoose\lib\query.js:4604:80)
    at process.processTicksAndRejections (node:internal/process/task_queues:95:5)
    at async E:\Personal Documents\Stock-Management\backend\src\routes\api.js:2040:21
2025-07-13 00:48:03 [error]: Error fetching issue history: Cast to date failed for value "Invalid Date" (type Date) at path "createdAt" for model "IssueTransaction"
CastError: Cast to date failed for value "Invalid Date" (type Date) at path "createdAt" for model "IssueTransaction"
    at SchemaDate.cast (E:\Personal Documents\Stock-Management\backend\node_modules\mongoose\lib\schema\date.js:377:11)
    at SchemaDate.handleSingle (E:\Personal Documents\Stock-Management\backend\node_modules\mongoose\lib\schema\date.js:389:15)
    at SchemaDate.castForQuery (E:\Personal Documents\Stock-Management\backend\node_modules\mongoose\lib\schema\date.js:431:18)
    at cast (E:\Personal Documents\Stock-Management\backend\node_modules\mongoose\lib\cast.js:367:39)
    at Query.cast (E:\Personal Documents\Stock-Management\backend\node_modules\mongoose\lib\query.js:5055:12)
    at Query._castConditions (E:\Personal Documents\Stock-Management\backend\node_modules\mongoose\lib\query.js:2351:10)
    at model.Query._find (E:\Personal Documents\Stock-Management\backend\node_modules\mongoose\lib\query.js:2378:8)
    at model.Query.exec (E:\Personal Documents\Stock-Management\backend\node_modules\mongoose\lib\query.js:4604:80)
    at process.processTicksAndRejections (node:internal/process/task_queues:95:5)
    at async E:\Personal Documents\Stock-Management\backend\src\routes\api.js:2040:21
2025-07-13 00:48:10 [error]: Error fetching issue history: Cast to date failed for value "Invalid Date" (type Date) at path "createdAt" for model "IssueTransaction"
CastError: Cast to date failed for value "Invalid Date" (type Date) at path "createdAt" for model "IssueTransaction"
    at SchemaDate.cast (E:\Personal Documents\Stock-Management\backend\node_modules\mongoose\lib\schema\date.js:377:11)
    at SchemaDate.handleSingle (E:\Personal Documents\Stock-Management\backend\node_modules\mongoose\lib\schema\date.js:389:15)
    at SchemaDate.castForQuery (E:\Personal Documents\Stock-Management\backend\node_modules\mongoose\lib\schema\date.js:431:18)
    at cast (E:\Personal Documents\Stock-Management\backend\node_modules\mongoose\lib\cast.js:367:39)
    at Query.cast (E:\Personal Documents\Stock-Management\backend\node_modules\mongoose\lib\query.js:5055:12)
    at Query._castConditions (E:\Personal Documents\Stock-Management\backend\node_modules\mongoose\lib\query.js:2351:10)
    at model.Query._find (E:\Personal Documents\Stock-Management\backend\node_modules\mongoose\lib\query.js:2378:8)
    at model.Query.exec (E:\Personal Documents\Stock-Management\backend\node_modules\mongoose\lib\query.js:4604:80)
    at process.processTicksAndRejections (node:internal/process/task_queues:95:5)
    at async E:\Personal Documents\Stock-Management\backend\src\routes\api.js:2040:21
2025-07-13 00:48:22 [error]: Error fetching issue history: Cast to date failed for value "Invalid Date" (type Date) at path "createdAt" for model "IssueTransaction"
CastError: Cast to date failed for value "Invalid Date" (type Date) at path "createdAt" for model "IssueTransaction"
    at SchemaDate.cast (E:\Personal Documents\Stock-Management\backend\node_modules\mongoose\lib\schema\date.js:377:11)
    at SchemaDate.handleSingle (E:\Personal Documents\Stock-Management\backend\node_modules\mongoose\lib\schema\date.js:389:15)
    at SchemaDate.castForQuery (E:\Personal Documents\Stock-Management\backend\node_modules\mongoose\lib\schema\date.js:431:18)
    at cast (E:\Personal Documents\Stock-Management\backend\node_modules\mongoose\lib\cast.js:367:39)
    at Query.cast (E:\Personal Documents\Stock-Management\backend\node_modules\mongoose\lib\query.js:5055:12)
    at Query._castConditions (E:\Personal Documents\Stock-Management\backend\node_modules\mongoose\lib\query.js:2351:10)
    at model.Query._find (E:\Personal Documents\Stock-Management\backend\node_modules\mongoose\lib\query.js:2378:8)
    at model.Query.exec (E:\Personal Documents\Stock-Management\backend\node_modules\mongoose\lib\query.js:4604:80)
    at process.processTicksAndRejections (node:internal/process/task_queues:95:5)
    at async E:\Personal Documents\Stock-Management\backend\src\routes\api.js:2040:21
2025-07-13 00:48:24 [error]: Error fetching issue history: Cast to date failed for value "Invalid Date" (type Date) at path "createdAt" for model "IssueTransaction"
CastError: Cast to date failed for value "Invalid Date" (type Date) at path "createdAt" for model "IssueTransaction"
    at SchemaDate.cast (E:\Personal Documents\Stock-Management\backend\node_modules\mongoose\lib\schema\date.js:377:11)
    at SchemaDate.handleSingle (E:\Personal Documents\Stock-Management\backend\node_modules\mongoose\lib\schema\date.js:389:15)
    at SchemaDate.castForQuery (E:\Personal Documents\Stock-Management\backend\node_modules\mongoose\lib\schema\date.js:431:18)
    at cast (E:\Personal Documents\Stock-Management\backend\node_modules\mongoose\lib\cast.js:367:39)
    at Query.cast (E:\Personal Documents\Stock-Management\backend\node_modules\mongoose\lib\query.js:5055:12)
    at Query._castConditions (E:\Personal Documents\Stock-Management\backend\node_modules\mongoose\lib\query.js:2351:10)
    at model.Query._find (E:\Personal Documents\Stock-Management\backend\node_modules\mongoose\lib\query.js:2378:8)
    at model.Query.exec (E:\Personal Documents\Stock-Management\backend\node_modules\mongoose\lib\query.js:4604:80)
    at process.processTicksAndRejections (node:internal/process/task_queues:95:5)
    at async E:\Personal Documents\Stock-Management\backend\src\routes\api.js:2040:21
2025-07-13 00:48:38 [error]: Error fetching issue history: Cast to date failed for value "Invalid Date" (type Date) at path "createdAt" for model "IssueTransaction"
CastError: Cast to date failed for value "Invalid Date" (type Date) at path "createdAt" for model "IssueTransaction"
    at SchemaDate.cast (E:\Personal Documents\Stock-Management\backend\node_modules\mongoose\lib\schema\date.js:377:11)
    at SchemaDate.handleSingle (E:\Personal Documents\Stock-Management\backend\node_modules\mongoose\lib\schema\date.js:389:15)
    at SchemaDate.castForQuery (E:\Personal Documents\Stock-Management\backend\node_modules\mongoose\lib\schema\date.js:431:18)
    at cast (E:\Personal Documents\Stock-Management\backend\node_modules\mongoose\lib\cast.js:367:39)
    at Query.cast (E:\Personal Documents\Stock-Management\backend\node_modules\mongoose\lib\query.js:5055:12)
    at Query._castConditions (E:\Personal Documents\Stock-Management\backend\node_modules\mongoose\lib\query.js:2351:10)
    at model.Query._find (E:\Personal Documents\Stock-Management\backend\node_modules\mongoose\lib\query.js:2378:8)
    at model.Query.exec (E:\Personal Documents\Stock-Management\backend\node_modules\mongoose\lib\query.js:4604:80)
    at process.processTicksAndRejections (node:internal/process/task_queues:95:5)
    at async E:\Personal Documents\Stock-Management\backend\src\routes\api.js:2040:21
2025-07-13 00:48:38 [error]: Error fetching issue history: Cast to date failed for value "Invalid Date" (type Date) at path "createdAt" for model "IssueTransaction"
CastError: Cast to date failed for value "Invalid Date" (type Date) at path "createdAt" for model "IssueTransaction"
    at SchemaDate.cast (E:\Personal Documents\Stock-Management\backend\node_modules\mongoose\lib\schema\date.js:377:11)
    at SchemaDate.handleSingle (E:\Personal Documents\Stock-Management\backend\node_modules\mongoose\lib\schema\date.js:389:15)
    at SchemaDate.castForQuery (E:\Personal Documents\Stock-Management\backend\node_modules\mongoose\lib\schema\date.js:431:18)
    at cast (E:\Personal Documents\Stock-Management\backend\node_modules\mongoose\lib\cast.js:367:39)
    at Query.cast (E:\Personal Documents\Stock-Management\backend\node_modules\mongoose\lib\query.js:5055:12)
    at Query._castConditions (E:\Personal Documents\Stock-Management\backend\node_modules\mongoose\lib\query.js:2351:10)
    at model.Query._find (E:\Personal Documents\Stock-Management\backend\node_modules\mongoose\lib\query.js:2378:8)
    at model.Query.exec (E:\Personal Documents\Stock-Management\backend\node_modules\mongoose\lib\query.js:4604:80)
    at process.processTicksAndRejections (node:internal/process/task_queues:95:5)
    at async E:\Personal Documents\Stock-Management\backend\src\routes\api.js:2040:21
2025-07-13 00:48:42 [error]: Error fetching issue history: Cast to date failed for value "Invalid Date" (type Date) at path "createdAt" for model "IssueTransaction"
CastError: Cast to date failed for value "Invalid Date" (type Date) at path "createdAt" for model "IssueTransaction"
    at SchemaDate.cast (E:\Personal Documents\Stock-Management\backend\node_modules\mongoose\lib\schema\date.js:377:11)
    at SchemaDate.handleSingle (E:\Personal Documents\Stock-Management\backend\node_modules\mongoose\lib\schema\date.js:389:15)
    at SchemaDate.castForQuery (E:\Personal Documents\Stock-Management\backend\node_modules\mongoose\lib\schema\date.js:431:18)
    at cast (E:\Personal Documents\Stock-Management\backend\node_modules\mongoose\lib\cast.js:367:39)
    at Query.cast (E:\Personal Documents\Stock-Management\backend\node_modules\mongoose\lib\query.js:5055:12)
    at Query._castConditions (E:\Personal Documents\Stock-Management\backend\node_modules\mongoose\lib\query.js:2351:10)
    at model.Query._find (E:\Personal Documents\Stock-Management\backend\node_modules\mongoose\lib\query.js:2378:8)
    at model.Query.exec (E:\Personal Documents\Stock-Management\backend\node_modules\mongoose\lib\query.js:4604:80)
    at process.processTicksAndRejections (node:internal/process/task_queues:95:5)
    at async E:\Personal Documents\Stock-Management\backend\src\routes\api.js:2040:21
2025-07-13 00:48:42 [error]: Error fetching issue history: Cast to date failed for value "Invalid Date" (type Date) at path "createdAt" for model "IssueTransaction"
CastError: Cast to date failed for value "Invalid Date" (type Date) at path "createdAt" for model "IssueTransaction"
    at SchemaDate.cast (E:\Personal Documents\Stock-Management\backend\node_modules\mongoose\lib\schema\date.js:377:11)
    at SchemaDate.handleSingle (E:\Personal Documents\Stock-Management\backend\node_modules\mongoose\lib\schema\date.js:389:15)
    at SchemaDate.castForQuery (E:\Personal Documents\Stock-Management\backend\node_modules\mongoose\lib\schema\date.js:431:18)
    at cast (E:\Personal Documents\Stock-Management\backend\node_modules\mongoose\lib\cast.js:367:39)
    at Query.cast (E:\Personal Documents\Stock-Management\backend\node_modules\mongoose\lib\query.js:5055:12)
    at Query._castConditions (E:\Personal Documents\Stock-Management\backend\node_modules\mongoose\lib\query.js:2351:10)
    at model.Query._find (E:\Personal Documents\Stock-Management\backend\node_modules\mongoose\lib\query.js:2378:8)
    at model.Query.exec (E:\Personal Documents\Stock-Management\backend\node_modules\mongoose\lib\query.js:4604:80)
    at process.processTicksAndRejections (node:internal/process/task_queues:95:5)
    at async E:\Personal Documents\Stock-Management\backend\src\routes\api.js:2040:21
2025-07-13 00:49:00 [error]: Error fetching issue history: Cast to date failed for value "Invalid Date" (type Date) at path "createdAt" for model "IssueTransaction"
CastError: Cast to date failed for value "Invalid Date" (type Date) at path "createdAt" for model "IssueTransaction"
    at SchemaDate.cast (E:\Personal Documents\Stock-Management\backend\node_modules\mongoose\lib\schema\date.js:377:11)
    at SchemaDate.handleSingle (E:\Personal Documents\Stock-Management\backend\node_modules\mongoose\lib\schema\date.js:389:15)
    at SchemaDate.castForQuery (E:\Personal Documents\Stock-Management\backend\node_modules\mongoose\lib\schema\date.js:431:18)
    at cast (E:\Personal Documents\Stock-Management\backend\node_modules\mongoose\lib\cast.js:367:39)
    at Query.cast (E:\Personal Documents\Stock-Management\backend\node_modules\mongoose\lib\query.js:5055:12)
    at Query._castConditions (E:\Personal Documents\Stock-Management\backend\node_modules\mongoose\lib\query.js:2351:10)
    at model.Query._find (E:\Personal Documents\Stock-Management\backend\node_modules\mongoose\lib\query.js:2378:8)
    at model.Query.exec (E:\Personal Documents\Stock-Management\backend\node_modules\mongoose\lib\query.js:4604:80)
    at process.processTicksAndRejections (node:internal/process/task_queues:95:5)
    at async E:\Personal Documents\Stock-Management\backend\src\routes\api.js:2040:21
2025-07-13 00:49:03 [error]: Error fetching issue history: Cast to date failed for value "Invalid Date" (type Date) at path "createdAt" for model "IssueTransaction"
CastError: Cast to date failed for value "Invalid Date" (type Date) at path "createdAt" for model "IssueTransaction"
    at SchemaDate.cast (E:\Personal Documents\Stock-Management\backend\node_modules\mongoose\lib\schema\date.js:377:11)
    at SchemaDate.handleSingle (E:\Personal Documents\Stock-Management\backend\node_modules\mongoose\lib\schema\date.js:389:15)
    at SchemaDate.castForQuery (E:\Personal Documents\Stock-Management\backend\node_modules\mongoose\lib\schema\date.js:431:18)
    at cast (E:\Personal Documents\Stock-Management\backend\node_modules\mongoose\lib\cast.js:367:39)
    at Query.cast (E:\Personal Documents\Stock-Management\backend\node_modules\mongoose\lib\query.js:5055:12)
    at Query._castConditions (E:\Personal Documents\Stock-Management\backend\node_modules\mongoose\lib\query.js:2351:10)
    at model.Query._find (E:\Personal Documents\Stock-Management\backend\node_modules\mongoose\lib\query.js:2378:8)
    at model.Query.exec (E:\Personal Documents\Stock-Management\backend\node_modules\mongoose\lib\query.js:4604:80)
    at process.processTicksAndRejections (node:internal/process/task_queues:95:5)
    at async E:\Personal Documents\Stock-Management\backend\src\routes\api.js:2040:21
2025-07-13 00:49:06 [error]: Error fetching issue history: Cast to date failed for value "Invalid Date" (type Date) at path "createdAt" for model "IssueTransaction"
CastError: Cast to date failed for value "Invalid Date" (type Date) at path "createdAt" for model "IssueTransaction"
    at SchemaDate.cast (E:\Personal Documents\Stock-Management\backend\node_modules\mongoose\lib\schema\date.js:377:11)
    at SchemaDate.handleSingle (E:\Personal Documents\Stock-Management\backend\node_modules\mongoose\lib\schema\date.js:389:15)
    at SchemaDate.castForQuery (E:\Personal Documents\Stock-Management\backend\node_modules\mongoose\lib\schema\date.js:431:18)
    at cast (E:\Personal Documents\Stock-Management\backend\node_modules\mongoose\lib\cast.js:367:39)
    at Query.cast (E:\Personal Documents\Stock-Management\backend\node_modules\mongoose\lib\query.js:5055:12)
    at Query._castConditions (E:\Personal Documents\Stock-Management\backend\node_modules\mongoose\lib\query.js:2351:10)
    at model.Query._find (E:\Personal Documents\Stock-Management\backend\node_modules\mongoose\lib\query.js:2378:8)
    at model.Query.exec (E:\Personal Documents\Stock-Management\backend\node_modules\mongoose\lib\query.js:4604:80)
    at process.processTicksAndRejections (node:internal/process/task_queues:95:5)
    at async E:\Personal Documents\Stock-Management\backend\src\routes\api.js:2040:21
2025-07-13 00:49:06 [error]: Error fetching issue history: Cast to date failed for value "Invalid Date" (type Date) at path "createdAt" for model "IssueTransaction"
CastError: Cast to date failed for value "Invalid Date" (type Date) at path "createdAt" for model "IssueTransaction"
    at SchemaDate.cast (E:\Personal Documents\Stock-Management\backend\node_modules\mongoose\lib\schema\date.js:377:11)
    at SchemaDate.handleSingle (E:\Personal Documents\Stock-Management\backend\node_modules\mongoose\lib\schema\date.js:389:15)
    at SchemaDate.castForQuery (E:\Personal Documents\Stock-Management\backend\node_modules\mongoose\lib\schema\date.js:431:18)
    at cast (E:\Personal Documents\Stock-Management\backend\node_modules\mongoose\lib\cast.js:367:39)
    at Query.cast (E:\Personal Documents\Stock-Management\backend\node_modules\mongoose\lib\query.js:5055:12)
    at Query._castConditions (E:\Personal Documents\Stock-Management\backend\node_modules\mongoose\lib\query.js:2351:10)
    at model.Query._find (E:\Personal Documents\Stock-Management\backend\node_modules\mongoose\lib\query.js:2378:8)
    at model.Query.exec (E:\Personal Documents\Stock-Management\backend\node_modules\mongoose\lib\query.js:4604:80)
    at process.processTicksAndRejections (node:internal/process/task_queues:95:5)
    at async E:\Personal Documents\Stock-Management\backend\src\routes\api.js:2040:21
2025-07-13 00:51:45 [error]: Error updating notification
CastError: Cast to ObjectId failed for value "mark-all-read" (type string) at path "_id" for model "Notification"
    at SchemaObjectId.cast (E:\Personal Documents\Stock-Management\backend\node_modules\mongoose\lib\schema\objectId.js:251:11)
    at SchemaType.applySetters (E:\Personal Documents\Stock-Management\backend\node_modules\mongoose\lib\schemaType.js:1255:12)
    at SchemaType.castForQuery (E:\Personal Documents\Stock-Management\backend\node_modules\mongoose\lib\schemaType.js:1673:17)
    at cast (E:\Personal Documents\Stock-Management\backend\node_modules\mongoose\lib\cast.js:390:32)
    at Query.cast (E:\Personal Documents\Stock-Management\backend\node_modules\mongoose\lib\query.js:5055:12)
    at Query._castConditions (E:\Personal Documents\Stock-Management\backend\node_modules\mongoose\lib\query.js:2351:10)
    at model.Query._findOneAndUpdate (E:\Personal Documents\Stock-Management\backend\node_modules\mongoose\lib\query.js:3454:8)
    at model.Query.exec (E:\Personal Documents\Stock-Management\backend\node_modules\mongoose\lib\query.js:4604:80)
    at process.processTicksAndRejections (node:internal/process/task_queues:95:5)
    at async E:\Personal Documents\Stock-Management\backend\src\routes\api.js:1154:26
2025-07-13 10:39:20 [error]: Authentication failed
TokenExpiredError: jwt expired
    at E:\Personal Documents\Stock-Management\backend\node_modules\jsonwebtoken\verify.js:190:21
    at getSecret (E:\Personal Documents\Stock-Management\backend\node_modules\jsonwebtoken\verify.js:97:14)
    at module.exports [as verify] (E:\Personal Documents\Stock-Management\backend\node_modules\jsonwebtoken\verify.js:101:10)
    at authMiddleware (E:\Personal Documents\Stock-Management\backend\src\middleware\auth.js:10:25)
    at Layer.handle [as handle_request] (E:\Personal Documents\Stock-Management\backend\node_modules\express\lib\router\layer.js:95:5)
    at next (E:\Personal Documents\Stock-Management\backend\node_modules\express\lib\router\route.js:149:13)
    at Route.dispatch (E:\Personal Documents\Stock-Management\backend\node_modules\express\lib\router\route.js:119:3)
    at Layer.handle [as handle_request] (E:\Personal Documents\Stock-Management\backend\node_modules\express\lib\router\layer.js:95:5)
    at E:\Personal Documents\Stock-Management\backend\node_modules\express\lib\router\index.js:284:15
    at Function.process_params (E:\Personal Documents\Stock-Management\backend\node_modules\express\lib\router\index.js:346:12)
2025-07-13 10:39:20 [error]: Authentication failed
JsonWebTokenError: jwt malformed
    at module.exports [as verify] (E:\Personal Documents\Stock-Management\backend\node_modules\jsonwebtoken\verify.js:70:17)
    at authMiddleware (E:\Personal Documents\Stock-Management\backend\src\middleware\auth.js:10:25)
    at Layer.handle [as handle_request] (E:\Personal Documents\Stock-Management\backend\node_modules\express\lib\router\layer.js:95:5)
    at next (E:\Personal Documents\Stock-Management\backend\node_modules\express\lib\router\route.js:149:13)
    at Route.dispatch (E:\Personal Documents\Stock-Management\backend\node_modules\express\lib\router\route.js:119:3)
    at Layer.handle [as handle_request] (E:\Personal Documents\Stock-Management\backend\node_modules\express\lib\router\layer.js:95:5)
    at E:\Personal Documents\Stock-Management\backend\node_modules\express\lib\router\index.js:284:15
    at Function.process_params (E:\Personal Documents\Stock-Management\backend\node_modules\express\lib\router\index.js:346:12)
    at next (E:\Personal Documents\Stock-Management\backend\node_modules\express\lib\router\index.js:280:10)
    at Function.handle (E:\Personal Documents\Stock-Management\backend\node_modules\express\lib\router\index.js:175:3)
2025-07-13 11:42:03 [error]: Error exporting receive history
CastError: Cast to date failed for value "Invalid Date" (type Date) at path "createdAt" for model "StockTransaction"
    at SchemaDate.cast (E:\Personal Documents\Stock-Management\backend\node_modules\mongoose\lib\schema\date.js:377:11)
    at SchemaDate.handleSingle (E:\Personal Documents\Stock-Management\backend\node_modules\mongoose\lib\schema\date.js:389:15)
    at SchemaDate.castForQuery (E:\Personal Documents\Stock-Management\backend\node_modules\mongoose\lib\schema\date.js:431:18)
    at cast (E:\Personal Documents\Stock-Management\backend\node_modules\mongoose\lib\cast.js:367:39)
    at Query.cast (E:\Personal Documents\Stock-Management\backend\node_modules\mongoose\lib\query.js:5055:12)
    at Query._castConditions (E:\Personal Documents\Stock-Management\backend\node_modules\mongoose\lib\query.js:2351:10)
    at model.Query._find (E:\Personal Documents\Stock-Management\backend\node_modules\mongoose\lib\query.js:2378:8)
    at model.Query.exec (E:\Personal Documents\Stock-Management\backend\node_modules\mongoose\lib\query.js:4604:80)
    at process.processTicksAndRejections (node:internal/process/task_queues:95:5)
    at async E:\Personal Documents\Stock-Management\backend\src\routes\api.js:1225:26
2025-07-13 11:42:14 [error]: Error exporting receive history
CastError: Cast to date failed for value "Invalid Date" (type Date) at path "createdAt" for model "StockTransaction"
    at SchemaDate.cast (E:\Personal Documents\Stock-Management\backend\node_modules\mongoose\lib\schema\date.js:377:11)
    at SchemaDate.handleSingle (E:\Personal Documents\Stock-Management\backend\node_modules\mongoose\lib\schema\date.js:389:15)
    at SchemaDate.castForQuery (E:\Personal Documents\Stock-Management\backend\node_modules\mongoose\lib\schema\date.js:431:18)
    at cast (E:\Personal Documents\Stock-Management\backend\node_modules\mongoose\lib\cast.js:367:39)
    at Query.cast (E:\Personal Documents\Stock-Management\backend\node_modules\mongoose\lib\query.js:5055:12)
    at Query._castConditions (E:\Personal Documents\Stock-Management\backend\node_modules\mongoose\lib\query.js:2351:10)
    at model.Query._find (E:\Personal Documents\Stock-Management\backend\node_modules\mongoose\lib\query.js:2378:8)
    at model.Query.exec (E:\Personal Documents\Stock-Management\backend\node_modules\mongoose\lib\query.js:4604:80)
    at process.processTicksAndRejections (node:internal/process/task_queues:95:5)
    at async E:\Personal Documents\Stock-Management\backend\src\routes\api.js:1225:26
2025-07-13 11:45:14 [error]: Error exporting receive history
CastError: Cast to date failed for value "Invalid Date" (type Date) at path "createdAt" for model "StockTransaction"
    at SchemaDate.cast (E:\Personal Documents\Stock-Management\backend\node_modules\mongoose\lib\schema\date.js:377:11)
    at SchemaDate.handleSingle (E:\Personal Documents\Stock-Management\backend\node_modules\mongoose\lib\schema\date.js:389:15)
    at SchemaDate.castForQuery (E:\Personal Documents\Stock-Management\backend\node_modules\mongoose\lib\schema\date.js:431:18)
    at cast (E:\Personal Documents\Stock-Management\backend\node_modules\mongoose\lib\cast.js:367:39)
    at Query.cast (E:\Personal Documents\Stock-Management\backend\node_modules\mongoose\lib\query.js:5055:12)
    at Query._castConditions (E:\Personal Documents\Stock-Management\backend\node_modules\mongoose\lib\query.js:2351:10)
    at model.Query._find (E:\Personal Documents\Stock-Management\backend\node_modules\mongoose\lib\query.js:2378:8)
    at model.Query.exec (E:\Personal Documents\Stock-Management\backend\node_modules\mongoose\lib\query.js:4604:80)
    at process.processTicksAndRejections (node:internal/process/task_queues:95:5)
    at async E:\Personal Documents\Stock-Management\backend\src\routes\api.js:1225:26
2025-07-13 11:45:25 [error]: Error exporting receive history
CastError: Cast to date failed for value "Invalid Date" (type Date) at path "createdAt" for model "StockTransaction"
    at SchemaDate.cast (E:\Personal Documents\Stock-Management\backend\node_modules\mongoose\lib\schema\date.js:377:11)
    at SchemaDate.handleSingle (E:\Personal Documents\Stock-Management\backend\node_modules\mongoose\lib\schema\date.js:389:15)
    at SchemaDate.castForQuery (E:\Personal Documents\Stock-Management\backend\node_modules\mongoose\lib\schema\date.js:431:18)
    at cast (E:\Personal Documents\Stock-Management\backend\node_modules\mongoose\lib\cast.js:367:39)
    at Query.cast (E:\Personal Documents\Stock-Management\backend\node_modules\mongoose\lib\query.js:5055:12)
    at Query._castConditions (E:\Personal Documents\Stock-Management\backend\node_modules\mongoose\lib\query.js:2351:10)
    at model.Query._find (E:\Personal Documents\Stock-Management\backend\node_modules\mongoose\lib\query.js:2378:8)
    at model.Query.exec (E:\Personal Documents\Stock-Management\backend\node_modules\mongoose\lib\query.js:4604:80)
    at process.processTicksAndRejections (node:internal/process/task_queues:95:5)
    at async E:\Personal Documents\Stock-Management\backend\src\routes\api.js:1225:26
