2025-06-29 12:37:31 [error]: Connection error:
2025-06-29 12:39:04 [error]: Connection error:
2025-06-29 12:39:44 [error]: Connection error:
2025-06-29 12:40:41 [error]: Error during login:
2025-06-29 12:40:56 [error]: Connection error:
2025-06-29 12:41:46 [error]: Error during login:
2025-06-29 12:41:57 [error]: Connection error:
2025-06-29 12:43:25 [error]: Transaction failed
2025-06-29 12:45:14 [error]: Connection error:
2025-06-29 14:06:43 [error]: Transaction failed
2025-06-29 14:07:42 [error]: Transaction failed
2025-06-29 14:11:36 [error]: Transaction failed
2025-06-29 14:12:08 [error]: Transaction failed
2025-06-29 14:15:03 [error]: Transaction failed
2025-06-29 14:16:56 [error]: Transaction failed
2025-06-29 14:42:12 [error]: Authentication failed
2025-06-29 14:43:12 [error]: Authentication failed
2025-06-29 14:43:54 [error]: Authentication failed
2025-06-29 14:44:23 [error]: Authentication failed
2025-06-29 14:44:53 [error]: Authentication failed
2025-06-29 14:44:57 [error]: Authentication failed
2025-06-29 14:44:57 [error]: Authentication failed
2025-06-29 14:52:54 [error]: Error updating notification
2025-06-29 14:52:56 [error]: Error updating notification
2025-06-29 14:52:57 [error]: Error updating notification
2025-06-29 14:52:57 [error]: Error updating notification
