2025-07-14 10:42:11 [error]: Authentication failed
TokenExpiredError: jwt expired
    at E:\Personal Documents\Stock-Management\backend\node_modules\jsonwebtoken\verify.js:190:21
    at getSecret (E:\Personal Documents\Stock-Management\backend\node_modules\jsonwebtoken\verify.js:97:14)
    at module.exports [as verify] (E:\Personal Documents\Stock-Management\backend\node_modules\jsonwebtoken\verify.js:101:10)
    at authMiddleware (E:\Personal Documents\Stock-Management\backend\src\middleware\auth.js:10:25)
    at Layer.handle [as handle_request] (E:\Personal Documents\Stock-Management\backend\node_modules\express\lib\router\layer.js:95:5)
    at next (E:\Personal Documents\Stock-Management\backend\node_modules\express\lib\router\route.js:149:13)
    at Route.dispatch (E:\Personal Documents\Stock-Management\backend\node_modules\express\lib\router\route.js:119:3)
    at Layer.handle [as handle_request] (E:\Personal Documents\Stock-Management\backend\node_modules\express\lib\router\layer.js:95:5)
    at E:\Personal Documents\Stock-Management\backend\node_modules\express\lib\router\index.js:284:15
    at Function.process_params (E:\Personal Documents\Stock-Management\backend\node_modules\express\lib\router\index.js:346:12)
2025-07-14 10:42:11 [error]: Authentication failed
JsonWebTokenError: jwt malformed
    at module.exports [as verify] (E:\Personal Documents\Stock-Management\backend\node_modules\jsonwebtoken\verify.js:70:17)
    at authMiddleware (E:\Personal Documents\Stock-Management\backend\src\middleware\auth.js:10:25)
    at Layer.handle [as handle_request] (E:\Personal Documents\Stock-Management\backend\node_modules\express\lib\router\layer.js:95:5)
    at next (E:\Personal Documents\Stock-Management\backend\node_modules\express\lib\router\route.js:149:13)
    at Route.dispatch (E:\Personal Documents\Stock-Management\backend\node_modules\express\lib\router\route.js:119:3)
    at Layer.handle [as handle_request] (E:\Personal Documents\Stock-Management\backend\node_modules\express\lib\router\layer.js:95:5)
    at E:\Personal Documents\Stock-Management\backend\node_modules\express\lib\router\index.js:284:15
    at Function.process_params (E:\Personal Documents\Stock-Management\backend\node_modules\express\lib\router\index.js:346:12)
    at next (E:\Personal Documents\Stock-Management\backend\node_modules\express\lib\router\index.js:280:10)
    at Function.handle (E:\Personal Documents\Stock-Management\backend\node_modules\express\lib\router\index.js:175:3)
2025-07-14 11:47:28 [error]: Authentication failed
TokenExpiredError: jwt expired
    at E:\Personal Documents\Stock-Management\backend\node_modules\jsonwebtoken\verify.js:190:21
    at getSecret (E:\Personal Documents\Stock-Management\backend\node_modules\jsonwebtoken\verify.js:97:14)
    at module.exports [as verify] (E:\Personal Documents\Stock-Management\backend\node_modules\jsonwebtoken\verify.js:101:10)
    at authMiddleware (E:\Personal Documents\Stock-Management\backend\src\middleware\auth.js:10:25)
    at Layer.handle [as handle_request] (E:\Personal Documents\Stock-Management\backend\node_modules\express\lib\router\layer.js:95:5)
    at next (E:\Personal Documents\Stock-Management\backend\node_modules\express\lib\router\route.js:149:13)
    at Route.dispatch (E:\Personal Documents\Stock-Management\backend\node_modules\express\lib\router\route.js:119:3)
    at Layer.handle [as handle_request] (E:\Personal Documents\Stock-Management\backend\node_modules\express\lib\router\layer.js:95:5)
    at E:\Personal Documents\Stock-Management\backend\node_modules\express\lib\router\index.js:284:15
    at Function.process_params (E:\Personal Documents\Stock-Management\backend\node_modules\express\lib\router\index.js:346:12)
2025-07-14 11:48:28 [error]: Authentication failed
TokenExpiredError: jwt expired
    at E:\Personal Documents\Stock-Management\backend\node_modules\jsonwebtoken\verify.js:190:21
    at getSecret (E:\Personal Documents\Stock-Management\backend\node_modules\jsonwebtoken\verify.js:97:14)
    at module.exports [as verify] (E:\Personal Documents\Stock-Management\backend\node_modules\jsonwebtoken\verify.js:101:10)
    at authMiddleware (E:\Personal Documents\Stock-Management\backend\src\middleware\auth.js:10:25)
    at Layer.handle [as handle_request] (E:\Personal Documents\Stock-Management\backend\node_modules\express\lib\router\layer.js:95:5)
    at next (E:\Personal Documents\Stock-Management\backend\node_modules\express\lib\router\route.js:149:13)
    at Route.dispatch (E:\Personal Documents\Stock-Management\backend\node_modules\express\lib\router\route.js:119:3)
    at Layer.handle [as handle_request] (E:\Personal Documents\Stock-Management\backend\node_modules\express\lib\router\layer.js:95:5)
    at E:\Personal Documents\Stock-Management\backend\node_modules\express\lib\router\index.js:284:15
    at Function.process_params (E:\Personal Documents\Stock-Management\backend\node_modules\express\lib\router\index.js:346:12)
2025-07-14 11:49:28 [error]: Authentication failed
TokenExpiredError: jwt expired
    at E:\Personal Documents\Stock-Management\backend\node_modules\jsonwebtoken\verify.js:190:21
    at getSecret (E:\Personal Documents\Stock-Management\backend\node_modules\jsonwebtoken\verify.js:97:14)
    at module.exports [as verify] (E:\Personal Documents\Stock-Management\backend\node_modules\jsonwebtoken\verify.js:101:10)
    at authMiddleware (E:\Personal Documents\Stock-Management\backend\src\middleware\auth.js:10:25)
    at Layer.handle [as handle_request] (E:\Personal Documents\Stock-Management\backend\node_modules\express\lib\router\layer.js:95:5)
    at next (E:\Personal Documents\Stock-Management\backend\node_modules\express\lib\router\route.js:149:13)
    at Route.dispatch (E:\Personal Documents\Stock-Management\backend\node_modules\express\lib\router\route.js:119:3)
    at Layer.handle [as handle_request] (E:\Personal Documents\Stock-Management\backend\node_modules\express\lib\router\layer.js:95:5)
    at E:\Personal Documents\Stock-Management\backend\node_modules\express\lib\router\index.js:284:15
    at Function.process_params (E:\Personal Documents\Stock-Management\backend\node_modules\express\lib\router\index.js:346:12)
2025-07-14 11:50:28 [error]: Authentication failed
TokenExpiredError: jwt expired
    at E:\Personal Documents\Stock-Management\backend\node_modules\jsonwebtoken\verify.js:190:21
    at getSecret (E:\Personal Documents\Stock-Management\backend\node_modules\jsonwebtoken\verify.js:97:14)
    at module.exports [as verify] (E:\Personal Documents\Stock-Management\backend\node_modules\jsonwebtoken\verify.js:101:10)
    at authMiddleware (E:\Personal Documents\Stock-Management\backend\src\middleware\auth.js:10:25)
    at Layer.handle [as handle_request] (E:\Personal Documents\Stock-Management\backend\node_modules\express\lib\router\layer.js:95:5)
    at next (E:\Personal Documents\Stock-Management\backend\node_modules\express\lib\router\route.js:149:13)
    at Route.dispatch (E:\Personal Documents\Stock-Management\backend\node_modules\express\lib\router\route.js:119:3)
    at Layer.handle [as handle_request] (E:\Personal Documents\Stock-Management\backend\node_modules\express\lib\router\layer.js:95:5)
    at E:\Personal Documents\Stock-Management\backend\node_modules\express\lib\router\index.js:284:15
    at Function.process_params (E:\Personal Documents\Stock-Management\backend\node_modules\express\lib\router\index.js:346:12)
2025-07-14 11:51:28 [error]: Authentication failed
TokenExpiredError: jwt expired
    at E:\Personal Documents\Stock-Management\backend\node_modules\jsonwebtoken\verify.js:190:21
    at getSecret (E:\Personal Documents\Stock-Management\backend\node_modules\jsonwebtoken\verify.js:97:14)
    at module.exports [as verify] (E:\Personal Documents\Stock-Management\backend\node_modules\jsonwebtoken\verify.js:101:10)
    at authMiddleware (E:\Personal Documents\Stock-Management\backend\src\middleware\auth.js:10:25)
    at Layer.handle [as handle_request] (E:\Personal Documents\Stock-Management\backend\node_modules\express\lib\router\layer.js:95:5)
    at next (E:\Personal Documents\Stock-Management\backend\node_modules\express\lib\router\route.js:149:13)
    at Route.dispatch (E:\Personal Documents\Stock-Management\backend\node_modules\express\lib\router\route.js:119:3)
    at Layer.handle [as handle_request] (E:\Personal Documents\Stock-Management\backend\node_modules\express\lib\router\layer.js:95:5)
    at E:\Personal Documents\Stock-Management\backend\node_modules\express\lib\router\index.js:284:15
    at Function.process_params (E:\Personal Documents\Stock-Management\backend\node_modules\express\lib\router\index.js:346:12)
2025-07-14 11:52:28 [error]: Authentication failed
TokenExpiredError: jwt expired
    at E:\Personal Documents\Stock-Management\backend\node_modules\jsonwebtoken\verify.js:190:21
    at getSecret (E:\Personal Documents\Stock-Management\backend\node_modules\jsonwebtoken\verify.js:97:14)
    at module.exports [as verify] (E:\Personal Documents\Stock-Management\backend\node_modules\jsonwebtoken\verify.js:101:10)
    at authMiddleware (E:\Personal Documents\Stock-Management\backend\src\middleware\auth.js:10:25)
    at Layer.handle [as handle_request] (E:\Personal Documents\Stock-Management\backend\node_modules\express\lib\router\layer.js:95:5)
    at next (E:\Personal Documents\Stock-Management\backend\node_modules\express\lib\router\route.js:149:13)
    at Route.dispatch (E:\Personal Documents\Stock-Management\backend\node_modules\express\lib\router\route.js:119:3)
    at Layer.handle [as handle_request] (E:\Personal Documents\Stock-Management\backend\node_modules\express\lib\router\layer.js:95:5)
    at E:\Personal Documents\Stock-Management\backend\node_modules\express\lib\router\index.js:284:15
    at Function.process_params (E:\Personal Documents\Stock-Management\backend\node_modules\express\lib\router\index.js:346:12)
2025-07-14 11:53:28 [error]: Authentication failed
TokenExpiredError: jwt expired
    at E:\Personal Documents\Stock-Management\backend\node_modules\jsonwebtoken\verify.js:190:21
    at getSecret (E:\Personal Documents\Stock-Management\backend\node_modules\jsonwebtoken\verify.js:97:14)
    at module.exports [as verify] (E:\Personal Documents\Stock-Management\backend\node_modules\jsonwebtoken\verify.js:101:10)
    at authMiddleware (E:\Personal Documents\Stock-Management\backend\src\middleware\auth.js:10:25)
    at Layer.handle [as handle_request] (E:\Personal Documents\Stock-Management\backend\node_modules\express\lib\router\layer.js:95:5)
    at next (E:\Personal Documents\Stock-Management\backend\node_modules\express\lib\router\route.js:149:13)
    at Route.dispatch (E:\Personal Documents\Stock-Management\backend\node_modules\express\lib\router\route.js:119:3)
    at Layer.handle [as handle_request] (E:\Personal Documents\Stock-Management\backend\node_modules\express\lib\router\layer.js:95:5)
    at E:\Personal Documents\Stock-Management\backend\node_modules\express\lib\router\index.js:284:15
    at Function.process_params (E:\Personal Documents\Stock-Management\backend\node_modules\express\lib\router\index.js:346:12)
2025-07-14 11:53:48 [error]: Authentication failed
TokenExpiredError: jwt expired
    at E:\Personal Documents\Stock-Management\backend\node_modules\jsonwebtoken\verify.js:190:21
    at getSecret (E:\Personal Documents\Stock-Management\backend\node_modules\jsonwebtoken\verify.js:97:14)
    at module.exports [as verify] (E:\Personal Documents\Stock-Management\backend\node_modules\jsonwebtoken\verify.js:101:10)
    at authMiddleware (E:\Personal Documents\Stock-Management\backend\src\middleware\auth.js:10:25)
    at Layer.handle [as handle_request] (E:\Personal Documents\Stock-Management\backend\node_modules\express\lib\router\layer.js:95:5)
    at next (E:\Personal Documents\Stock-Management\backend\node_modules\express\lib\router\route.js:149:13)
    at Route.dispatch (E:\Personal Documents\Stock-Management\backend\node_modules\express\lib\router\route.js:119:3)
    at Layer.handle [as handle_request] (E:\Personal Documents\Stock-Management\backend\node_modules\express\lib\router\layer.js:95:5)
    at E:\Personal Documents\Stock-Management\backend\node_modules\express\lib\router\index.js:284:15
    at Function.process_params (E:\Personal Documents\Stock-Management\backend\node_modules\express\lib\router\index.js:346:12)
2025-07-14 12:33:52 [error]: Error managing damage: DamagedAuditTrail validation failed: reason: Path `reason` is required., quantity: Path `quantity` is required., userId: Path `userId` is required., lotId: Path `lotId` is required., transactionNumber: Path `transactionNumber` is required.
ValidationError: DamagedAuditTrail validation failed: reason: Path `reason` is required., quantity: Path `quantity` is required., userId: Path `userId` is required., lotId: Path `lotId` is required., transactionNumber: Path `transactionNumber` is required.
    at Document.invalidate (E:\Personal Documents\Stock-Management\backend\node_modules\mongoose\lib\document.js:3352:32)
    at E:\Personal Documents\Stock-Management\backend\node_modules\mongoose\lib\document.js:3113:17
    at E:\Personal Documents\Stock-Management\backend\node_modules\mongoose\lib\schemaType.js:1407:9
    at process.processTicksAndRejections (node:internal/process/task_queues:77:11)
2025-07-14 12:34:57 [error]: Error issuing stock: Lot validation failed: transactions.24.transactionType: `Waste` is not a valid enum value for path `transactionType`.
ValidationError: Lot validation failed: transactions.24.transactionType: `Waste` is not a valid enum value for path `transactionType`.
    at Document.invalidate (E:\Personal Documents\Stock-Management\backend\node_modules\mongoose\lib\document.js:3352:32)
    at Subdocument.invalidate (E:\Personal Documents\Stock-Management\backend\node_modules\mongoose\lib\types\subdocument.js:229:12)
    at E:\Personal Documents\Stock-Management\backend\node_modules\mongoose\lib\document.js:3113:17
    at E:\Personal Documents\Stock-Management\backend\node_modules\mongoose\lib\schemaType.js:1407:9
    at process.processTicksAndRejections (node:internal/process/task_queues:77:11)
2025-07-14 12:36:05 [error]: Error issuing stock: Lot validation failed: transactions.24.transactionType: `Sale` is not a valid enum value for path `transactionType`.
ValidationError: Lot validation failed: transactions.24.transactionType: `Sale` is not a valid enum value for path `transactionType`.
    at Document.invalidate (E:\Personal Documents\Stock-Management\backend\node_modules\mongoose\lib\document.js:3352:32)
    at Subdocument.invalidate (E:\Personal Documents\Stock-Management\backend\node_modules\mongoose\lib\types\subdocument.js:229:12)
    at E:\Personal Documents\Stock-Management\backend\node_modules\mongoose\lib\document.js:3113:17
    at E:\Personal Documents\Stock-Management\backend\node_modules\mongoose\lib\schemaType.js:1407:9
    at process.processTicksAndRejections (node:internal/process/task_queues:77:11)
2025-07-14 12:38:37 [error]: Error issuing stock: Lot validation failed: transactions.24.transactionType: `Sale` is not a valid enum value for path `transactionType`.
ValidationError: Lot validation failed: transactions.24.transactionType: `Sale` is not a valid enum value for path `transactionType`.
    at Document.invalidate (E:\Personal Documents\Stock-Management\backend\node_modules\mongoose\lib\document.js:3352:32)
    at Subdocument.invalidate (E:\Personal Documents\Stock-Management\backend\node_modules\mongoose\lib\types\subdocument.js:229:12)
    at E:\Personal Documents\Stock-Management\backend\node_modules\mongoose\lib\document.js:3113:17
    at E:\Personal Documents\Stock-Management\backend\node_modules\mongoose\lib\schemaType.js:1407:9
    at process.processTicksAndRejections (node:internal/process/task_queues:77:11)
2025-07-14 12:40:47 [error]: Error managing damage: DamagedAuditTrail validation failed: reason: Path `reason` is required., quantity: Path `quantity` is required., userId: Path `userId` is required., lotId: Path `lotId` is required., transactionNumber: Path `transactionNumber` is required.
ValidationError: DamagedAuditTrail validation failed: reason: Path `reason` is required., quantity: Path `quantity` is required., userId: Path `userId` is required., lotId: Path `lotId` is required., transactionNumber: Path `transactionNumber` is required.
    at Document.invalidate (E:\Personal Documents\Stock-Management\backend\node_modules\mongoose\lib\document.js:3352:32)
    at E:\Personal Documents\Stock-Management\backend\node_modules\mongoose\lib\document.js:3113:17
    at E:\Personal Documents\Stock-Management\backend\node_modules\mongoose\lib\schemaType.js:1407:9
    at process.processTicksAndRejections (node:internal/process/task_queues:77:11)
2025-07-14 12:42:27 [error]: Error issuing stock: Lot validation failed: transactions.24.transactionType: `Sale` is not a valid enum value for path `transactionType`.
ValidationError: Lot validation failed: transactions.24.transactionType: `Sale` is not a valid enum value for path `transactionType`.
    at Document.invalidate (E:\Personal Documents\Stock-Management\backend\node_modules\mongoose\lib\document.js:3352:32)
    at Subdocument.invalidate (E:\Personal Documents\Stock-Management\backend\node_modules\mongoose\lib\types\subdocument.js:229:12)
    at E:\Personal Documents\Stock-Management\backend\node_modules\mongoose\lib\document.js:3113:17
    at E:\Personal Documents\Stock-Management\backend\node_modules\mongoose\lib\schemaType.js:1407:9
    at process.processTicksAndRejections (node:internal/process/task_queues:77:11)
2025-07-14 12:49:27 [error]: Error managing damage: DamagedAuditTrail validation failed: reason: Path `reason` is required., quantity: Path `quantity` is required., userId: Path `userId` is required., lotId: Path `lotId` is required., transactionNumber: Path `transactionNumber` is required.
ValidationError: DamagedAuditTrail validation failed: reason: Path `reason` is required., quantity: Path `quantity` is required., userId: Path `userId` is required., lotId: Path `lotId` is required., transactionNumber: Path `transactionNumber` is required.
    at Document.invalidate (E:\Personal Documents\Stock-Management\backend\node_modules\mongoose\lib\document.js:3352:32)
    at E:\Personal Documents\Stock-Management\backend\node_modules\mongoose\lib\document.js:3113:17
    at E:\Personal Documents\Stock-Management\backend\node_modules\mongoose\lib\schemaType.js:1407:9
    at process.processTicksAndRejections (node:internal/process/task_queues:77:11)
2025-07-14 12:50:18 [error]: Error managing damage: DamagedAuditTrail validation failed: reason: Path `reason` is required., quantity: Path `quantity` is required., userId: Path `userId` is required., lotId: Path `lotId` is required., transactionNumber: Path `transactionNumber` is required.
ValidationError: DamagedAuditTrail validation failed: reason: Path `reason` is required., quantity: Path `quantity` is required., userId: Path `userId` is required., lotId: Path `lotId` is required., transactionNumber: Path `transactionNumber` is required.
    at Document.invalidate (E:\Personal Documents\Stock-Management\backend\node_modules\mongoose\lib\document.js:3352:32)
    at E:\Personal Documents\Stock-Management\backend\node_modules\mongoose\lib\document.js:3113:17
    at E:\Personal Documents\Stock-Management\backend\node_modules\mongoose\lib\schemaType.js:1407:9
    at process.processTicksAndRejections (node:internal/process/task_queues:77:11)
2025-07-14 12:59:10 [error]: Error managing damage: DamagedAuditTrail validation failed: reason: Path `reason` is required., quantity: Path `quantity` is required., userId: Path `userId` is required., lotId: Path `lotId` is required., transactionNumber: Path `transactionNumber` is required.
ValidationError: DamagedAuditTrail validation failed: reason: Path `reason` is required., quantity: Path `quantity` is required., userId: Path `userId` is required., lotId: Path `lotId` is required., transactionNumber: Path `transactionNumber` is required.
    at Document.invalidate (E:\Personal Documents\Stock-Management\backend\node_modules\mongoose\lib\document.js:3352:32)
    at E:\Personal Documents\Stock-Management\backend\node_modules\mongoose\lib\document.js:3113:17
    at E:\Personal Documents\Stock-Management\backend\node_modules\mongoose\lib\schemaType.js:1407:9
    at process.processTicksAndRejections (node:internal/process/task_queues:77:11)
2025-07-14 12:59:51 [error]: Error issuing stock: Lot validation failed: transactions.33.transactionType: `Sale` is not a valid enum value for path `transactionType`.
ValidationError: Lot validation failed: transactions.33.transactionType: `Sale` is not a valid enum value for path `transactionType`.
    at Document.invalidate (E:\Personal Documents\Stock-Management\backend\node_modules\mongoose\lib\document.js:3352:32)
    at Subdocument.invalidate (E:\Personal Documents\Stock-Management\backend\node_modules\mongoose\lib\types\subdocument.js:229:12)
    at E:\Personal Documents\Stock-Management\backend\node_modules\mongoose\lib\document.js:3113:17
    at E:\Personal Documents\Stock-Management\backend\node_modules\mongoose\lib\schemaType.js:1407:9
    at process.processTicksAndRejections (node:internal/process/task_queues:77:11)
2025-07-14 13:01:21 [error]: Error managing damage: DamagedAuditTrail validation failed: reason: Path `reason` is required., quantity: Path `quantity` is required., userId: Path `userId` is required., lotId: Path `lotId` is required., transactionNumber: Path `transactionNumber` is required.
ValidationError: DamagedAuditTrail validation failed: reason: Path `reason` is required., quantity: Path `quantity` is required., userId: Path `userId` is required., lotId: Path `lotId` is required., transactionNumber: Path `transactionNumber` is required.
    at Document.invalidate (E:\Personal Documents\Stock-Management\backend\node_modules\mongoose\lib\document.js:3352:32)
    at E:\Personal Documents\Stock-Management\backend\node_modules\mongoose\lib\document.js:3113:17
    at E:\Personal Documents\Stock-Management\backend\node_modules\mongoose\lib\schemaType.js:1407:9
    at process.processTicksAndRejections (node:internal/process/task_queues:77:11)
2025-07-14 13:01:35 [error]: Error managing damage: DamagedAuditTrail validation failed: reason: Path `reason` is required., quantity: Path `quantity` is required., userId: Path `userId` is required., lotId: Path `lotId` is required., transactionNumber: Path `transactionNumber` is required.
ValidationError: DamagedAuditTrail validation failed: reason: Path `reason` is required., quantity: Path `quantity` is required., userId: Path `userId` is required., lotId: Path `lotId` is required., transactionNumber: Path `transactionNumber` is required.
    at Document.invalidate (E:\Personal Documents\Stock-Management\backend\node_modules\mongoose\lib\document.js:3352:32)
    at E:\Personal Documents\Stock-Management\backend\node_modules\mongoose\lib\document.js:3113:17
    at E:\Personal Documents\Stock-Management\backend\node_modules\mongoose\lib\schemaType.js:1407:9
    at process.processTicksAndRejections (node:internal/process/task_queues:77:11)
2025-07-14 13:05:55 [error]: Error managing damage: DamagedAuditTrail validation failed: reason: Path `reason` is required., quantity: Path `quantity` is required., userId: Path `userId` is required., lotId: Path `lotId` is required., transactionNumber: Path `transactionNumber` is required.
ValidationError: DamagedAuditTrail validation failed: reason: Path `reason` is required., quantity: Path `quantity` is required., userId: Path `userId` is required., lotId: Path `lotId` is required., transactionNumber: Path `transactionNumber` is required.
    at Document.invalidate (E:\Personal Documents\Stock-Management\backend\node_modules\mongoose\lib\document.js:3352:32)
    at E:\Personal Documents\Stock-Management\backend\node_modules\mongoose\lib\document.js:3113:17
    at E:\Personal Documents\Stock-Management\backend\node_modules\mongoose\lib\schemaType.js:1407:9
    at process.processTicksAndRejections (node:internal/process/task_queues:77:11)
2025-07-14 13:15:13 [error]: Error managing damage: DamagedAuditTrail validation failed: reason: Path `reason` is required., quantity: Path `quantity` is required., warehouseId: Path `warehouseId` is required., userId: Path `userId` is required., lotId: Path `lotId` is required., transactionNumber: Path `transactionNumber` is required.
ValidationError: DamagedAuditTrail validation failed: reason: Path `reason` is required., quantity: Path `quantity` is required., warehouseId: Path `warehouseId` is required., userId: Path `userId` is required., lotId: Path `lotId` is required., transactionNumber: Path `transactionNumber` is required.
    at Document.invalidate (E:\Personal Documents\Stock-Management\backend\node_modules\mongoose\lib\document.js:3352:32)
    at E:\Personal Documents\Stock-Management\backend\node_modules\mongoose\lib\document.js:3113:17
    at E:\Personal Documents\Stock-Management\backend\node_modules\mongoose\lib\schemaType.js:1407:9
    at process.processTicksAndRejections (node:internal/process/task_queues:77:11)
2025-07-14 13:18:39 [error]: Error managing damage: DamagedAuditTrail validation failed: reason: Path `reason` is required., quantity: Path `quantity` is required., warehouseId: Path `warehouseId` is required., userId: Path `userId` is required., lotId: Path `lotId` is required., transactionNumber: Path `transactionNumber` is required.
ValidationError: DamagedAuditTrail validation failed: reason: Path `reason` is required., quantity: Path `quantity` is required., warehouseId: Path `warehouseId` is required., userId: Path `userId` is required., lotId: Path `lotId` is required., transactionNumber: Path `transactionNumber` is required.
    at Document.invalidate (E:\Personal Documents\Stock-Management\backend\node_modules\mongoose\lib\document.js:3352:32)
    at E:\Personal Documents\Stock-Management\backend\node_modules\mongoose\lib\document.js:3113:17
    at E:\Personal Documents\Stock-Management\backend\node_modules\mongoose\lib\schemaType.js:1407:9
    at process.processTicksAndRejections (node:internal/process/task_queues:77:11)
2025-07-14 14:18:46 [error]: Authentication failed
TokenExpiredError: jwt expired
    at E:\Personal Documents\Stock-Management\backend\node_modules\jsonwebtoken\verify.js:190:21
    at getSecret (E:\Personal Documents\Stock-Management\backend\node_modules\jsonwebtoken\verify.js:97:14)
    at module.exports [as verify] (E:\Personal Documents\Stock-Management\backend\node_modules\jsonwebtoken\verify.js:101:10)
    at authMiddleware (E:\Personal Documents\Stock-Management\backend\src\middleware\auth.js:10:25)
    at Layer.handle [as handle_request] (E:\Personal Documents\Stock-Management\backend\node_modules\express\lib\router\layer.js:95:5)
    at next (E:\Personal Documents\Stock-Management\backend\node_modules\express\lib\router\route.js:149:13)
    at Route.dispatch (E:\Personal Documents\Stock-Management\backend\node_modules\express\lib\router\route.js:119:3)
    at Layer.handle [as handle_request] (E:\Personal Documents\Stock-Management\backend\node_modules\express\lib\router\layer.js:95:5)
    at E:\Personal Documents\Stock-Management\backend\node_modules\express\lib\router\index.js:284:15
    at Function.process_params (E:\Personal Documents\Stock-Management\backend\node_modules\express\lib\router\index.js:346:12)
2025-07-14 14:19:16 [error]: Authentication failed
TokenExpiredError: jwt expired
    at E:\Personal Documents\Stock-Management\backend\node_modules\jsonwebtoken\verify.js:190:21
    at getSecret (E:\Personal Documents\Stock-Management\backend\node_modules\jsonwebtoken\verify.js:97:14)
    at module.exports [as verify] (E:\Personal Documents\Stock-Management\backend\node_modules\jsonwebtoken\verify.js:101:10)
    at authMiddleware (E:\Personal Documents\Stock-Management\backend\src\middleware\auth.js:10:25)
    at Layer.handle [as handle_request] (E:\Personal Documents\Stock-Management\backend\node_modules\express\lib\router\layer.js:95:5)
    at next (E:\Personal Documents\Stock-Management\backend\node_modules\express\lib\router\route.js:149:13)
    at Route.dispatch (E:\Personal Documents\Stock-Management\backend\node_modules\express\lib\router\route.js:119:3)
    at Layer.handle [as handle_request] (E:\Personal Documents\Stock-Management\backend\node_modules\express\lib\router\layer.js:95:5)
    at E:\Personal Documents\Stock-Management\backend\node_modules\express\lib\router\index.js:284:15
    at Function.process_params (E:\Personal Documents\Stock-Management\backend\node_modules\express\lib\router\index.js:346:12)
2025-07-14 14:19:46 [error]: Authentication failed
TokenExpiredError: jwt expired
    at E:\Personal Documents\Stock-Management\backend\node_modules\jsonwebtoken\verify.js:190:21
    at getSecret (E:\Personal Documents\Stock-Management\backend\node_modules\jsonwebtoken\verify.js:97:14)
    at module.exports [as verify] (E:\Personal Documents\Stock-Management\backend\node_modules\jsonwebtoken\verify.js:101:10)
    at authMiddleware (E:\Personal Documents\Stock-Management\backend\src\middleware\auth.js:10:25)
    at Layer.handle [as handle_request] (E:\Personal Documents\Stock-Management\backend\node_modules\express\lib\router\layer.js:95:5)
    at next (E:\Personal Documents\Stock-Management\backend\node_modules\express\lib\router\route.js:149:13)
    at Route.dispatch (E:\Personal Documents\Stock-Management\backend\node_modules\express\lib\router\route.js:119:3)
    at Layer.handle [as handle_request] (E:\Personal Documents\Stock-Management\backend\node_modules\express\lib\router\layer.js:95:5)
    at E:\Personal Documents\Stock-Management\backend\node_modules\express\lib\router\index.js:284:15
    at Function.process_params (E:\Personal Documents\Stock-Management\backend\node_modules\express\lib\router\index.js:346:12)
2025-07-14 14:20:16 [error]: Authentication failed
TokenExpiredError: jwt expired
    at E:\Personal Documents\Stock-Management\backend\node_modules\jsonwebtoken\verify.js:190:21
    at getSecret (E:\Personal Documents\Stock-Management\backend\node_modules\jsonwebtoken\verify.js:97:14)
    at module.exports [as verify] (E:\Personal Documents\Stock-Management\backend\node_modules\jsonwebtoken\verify.js:101:10)
    at authMiddleware (E:\Personal Documents\Stock-Management\backend\src\middleware\auth.js:10:25)
    at Layer.handle [as handle_request] (E:\Personal Documents\Stock-Management\backend\node_modules\express\lib\router\layer.js:95:5)
    at next (E:\Personal Documents\Stock-Management\backend\node_modules\express\lib\router\route.js:149:13)
    at Route.dispatch (E:\Personal Documents\Stock-Management\backend\node_modules\express\lib\router\route.js:119:3)
    at Layer.handle [as handle_request] (E:\Personal Documents\Stock-Management\backend\node_modules\express\lib\router\layer.js:95:5)
    at E:\Personal Documents\Stock-Management\backend\node_modules\express\lib\router\index.js:284:15
    at Function.process_params (E:\Personal Documents\Stock-Management\backend\node_modules\express\lib\router\index.js:346:12)
2025-07-14 14:20:46 [error]: Authentication failed
TokenExpiredError: jwt expired
    at E:\Personal Documents\Stock-Management\backend\node_modules\jsonwebtoken\verify.js:190:21
    at getSecret (E:\Personal Documents\Stock-Management\backend\node_modules\jsonwebtoken\verify.js:97:14)
    at module.exports [as verify] (E:\Personal Documents\Stock-Management\backend\node_modules\jsonwebtoken\verify.js:101:10)
    at authMiddleware (E:\Personal Documents\Stock-Management\backend\src\middleware\auth.js:10:25)
    at Layer.handle [as handle_request] (E:\Personal Documents\Stock-Management\backend\node_modules\express\lib\router\layer.js:95:5)
    at next (E:\Personal Documents\Stock-Management\backend\node_modules\express\lib\router\route.js:149:13)
    at Route.dispatch (E:\Personal Documents\Stock-Management\backend\node_modules\express\lib\router\route.js:119:3)
    at Layer.handle [as handle_request] (E:\Personal Documents\Stock-Management\backend\node_modules\express\lib\router\layer.js:95:5)
    at E:\Personal Documents\Stock-Management\backend\node_modules\express\lib\router\index.js:284:15
    at Function.process_params (E:\Personal Documents\Stock-Management\backend\node_modules\express\lib\router\index.js:346:12)
2025-07-14 14:21:16 [error]: Authentication failed
TokenExpiredError: jwt expired
    at E:\Personal Documents\Stock-Management\backend\node_modules\jsonwebtoken\verify.js:190:21
    at getSecret (E:\Personal Documents\Stock-Management\backend\node_modules\jsonwebtoken\verify.js:97:14)
    at module.exports [as verify] (E:\Personal Documents\Stock-Management\backend\node_modules\jsonwebtoken\verify.js:101:10)
    at authMiddleware (E:\Personal Documents\Stock-Management\backend\src\middleware\auth.js:10:25)
    at Layer.handle [as handle_request] (E:\Personal Documents\Stock-Management\backend\node_modules\express\lib\router\layer.js:95:5)
    at next (E:\Personal Documents\Stock-Management\backend\node_modules\express\lib\router\route.js:149:13)
    at Route.dispatch (E:\Personal Documents\Stock-Management\backend\node_modules\express\lib\router\route.js:119:3)
    at Layer.handle [as handle_request] (E:\Personal Documents\Stock-Management\backend\node_modules\express\lib\router\layer.js:95:5)
    at E:\Personal Documents\Stock-Management\backend\node_modules\express\lib\router\index.js:284:15
    at Function.process_params (E:\Personal Documents\Stock-Management\backend\node_modules\express\lib\router\index.js:346:12)
2025-07-14 14:21:46 [error]: Authentication failed
TokenExpiredError: jwt expired
    at E:\Personal Documents\Stock-Management\backend\node_modules\jsonwebtoken\verify.js:190:21
    at getSecret (E:\Personal Documents\Stock-Management\backend\node_modules\jsonwebtoken\verify.js:97:14)
    at module.exports [as verify] (E:\Personal Documents\Stock-Management\backend\node_modules\jsonwebtoken\verify.js:101:10)
    at authMiddleware (E:\Personal Documents\Stock-Management\backend\src\middleware\auth.js:10:25)
    at Layer.handle [as handle_request] (E:\Personal Documents\Stock-Management\backend\node_modules\express\lib\router\layer.js:95:5)
    at next (E:\Personal Documents\Stock-Management\backend\node_modules\express\lib\router\route.js:149:13)
    at Route.dispatch (E:\Personal Documents\Stock-Management\backend\node_modules\express\lib\router\route.js:119:3)
    at Layer.handle [as handle_request] (E:\Personal Documents\Stock-Management\backend\node_modules\express\lib\router\layer.js:95:5)
    at E:\Personal Documents\Stock-Management\backend\node_modules\express\lib\router\index.js:284:15
    at Function.process_params (E:\Personal Documents\Stock-Management\backend\node_modules\express\lib\router\index.js:346:12)
2025-07-14 14:22:16 [error]: Authentication failed
TokenExpiredError: jwt expired
    at E:\Personal Documents\Stock-Management\backend\node_modules\jsonwebtoken\verify.js:190:21
    at getSecret (E:\Personal Documents\Stock-Management\backend\node_modules\jsonwebtoken\verify.js:97:14)
    at module.exports [as verify] (E:\Personal Documents\Stock-Management\backend\node_modules\jsonwebtoken\verify.js:101:10)
    at authMiddleware (E:\Personal Documents\Stock-Management\backend\src\middleware\auth.js:10:25)
    at Layer.handle [as handle_request] (E:\Personal Documents\Stock-Management\backend\node_modules\express\lib\router\layer.js:95:5)
    at next (E:\Personal Documents\Stock-Management\backend\node_modules\express\lib\router\route.js:149:13)
    at Route.dispatch (E:\Personal Documents\Stock-Management\backend\node_modules\express\lib\router\route.js:119:3)
    at Layer.handle [as handle_request] (E:\Personal Documents\Stock-Management\backend\node_modules\express\lib\router\layer.js:95:5)
    at E:\Personal Documents\Stock-Management\backend\node_modules\express\lib\router\index.js:284:15
    at Function.process_params (E:\Personal Documents\Stock-Management\backend\node_modules\express\lib\router\index.js:346:12)
2025-07-14 14:22:46 [error]: Authentication failed
TokenExpiredError: jwt expired
    at E:\Personal Documents\Stock-Management\backend\node_modules\jsonwebtoken\verify.js:190:21
    at getSecret (E:\Personal Documents\Stock-Management\backend\node_modules\jsonwebtoken\verify.js:97:14)
    at module.exports [as verify] (E:\Personal Documents\Stock-Management\backend\node_modules\jsonwebtoken\verify.js:101:10)
    at authMiddleware (E:\Personal Documents\Stock-Management\backend\src\middleware\auth.js:10:25)
    at Layer.handle [as handle_request] (E:\Personal Documents\Stock-Management\backend\node_modules\express\lib\router\layer.js:95:5)
    at next (E:\Personal Documents\Stock-Management\backend\node_modules\express\lib\router\route.js:149:13)
    at Route.dispatch (E:\Personal Documents\Stock-Management\backend\node_modules\express\lib\router\route.js:119:3)
    at Layer.handle [as handle_request] (E:\Personal Documents\Stock-Management\backend\node_modules\express\lib\router\layer.js:95:5)
    at E:\Personal Documents\Stock-Management\backend\node_modules\express\lib\router\index.js:284:15
    at Function.process_params (E:\Personal Documents\Stock-Management\backend\node_modules\express\lib\router\index.js:346:12)
2025-07-14 14:23:16 [error]: Authentication failed
TokenExpiredError: jwt expired
    at E:\Personal Documents\Stock-Management\backend\node_modules\jsonwebtoken\verify.js:190:21
    at getSecret (E:\Personal Documents\Stock-Management\backend\node_modules\jsonwebtoken\verify.js:97:14)
    at module.exports [as verify] (E:\Personal Documents\Stock-Management\backend\node_modules\jsonwebtoken\verify.js:101:10)
    at authMiddleware (E:\Personal Documents\Stock-Management\backend\src\middleware\auth.js:10:25)
    at Layer.handle [as handle_request] (E:\Personal Documents\Stock-Management\backend\node_modules\express\lib\router\layer.js:95:5)
    at next (E:\Personal Documents\Stock-Management\backend\node_modules\express\lib\router\route.js:149:13)
    at Route.dispatch (E:\Personal Documents\Stock-Management\backend\node_modules\express\lib\router\route.js:119:3)
    at Layer.handle [as handle_request] (E:\Personal Documents\Stock-Management\backend\node_modules\express\lib\router\layer.js:95:5)
    at E:\Personal Documents\Stock-Management\backend\node_modules\express\lib\router\index.js:284:15
    at Function.process_params (E:\Personal Documents\Stock-Management\backend\node_modules\express\lib\router\index.js:346:12)
2025-07-14 14:23:46 [error]: Authentication failed
TokenExpiredError: jwt expired
    at E:\Personal Documents\Stock-Management\backend\node_modules\jsonwebtoken\verify.js:190:21
    at getSecret (E:\Personal Documents\Stock-Management\backend\node_modules\jsonwebtoken\verify.js:97:14)
    at module.exports [as verify] (E:\Personal Documents\Stock-Management\backend\node_modules\jsonwebtoken\verify.js:101:10)
    at authMiddleware (E:\Personal Documents\Stock-Management\backend\src\middleware\auth.js:10:25)
    at Layer.handle [as handle_request] (E:\Personal Documents\Stock-Management\backend\node_modules\express\lib\router\layer.js:95:5)
    at next (E:\Personal Documents\Stock-Management\backend\node_modules\express\lib\router\route.js:149:13)
    at Route.dispatch (E:\Personal Documents\Stock-Management\backend\node_modules\express\lib\router\route.js:119:3)
    at Layer.handle [as handle_request] (E:\Personal Documents\Stock-Management\backend\node_modules\express\lib\router\layer.js:95:5)
    at E:\Personal Documents\Stock-Management\backend\node_modules\express\lib\router\index.js:284:15
    at Function.process_params (E:\Personal Documents\Stock-Management\backend\node_modules\express\lib\router\index.js:346:12)
2025-07-14 14:24:17 [error]: Authentication failed
TokenExpiredError: jwt expired
    at E:\Personal Documents\Stock-Management\backend\node_modules\jsonwebtoken\verify.js:190:21
    at getSecret (E:\Personal Documents\Stock-Management\backend\node_modules\jsonwebtoken\verify.js:97:14)
    at module.exports [as verify] (E:\Personal Documents\Stock-Management\backend\node_modules\jsonwebtoken\verify.js:101:10)
    at authMiddleware (E:\Personal Documents\Stock-Management\backend\src\middleware\auth.js:10:25)
    at Layer.handle [as handle_request] (E:\Personal Documents\Stock-Management\backend\node_modules\express\lib\router\layer.js:95:5)
    at next (E:\Personal Documents\Stock-Management\backend\node_modules\express\lib\router\route.js:149:13)
    at Route.dispatch (E:\Personal Documents\Stock-Management\backend\node_modules\express\lib\router\route.js:119:3)
    at Layer.handle [as handle_request] (E:\Personal Documents\Stock-Management\backend\node_modules\express\lib\router\layer.js:95:5)
    at E:\Personal Documents\Stock-Management\backend\node_modules\express\lib\router\index.js:284:15
    at Function.process_params (E:\Personal Documents\Stock-Management\backend\node_modules\express\lib\router\index.js:346:12)
2025-07-14 14:24:47 [error]: Authentication failed
TokenExpiredError: jwt expired
    at E:\Personal Documents\Stock-Management\backend\node_modules\jsonwebtoken\verify.js:190:21
    at getSecret (E:\Personal Documents\Stock-Management\backend\node_modules\jsonwebtoken\verify.js:97:14)
    at module.exports [as verify] (E:\Personal Documents\Stock-Management\backend\node_modules\jsonwebtoken\verify.js:101:10)
    at authMiddleware (E:\Personal Documents\Stock-Management\backend\src\middleware\auth.js:10:25)
    at Layer.handle [as handle_request] (E:\Personal Documents\Stock-Management\backend\node_modules\express\lib\router\layer.js:95:5)
    at next (E:\Personal Documents\Stock-Management\backend\node_modules\express\lib\router\route.js:149:13)
    at Route.dispatch (E:\Personal Documents\Stock-Management\backend\node_modules\express\lib\router\route.js:119:3)
    at Layer.handle [as handle_request] (E:\Personal Documents\Stock-Management\backend\node_modules\express\lib\router\layer.js:95:5)
    at E:\Personal Documents\Stock-Management\backend\node_modules\express\lib\router\index.js:284:15
    at Function.process_params (E:\Personal Documents\Stock-Management\backend\node_modules\express\lib\router\index.js:346:12)
2025-07-14 14:25:28 [error]: Authentication failed
TokenExpiredError: jwt expired
    at E:\Personal Documents\Stock-Management\backend\node_modules\jsonwebtoken\verify.js:190:21
    at getSecret (E:\Personal Documents\Stock-Management\backend\node_modules\jsonwebtoken\verify.js:97:14)
    at module.exports [as verify] (E:\Personal Documents\Stock-Management\backend\node_modules\jsonwebtoken\verify.js:101:10)
    at authMiddleware (E:\Personal Documents\Stock-Management\backend\src\middleware\auth.js:10:25)
    at Layer.handle [as handle_request] (E:\Personal Documents\Stock-Management\backend\node_modules\express\lib\router\layer.js:95:5)
    at next (E:\Personal Documents\Stock-Management\backend\node_modules\express\lib\router\route.js:149:13)
    at Route.dispatch (E:\Personal Documents\Stock-Management\backend\node_modules\express\lib\router\route.js:119:3)
    at Layer.handle [as handle_request] (E:\Personal Documents\Stock-Management\backend\node_modules\express\lib\router\layer.js:95:5)
    at E:\Personal Documents\Stock-Management\backend\node_modules\express\lib\router\index.js:284:15
    at Function.process_params (E:\Personal Documents\Stock-Management\backend\node_modules\express\lib\router\index.js:346:12)
2025-07-14 14:26:28 [error]: Authentication failed
TokenExpiredError: jwt expired
    at E:\Personal Documents\Stock-Management\backend\node_modules\jsonwebtoken\verify.js:190:21
    at getSecret (E:\Personal Documents\Stock-Management\backend\node_modules\jsonwebtoken\verify.js:97:14)
    at module.exports [as verify] (E:\Personal Documents\Stock-Management\backend\node_modules\jsonwebtoken\verify.js:101:10)
    at authMiddleware (E:\Personal Documents\Stock-Management\backend\src\middleware\auth.js:10:25)
    at Layer.handle [as handle_request] (E:\Personal Documents\Stock-Management\backend\node_modules\express\lib\router\layer.js:95:5)
    at next (E:\Personal Documents\Stock-Management\backend\node_modules\express\lib\router\route.js:149:13)
    at Route.dispatch (E:\Personal Documents\Stock-Management\backend\node_modules\express\lib\router\route.js:119:3)
    at Layer.handle [as handle_request] (E:\Personal Documents\Stock-Management\backend\node_modules\express\lib\router\layer.js:95:5)
    at E:\Personal Documents\Stock-Management\backend\node_modules\express\lib\router\index.js:284:15
    at Function.process_params (E:\Personal Documents\Stock-Management\backend\node_modules\express\lib\router\index.js:346:12)
2025-07-14 14:27:28 [error]: Authentication failed
TokenExpiredError: jwt expired
    at E:\Personal Documents\Stock-Management\backend\node_modules\jsonwebtoken\verify.js:190:21
    at getSecret (E:\Personal Documents\Stock-Management\backend\node_modules\jsonwebtoken\verify.js:97:14)
    at module.exports [as verify] (E:\Personal Documents\Stock-Management\backend\node_modules\jsonwebtoken\verify.js:101:10)
    at authMiddleware (E:\Personal Documents\Stock-Management\backend\src\middleware\auth.js:10:25)
    at Layer.handle [as handle_request] (E:\Personal Documents\Stock-Management\backend\node_modules\express\lib\router\layer.js:95:5)
    at next (E:\Personal Documents\Stock-Management\backend\node_modules\express\lib\router\route.js:149:13)
    at Route.dispatch (E:\Personal Documents\Stock-Management\backend\node_modules\express\lib\router\route.js:119:3)
    at Layer.handle [as handle_request] (E:\Personal Documents\Stock-Management\backend\node_modules\express\lib\router\layer.js:95:5)
    at E:\Personal Documents\Stock-Management\backend\node_modules\express\lib\router\index.js:284:15
    at Function.process_params (E:\Personal Documents\Stock-Management\backend\node_modules\express\lib\router\index.js:346:12)
2025-07-14 14:28:28 [error]: Authentication failed
TokenExpiredError: jwt expired
    at E:\Personal Documents\Stock-Management\backend\node_modules\jsonwebtoken\verify.js:190:21
    at getSecret (E:\Personal Documents\Stock-Management\backend\node_modules\jsonwebtoken\verify.js:97:14)
    at module.exports [as verify] (E:\Personal Documents\Stock-Management\backend\node_modules\jsonwebtoken\verify.js:101:10)
    at authMiddleware (E:\Personal Documents\Stock-Management\backend\src\middleware\auth.js:10:25)
    at Layer.handle [as handle_request] (E:\Personal Documents\Stock-Management\backend\node_modules\express\lib\router\layer.js:95:5)
    at next (E:\Personal Documents\Stock-Management\backend\node_modules\express\lib\router\route.js:149:13)
    at Route.dispatch (E:\Personal Documents\Stock-Management\backend\node_modules\express\lib\router\route.js:119:3)
    at Layer.handle [as handle_request] (E:\Personal Documents\Stock-Management\backend\node_modules\express\lib\router\layer.js:95:5)
    at E:\Personal Documents\Stock-Management\backend\node_modules\express\lib\router\index.js:284:15
    at Function.process_params (E:\Personal Documents\Stock-Management\backend\node_modules\express\lib\router\index.js:346:12)
2025-07-14 14:29:28 [error]: Authentication failed
TokenExpiredError: jwt expired
    at E:\Personal Documents\Stock-Management\backend\node_modules\jsonwebtoken\verify.js:190:21
    at getSecret (E:\Personal Documents\Stock-Management\backend\node_modules\jsonwebtoken\verify.js:97:14)
    at module.exports [as verify] (E:\Personal Documents\Stock-Management\backend\node_modules\jsonwebtoken\verify.js:101:10)
    at authMiddleware (E:\Personal Documents\Stock-Management\backend\src\middleware\auth.js:10:25)
    at Layer.handle [as handle_request] (E:\Personal Documents\Stock-Management\backend\node_modules\express\lib\router\layer.js:95:5)
    at next (E:\Personal Documents\Stock-Management\backend\node_modules\express\lib\router\route.js:149:13)
    at Route.dispatch (E:\Personal Documents\Stock-Management\backend\node_modules\express\lib\router\route.js:119:3)
    at Layer.handle [as handle_request] (E:\Personal Documents\Stock-Management\backend\node_modules\express\lib\router\layer.js:95:5)
    at E:\Personal Documents\Stock-Management\backend\node_modules\express\lib\router\index.js:284:15
    at Function.process_params (E:\Personal Documents\Stock-Management\backend\node_modules\express\lib\router\index.js:346:12)
2025-07-14 14:30:28 [error]: Authentication failed
TokenExpiredError: jwt expired
    at E:\Personal Documents\Stock-Management\backend\node_modules\jsonwebtoken\verify.js:190:21
    at getSecret (E:\Personal Documents\Stock-Management\backend\node_modules\jsonwebtoken\verify.js:97:14)
    at module.exports [as verify] (E:\Personal Documents\Stock-Management\backend\node_modules\jsonwebtoken\verify.js:101:10)
    at authMiddleware (E:\Personal Documents\Stock-Management\backend\src\middleware\auth.js:10:25)
    at Layer.handle [as handle_request] (E:\Personal Documents\Stock-Management\backend\node_modules\express\lib\router\layer.js:95:5)
    at next (E:\Personal Documents\Stock-Management\backend\node_modules\express\lib\router\route.js:149:13)
    at Route.dispatch (E:\Personal Documents\Stock-Management\backend\node_modules\express\lib\router\route.js:119:3)
    at Layer.handle [as handle_request] (E:\Personal Documents\Stock-Management\backend\node_modules\express\lib\router\layer.js:95:5)
    at E:\Personal Documents\Stock-Management\backend\node_modules\express\lib\router\index.js:284:15
    at Function.process_params (E:\Personal Documents\Stock-Management\backend\node_modules\express\lib\router\index.js:346:12)
2025-07-14 14:31:28 [error]: Authentication failed
TokenExpiredError: jwt expired
    at E:\Personal Documents\Stock-Management\backend\node_modules\jsonwebtoken\verify.js:190:21
    at getSecret (E:\Personal Documents\Stock-Management\backend\node_modules\jsonwebtoken\verify.js:97:14)
    at module.exports [as verify] (E:\Personal Documents\Stock-Management\backend\node_modules\jsonwebtoken\verify.js:101:10)
    at authMiddleware (E:\Personal Documents\Stock-Management\backend\src\middleware\auth.js:10:25)
    at Layer.handle [as handle_request] (E:\Personal Documents\Stock-Management\backend\node_modules\express\lib\router\layer.js:95:5)
    at next (E:\Personal Documents\Stock-Management\backend\node_modules\express\lib\router\route.js:149:13)
    at Route.dispatch (E:\Personal Documents\Stock-Management\backend\node_modules\express\lib\router\route.js:119:3)
    at Layer.handle [as handle_request] (E:\Personal Documents\Stock-Management\backend\node_modules\express\lib\router\layer.js:95:5)
    at E:\Personal Documents\Stock-Management\backend\node_modules\express\lib\router\index.js:284:15
    at Function.process_params (E:\Personal Documents\Stock-Management\backend\node_modules\express\lib\router\index.js:346:12)
2025-07-14 14:32:28 [error]: Authentication failed
TokenExpiredError: jwt expired
    at E:\Personal Documents\Stock-Management\backend\node_modules\jsonwebtoken\verify.js:190:21
    at getSecret (E:\Personal Documents\Stock-Management\backend\node_modules\jsonwebtoken\verify.js:97:14)
    at module.exports [as verify] (E:\Personal Documents\Stock-Management\backend\node_modules\jsonwebtoken\verify.js:101:10)
    at authMiddleware (E:\Personal Documents\Stock-Management\backend\src\middleware\auth.js:10:25)
    at Layer.handle [as handle_request] (E:\Personal Documents\Stock-Management\backend\node_modules\express\lib\router\layer.js:95:5)
    at next (E:\Personal Documents\Stock-Management\backend\node_modules\express\lib\router\route.js:149:13)
    at Route.dispatch (E:\Personal Documents\Stock-Management\backend\node_modules\express\lib\router\route.js:119:3)
    at Layer.handle [as handle_request] (E:\Personal Documents\Stock-Management\backend\node_modules\express\lib\router\layer.js:95:5)
    at E:\Personal Documents\Stock-Management\backend\node_modules\express\lib\router\index.js:284:15
    at Function.process_params (E:\Personal Documents\Stock-Management\backend\node_modules\express\lib\router\index.js:346:12)
2025-07-14 14:33:28 [error]: Authentication failed
TokenExpiredError: jwt expired
    at E:\Personal Documents\Stock-Management\backend\node_modules\jsonwebtoken\verify.js:190:21
    at getSecret (E:\Personal Documents\Stock-Management\backend\node_modules\jsonwebtoken\verify.js:97:14)
    at module.exports [as verify] (E:\Personal Documents\Stock-Management\backend\node_modules\jsonwebtoken\verify.js:101:10)
    at authMiddleware (E:\Personal Documents\Stock-Management\backend\src\middleware\auth.js:10:25)
    at Layer.handle [as handle_request] (E:\Personal Documents\Stock-Management\backend\node_modules\express\lib\router\layer.js:95:5)
    at next (E:\Personal Documents\Stock-Management\backend\node_modules\express\lib\router\route.js:149:13)
    at Route.dispatch (E:\Personal Documents\Stock-Management\backend\node_modules\express\lib\router\route.js:119:3)
    at Layer.handle [as handle_request] (E:\Personal Documents\Stock-Management\backend\node_modules\express\lib\router\layer.js:95:5)
    at E:\Personal Documents\Stock-Management\backend\node_modules\express\lib\router\index.js:284:15
    at Function.process_params (E:\Personal Documents\Stock-Management\backend\node_modules\express\lib\router\index.js:346:12)
2025-07-14 14:34:28 [error]: Authentication failed
TokenExpiredError: jwt expired
    at E:\Personal Documents\Stock-Management\backend\node_modules\jsonwebtoken\verify.js:190:21
    at getSecret (E:\Personal Documents\Stock-Management\backend\node_modules\jsonwebtoken\verify.js:97:14)
    at module.exports [as verify] (E:\Personal Documents\Stock-Management\backend\node_modules\jsonwebtoken\verify.js:101:10)
    at authMiddleware (E:\Personal Documents\Stock-Management\backend\src\middleware\auth.js:10:25)
    at Layer.handle [as handle_request] (E:\Personal Documents\Stock-Management\backend\node_modules\express\lib\router\layer.js:95:5)
    at next (E:\Personal Documents\Stock-Management\backend\node_modules\express\lib\router\route.js:149:13)
    at Route.dispatch (E:\Personal Documents\Stock-Management\backend\node_modules\express\lib\router\route.js:119:3)
    at Layer.handle [as handle_request] (E:\Personal Documents\Stock-Management\backend\node_modules\express\lib\router\layer.js:95:5)
    at E:\Personal Documents\Stock-Management\backend\node_modules\express\lib\router\index.js:284:15
    at Function.process_params (E:\Personal Documents\Stock-Management\backend\node_modules\express\lib\router\index.js:346:12)
2025-07-14 14:35:28 [error]: Authentication failed
TokenExpiredError: jwt expired
    at E:\Personal Documents\Stock-Management\backend\node_modules\jsonwebtoken\verify.js:190:21
    at getSecret (E:\Personal Documents\Stock-Management\backend\node_modules\jsonwebtoken\verify.js:97:14)
    at module.exports [as verify] (E:\Personal Documents\Stock-Management\backend\node_modules\jsonwebtoken\verify.js:101:10)
    at authMiddleware (E:\Personal Documents\Stock-Management\backend\src\middleware\auth.js:10:25)
    at Layer.handle [as handle_request] (E:\Personal Documents\Stock-Management\backend\node_modules\express\lib\router\layer.js:95:5)
    at next (E:\Personal Documents\Stock-Management\backend\node_modules\express\lib\router\route.js:149:13)
    at Route.dispatch (E:\Personal Documents\Stock-Management\backend\node_modules\express\lib\router\route.js:119:3)
    at Layer.handle [as handle_request] (E:\Personal Documents\Stock-Management\backend\node_modules\express\lib\router\layer.js:95:5)
    at E:\Personal Documents\Stock-Management\backend\node_modules\express\lib\router\index.js:284:15
    at Function.process_params (E:\Personal Documents\Stock-Management\backend\node_modules\express\lib\router\index.js:346:12)
2025-07-14 14:36:28 [error]: Authentication failed
TokenExpiredError: jwt expired
    at E:\Personal Documents\Stock-Management\backend\node_modules\jsonwebtoken\verify.js:190:21
    at getSecret (E:\Personal Documents\Stock-Management\backend\node_modules\jsonwebtoken\verify.js:97:14)
    at module.exports [as verify] (E:\Personal Documents\Stock-Management\backend\node_modules\jsonwebtoken\verify.js:101:10)
    at authMiddleware (E:\Personal Documents\Stock-Management\backend\src\middleware\auth.js:10:25)
    at Layer.handle [as handle_request] (E:\Personal Documents\Stock-Management\backend\node_modules\express\lib\router\layer.js:95:5)
    at next (E:\Personal Documents\Stock-Management\backend\node_modules\express\lib\router\route.js:149:13)
    at Route.dispatch (E:\Personal Documents\Stock-Management\backend\node_modules\express\lib\router\route.js:119:3)
    at Layer.handle [as handle_request] (E:\Personal Documents\Stock-Management\backend\node_modules\express\lib\router\layer.js:95:5)
    at E:\Personal Documents\Stock-Management\backend\node_modules\express\lib\router\index.js:284:15
    at Function.process_params (E:\Personal Documents\Stock-Management\backend\node_modules\express\lib\router\index.js:346:12)
2025-07-14 14:37:28 [error]: Authentication failed
TokenExpiredError: jwt expired
    at E:\Personal Documents\Stock-Management\backend\node_modules\jsonwebtoken\verify.js:190:21
    at getSecret (E:\Personal Documents\Stock-Management\backend\node_modules\jsonwebtoken\verify.js:97:14)
    at module.exports [as verify] (E:\Personal Documents\Stock-Management\backend\node_modules\jsonwebtoken\verify.js:101:10)
    at authMiddleware (E:\Personal Documents\Stock-Management\backend\src\middleware\auth.js:10:25)
    at Layer.handle [as handle_request] (E:\Personal Documents\Stock-Management\backend\node_modules\express\lib\router\layer.js:95:5)
    at next (E:\Personal Documents\Stock-Management\backend\node_modules\express\lib\router\route.js:149:13)
    at Route.dispatch (E:\Personal Documents\Stock-Management\backend\node_modules\express\lib\router\route.js:119:3)
    at Layer.handle [as handle_request] (E:\Personal Documents\Stock-Management\backend\node_modules\express\lib\router\layer.js:95:5)
    at E:\Personal Documents\Stock-Management\backend\node_modules\express\lib\router\index.js:284:15
    at Function.process_params (E:\Personal Documents\Stock-Management\backend\node_modules\express\lib\router\index.js:346:12)
2025-07-14 14:38:28 [error]: Authentication failed
TokenExpiredError: jwt expired
    at E:\Personal Documents\Stock-Management\backend\node_modules\jsonwebtoken\verify.js:190:21
    at getSecret (E:\Personal Documents\Stock-Management\backend\node_modules\jsonwebtoken\verify.js:97:14)
    at module.exports [as verify] (E:\Personal Documents\Stock-Management\backend\node_modules\jsonwebtoken\verify.js:101:10)
    at authMiddleware (E:\Personal Documents\Stock-Management\backend\src\middleware\auth.js:10:25)
    at Layer.handle [as handle_request] (E:\Personal Documents\Stock-Management\backend\node_modules\express\lib\router\layer.js:95:5)
    at next (E:\Personal Documents\Stock-Management\backend\node_modules\express\lib\router\route.js:149:13)
    at Route.dispatch (E:\Personal Documents\Stock-Management\backend\node_modules\express\lib\router\route.js:119:3)
    at Layer.handle [as handle_request] (E:\Personal Documents\Stock-Management\backend\node_modules\express\lib\router\layer.js:95:5)
    at E:\Personal Documents\Stock-Management\backend\node_modules\express\lib\router\index.js:284:15
    at Function.process_params (E:\Personal Documents\Stock-Management\backend\node_modules\express\lib\router\index.js:346:12)
2025-07-14 14:39:28 [error]: Authentication failed
TokenExpiredError: jwt expired
    at E:\Personal Documents\Stock-Management\backend\node_modules\jsonwebtoken\verify.js:190:21
    at getSecret (E:\Personal Documents\Stock-Management\backend\node_modules\jsonwebtoken\verify.js:97:14)
    at module.exports [as verify] (E:\Personal Documents\Stock-Management\backend\node_modules\jsonwebtoken\verify.js:101:10)
    at authMiddleware (E:\Personal Documents\Stock-Management\backend\src\middleware\auth.js:10:25)
    at Layer.handle [as handle_request] (E:\Personal Documents\Stock-Management\backend\node_modules\express\lib\router\layer.js:95:5)
    at next (E:\Personal Documents\Stock-Management\backend\node_modules\express\lib\router\route.js:149:13)
    at Route.dispatch (E:\Personal Documents\Stock-Management\backend\node_modules\express\lib\router\route.js:119:3)
    at Layer.handle [as handle_request] (E:\Personal Documents\Stock-Management\backend\node_modules\express\lib\router\layer.js:95:5)
    at E:\Personal Documents\Stock-Management\backend\node_modules\express\lib\router\index.js:284:15
    at Function.process_params (E:\Personal Documents\Stock-Management\backend\node_modules\express\lib\router\index.js:346:12)
2025-07-14 14:40:28 [error]: Authentication failed
TokenExpiredError: jwt expired
    at E:\Personal Documents\Stock-Management\backend\node_modules\jsonwebtoken\verify.js:190:21
    at getSecret (E:\Personal Documents\Stock-Management\backend\node_modules\jsonwebtoken\verify.js:97:14)
    at module.exports [as verify] (E:\Personal Documents\Stock-Management\backend\node_modules\jsonwebtoken\verify.js:101:10)
    at authMiddleware (E:\Personal Documents\Stock-Management\backend\src\middleware\auth.js:10:25)
    at Layer.handle [as handle_request] (E:\Personal Documents\Stock-Management\backend\node_modules\express\lib\router\layer.js:95:5)
    at next (E:\Personal Documents\Stock-Management\backend\node_modules\express\lib\router\route.js:149:13)
    at Route.dispatch (E:\Personal Documents\Stock-Management\backend\node_modules\express\lib\router\route.js:119:3)
    at Layer.handle [as handle_request] (E:\Personal Documents\Stock-Management\backend\node_modules\express\lib\router\layer.js:95:5)
    at E:\Personal Documents\Stock-Management\backend\node_modules\express\lib\router\index.js:284:15
    at Function.process_params (E:\Personal Documents\Stock-Management\backend\node_modules\express\lib\router\index.js:346:12)
2025-07-14 14:41:28 [error]: Authentication failed
TokenExpiredError: jwt expired
    at E:\Personal Documents\Stock-Management\backend\node_modules\jsonwebtoken\verify.js:190:21
    at getSecret (E:\Personal Documents\Stock-Management\backend\node_modules\jsonwebtoken\verify.js:97:14)
    at module.exports [as verify] (E:\Personal Documents\Stock-Management\backend\node_modules\jsonwebtoken\verify.js:101:10)
    at authMiddleware (E:\Personal Documents\Stock-Management\backend\src\middleware\auth.js:10:25)
    at Layer.handle [as handle_request] (E:\Personal Documents\Stock-Management\backend\node_modules\express\lib\router\layer.js:95:5)
    at next (E:\Personal Documents\Stock-Management\backend\node_modules\express\lib\router\route.js:149:13)
    at Route.dispatch (E:\Personal Documents\Stock-Management\backend\node_modules\express\lib\router\route.js:119:3)
    at Layer.handle [as handle_request] (E:\Personal Documents\Stock-Management\backend\node_modules\express\lib\router\layer.js:95:5)
    at E:\Personal Documents\Stock-Management\backend\node_modules\express\lib\router\index.js:284:15
    at Function.process_params (E:\Personal Documents\Stock-Management\backend\node_modules\express\lib\router\index.js:346:12)
2025-07-14 14:42:28 [error]: Authentication failed
TokenExpiredError: jwt expired
    at E:\Personal Documents\Stock-Management\backend\node_modules\jsonwebtoken\verify.js:190:21
    at getSecret (E:\Personal Documents\Stock-Management\backend\node_modules\jsonwebtoken\verify.js:97:14)
    at module.exports [as verify] (E:\Personal Documents\Stock-Management\backend\node_modules\jsonwebtoken\verify.js:101:10)
    at authMiddleware (E:\Personal Documents\Stock-Management\backend\src\middleware\auth.js:10:25)
    at Layer.handle [as handle_request] (E:\Personal Documents\Stock-Management\backend\node_modules\express\lib\router\layer.js:95:5)
    at next (E:\Personal Documents\Stock-Management\backend\node_modules\express\lib\router\route.js:149:13)
    at Route.dispatch (E:\Personal Documents\Stock-Management\backend\node_modules\express\lib\router\route.js:119:3)
    at Layer.handle [as handle_request] (E:\Personal Documents\Stock-Management\backend\node_modules\express\lib\router\layer.js:95:5)
    at E:\Personal Documents\Stock-Management\backend\node_modules\express\lib\router\index.js:284:15
    at Function.process_params (E:\Personal Documents\Stock-Management\backend\node_modules\express\lib\router\index.js:346:12)
2025-07-14 14:43:28 [error]: Authentication failed
TokenExpiredError: jwt expired
    at E:\Personal Documents\Stock-Management\backend\node_modules\jsonwebtoken\verify.js:190:21
    at getSecret (E:\Personal Documents\Stock-Management\backend\node_modules\jsonwebtoken\verify.js:97:14)
    at module.exports [as verify] (E:\Personal Documents\Stock-Management\backend\node_modules\jsonwebtoken\verify.js:101:10)
    at authMiddleware (E:\Personal Documents\Stock-Management\backend\src\middleware\auth.js:10:25)
    at Layer.handle [as handle_request] (E:\Personal Documents\Stock-Management\backend\node_modules\express\lib\router\layer.js:95:5)
    at next (E:\Personal Documents\Stock-Management\backend\node_modules\express\lib\router\route.js:149:13)
    at Route.dispatch (E:\Personal Documents\Stock-Management\backend\node_modules\express\lib\router\route.js:119:3)
    at Layer.handle [as handle_request] (E:\Personal Documents\Stock-Management\backend\node_modules\express\lib\router\layer.js:95:5)
    at E:\Personal Documents\Stock-Management\backend\node_modules\express\lib\router\index.js:284:15
    at Function.process_params (E:\Personal Documents\Stock-Management\backend\node_modules\express\lib\router\index.js:346:12)
2025-07-14 14:44:28 [error]: Authentication failed
TokenExpiredError: jwt expired
    at E:\Personal Documents\Stock-Management\backend\node_modules\jsonwebtoken\verify.js:190:21
    at getSecret (E:\Personal Documents\Stock-Management\backend\node_modules\jsonwebtoken\verify.js:97:14)
    at module.exports [as verify] (E:\Personal Documents\Stock-Management\backend\node_modules\jsonwebtoken\verify.js:101:10)
    at authMiddleware (E:\Personal Documents\Stock-Management\backend\src\middleware\auth.js:10:25)
    at Layer.handle [as handle_request] (E:\Personal Documents\Stock-Management\backend\node_modules\express\lib\router\layer.js:95:5)
    at next (E:\Personal Documents\Stock-Management\backend\node_modules\express\lib\router\route.js:149:13)
    at Route.dispatch (E:\Personal Documents\Stock-Management\backend\node_modules\express\lib\router\route.js:119:3)
    at Layer.handle [as handle_request] (E:\Personal Documents\Stock-Management\backend\node_modules\express\lib\router\layer.js:95:5)
    at E:\Personal Documents\Stock-Management\backend\node_modules\express\lib\router\index.js:284:15
    at Function.process_params (E:\Personal Documents\Stock-Management\backend\node_modules\express\lib\router\index.js:346:12)
2025-07-14 14:45:28 [error]: Authentication failed
TokenExpiredError: jwt expired
    at E:\Personal Documents\Stock-Management\backend\node_modules\jsonwebtoken\verify.js:190:21
    at getSecret (E:\Personal Documents\Stock-Management\backend\node_modules\jsonwebtoken\verify.js:97:14)
    at module.exports [as verify] (E:\Personal Documents\Stock-Management\backend\node_modules\jsonwebtoken\verify.js:101:10)
    at authMiddleware (E:\Personal Documents\Stock-Management\backend\src\middleware\auth.js:10:25)
    at Layer.handle [as handle_request] (E:\Personal Documents\Stock-Management\backend\node_modules\express\lib\router\layer.js:95:5)
    at next (E:\Personal Documents\Stock-Management\backend\node_modules\express\lib\router\route.js:149:13)
    at Route.dispatch (E:\Personal Documents\Stock-Management\backend\node_modules\express\lib\router\route.js:119:3)
    at Layer.handle [as handle_request] (E:\Personal Documents\Stock-Management\backend\node_modules\express\lib\router\layer.js:95:5)
    at E:\Personal Documents\Stock-Management\backend\node_modules\express\lib\router\index.js:284:15
    at Function.process_params (E:\Personal Documents\Stock-Management\backend\node_modules\express\lib\router\index.js:346:12)
2025-07-14 14:46:28 [error]: Authentication failed
TokenExpiredError: jwt expired
    at E:\Personal Documents\Stock-Management\backend\node_modules\jsonwebtoken\verify.js:190:21
    at getSecret (E:\Personal Documents\Stock-Management\backend\node_modules\jsonwebtoken\verify.js:97:14)
    at module.exports [as verify] (E:\Personal Documents\Stock-Management\backend\node_modules\jsonwebtoken\verify.js:101:10)
    at authMiddleware (E:\Personal Documents\Stock-Management\backend\src\middleware\auth.js:10:25)
    at Layer.handle [as handle_request] (E:\Personal Documents\Stock-Management\backend\node_modules\express\lib\router\layer.js:95:5)
    at next (E:\Personal Documents\Stock-Management\backend\node_modules\express\lib\router\route.js:149:13)
    at Route.dispatch (E:\Personal Documents\Stock-Management\backend\node_modules\express\lib\router\route.js:119:3)
    at Layer.handle [as handle_request] (E:\Personal Documents\Stock-Management\backend\node_modules\express\lib\router\layer.js:95:5)
    at E:\Personal Documents\Stock-Management\backend\node_modules\express\lib\router\index.js:284:15
    at Function.process_params (E:\Personal Documents\Stock-Management\backend\node_modules\express\lib\router\index.js:346:12)
2025-07-14 14:47:28 [error]: Authentication failed
TokenExpiredError: jwt expired
    at E:\Personal Documents\Stock-Management\backend\node_modules\jsonwebtoken\verify.js:190:21
    at getSecret (E:\Personal Documents\Stock-Management\backend\node_modules\jsonwebtoken\verify.js:97:14)
    at module.exports [as verify] (E:\Personal Documents\Stock-Management\backend\node_modules\jsonwebtoken\verify.js:101:10)
    at authMiddleware (E:\Personal Documents\Stock-Management\backend\src\middleware\auth.js:10:25)
    at Layer.handle [as handle_request] (E:\Personal Documents\Stock-Management\backend\node_modules\express\lib\router\layer.js:95:5)
    at next (E:\Personal Documents\Stock-Management\backend\node_modules\express\lib\router\route.js:149:13)
    at Route.dispatch (E:\Personal Documents\Stock-Management\backend\node_modules\express\lib\router\route.js:119:3)
    at Layer.handle [as handle_request] (E:\Personal Documents\Stock-Management\backend\node_modules\express\lib\router\layer.js:95:5)
    at E:\Personal Documents\Stock-Management\backend\node_modules\express\lib\router\index.js:284:15
    at Function.process_params (E:\Personal Documents\Stock-Management\backend\node_modules\express\lib\router\index.js:346:12)
2025-07-14 14:48:28 [error]: Authentication failed
TokenExpiredError: jwt expired
    at E:\Personal Documents\Stock-Management\backend\node_modules\jsonwebtoken\verify.js:190:21
    at getSecret (E:\Personal Documents\Stock-Management\backend\node_modules\jsonwebtoken\verify.js:97:14)
    at module.exports [as verify] (E:\Personal Documents\Stock-Management\backend\node_modules\jsonwebtoken\verify.js:101:10)
    at authMiddleware (E:\Personal Documents\Stock-Management\backend\src\middleware\auth.js:10:25)
    at Layer.handle [as handle_request] (E:\Personal Documents\Stock-Management\backend\node_modules\express\lib\router\layer.js:95:5)
    at next (E:\Personal Documents\Stock-Management\backend\node_modules\express\lib\router\route.js:149:13)
    at Route.dispatch (E:\Personal Documents\Stock-Management\backend\node_modules\express\lib\router\route.js:119:3)
    at Layer.handle [as handle_request] (E:\Personal Documents\Stock-Management\backend\node_modules\express\lib\router\layer.js:95:5)
    at E:\Personal Documents\Stock-Management\backend\node_modules\express\lib\router\index.js:284:15
    at Function.process_params (E:\Personal Documents\Stock-Management\backend\node_modules\express\lib\router\index.js:346:12)
2025-07-14 14:49:04 [error]: Authentication failed
TokenExpiredError: jwt expired
    at E:\Personal Documents\Stock-Management\backend\node_modules\jsonwebtoken\verify.js:190:21
    at getSecret (E:\Personal Documents\Stock-Management\backend\node_modules\jsonwebtoken\verify.js:97:14)
    at module.exports [as verify] (E:\Personal Documents\Stock-Management\backend\node_modules\jsonwebtoken\verify.js:101:10)
    at authMiddleware (E:\Personal Documents\Stock-Management\backend\src\middleware\auth.js:10:25)
    at Layer.handle [as handle_request] (E:\Personal Documents\Stock-Management\backend\node_modules\express\lib\router\layer.js:95:5)
    at next (E:\Personal Documents\Stock-Management\backend\node_modules\express\lib\router\route.js:149:13)
    at Route.dispatch (E:\Personal Documents\Stock-Management\backend\node_modules\express\lib\router\route.js:119:3)
    at Layer.handle [as handle_request] (E:\Personal Documents\Stock-Management\backend\node_modules\express\lib\router\layer.js:95:5)
    at E:\Personal Documents\Stock-Management\backend\node_modules\express\lib\router\index.js:284:15
    at Function.process_params (E:\Personal Documents\Stock-Management\backend\node_modules\express\lib\router\index.js:346:12)
2025-07-14 14:49:15 [error]: Authentication failed
TokenExpiredError: jwt expired
    at E:\Personal Documents\Stock-Management\backend\node_modules\jsonwebtoken\verify.js:190:21
    at getSecret (E:\Personal Documents\Stock-Management\backend\node_modules\jsonwebtoken\verify.js:97:14)
    at module.exports [as verify] (E:\Personal Documents\Stock-Management\backend\node_modules\jsonwebtoken\verify.js:101:10)
    at authMiddleware (E:\Personal Documents\Stock-Management\backend\src\middleware\auth.js:10:25)
    at Layer.handle [as handle_request] (E:\Personal Documents\Stock-Management\backend\node_modules\express\lib\router\layer.js:95:5)
    at next (E:\Personal Documents\Stock-Management\backend\node_modules\express\lib\router\route.js:149:13)
    at Route.dispatch (E:\Personal Documents\Stock-Management\backend\node_modules\express\lib\router\route.js:119:3)
    at Layer.handle [as handle_request] (E:\Personal Documents\Stock-Management\backend\node_modules\express\lib\router\layer.js:95:5)
    at E:\Personal Documents\Stock-Management\backend\node_modules\express\lib\router\index.js:284:15
    at Function.process_params (E:\Personal Documents\Stock-Management\backend\node_modules\express\lib\router\index.js:346:12)
2025-07-14 14:49:16 [error]: Authentication failed
TokenExpiredError: jwt expired
    at E:\Personal Documents\Stock-Management\backend\node_modules\jsonwebtoken\verify.js:190:21
    at getSecret (E:\Personal Documents\Stock-Management\backend\node_modules\jsonwebtoken\verify.js:97:14)
    at module.exports [as verify] (E:\Personal Documents\Stock-Management\backend\node_modules\jsonwebtoken\verify.js:101:10)
    at authMiddleware (E:\Personal Documents\Stock-Management\backend\src\middleware\auth.js:10:25)
    at Layer.handle [as handle_request] (E:\Personal Documents\Stock-Management\backend\node_modules\express\lib\router\layer.js:95:5)
    at next (E:\Personal Documents\Stock-Management\backend\node_modules\express\lib\router\route.js:149:13)
    at Route.dispatch (E:\Personal Documents\Stock-Management\backend\node_modules\express\lib\router\route.js:119:3)
    at Layer.handle [as handle_request] (E:\Personal Documents\Stock-Management\backend\node_modules\express\lib\router\layer.js:95:5)
    at E:\Personal Documents\Stock-Management\backend\node_modules\express\lib\router\index.js:284:15
    at Function.process_params (E:\Personal Documents\Stock-Management\backend\node_modules\express\lib\router\index.js:346:12)
2025-07-14 15:44:17 [error]: Error fetching damage history: Cannot populate path `lotId.warehouseId` because it is not in your schema. Set the `strictPopulate` option to false to override.
StrictPopulateError: Cannot populate path `lotId.warehouseId` because it is not in your schema. Set the `strictPopulate` option to false to override.
    at getModelsMapForPopulate (E:\Personal Documents\Stock-Management\backend\node_modules\mongoose\lib\helpers\populate\getModelsMapForPopulate.js:50:12)
    at _populatePath (E:\Personal Documents\Stock-Management\backend\node_modules\mongoose\lib\model.js:4468:21)
    at Function.populate (E:\Personal Documents\Stock-Management\backend\node_modules\mongoose\lib\model.js:4435:21)
    at model.Query._find (E:\Personal Documents\Stock-Management\backend\node_modules\mongoose\lib\query.js:2429:23)
    at process.processTicksAndRejections (node:internal/process/task_queues:95:5)
    at async model.Query.exec (E:\Personal Documents\Stock-Management\backend\node_modules\mongoose\lib\query.js:4604:63)
    at async Promise.all (index 0)
    at async _populatePath (E:\Personal Documents\Stock-Management\backend\node_modules\mongoose\lib\model.js:4571:5)
    at async Promise.all (index 0)
    at async Function.populate (E:\Personal Documents\Stock-Management\backend\node_modules\mongoose\lib\model.js:4437:5)
2025-07-14 15:44:17 [error]: Error fetching damage history: Cannot populate path `lotId.warehouseId` because it is not in your schema. Set the `strictPopulate` option to false to override.
StrictPopulateError: Cannot populate path `lotId.warehouseId` because it is not in your schema. Set the `strictPopulate` option to false to override.
    at getModelsMapForPopulate (E:\Personal Documents\Stock-Management\backend\node_modules\mongoose\lib\helpers\populate\getModelsMapForPopulate.js:50:12)
    at _populatePath (E:\Personal Documents\Stock-Management\backend\node_modules\mongoose\lib\model.js:4468:21)
    at Function.populate (E:\Personal Documents\Stock-Management\backend\node_modules\mongoose\lib\model.js:4435:21)
    at model.Query._find (E:\Personal Documents\Stock-Management\backend\node_modules\mongoose\lib\query.js:2429:23)
    at process.processTicksAndRejections (node:internal/process/task_queues:95:5)
    at async model.Query.exec (E:\Personal Documents\Stock-Management\backend\node_modules\mongoose\lib\query.js:4604:63)
    at async Promise.all (index 0)
    at async _populatePath (E:\Personal Documents\Stock-Management\backend\node_modules\mongoose\lib\model.js:4571:5)
    at async Promise.all (index 0)
    at async Function.populate (E:\Personal Documents\Stock-Management\backend\node_modules\mongoose\lib\model.js:4437:5)
2025-07-14 15:44:17 [error]: Error fetching damage history: Cannot populate path `lotId.warehouseId` because it is not in your schema. Set the `strictPopulate` option to false to override.
StrictPopulateError: Cannot populate path `lotId.warehouseId` because it is not in your schema. Set the `strictPopulate` option to false to override.
    at getModelsMapForPopulate (E:\Personal Documents\Stock-Management\backend\node_modules\mongoose\lib\helpers\populate\getModelsMapForPopulate.js:50:12)
    at _populatePath (E:\Personal Documents\Stock-Management\backend\node_modules\mongoose\lib\model.js:4468:21)
    at Function.populate (E:\Personal Documents\Stock-Management\backend\node_modules\mongoose\lib\model.js:4435:21)
    at model.Query._find (E:\Personal Documents\Stock-Management\backend\node_modules\mongoose\lib\query.js:2429:23)
    at process.processTicksAndRejections (node:internal/process/task_queues:95:5)
    at async model.Query.exec (E:\Personal Documents\Stock-Management\backend\node_modules\mongoose\lib\query.js:4604:63)
    at async Promise.all (index 0)
    at async _populatePath (E:\Personal Documents\Stock-Management\backend\node_modules\mongoose\lib\model.js:4571:5)
    at async Promise.all (index 0)
    at async Function.populate (E:\Personal Documents\Stock-Management\backend\node_modules\mongoose\lib\model.js:4437:5)
2025-07-14 15:44:17 [error]: Error fetching damage history: Cannot populate path `lotId.warehouseId` because it is not in your schema. Set the `strictPopulate` option to false to override.
StrictPopulateError: Cannot populate path `lotId.warehouseId` because it is not in your schema. Set the `strictPopulate` option to false to override.
    at getModelsMapForPopulate (E:\Personal Documents\Stock-Management\backend\node_modules\mongoose\lib\helpers\populate\getModelsMapForPopulate.js:50:12)
    at _populatePath (E:\Personal Documents\Stock-Management\backend\node_modules\mongoose\lib\model.js:4468:21)
    at Function.populate (E:\Personal Documents\Stock-Management\backend\node_modules\mongoose\lib\model.js:4435:21)
    at model.Query._find (E:\Personal Documents\Stock-Management\backend\node_modules\mongoose\lib\query.js:2429:23)
    at process.processTicksAndRejections (node:internal/process/task_queues:95:5)
    at async model.Query.exec (E:\Personal Documents\Stock-Management\backend\node_modules\mongoose\lib\query.js:4604:63)
    at async Promise.all (index 0)
    at async _populatePath (E:\Personal Documents\Stock-Management\backend\node_modules\mongoose\lib\model.js:4571:5)
    at async Promise.all (index 0)
    at async Function.populate (E:\Personal Documents\Stock-Management\backend\node_modules\mongoose\lib\model.js:4437:5)
2025-07-14 15:53:14 [error]: Error issuing stock: Lot validation failed: transactions.33.transactionType: `Sale` is not a valid enum value for path `transactionType`.
ValidationError: Lot validation failed: transactions.33.transactionType: `Sale` is not a valid enum value for path `transactionType`.
    at Document.invalidate (E:\Personal Documents\Stock-Management\backend\node_modules\mongoose\lib\document.js:3352:32)
    at Subdocument.invalidate (E:\Personal Documents\Stock-Management\backend\node_modules\mongoose\lib\types\subdocument.js:229:12)
    at E:\Personal Documents\Stock-Management\backend\node_modules\mongoose\lib\document.js:3113:17
    at E:\Personal Documents\Stock-Management\backend\node_modules\mongoose\lib\schemaType.js:1407:9
    at process.processTicksAndRejections (node:internal/process/task_queues:77:11)
2025-07-14 16:06:11 [error]: Error managing damage: DamagedAuditTrail validation failed: warehouseId: Path `warehouseId` is required.
ValidationError: DamagedAuditTrail validation failed: warehouseId: Path `warehouseId` is required.
    at Document.invalidate (E:\Personal Documents\Stock-Management\backend\node_modules\mongoose\lib\document.js:3352:32)
    at E:\Personal Documents\Stock-Management\backend\node_modules\mongoose\lib\document.js:3113:17
    at E:\Personal Documents\Stock-Management\backend\node_modules\mongoose\lib\schemaType.js:1407:9
    at process.processTicksAndRejections (node:internal/process/task_queues:77:11)
2025-07-14 16:06:20 [error]: Error managing damage: DamagedAuditTrail validation failed: warehouseId: Path `warehouseId` is required.
ValidationError: DamagedAuditTrail validation failed: warehouseId: Path `warehouseId` is required.
    at Document.invalidate (E:\Personal Documents\Stock-Management\backend\node_modules\mongoose\lib\document.js:3352:32)
    at E:\Personal Documents\Stock-Management\backend\node_modules\mongoose\lib\document.js:3113:17
    at E:\Personal Documents\Stock-Management\backend\node_modules\mongoose\lib\schemaType.js:1407:9
    at process.processTicksAndRejections (node:internal/process/task_queues:77:11)
2025-07-14 16:06:31 [error]: Error managing damage: DamagedAuditTrail validation failed: warehouseId: Path `warehouseId` is required.
ValidationError: DamagedAuditTrail validation failed: warehouseId: Path `warehouseId` is required.
    at Document.invalidate (E:\Personal Documents\Stock-Management\backend\node_modules\mongoose\lib\document.js:3352:32)
    at E:\Personal Documents\Stock-Management\backend\node_modules\mongoose\lib\document.js:3113:17
    at E:\Personal Documents\Stock-Management\backend\node_modules\mongoose\lib\schemaType.js:1407:9
    at process.processTicksAndRejections (node:internal/process/task_queues:77:11)
2025-07-14 16:08:21 [error]: Error managing damage: DamagedAuditTrail validation failed: warehouseId: Path `warehouseId` is required.
ValidationError: DamagedAuditTrail validation failed: warehouseId: Path `warehouseId` is required.
    at Document.invalidate (E:\Personal Documents\Stock-Management\backend\node_modules\mongoose\lib\document.js:3352:32)
    at E:\Personal Documents\Stock-Management\backend\node_modules\mongoose\lib\document.js:3113:17
    at E:\Personal Documents\Stock-Management\backend\node_modules\mongoose\lib\schemaType.js:1407:9
    at process.processTicksAndRejections (node:internal/process/task_queues:77:11)
2025-07-14 16:12:49 [error]: Error managing damage: DamagedAuditTrail validation failed: warehouseId: Path `warehouseId` is required., reason: Path `reason` is required., quantity: Path `quantity` is required., userId: Path `userId` is required., lotId: Path `lotId` is required., transactionNumber: Path `transactionNumber` is required.
ValidationError: DamagedAuditTrail validation failed: warehouseId: Path `warehouseId` is required., reason: Path `reason` is required., quantity: Path `quantity` is required., userId: Path `userId` is required., lotId: Path `lotId` is required., transactionNumber: Path `transactionNumber` is required.
    at Document.invalidate (E:\Personal Documents\Stock-Management\backend\node_modules\mongoose\lib\document.js:3352:32)
    at E:\Personal Documents\Stock-Management\backend\node_modules\mongoose\lib\document.js:3113:17
    at E:\Personal Documents\Stock-Management\backend\node_modules\mongoose\lib\schemaType.js:1407:9
    at process.processTicksAndRejections (node:internal/process/task_queues:77:11)
2025-07-14 16:14:11 [error]: Error managing damage: DamagedAuditTrail validation failed: warehouseId: Path `warehouseId` is required., reason: Path `reason` is required., quantity: Path `quantity` is required., userId: Path `userId` is required., lotId: Path `lotId` is required., transactionNumber: Path `transactionNumber` is required.
ValidationError: DamagedAuditTrail validation failed: warehouseId: Path `warehouseId` is required., reason: Path `reason` is required., quantity: Path `quantity` is required., userId: Path `userId` is required., lotId: Path `lotId` is required., transactionNumber: Path `transactionNumber` is required.
    at Document.invalidate (E:\Personal Documents\Stock-Management\backend\node_modules\mongoose\lib\document.js:3352:32)
    at E:\Personal Documents\Stock-Management\backend\node_modules\mongoose\lib\document.js:3113:17
    at E:\Personal Documents\Stock-Management\backend\node_modules\mongoose\lib\schemaType.js:1407:9
    at process.processTicksAndRejections (node:internal/process/task_queues:77:11)
2025-07-14 16:15:36 [error]: Error managing damage: DamagedAuditTrail validation failed: warehouseId: Path `warehouseId` is required., reason: Path `reason` is required., quantity: Path `quantity` is required., userId: Path `userId` is required., lotId: Path `lotId` is required., transactionNumber: Path `transactionNumber` is required.
ValidationError: DamagedAuditTrail validation failed: warehouseId: Path `warehouseId` is required., reason: Path `reason` is required., quantity: Path `quantity` is required., userId: Path `userId` is required., lotId: Path `lotId` is required., transactionNumber: Path `transactionNumber` is required.
    at Document.invalidate (E:\Personal Documents\Stock-Management\backend\node_modules\mongoose\lib\document.js:3352:32)
    at E:\Personal Documents\Stock-Management\backend\node_modules\mongoose\lib\document.js:3113:17
    at E:\Personal Documents\Stock-Management\backend\node_modules\mongoose\lib\schemaType.js:1407:9
    at process.processTicksAndRejections (node:internal/process/task_queues:77:11)
2025-07-14 16:17:01 [error]: Error managing damage: DamagedAuditTrail validation failed: warehouseId: Path `warehouseId` is required., reason: Path `reason` is required., quantity: Path `quantity` is required., userId: Path `userId` is required., lotId: Path `lotId` is required., transactionNumber: Path `transactionNumber` is required.
ValidationError: DamagedAuditTrail validation failed: warehouseId: Path `warehouseId` is required., reason: Path `reason` is required., quantity: Path `quantity` is required., userId: Path `userId` is required., lotId: Path `lotId` is required., transactionNumber: Path `transactionNumber` is required.
    at Document.invalidate (E:\Personal Documents\Stock-Management\backend\node_modules\mongoose\lib\document.js:3352:32)
    at E:\Personal Documents\Stock-Management\backend\node_modules\mongoose\lib\document.js:3113:17
    at E:\Personal Documents\Stock-Management\backend\node_modules\mongoose\lib\schemaType.js:1407:9
    at process.processTicksAndRejections (node:internal/process/task_queues:77:11)
2025-07-14 16:18:23 [error]: Error managing damage: DamagedAuditTrail validation failed: warehouseId: Path `warehouseId` is required., reason: Path `reason` is required., quantity: Path `quantity` is required., userId: Path `userId` is required., lotId: Path `lotId` is required., transactionNumber: Path `transactionNumber` is required.
ValidationError: DamagedAuditTrail validation failed: warehouseId: Path `warehouseId` is required., reason: Path `reason` is required., quantity: Path `quantity` is required., userId: Path `userId` is required., lotId: Path `lotId` is required., transactionNumber: Path `transactionNumber` is required.
    at Document.invalidate (E:\Personal Documents\Stock-Management\backend\node_modules\mongoose\lib\document.js:3352:32)
    at E:\Personal Documents\Stock-Management\backend\node_modules\mongoose\lib\document.js:3113:17
    at E:\Personal Documents\Stock-Management\backend\node_modules\mongoose\lib\schemaType.js:1407:9
    at process.processTicksAndRejections (node:internal/process/task_queues:77:11)
2025-07-14 16:50:24 [error]: Error issuing stock: Lot validation failed: transactions.8.transactionType: `Sale` is not a valid enum value for path `transactionType`.
ValidationError: Lot validation failed: transactions.8.transactionType: `Sale` is not a valid enum value for path `transactionType`.
    at Document.invalidate (E:\Personal Documents\Stock-Management\backend\node_modules\mongoose\lib\document.js:3352:32)
    at Subdocument.invalidate (E:\Personal Documents\Stock-Management\backend\node_modules\mongoose\lib\types\subdocument.js:229:12)
    at E:\Personal Documents\Stock-Management\backend\node_modules\mongoose\lib\document.js:3113:17
    at E:\Personal Documents\Stock-Management\backend\node_modules\mongoose\lib\schemaType.js:1407:9
    at process.processTicksAndRejections (node:internal/process/task_queues:77:11)
2025-07-14 17:16:12 [error]: Error issuing stock: Lot validation failed: transactions.3.transactionType: `Sale` is not a valid enum value for path `transactionType`.
ValidationError: Lot validation failed: transactions.3.transactionType: `Sale` is not a valid enum value for path `transactionType`.
    at Document.invalidate (E:\Personal Documents\Stock-Management\backend\node_modules\mongoose\lib\document.js:3352:32)
    at Subdocument.invalidate (E:\Personal Documents\Stock-Management\backend\node_modules\mongoose\lib\types\subdocument.js:229:12)
    at E:\Personal Documents\Stock-Management\backend\node_modules\mongoose\lib\document.js:3113:17
    at E:\Personal Documents\Stock-Management\backend\node_modules\mongoose\lib\schemaType.js:1407:9
    at process.processTicksAndRejections (node:internal/process/task_queues:77:11)
2025-07-14 17:19:45 [error]: Authentication failed
TokenExpiredError: jwt expired
    at E:\Personal Documents\Stock-Management\backend\node_modules\jsonwebtoken\verify.js:190:21
    at getSecret (E:\Personal Documents\Stock-Management\backend\node_modules\jsonwebtoken\verify.js:97:14)
    at module.exports [as verify] (E:\Personal Documents\Stock-Management\backend\node_modules\jsonwebtoken\verify.js:101:10)
    at authMiddleware (E:\Personal Documents\Stock-Management\backend\src\middleware\auth.js:10:25)
    at Layer.handle [as handle_request] (E:\Personal Documents\Stock-Management\backend\node_modules\express\lib\router\layer.js:95:5)
    at next (E:\Personal Documents\Stock-Management\backend\node_modules\express\lib\router\route.js:149:13)
    at Route.dispatch (E:\Personal Documents\Stock-Management\backend\node_modules\express\lib\router\route.js:119:3)
    at Layer.handle [as handle_request] (E:\Personal Documents\Stock-Management\backend\node_modules\express\lib\router\layer.js:95:5)
    at E:\Personal Documents\Stock-Management\backend\node_modules\express\lib\router\index.js:284:15
    at Function.process_params (E:\Personal Documents\Stock-Management\backend\node_modules\express\lib\router\index.js:346:12)
2025-07-14 17:35:36 [error]: Error issuing stock: Lot validation failed: initialQuantity: Path `initialQuantity` is required.
ValidationError: Lot validation failed: initialQuantity: Path `initialQuantity` is required.
    at Document.invalidate (E:\Personal Documents\Stock-Management\backend\node_modules\mongoose\lib\document.js:3352:32)
    at E:\Personal Documents\Stock-Management\backend\node_modules\mongoose\lib\document.js:3113:17
    at E:\Personal Documents\Stock-Management\backend\node_modules\mongoose\lib\schemaType.js:1407:9
    at process.processTicksAndRejections (node:internal/process/task_queues:77:11)
2025-07-14 17:39:53 [error]: Error issuing stock: Lot validation failed: initialQuantity: Path `initialQuantity` is required.
ValidationError: Lot validation failed: initialQuantity: Path `initialQuantity` is required.
    at Document.invalidate (E:\Personal Documents\Stock-Management\backend\node_modules\mongoose\lib\document.js:3352:32)
    at E:\Personal Documents\Stock-Management\backend\node_modules\mongoose\lib\document.js:3113:17
    at E:\Personal Documents\Stock-Management\backend\node_modules\mongoose\lib\schemaType.js:1407:9
    at process.processTicksAndRejections (node:internal/process/task_queues:77:11)
2025-07-14 17:45:27 [error]: Error issuing stock: Lot validation failed: initialQuantity: Path `initialQuantity` is required.
ValidationError: Lot validation failed: initialQuantity: Path `initialQuantity` is required.
    at Document.invalidate (E:\Personal Documents\Stock-Management\backend\node_modules\mongoose\lib\document.js:3352:32)
    at E:\Personal Documents\Stock-Management\backend\node_modules\mongoose\lib\document.js:3113:17
    at E:\Personal Documents\Stock-Management\backend\node_modules\mongoose\lib\schemaType.js:1407:9
    at process.processTicksAndRejections (node:internal/process/task_queues:77:11)
