2025-06-30 09:24:17 [error]: Authentication failed
2025-06-30 09:24:17 [error]: Authentication failed
2025-06-30 10:09:40 [error]: Error updating notification
2025-06-30 11:09:04 [error]: Authentication failed
2025-06-30 12:16:56 [error]: Authentication failed
2025-06-30 12:17:17 [error]: Authentication failed
2025-06-30 12:17:17 [error]: Authentication failed
2025-06-30 13:17:26 [error]: Authentication failed
2025-06-30 13:17:30 [error]: Authentication failed
2025-06-30 13:17:30 [error]: Authentication failed
2025-06-30 13:17:30 [error]: Authentication failed
2025-06-30 13:17:30 [error]: Authentication failed
2025-06-30 13:17:30 [error]: Authentication failed
2025-06-30 13:17:30 [error]: Authentication failed
2025-06-30 14:17:27 [error]: Error exporting receive history
2025-06-30 14:17:34 [error]: Error exporting receive history
2025-06-30 14:18:27 [error]: Error exporting receive history
2025-06-30 14:18:35 [error]: Error exporting receive history
2025-06-30 14:20:39 [error]: Error exporting receive history
2025-06-30 14:22:42 [error]: Error fetching receive history
2025-06-30 14:22:43 [error]: Error exporting receive history
2025-06-30 14:25:31 [error]: Error fetching receive history
2025-06-30 14:25:51 [error]: Error exporting receive history
2025-06-30 14:58:22 [error]: Transaction failed
2025-06-30 14:59:17 [error]: Transaction failed
2025-06-30 14:59:54 [error]: Transaction failed
2025-06-30 15:02:40 [error]: Transaction failed
2025-06-30 15:10:16 [error]: Transaction failed
2025-06-30 15:12:10 [error]: Transaction failed
2025-06-30 15:15:44 [error]: Transaction failed
2025-06-30 15:17:29 [error]: Authentication failed
2025-06-30 15:17:59 [error]: Authentication failed
2025-06-30 15:18:29 [error]: Authentication failed
2025-06-30 15:18:59 [error]: Authentication failed
2025-06-30 15:19:30 [error]: Authentication failed
2025-06-30 15:19:59 [error]: Authentication failed
2025-06-30 15:20:29 [error]: Authentication failed
2025-06-30 15:20:59 [error]: Authentication failed
2025-06-30 15:21:29 [error]: Authentication failed
2025-06-30 15:21:59 [error]: Authentication failed
2025-06-30 15:22:29 [error]: Authentication failed
2025-06-30 15:22:59 [error]: Authentication failed
2025-06-30 15:23:29 [error]: Authentication failed
2025-06-30 15:23:59 [error]: Authentication failed
2025-06-30 15:24:29 [error]: Authentication failed
2025-06-30 15:24:59 [error]: Authentication failed
2025-06-30 15:25:29 [error]: Authentication failed
2025-06-30 15:25:59 [error]: Authentication failed
2025-06-30 15:26:29 [error]: Authentication failed
2025-06-30 15:26:34 [error]: Authentication failed
2025-06-30 15:28:00 [error]: Transaction failed
2025-06-30 16:07:10 [error]: Transaction failed
2025-06-30 16:09:43 [error]: Error receiving stock
2025-06-30 16:12:29 [error]: Error receiving stock
2025-06-30 16:12:40 [error]: Error receiving stock
